+ ctest --output-on-failure -L main
Test project /home/zjy/ws/jenkins/workspace/ci-arc770/ggerganov-llama.cpp/build-ci-release
      Start  1: test-tokenizer-0-bert-bge
 1/37 Test  #1: test-tokenizer-0-bert-bge .........   Passed    0.22 sec
      Start  2: test-tokenizer-0-command-r
 2/37 Test  #2: test-tokenizer-0-command-r ........   Passed    0.37 sec
      Start  3: test-tokenizer-0-deepseek-coder
 3/37 Test  #3: test-tokenizer-0-deepseek-coder ...   Passed    0.09 sec
      Start  4: test-tokenizer-0-deepseek-llm
 4/37 Test  #4: test-tokenizer-0-deepseek-llm .....   Passed    0.17 sec
      Start  5: test-tokenizer-0-falcon
 5/37 Test  #5: test-tokenizer-0-falcon ...........   Passed    0.11 sec
      Start  6: test-tokenizer-0-gpt-2
 6/37 Test  #6: test-tokenizer-0-gpt-2 ............   Passed    0.11 sec
      Start  7: test-tokenizer-0-llama-bpe
 7/37 Test  #7: test-tokenizer-0-llama-bpe ........   Passed    0.26 sec
      Start  8: test-tokenizer-0-llama-spm
 8/37 Test  #8: test-tokenizer-0-llama-spm ........   Passed    0.07 sec
      Start  9: test-tokenizer-0-mpt
 9/37 Test  #9: test-tokenizer-0-mpt ..............   Passed    0.11 sec
      Start 10: test-tokenizer-0-phi-3
10/37 Test #10: test-tokenizer-0-phi-3 ............   Passed    0.08 sec
      Start 11: test-tokenizer-0-qwen2
11/37 Test #11: test-tokenizer-0-qwen2 ............   Passed    0.22 sec
      Start 12: test-tokenizer-0-refact
12/37 Test #12: test-tokenizer-0-refact ...........   Passed    0.11 sec
      Start 13: test-tokenizer-0-starcoder
13/37 Test #13: test-tokenizer-0-starcoder ........   Passed    0.10 sec
      Start 14: test-tokenizers-ggml-vocabs
14/37 Test #14: test-tokenizers-ggml-vocabs .......***Failed    2.81 sec
Already up to date.
main : reading vocab from: '/home/zjy/ws/jenkins/workspace/ci-arc770/ggerganov-llama.cpp/models/ggml-vocabs/PLaMo2/ggml-vocab-plamo2.gguf'
llama_model_load_from_file_impl: using device SYCL0 (Intel(R) Arc(TM) A770 Graphics) (unknown id) - 15473 MiB free
gguf_init_from_file_impl: invalid magic characters: 'vers', expected 'GGUF'
llama_model_load: error loading model: llama_model_loader: failed to load model from /home/zjy/ws/jenkins/workspace/ci-arc770/ggerganov-llama.cpp/models/ggml-vocabs/PLaMo2/ggml-vocab-plamo2.gguf
llama_model_load_from_file_impl: failed to load model
main: error: failed to load vocab '/home/zjy/ws/jenkins/workspace/ci-arc770/ggerganov-llama.cpp/models/ggml-vocabs/PLaMo2/ggml-vocab-plamo2.gguf'
main : reading vocab from: '/home/zjy/ws/jenkins/workspace/ci-arc770/ggerganov-llama.cpp/models/ggml-vocabs/RWKV/ggml-vocab-rwkv-7-world.gguf'
llama_model_load_from_file_impl: using device SYCL0 (Intel(R) Arc(TM) A770 Graphics) (unknown id) - 15473 MiB free
gguf_init_from_file_impl: invalid magic characters: 'vers', expected 'GGUF'
llama_model_load: error loading model: llama_model_loader: failed to load model from /home/zjy/ws/jenkins/workspace/ci-arc770/ggerganov-llama.cpp/models/ggml-vocabs/RWKV/ggml-vocab-rwkv-7-world.gguf
llama_model_load_from_file_impl: failed to load model
main: error: failed to load vocab '/home/zjy/ws/jenkins/workspace/ci-arc770/ggerganov-llama.cpp/models/ggml-vocabs/RWKV/ggml-vocab-rwkv-7-world.gguf'
main : reading vocab from: '/home/zjy/ws/jenkins/workspace/ci-arc770/ggerganov-llama.cpp/models/ggml-vocabs/SPM/ggml-vocab-gemma-3.gguf'
llama_model_load_from_file_impl: using device SYCL0 (Intel(R) Arc(TM) A770 Graphics) (unknown id) - 15473 MiB free
gguf_init_from_file_impl: invalid magic characters: 'vers', expected 'GGUF'
llama_model_load: error loading model: llama_model_loader: failed to load model from /home/zjy/ws/jenkins/workspace/ci-arc770/ggerganov-llama.cpp/models/ggml-vocabs/SPM/ggml-vocab-gemma-3.gguf
llama_model_load_from_file_impl: failed to load model
main: error: failed to load vocab '/home/zjy/ws/jenkins/workspace/ci-arc770/ggerganov-llama.cpp/models/ggml-vocabs/SPM/ggml-vocab-gemma-3.gguf'
main : reading vocab from: '/home/zjy/ws/jenkins/workspace/ci-arc770/ggerganov-llama.cpp/models/ggml-vocabs/UGM/ggml-vocab-nomic-bert-moe.gguf'
llama_model_load_from_file_impl: using device SYCL0 (Intel(R) Arc(TM) A770 Graphics) (unknown id) - 15473 MiB free
gguf_init_from_file_impl: invalid magic characters: 'vers', expected 'GGUF'
llama_model_load: error loading model: llama_model_loader: failed to load model from /home/zjy/ws/jenkins/workspace/ci-arc770/ggerganov-llama.cpp/models/ggml-vocabs/UGM/ggml-vocab-nomic-bert-moe.gguf
llama_model_load_from_file_impl: failed to load model
main: error: failed to load vocab '/home/zjy/ws/jenkins/workspace/ci-arc770/ggerganov-llama.cpp/models/ggml-vocabs/UGM/ggml-vocab-nomic-bert-moe.gguf'
main : reading vocab from: '/home/zjy/ws/jenkins/workspace/ci-arc770/ggerganov-llama.cpp/models/ggml-vocabs/WPM/ggml-vocab-jina-v2-en.gguf'
llama_model_load_from_file_impl: using device SYCL0 (Intel(R) Arc(TM) A770 Graphics) (unknown id) - 15473 MiB free
gguf_init_from_file_impl: invalid magic characters: 'vers', expected 'GGUF'
llama_model_load: error loading model: llama_model_loader: failed to load model from /home/zjy/ws/jenkins/workspace/ci-arc770/ggerganov-llama.cpp/models/ggml-vocabs/WPM/ggml-vocab-jina-v2-en.gguf
llama_model_load_from_file_impl: failed to load model
main: error: failed to load vocab '/home/zjy/ws/jenkins/workspace/ci-arc770/ggerganov-llama.cpp/models/ggml-vocabs/WPM/ggml-vocab-jina-v2-en.gguf'

      Start 15: test-sampling
15/37 Test #15: test-sampling .....................   Passed    0.85 sec
      Start 16: test-grammar-parser
16/37 Test #16: test-grammar-parser ...............   Passed    0.03 sec
      Start 17: test-grammar-integration
17/37 Test #17: test-grammar-integration ..........   Passed    0.03 sec
      Start 18: test-llama-grammar
18/37 Test #18: test-llama-grammar ................   Passed    0.04 sec
      Start 19: test-chat
19/37 Test #19: test-chat .........................   Passed    0.71 sec
      Start 20: test-json-schema-to-grammar
20/37 Test #20: test-json-schema-to-grammar .......   Passed    1.85 sec
      Start 21: test-tokenizer-1-llama-spm
21/37 Test #21: test-tokenizer-1-llama-spm ........   Passed    0.16 sec
      Start 22: test-chat-parser
22/37 Test #22: test-chat-parser ..................   Passed    0.04 sec
      Start 23: test-chat-template
23/37 Test #23: test-chat-template ................   Passed    0.12 sec
      Start 24: test-json-partial
24/37 Test #24: test-json-partial .................   Passed    0.04 sec
      Start 25: test-log
25/37 Test #25: test-log ..........................   Passed    0.07 sec
      Start 26: test-regex-partial
26/37 Test #26: test-regex-partial ................   Passed    0.04 sec
      Start 27: test-thread-safety
27/37 Test #27: test-thread-safety ................***Failed    0.08 sec
'https' scheme is not supported.

      Start 28: test-arg-parser
28/37 Test #28: test-arg-parser ...................Subprocess aborted***Exception: 303.02 sec
error while handling argument "-m": expected value for argument

usage:
-m,    --model FNAME                    model path (default: `models/$filename` with filename from `--hf-file`
                                        or `--model-url` if set, otherwise models/7B/ggml-model-f16.gguf)
                                        (env: LLAMA_ARG_MODEL)


to show complete usage, run with -h
error while handling argument "-ngl": stoi

usage:
-ngl,  --gpu-layers, --n-gpu-layers N   max. number of layers to store in VRAM (default: -1)
                                        (env: LLAMA_ARG_N_GPU_LAYERS)


to show complete usage, run with -h
error while handling argument "-sm": invalid value

usage:
-sm,   --split-mode {none,layer,row}    how to split the model across multiple GPUs, one of:
                                        - none: use one GPU only
                                        - layer (default): split layers and KV across GPUs
                                        - row: split rows across GPUs
                                        (env: LLAMA_ARG_SPLIT_MODE)


to show complete usage, run with -h
error: invalid argument: --draft
error while handling environment variable "LLAMA_ARG_THREADS": stoi


warn: LLAMA_ARG_MODEL environment variable is set, but will be overwritten by command line argument -m
[New LWP 6709]
warning: File "/opt/intel/oneapi/compiler/2025.2/lib/libsycl.so.8.0.0-gdb.py" auto-loading has been declined by your `auto-load safe-path' set to "$debugdir:$datadir/auto-load".
To enable execution of this file add
	add-auto-load-safe-path /opt/intel/oneapi/compiler/2025.2/lib/libsycl.so.8.0.0-gdb.py
line to your configuration file "/home/zjy/.config/gdb/gdbinit".
To completely disable this security protection add
	set auto-load safe-path /
line to your configuration file "/home/zjy/.config/gdb/gdbinit".
For more information about this security protection see the
"Auto-loading safe path" section in the GDB manual.  E.g., run from the shell:
	info "(gdb)Auto-loading safe path"
warning: could not find '.gnu_debugaltlink' file for /lib/x86_64-linux-gnu/libnss_mdns4_minimal.so.2
[Thread debugging using libthread_db enabled]
Using host libthread_db library "/lib/x86_64-linux-gnu/libthread_db.so.1".
0x000076b35ef10813 in __GI___wait4 (pid=7026, stat_loc=0x0, options=0, usage=0x0) at ../sysdeps/unix/sysv/linux/wait4.c:30
warning: 30	../sysdeps/unix/sysv/linux/wait4.c: No such file or directory
#0  0x000076b35ef10813 in __GI___wait4 (pid=7026, stat_loc=0x0, options=0, usage=0x0) at ../sysdeps/unix/sysv/linux/wait4.c:30
30	in ../sysdeps/unix/sysv/linux/wait4.c
#1  0x000076b35fe840c3 in ggml_print_backtrace () from /home/zjy/ws/jenkins/workspace/ci-arc770/ggerganov-llama.cpp/build-ci-release/bin/libggml-base.so
#2  0x000076b35fe95f26 in ggml_uncaught_exception() () from /home/zjy/ws/jenkins/workspace/ci-arc770/ggerganov-llama.cpp/build-ci-release/bin/libggml-base.so
#3  0x000076b35f2bb0da in ?? () from /lib/x86_64-linux-gnu/libstdc++.so.6
#4  0x000076b35f2a5a55 in std::terminate() () from /lib/x86_64-linux-gnu/libstdc++.so.6
#5  0x000076b35f2bb391 in __cxa_throw () from /lib/x86_64-linux-gnu/libstdc++.so.6
#6  0x0000000000424e31 in common_remote_get_content(std::__cxx11::basic_string<char, std::char_traits<char>, std::allocator<char> > const&, common_remote_params const&) ()
#7  0x000000000041e83e in main ()
[Inferior 1 (process 6708) detached]
terminate called after throwing an instance of 'std::runtime_error'
  what():  error: cannot make GET request

      Start 29: test-opt
29/37 Test #29: test-opt ..........................   Passed    0.20 sec
      Start 30: test-gguf
30/37 Test #30: test-gguf .........................   Passed    0.43 sec
      Start 31: test-backend-ops
31/37 Test #31: test-backend-ops ..................   Passed   53.51 sec
      Start 34: test-barrier
32/37 Test #34: test-barrier ......................   Passed    0.93 sec
      Start 35: test-quantize-fns
33/37 Test #35: test-quantize-fns .................   Passed   12.10 sec
      Start 36: test-quantize-perf
34/37 Test #36: test-quantize-perf ................   Passed    0.09 sec
      Start 37: test-rope
35/37 Test #37: test-rope .........................   Passed    0.08 sec
      Start 38: test-mtmd-c-api
36/37 Test #38: test-mtmd-c-api ...................   Passed    0.03 sec
      Start 39: test-alloc
37/37 Test #39: test-alloc ........................   Passed    0.03 sec

92% tests passed, 3 tests failed out of 37

Label Time Summary:
main    = 379.34 sec*proc (37 tests)

Total Test time (real) = 379.36 sec

The following tests FAILED:
	 14 - test-tokenizers-ggml-vocabs (Failed)
	 27 - test-thread-safety (Failed)
	 28 - test-arg-parser (Subprocess aborted)
Errors while running CTest

real	6m19.432s
user	1m29.341s
sys	0m27.395s
