+ cmake -DCMAKE_BUILD_TYPE=Release -DLLAMA_FATAL_WARNINGS=ON -DLLAMA_SYCL=1 DCMAKE_C_COMPILER=icx -DCMAKE_CXX_COMPILER=icpx -DLLAMA_SYCL_F16=ON -DLLAMA_CURL=OFF ..
CMake Warning:
  Ignoring extra path from command line:

   "/home/zjy/ws/jenkins/workspace/ci-arc770/ggerganov-llama.cpp/build-ci-release/DCMAKE_C_COMPILER=icx"


-- The C compiler identification is GNU 13.3.0
-- The CXX compiler identification is IntelLLVM 2025.2.1
-- Detecting C compiler ABI info
-- Detecting C compiler ABI info - done
-- Check for working C compiler: /usr/bin/cc - skipped
-- Detecting C compile features
-- Detecting C compile features - done
-- Detecting CXX compiler ABI info
-- Detecting CXX compiler ABI info - done
-- Check for working CXX compiler: /opt/intel/oneapi/compiler/2025.2/bin/icpx - skipped
-- Detecting CXX compile features
-- Detecting CXX compile features - done
CMAKE_BUILD_TYPE=Release
-- Found Git: /usr/bin/git (found version "2.43.0") 
CMake Warning at CMakeLists.txt:126 (message):
  LLAMA_SYCL is deprecated and will be removed in the future.

  Use GGML_SYCL instead

Call Stack (most recent call first):
  CMakeLists.txt:137 (llama_option_depr)


CMake Warning at CMakeLists.txt:126 (message):
  LLAMA_SYCL_F16 is deprecated and will be removed in the future.

  Use GGML_SYCL_F16 instead

Call Stack (most recent call first):
  CMakeLists.txt:138 (llama_option_depr)


-- The ASM compiler identification is GNU
-- Found assembler: /usr/bin/cc
-- Performing Test CMAKE_HAVE_LIBC_PTHREAD
-- Performing Test CMAKE_HAVE_LIBC_PTHREAD - Success
-- Found Threads: TRUE  
-- Warning: ccache not found - consider installing it for faster compilation or disable this warning with GGML_CCACHE=OFF
-- CMAKE_SYSTEM_PROCESSOR: x86_64
-- GGML_SYSTEM_ARCH: x86
-- Including CPU backend
-- Found OpenMP_C: -fopenmp (found version "4.5") 
-- Found OpenMP_CXX: -fiopenmp (found version "5.1") 
-- Found OpenMP: TRUE (found version "4.5")  
-- x86 detected
-- Adding CPU backend variant ggml-cpu: -march=native 
-- GGML_SYCL_TARGET=INTEL
-- Performing Test SUPPORTS_SYCL
-- Performing Test SUPPORTS_SYCL - Success
-- Using oneAPI Release SYCL compiler (icpx).
-- SYCL found
-- SYCL Compiler version: 20250201
-- SYCL_INCLUDE_DIR: /opt/intel/oneapi/compiler/2025.2/include
-- SYCL_LIBRARY=/opt/intel/oneapi/compiler/2025.2/lib/libsycl.so
-- Found IntelSYCL: /opt/intel/oneapi/compiler/2025.2/include (found version "202012") 
-- Found oneDNN: /opt/intel/oneapi/dnnl/2025.2/lib/libdnnl.so.3.8
-- MKL_VERSION: 2025.2.0
-- MKL_ROOT: /opt/intel/oneapi/mkl/2025.2
-- MKL_ARCH: intel64
-- MKL_SYCL_LINK: None, set to ` dynamic` by default
-- MKL_LINK: None, set to ` dynamic` by default
-- MKL_SYCL_INTERFACE_FULL: None, set to ` intel_ilp64` by default
-- MKL_INTERFACE_FULL: None, set to ` intel_ilp64` by default
-- MKL_SYCL_THREADING: None, set to ` tbb_thread` by default
-- MKL_THREADING: None, set to ` intel_thread` by default
-- MKL_SYCL_MPI: None, set to ` intelmpi` by default
-- MKL_MPI: None, set to ` intelmpi` by default
-- Found /opt/intel/oneapi/mkl/2025.2/lib/libmkl_scalapack_ilp64.so
-- Found /opt/intel/oneapi/mkl/2025.2/lib/libmkl_cdft_core.so
-- Found /opt/intel/oneapi/mkl/2025.2/lib/libmkl_intel_ilp64.so
-- Found /opt/intel/oneapi/mkl/2025.2/lib/libmkl_intel_thread.so
-- Found /opt/intel/oneapi/mkl/2025.2/lib/libmkl_core.so
-- Found /opt/intel/oneapi/mkl/2025.2/lib/libmkl_blacs_intelmpi_ilp64.so
-- Found /opt/intel/oneapi/mkl/2025.2/lib/libmkl_sycl_distributed_dft.so
-- Found /opt/intel/oneapi/mkl/2025.2/lib/libmkl_sycl_blas.so
-- Found /opt/intel/oneapi/mkl/2025.2/lib/libmkl_sycl_lapack.so
-- Found /opt/intel/oneapi/mkl/2025.2/lib/libmkl_sycl_dft.so
-- Found /opt/intel/oneapi/mkl/2025.2/lib/libmkl_sycl_sparse.so
-- Found /opt/intel/oneapi/mkl/2025.2/lib/libmkl_sycl_data_fitting.so
-- Found /opt/intel/oneapi/mkl/2025.2/lib/libmkl_sycl_rng.so
-- Found /opt/intel/oneapi/mkl/2025.2/lib/libmkl_sycl_stats.so
-- Found /opt/intel/oneapi/mkl/2025.2/lib/libmkl_sycl_vm.so
-- Found /opt/intel/oneapi/mkl/2025.2/lib/libmkl_tbb_thread.so
-- Found /opt/intel/oneapi/compiler/2025.2/lib/libiomp5.so
-- Including SYCL backend
-- ggml version: 0.9.4
-- ggml commit:  b22572e97
-- Configuring done (1.6s)
-- Generating done (0.1s)
-- Build files have been written to: /home/zjy/ws/jenkins/workspace/ci-arc770/ggerganov-llama.cpp/build-ci-release

real	0m1.721s
user	0m1.093s
sys	0m0.634s
+ make -j
[  2%] Building C object examples/gguf-hash/CMakeFiles/sha1.dir/deps/sha1/sha1.c.o
[  2%] Building CXX object tools/mtmd/CMakeFiles/llama-llava-cli.dir/deprecation-warning.cpp.o
[  2%] Building C object examples/gguf-hash/CMakeFiles/sha256.dir/deps/sha256/sha256.c.o
[  2%] Building CXX object common/CMakeFiles/build_info.dir/build-info.cpp.o
[  2%] Building CXX object tools/mtmd/CMakeFiles/llama-minicpmv-cli.dir/deprecation-warning.cpp.o
[  3%] Building CXX object tools/mtmd/CMakeFiles/llama-gemma3-cli.dir/deprecation-warning.cpp.o
[  5%] Building C object ggml/src/CMakeFiles/ggml-base.dir/ggml-alloc.c.o
[  5%] Building CXX object ggml/src/CMakeFiles/ggml-base.dir/ggml-threading.cpp.o
[  5%] Building C object ggml/src/CMakeFiles/ggml-base.dir/ggml-quants.c.o
[  6%] Building C object ggml/src/CMakeFiles/ggml-base.dir/ggml.c.o
[  5%] Building CXX object ggml/src/CMakeFiles/ggml-base.dir/ggml-opt.cpp.o
[  7%] Building C object examples/gguf-hash/CMakeFiles/xxhash.dir/deps/xxhash/xxhash.c.o
[  6%] Building CXX object ggml/src/CMakeFiles/ggml-base.dir/ggml.cpp.o
[  7%] Building CXX object ggml/src/CMakeFiles/ggml-base.dir/gguf.cpp.o
[  7%] Building CXX object tools/mtmd/CMakeFiles/llama-qwen2vl-cli.dir/deprecation-warning.cpp.o
[  7%] Building CXX object ggml/src/CMakeFiles/ggml-base.dir/ggml-backend.cpp.o
[  7%] Built target build_info
[  7%] Linking CXX executable ../../bin/llama-minicpmv-cli
[  7%] Built target sha1
[  7%] Built target sha256
[  7%] Linking CXX executable ../../bin/llama-llava-cli
[  7%] Linking CXX executable ../../bin/llama-gemma3-cli
[  7%] Linking CXX executable ../../bin/llama-qwen2vl-cli
[  7%] Built target llama-minicpmv-cli
[  7%] Built target llama-llava-cli
[  7%] Built target llama-gemma3-cli
[  7%] Built target llama-qwen2vl-cli
[  7%] Built target xxhash
[  7%] Linking CXX shared library ../../bin/libggml-base.so
[  7%] Built target ggml-base
[  8%] Building CXX object ggml/src/ggml-sycl/CMakeFiles/ggml-sycl.dir/concat.cpp.o
[  8%] Building CXX object ggml/src/ggml-sycl/CMakeFiles/ggml-sycl.dir/common.cpp.o
[  8%] Building C object ggml/src/CMakeFiles/ggml-cpu.dir/ggml-cpu/ggml-cpu.c.o
[  8%] Building CXX object ggml/src/CMakeFiles/ggml-cpu.dir/ggml-cpu/traits.cpp.o
[  8%] Building CXX object ggml/src/CMakeFiles/ggml-cpu.dir/ggml-cpu/amx/amx.cpp.o
[  8%] Building CXX object ggml/src/ggml-sycl/CMakeFiles/ggml-sycl.dir/count-equal.cpp.o
[  8%] Building CXX object ggml/src/CMakeFiles/ggml-cpu.dir/ggml-cpu/repack.cpp.o
[  9%] Building CXX object ggml/src/CMakeFiles/ggml-cpu.dir/ggml-cpu/hbm.cpp.o
[  9%] Building C object ggml/src/CMakeFiles/ggml-cpu.dir/ggml-cpu/quants.c.o
[ 10%] Building CXX object ggml/src/ggml-sycl/CMakeFiles/ggml-sycl.dir/convert.cpp.o
[ 11%] Building CXX object ggml/src/CMakeFiles/ggml-cpu.dir/ggml-cpu/amx/mmq.cpp.o
[ 12%] Building CXX object ggml/src/ggml-sycl/CMakeFiles/ggml-sycl.dir/binbcast.cpp.o
[ 12%] Building CXX object ggml/src/CMakeFiles/ggml-cpu.dir/ggml-cpu/ggml-cpu.cpp.o
[ 12%] Building CXX object ggml/src/CMakeFiles/ggml-cpu.dir/ggml-cpu/unary-ops.cpp.o
[ 12%] Building CXX object ggml/src/ggml-sycl/CMakeFiles/ggml-sycl.dir/ggml-sycl.cpp.o
[ 12%] Building CXX object ggml/src/CMakeFiles/ggml-cpu.dir/ggml-cpu/binary-ops.cpp.o
[ 12%] Building CXX object ggml/src/ggml-sycl/CMakeFiles/ggml-sycl.dir/conv.cpp.o
[ 13%] Building CXX object ggml/src/ggml-sycl/CMakeFiles/ggml-sycl.dir/cpy.cpp.o
[ 13%] Building CXX object ggml/src/ggml-sycl/CMakeFiles/ggml-sycl.dir/dmmv.cpp.o
[ 14%] Building CXX object ggml/src/CMakeFiles/ggml-cpu.dir/ggml-cpu/vec.cpp.o
[ 14%] Building CXX object ggml/src/CMakeFiles/ggml-cpu.dir/ggml-cpu/ops.cpp.o
[ 14%] Building CXX object ggml/src/ggml-sycl/CMakeFiles/ggml-sycl.dir/element_wise.cpp.o
[ 15%] Building CXX object ggml/src/ggml-sycl/CMakeFiles/ggml-sycl.dir/getrows.cpp.o
[ 15%] Building CXX object ggml/src/ggml-sycl/CMakeFiles/ggml-sycl.dir/gla.cpp.o
[ 16%] Building CXX object ggml/src/ggml-sycl/CMakeFiles/ggml-sycl.dir/mmq.cpp.o
[ 16%] Building CXX object ggml/src/ggml-sycl/CMakeFiles/ggml-sycl.dir/im2col.cpp.o
[ 17%] Building CXX object ggml/src/CMakeFiles/ggml-cpu.dir/ggml-cpu/llamafile/sgemm.cpp.o
[ 18%] Building CXX object ggml/src/ggml-sycl/CMakeFiles/ggml-sycl.dir/outprod.cpp.o
[ 17%] Building CXX object ggml/src/ggml-sycl/CMakeFiles/ggml-sycl.dir/mmvq.cpp.o
[ 19%] Building CXX object ggml/src/ggml-sycl/CMakeFiles/ggml-sycl.dir/rope.cpp.o
[ 19%] Building CXX object ggml/src/ggml-sycl/CMakeFiles/ggml-sycl.dir/pad.cpp.o
[ 19%] Building C object ggml/src/CMakeFiles/ggml-cpu.dir/ggml-cpu/arch/x86/quants.c.o
[ 19%] Building CXX object ggml/src/ggml-sycl/CMakeFiles/ggml-sycl.dir/norm.cpp.o
[ 20%] Building CXX object ggml/src/ggml-sycl/CMakeFiles/ggml-sycl.dir/sycl_hw.cpp.o
[ 20%] Building CXX object ggml/src/ggml-sycl/CMakeFiles/ggml-sycl.dir/set_rows.cpp.o
[ 20%] Building CXX object ggml/src/ggml-sycl/CMakeFiles/ggml-sycl.dir/tsembd.cpp.o
[ 20%] Building CXX object ggml/src/ggml-sycl/CMakeFiles/ggml-sycl.dir/softmax.cpp.o
[ 20%] Building CXX object ggml/src/CMakeFiles/ggml-cpu.dir/ggml-cpu/arch/x86/repack.cpp.o
[ 20%] Building CXX object ggml/src/ggml-sycl/CMakeFiles/ggml-sycl.dir/wkv.cpp.o
/home/zjy/ws/jenkins/workspace/ci-arc770/ggerganov-llama.cpp/ggml/src/ggml-sycl/pad.cpp:64:30: warning: unused parameter 'item_ct1' [-Wunused-parameter]
   64 |         [=](sycl::nd_item<3> item_ct1) {
      |                              ^
1 warning generated.
/home/zjy/ws/jenkins/workspace/ci-arc770/ggerganov-llama.cpp/ggml/src/ggml-sycl/pad.cpp:64:30: warning: unused parameter 'item_ct1' [-Wunused-parameter]
   64 |         [=](sycl::nd_item<3> item_ct1) {
      |                              ^
1 warning generated.
[ 21%] Linking CXX shared library ../../bin/libggml-cpu.so
[ 21%] Built target ggml-cpu
[ 22%] Linking CXX shared library ../../../bin/libggml-sycl.so
[ 22%] Built target ggml-sycl
[ 22%] Building CXX object ggml/src/CMakeFiles/ggml.dir/ggml-backend-reg.cpp.o
[ 23%] Linking CXX shared library ../../bin/libggml.so
[ 23%] Built target ggml
[ 23%] Building CXX object examples/gguf-hash/CMakeFiles/llama-gguf-hash.dir/gguf-hash.cpp.o
[ 23%] Building CXX object examples/gguf/CMakeFiles/llama-gguf.dir/gguf.cpp.o
[ 23%] Building CXX object src/CMakeFiles/llama.dir/llama-adapter.cpp.o
[ 23%] Building CXX object src/CMakeFiles/llama.dir/llama-batch.cpp.o
[ 23%] Building CXX object src/CMakeFiles/llama.dir/llama-chat.cpp.o
[ 24%] Building CXX object src/CMakeFiles/llama.dir/llama-context.cpp.o
[ 25%] Building CXX object src/CMakeFiles/llama.dir/llama-arch.cpp.o
[ 25%] Building CXX object src/CMakeFiles/llama.dir/llama-graph.cpp.o
[ 25%] Building CXX object src/CMakeFiles/llama.dir/llama-hparams.cpp.o
[ 26%] Building CXX object src/CMakeFiles/llama.dir/llama-grammar.cpp.o
[ 27%] Building CXX object src/CMakeFiles/llama.dir/llama-impl.cpp.o
[ 27%] Building CXX object src/CMakeFiles/llama.dir/llama-io.cpp.o
[ 27%] Building CXX object src/CMakeFiles/llama.dir/llama-kv-cache.cpp.o
[ 27%] Building CXX object src/CMakeFiles/llama.dir/llama-cparams.cpp.o
[ 27%] Building CXX object src/CMakeFiles/llama.dir/llama.cpp.o
[ 28%] Building CXX object src/CMakeFiles/llama.dir/llama-kv-cache-iswa.cpp.o
[ 28%] Building CXX object src/CMakeFiles/llama.dir/llama-mmap.cpp.o
[ 29%] Building CXX object src/CMakeFiles/llama.dir/llama-memory-recurrent.cpp.o
[ 29%] Building CXX object src/CMakeFiles/llama.dir/llama-memory.cpp.o
[ 29%] Building CXX object src/CMakeFiles/llama.dir/llama-memory-hybrid.cpp.o
[ 30%] Building CXX object src/CMakeFiles/llama.dir/llama-model-loader.cpp.o
[ 30%] Building CXX object src/CMakeFiles/llama.dir/llama-model.cpp.o
[ 30%] Building CXX object src/CMakeFiles/llama.dir/llama-model-saver.cpp.o
[ 31%] Building CXX object src/CMakeFiles/llama.dir/llama-quant.cpp.o
[ 31%] Building CXX object src/CMakeFiles/llama.dir/llama-sampling.cpp.o
[ 31%] Building CXX object src/CMakeFiles/llama.dir/llama-vocab.cpp.o
[ 32%] Building CXX object src/CMakeFiles/llama.dir/unicode-data.cpp.o
[ 32%] Building CXX object src/CMakeFiles/llama.dir/unicode.cpp.o
[ 32%] Linking CXX executable ../../bin/llama-gguf-hash
[ 33%] Linking CXX executable ../../bin/llama-gguf
[ 33%] Built target llama-gguf-hash
[ 33%] Built target llama-gguf
/home/zjy/ws/jenkins/workspace/ci-arc770/ggerganov-llama.cpp/src/llama-quant.cpp:656:66: warning: absolute value function 'abs' given an argument of type 'const int64_t' (aka 'const long') but has parameter of type 'int' which may cause truncation of value [-Wabsolute-value]
  656 |                 gguf_set_val_u32(ctx_out.get(), o.key, (uint32_t)abs(o.val_i64));
      |                                                                  ^
/home/zjy/ws/jenkins/workspace/ci-arc770/ggerganov-llama.cpp/src/llama-quant.cpp:656:66: note: use function 'std::abs' instead
  656 |                 gguf_set_val_u32(ctx_out.get(), o.key, (uint32_t)abs(o.val_i64));
      |                                                                  ^~~
      |                                                                  std::abs
1 warning generated.
[ 33%] Linking CXX shared library ../bin/libllama.so
[ 33%] Built target llama
[ 34%] Building C object tests/CMakeFiles/test-c.dir/test-c.c.o
[ 35%] Building CXX object examples/simple/CMakeFiles/llama-simple.dir/simple.cpp.o
[ 35%] Building CXX object common/CMakeFiles/common.dir/arg.cpp.o
[ 35%] Building CXX object tools/mtmd/CMakeFiles/mtmd.dir/clip.cpp.o
[ 36%] Building CXX object tools/mtmd/CMakeFiles/mtmd.dir/mtmd-helper.cpp.o
[ 36%] Building CXX object common/CMakeFiles/common.dir/common.cpp.o
[ 37%] Building CXX object common/CMakeFiles/common.dir/chat-parser.cpp.o
[ 37%] Building CXX object tools/mtmd/CMakeFiles/mtmd.dir/mtmd-audio.cpp.o
[ 37%] Building CXX object common/CMakeFiles/common.dir/json-schema-to-grammar.cpp.o
[ 37%] Building CXX object common/CMakeFiles/common.dir/json-partial.cpp.o
[ 38%] Building CXX object common/CMakeFiles/common.dir/llguidance.cpp.o
[ 38%] Building CXX object common/CMakeFiles/common.dir/log.cpp.o
[ 39%] Building CXX object tools/mtmd/CMakeFiles/mtmd.dir/mtmd.cpp.o
[ 40%] Building CXX object common/CMakeFiles/common.dir/console.cpp.o
[ 40%] Building CXX object common/CMakeFiles/common.dir/ngram-cache.cpp.o
[ 40%] Building CXX object examples/simple-chat/CMakeFiles/llama-simple-chat.dir/simple-chat.cpp.o
[ 40%] Building CXX object common/CMakeFiles/common.dir/chat.cpp.o
[ 41%] Building CXX object common/CMakeFiles/common.dir/regex-partial.cpp.o
[ 42%] Building CXX object common/CMakeFiles/common.dir/speculative.cpp.o
[ 42%] Building CXX object common/CMakeFiles/common.dir/sampling.cpp.o
[ 42%] Linking C executable ../bin/test-c
[ 42%] Built target test-c
[ 43%] Linking CXX executable ../../bin/llama-simple-chat
[ 43%] Linking CXX executable ../../bin/llama-simple
[ 43%] Built target llama-simple-chat
[ 43%] Built target llama-simple
[ 43%] Linking CXX shared library ../../bin/libmtmd.so
[ 43%] Built target mtmd
[ 43%] Linking CXX static library libcommon.a
[ 43%] Built target common
[ 44%] Building CXX object tests/CMakeFiles/test-grammar-parser.dir/get-model.cpp.o
[ 44%] Building CXX object tests/CMakeFiles/test-tokenizer-0.dir/test-tokenizer-0.cpp.o
[ 45%] Building CXX object tests/CMakeFiles/test-json-schema-to-grammar.dir/test-json-schema-to-grammar.cpp.o
[ 46%] Building CXX object tests/CMakeFiles/test-sampling.dir/get-model.cpp.o
[ 46%] Building CXX object tests/CMakeFiles/test-grammar-integration.dir/test-grammar-integration.cpp.o
[ 46%] Building CXX object tests/CMakeFiles/test-chat.dir/test-chat.cpp.o
[ 47%] Building CXX object tests/CMakeFiles/test-chat.dir/get-model.cpp.o
[ 47%] Building CXX object tests/CMakeFiles/test-grammar-parser.dir/test-grammar-parser.cpp.o
[ 47%] Building CXX object tests/CMakeFiles/test-sampling.dir/test-sampling.cpp.o
[ 48%] Building CXX object tests/CMakeFiles/test-grammar-integration.dir/get-model.cpp.o
[ 48%] Building CXX object tests/CMakeFiles/test-json-schema-to-grammar.dir/get-model.cpp.o
[ 48%] Building CXX object tests/CMakeFiles/test-llama-grammar.dir/get-model.cpp.o
[ 49%] Building CXX object tests/CMakeFiles/test-llama-grammar.dir/test-llama-grammar.cpp.o
[ 49%] Building CXX object tests/CMakeFiles/test-quantize-stats.dir/test-quantize-stats.cpp.o
[ 50%] Building CXX object tests/CMakeFiles/test-gbnf-validator.dir/test-gbnf-validator.cpp.o
[ 51%] Building CXX object tests/CMakeFiles/test-chat-parser.dir/test-chat-parser.cpp.o
[ 51%] Building CXX object tests/CMakeFiles/test-tokenizer-1-spm.dir/test-tokenizer-1-spm.cpp.o
[ 52%] Building CXX object tests/CMakeFiles/test-chat-parser.dir/get-model.cpp.o
[ 52%] Building CXX object tests/CMakeFiles/test-arg-parser.dir/test-arg-parser.cpp.o
[ 52%] Building CXX object tests/CMakeFiles/test-chat-template.dir/test-chat-template.cpp.o
[ 53%] Building CXX object tests/CMakeFiles/test-log.dir/test-log.cpp.o
[ 53%] Building CXX object tests/CMakeFiles/test-tokenizer-1-bpe.dir/test-tokenizer-1-bpe.cpp.o
[ 55%] Building CXX object tests/CMakeFiles/test-json-partial.dir/test-json-partial.cpp.o
[ 55%] Building CXX object tests/CMakeFiles/test-opt.dir/get-model.cpp.o
[ 55%] Building CXX object tests/CMakeFiles/test-json-partial.dir/get-model.cpp.o
[ 55%] Building CXX object tests/CMakeFiles/test-thread-safety.dir/test-thread-safety.cpp.o
[ 55%] Building CXX object tests/CMakeFiles/test-chat-template.dir/get-model.cpp.o
[ 55%] Building CXX object tests/CMakeFiles/test-opt.dir/test-opt.cpp.o
[ 55%] Building CXX object tests/CMakeFiles/test-log.dir/get-model.cpp.o
[ 55%] Building CXX object tests/CMakeFiles/test-regex-partial.dir/get-model.cpp.o
[ 56%] Building CXX object tests/CMakeFiles/test-thread-safety.dir/get-model.cpp.o
[ 56%] Building CXX object tests/CMakeFiles/test-regex-partial.dir/test-regex-partial.cpp.o
[ 57%] Building CXX object tests/CMakeFiles/test-backend-ops.dir/get-model.cpp.o
[ 57%] Building CXX object tests/CMakeFiles/test-backend-ops.dir/test-backend-ops.cpp.o
[ 57%] Building CXX object tests/CMakeFiles/test-gguf.dir/test-gguf.cpp.o
[ 58%] Building CXX object tests/CMakeFiles/test-arg-parser.dir/get-model.cpp.o
[ 58%] Building CXX object tests/CMakeFiles/test-autorelease.dir/test-autorelease.cpp.o
[ 58%] Building CXX object tests/CMakeFiles/test-model-load-cancel.dir/get-model.cpp.o
[ 59%] Building CXX object tests/CMakeFiles/test-gguf.dir/get-model.cpp.o
[ 60%] Building CXX object tests/CMakeFiles/test-autorelease.dir/get-model.cpp.o
[ 60%] Building CXX object tests/CMakeFiles/test-model-load-cancel.dir/test-model-load-cancel.cpp.o
[ 61%] Building CXX object tests/CMakeFiles/test-barrier.dir/test-barrier.cpp.o
[ 61%] Building CXX object tests/CMakeFiles/test-barrier.dir/get-model.cpp.o
[ 61%] Building CXX object tests/CMakeFiles/test-quantize-fns.dir/test-quantize-fns.cpp.o
[ 61%] Building CXX object tests/CMakeFiles/test-quantize-fns.dir/get-model.cpp.o
[ 62%] Building CXX object tests/CMakeFiles/test-quantize-perf.dir/get-model.cpp.o
[ 62%] Building CXX object tests/CMakeFiles/test-quantize-perf.dir/test-quantize-perf.cpp.o
[ 62%] Building CXX object tests/CMakeFiles/test-rope.dir/test-rope.cpp.o
[ 62%] Building CXX object tests/CMakeFiles/test-alloc.dir/test-alloc.cpp.o
[ 63%] Building CXX object tests/CMakeFiles/test-alloc.dir/get-model.cpp.o
[ 63%] Building CXX object tests/CMakeFiles/test-rope.dir/get-model.cpp.o
[ 64%] Building CXX object examples/batched/CMakeFiles/llama-batched.dir/batched.cpp.o
[ 65%] Building CXX object examples/embedding/CMakeFiles/llama-embedding.dir/embedding.cpp.o
[ 66%] Building CXX object examples/lookahead/CMakeFiles/llama-lookahead.dir/lookahead.cpp.o
[ 66%] Building CXX object examples/lookup/CMakeFiles/llama-lookup.dir/lookup.cpp.o
[ 67%] Building CXX object examples/eval-callback/CMakeFiles/llama-eval-callback.dir/eval-callback.cpp.o
[ 67%] Building CXX object examples/lookup/CMakeFiles/llama-lookup-create.dir/lookup-create.cpp.o
[ 67%] Building CXX object tests/CMakeFiles/test-mtmd-c-api.dir/get-model.cpp.o
[ 67%] Building C object tests/CMakeFiles/test-mtmd-c-api.dir/test-mtmd-c-api.c.o
[ 67%] Building CXX object examples/lookup/CMakeFiles/llama-lookup-stats.dir/lookup-stats.cpp.o
[ 68%] Building CXX object examples/lookup/CMakeFiles/llama-lookup-merge.dir/lookup-merge.cpp.o
[ 68%] Building CXX object examples/parallel/CMakeFiles/llama-parallel.dir/parallel.cpp.o
[ 68%] Building CXX object examples/save-load-state/CMakeFiles/llama-save-load-state.dir/save-load-state.cpp.o
[ 68%] Building CXX object examples/passkey/CMakeFiles/llama-passkey.dir/passkey.cpp.o
[ 69%] Building CXX object examples/retrieval/CMakeFiles/llama-retrieval.dir/retrieval.cpp.o
[ 69%] Building CXX object examples/speculative/CMakeFiles/llama-speculative.dir/speculative.cpp.o
[ 70%] Building CXX object examples/speculative-simple/CMakeFiles/llama-speculative-simple.dir/speculative-simple.cpp.o
[ 70%] Building CXX object examples/gen-docs/CMakeFiles/llama-gen-docs.dir/gen-docs.cpp.o
[ 70%] Building CXX object examples/training/CMakeFiles/llama-finetune.dir/finetune.cpp.o
[ 71%] Building CXX object tools/batched-bench/CMakeFiles/llama-batched-bench.dir/batched-bench.cpp.o
[ 71%] Building CXX object examples/diffusion/CMakeFiles/llama-diffusion-cli.dir/diffusion-cli.cpp.o
[ 72%] Building CXX object examples/model-conversion/CMakeFiles/llama-logits.dir/logits.cpp.o
[ 72%] Building CXX object pocs/vdot/CMakeFiles/llama-vdot.dir/vdot.cpp.o
[ 72%] Building CXX object examples/sycl/CMakeFiles/llama-ls-sycl-device.dir/ls-sycl-device.cpp.o
[ 73%] Building CXX object examples/convert-llama2c-to-ggml/CMakeFiles/llama-convert-llama2c-to-ggml.dir/convert-llama2c-to-ggml.cpp.o
[ 74%] Linking CXX executable ../bin/test-model-load-cancel
[ 75%] Building CXX object tools/gguf-split/CMakeFiles/llama-gguf-split.dir/gguf-split.cpp.o
[ 76%] Generating loading.html.hpp
[ 76%] Building CXX object tools/llama-bench/CMakeFiles/llama-bench.dir/llama-bench.cpp.o
[ 76%] Building CXX object tools/imatrix/CMakeFiles/llama-imatrix.dir/imatrix.cpp.o
[ 75%] Building CXX object pocs/vdot/CMakeFiles/llama-q8dot.dir/q8dot.cpp.o
[ 76%] Generating index.html.gz.hpp
[ 77%] Linking CXX executable ../bin/test-mtmd-c-api
[ 77%] Building CXX object tools/quantize/CMakeFiles/llama-quantize.dir/quantize.cpp.o
[ 77%] Building CXX object tools/tts/CMakeFiles/llama-tts.dir/tts.cpp.o
[ 78%] Building CXX object tools/perplexity/CMakeFiles/llama-perplexity.dir/perplexity.cpp.o
[ 79%] Building CXX object tools/run/CMakeFiles/llama-run.dir/run.cpp.o
[ 77%] Building CXX object tools/main/CMakeFiles/llama-cli.dir/main.cpp.o
[ 79%] Building CXX object tools/mtmd/CMakeFiles/llama-mtmd-cli.dir/mtmd-cli.cpp.o
[ 79%] Building CXX object tools/cvector-generator/CMakeFiles/llama-cvector-generator.dir/cvector-generator.cpp.o
[ 79%] Building CXX object tools/tokenize/CMakeFiles/llama-tokenize.dir/tokenize.cpp.o
[ 79%] Building CXX object tools/export-lora/CMakeFiles/llama-export-lora.dir/export-lora.cpp.o
[ 80%] Building CXX object tools/run/CMakeFiles/llama-run.dir/linenoise.cpp/linenoise.cpp.o
[ 80%] Linking CXX executable ../../bin/llama-ls-sycl-device
[ 80%] Linking CXX executable ../bin/test-autorelease
[ 81%] Linking CXX executable ../bin/test-log
[ 81%] Linking CXX executable ../bin/test-barrier
[ 82%] Linking CXX executable ../bin/test-quantize-fns
[ 83%] Linking CXX executable ../bin/test-rope
[ 83%] Built target test-model-load-cancel
[ 83%] Built target test-mtmd-c-api
[ 83%] Built target test-autorelease
[ 83%] Built target llama-ls-sycl-device
[ 83%] Linking CXX executable ../bin/test-gbnf-validator
[ 83%] Built target test-log
[ 83%] Linking CXX executable ../../bin/llama-lookup-merge
[ 84%] Linking CXX executable ../../bin/llama-q8dot
[ 84%] Built target test-rope
[ 84%] Built target test-barrier
[ 84%] Linking CXX executable ../../bin/llama-vdot
[ 84%] Linking CXX executable ../bin/test-tokenizer-1-spm
[ 84%] Built target test-gbnf-validator
[ 84%] Built target test-quantize-fns
[ 84%] Linking CXX executable ../bin/test-tokenizer-1-bpe
[ 84%] Linking CXX executable ../../bin/llama-logits
[ 84%] Built target llama-lookup-merge
[ 84%] Linking CXX executable ../../bin/llama-finetune
[ 84%] Linking CXX executable ../../bin/llama-lookup-create
[ 84%] Building CXX object tools/server/CMakeFiles/llama-server.dir/server.cpp.o
[ 85%] Linking CXX executable ../../bin/llama-tokenize
[ 85%] Built target llama-q8dot
[ 85%] Linking CXX executable ../bin/test-sampling
[ 85%] Linking CXX executable ../../bin/llama-batched
[ 85%] Linking CXX executable ../bin/test-thread-safety
[ 85%] Built target test-tokenizer-1-spm
[ 85%] Built target llama-vdot
[ 85%] Linking CXX executable ../../bin/llama-gguf-split
[ 86%] Linking CXX executable ../bin/test-tokenizer-0
[ 86%] Linking CXX executable ../bin/test-alloc
[ 87%] Linking CXX executable ../../bin/llama-lookup
[ 88%] Linking CXX executable ../../bin/llama-save-load-state
[ 89%] Linking CXX executable ../../bin/llama-gen-docs
[ 89%] Linking CXX executable ../../bin/llama-batched-bench
[ 89%] Linking CXX executable ../../bin/llama-speculative-simple
[ 89%] Linking CXX executable ../../bin/llama-eval-callback
[ 89%] Linking CXX executable ../bin/test-grammar-parser
[ 90%] Linking CXX executable ../../bin/llama-lookup-stats
[ 90%] Built target llama-logits
[ 90%] Linking CXX executable ../../bin/llama-convert-llama2c-to-ggml
[ 90%] Linking CXX executable ../../bin/llama-passkey
[ 90%] Linking CXX executable ../bin/test-quantize-perf
[ 90%] Linking CXX executable ../bin/test-llama-grammar
[ 90%] Built target llama-lookup-create
[ 90%] Built target llama-finetune
[ 90%] Built target llama-tokenize
[ 90%] Built target test-alloc
[ 90%] Built target test-sampling
[ 91%] Linking CXX executable ../bin/test-opt
[ 91%] Built target test-tokenizer-0
[ 91%] Built target llama-batched
[ 91%] Built target test-tokenizer-1-bpe
[ 91%] Built target llama-speculative-simple
[ 91%] Linking CXX executable ../bin/test-arg-parser
[ 91%] Built target llama-gguf-split
[ 91%] Built target llama-convert-llama2c-to-ggml
[ 91%] Built target llama-gen-docs
[ 92%] Linking CXX executable ../../bin/llama-export-lora
[ 93%] Linking CXX executable ../../bin/llama-parallel
[ 93%] Built target llama-batched-bench
[ 93%] Built target llama-lookup
[ 93%] Built target test-thread-safety
[ 93%] Linking CXX executable ../../bin/llama-embedding
[ 94%] Linking CXX executable ../bin/test-regex-partial
[ 94%] Built target llama-eval-callback
[ 94%] Built target test-quantize-perf
[ 94%] Built target test-grammar-parser
[ 94%] Linking CXX executable ../../bin/llama-mtmd-cli
[ 94%] Linking CXX executable ../../bin/llama-retrieval
[ 94%] Linking CXX executable ../bin/test-gguf
[ 94%] Built target test-llama-grammar
[ 94%] Built target llama-passkey
[ 94%] Linking CXX executable ../../bin/llama-lookahead
[ 94%] Built target llama-save-load-state
[ 94%] Built target llama-lookup-stats
[ 94%] Built target test-opt
[ 94%] Built target test-regex-partial
[ 94%] Built target test-arg-parser
[ 94%] Built target llama-export-lora
[ 94%] Built target llama-parallel
[ 95%] Linking CXX executable ../../bin/llama-cvector-generator
[ 95%] Built target llama-mtmd-cli
[ 95%] Built target test-gguf
[ 95%] Built target llama-embedding
[ 95%] Built target llama-retrieval
[ 95%] Built target llama-lookahead
[ 95%] Linking CXX executable ../../bin/llama-diffusion-cli
[ 95%] Linking CXX executable ../bin/test-chat-template
[ 95%] Built target llama-cvector-generator
[ 95%] Linking CXX executable ../../bin/llama-cli
[ 95%] Linking CXX executable ../../bin/llama-speculative
[ 95%] Built target llama-diffusion-cli
[ 95%] Linking CXX executable ../bin/test-json-partial
[ 95%] Built target test-chat-template
[ 96%] Linking CXX executable ../../bin/llama-quantize
[ 96%] Built target llama-cli
[ 96%] Built target llama-speculative
[ 96%] Built target test-json-partial
[ 96%] Built target llama-quantize
[ 96%] Linking CXX executable ../../bin/llama-perplexity
[ 96%] Built target llama-perplexity
[ 97%] Linking CXX executable ../bin/test-quantize-stats
[ 97%] Built target test-quantize-stats
[ 97%] Linking CXX executable ../bin/test-chat-parser
[ 97%] Built target test-chat-parser
[ 97%] Linking CXX executable ../bin/test-json-schema-to-grammar
[ 97%] Built target test-json-schema-to-grammar
[ 97%] Linking CXX executable ../bin/test-grammar-integration
[ 97%] Built target test-grammar-integration
[ 98%] Linking CXX executable ../../bin/llama-tts
[ 99%] Linking CXX executable ../../bin/llama-imatrix
[ 99%] Built target llama-tts
[ 99%] Built target llama-imatrix
[100%] Linking CXX executable ../../bin/llama-bench
[100%] Built target llama-bench
[100%] Linking CXX executable ../bin/test-chat
[100%] Linking CXX executable ../../bin/llama-run
[100%] Built target test-chat
[100%] Built target llama-run
[100%] Linking CXX executable ../bin/test-backend-ops
[100%] Built target test-backend-ops
[100%] Linking CXX executable ../../bin/llama-server
[100%] Built target llama-server

real	1m29.010s
user	11m26.070s
sys	0m28.171s
+ ctest --output-on-failure -L main
Test project /home/zjy/ws/jenkins/workspace/ci-arc770/ggerganov-llama.cpp/build-ci-release
      Start  1: test-tokenizer-0-bert-bge
 1/37 Test  #1: test-tokenizer-0-bert-bge .........   Passed    0.08 sec
      Start  2: test-tokenizer-0-command-r
 2/37 Test  #2: test-tokenizer-0-command-r ........   Passed    0.37 sec
      Start  3: test-tokenizer-0-deepseek-coder
 3/37 Test  #3: test-tokenizer-0-deepseek-coder ...   Passed    0.09 sec
      Start  4: test-tokenizer-0-deepseek-llm
 4/37 Test  #4: test-tokenizer-0-deepseek-llm .....   Passed    0.17 sec
      Start  5: test-tokenizer-0-falcon
 5/37 Test  #5: test-tokenizer-0-falcon ...........   Passed    0.12 sec
      Start  6: test-tokenizer-0-gpt-2
 6/37 Test  #6: test-tokenizer-0-gpt-2 ............   Passed    0.11 sec
      Start  7: test-tokenizer-0-llama-bpe
 7/37 Test  #7: test-tokenizer-0-llama-bpe ........   Passed    0.25 sec
      Start  8: test-tokenizer-0-llama-spm
 8/37 Test  #8: test-tokenizer-0-llama-spm ........   Passed    0.08 sec
      Start  9: test-tokenizer-0-mpt
 9/37 Test  #9: test-tokenizer-0-mpt ..............   Passed    0.10 sec
      Start 10: test-tokenizer-0-phi-3
10/37 Test #10: test-tokenizer-0-phi-3 ............   Passed    0.07 sec
      Start 11: test-tokenizer-0-qwen2
11/37 Test #11: test-tokenizer-0-qwen2 ............   Passed    0.24 sec
      Start 12: test-tokenizer-0-refact
12/37 Test #12: test-tokenizer-0-refact ...........   Passed    0.11 sec
      Start 13: test-tokenizer-0-starcoder
13/37 Test #13: test-tokenizer-0-starcoder ........   Passed    0.10 sec
      Start 14: test-tokenizers-ggml-vocabs
14/37 Test #14: test-tokenizers-ggml-vocabs .......***Failed    2.62 sec
Already up to date.
main : reading vocab from: '/home/zjy/ws/jenkins/workspace/ci-arc770/ggerganov-llama.cpp/models/ggml-vocabs/PLaMo2/ggml-vocab-plamo2.gguf'
llama_model_load_from_file_impl: using device SYCL0 (Intel(R) Arc(TM) A770 Graphics) (unknown id) - 15473 MiB free
gguf_init_from_file_impl: invalid magic characters: 'vers', expected 'GGUF'
llama_model_load: error loading model: llama_model_loader: failed to load model from /home/zjy/ws/jenkins/workspace/ci-arc770/ggerganov-llama.cpp/models/ggml-vocabs/PLaMo2/ggml-vocab-plamo2.gguf
llama_model_load_from_file_impl: failed to load model
main: error: failed to load vocab '/home/zjy/ws/jenkins/workspace/ci-arc770/ggerganov-llama.cpp/models/ggml-vocabs/PLaMo2/ggml-vocab-plamo2.gguf'
main : reading vocab from: '/home/zjy/ws/jenkins/workspace/ci-arc770/ggerganov-llama.cpp/models/ggml-vocabs/RWKV/ggml-vocab-rwkv-7-world.gguf'
llama_model_load_from_file_impl: using device SYCL0 (Intel(R) Arc(TM) A770 Graphics) (unknown id) - 15473 MiB free
gguf_init_from_file_impl: invalid magic characters: 'vers', expected 'GGUF'
llama_model_load: error loading model: llama_model_loader: failed to load model from /home/zjy/ws/jenkins/workspace/ci-arc770/ggerganov-llama.cpp/models/ggml-vocabs/RWKV/ggml-vocab-rwkv-7-world.gguf
llama_model_load_from_file_impl: failed to load model
main: error: failed to load vocab '/home/zjy/ws/jenkins/workspace/ci-arc770/ggerganov-llama.cpp/models/ggml-vocabs/RWKV/ggml-vocab-rwkv-7-world.gguf'
main : reading vocab from: '/home/zjy/ws/jenkins/workspace/ci-arc770/ggerganov-llama.cpp/models/ggml-vocabs/SPM/ggml-vocab-gemma-3.gguf'
llama_model_load_from_file_impl: using device SYCL0 (Intel(R) Arc(TM) A770 Graphics) (unknown id) - 15473 MiB free
gguf_init_from_file_impl: invalid magic characters: 'vers', expected 'GGUF'
llama_model_load: error loading model: llama_model_loader: failed to load model from /home/zjy/ws/jenkins/workspace/ci-arc770/ggerganov-llama.cpp/models/ggml-vocabs/SPM/ggml-vocab-gemma-3.gguf
llama_model_load_from_file_impl: failed to load model
main: error: failed to load vocab '/home/zjy/ws/jenkins/workspace/ci-arc770/ggerganov-llama.cpp/models/ggml-vocabs/SPM/ggml-vocab-gemma-3.gguf'
main : reading vocab from: '/home/zjy/ws/jenkins/workspace/ci-arc770/ggerganov-llama.cpp/models/ggml-vocabs/UGM/ggml-vocab-nomic-bert-moe.gguf'
llama_model_load_from_file_impl: using device SYCL0 (Intel(R) Arc(TM) A770 Graphics) (unknown id) - 15473 MiB free
gguf_init_from_file_impl: invalid magic characters: 'vers', expected 'GGUF'
llama_model_load: error loading model: llama_model_loader: failed to load model from /home/zjy/ws/jenkins/workspace/ci-arc770/ggerganov-llama.cpp/models/ggml-vocabs/UGM/ggml-vocab-nomic-bert-moe.gguf
llama_model_load_from_file_impl: failed to load model
main: error: failed to load vocab '/home/zjy/ws/jenkins/workspace/ci-arc770/ggerganov-llama.cpp/models/ggml-vocabs/UGM/ggml-vocab-nomic-bert-moe.gguf'
main : reading vocab from: '/home/zjy/ws/jenkins/workspace/ci-arc770/ggerganov-llama.cpp/models/ggml-vocabs/WPM/ggml-vocab-jina-v2-en.gguf'
llama_model_load_from_file_impl: using device SYCL0 (Intel(R) Arc(TM) A770 Graphics) (unknown id) - 15473 MiB free
gguf_init_from_file_impl: invalid magic characters: 'vers', expected 'GGUF'
llama_model_load: error loading model: llama_model_loader: failed to load model from /home/zjy/ws/jenkins/workspace/ci-arc770/ggerganov-llama.cpp/models/ggml-vocabs/WPM/ggml-vocab-jina-v2-en.gguf
llama_model_load_from_file_impl: failed to load model
main: error: failed to load vocab '/home/zjy/ws/jenkins/workspace/ci-arc770/ggerganov-llama.cpp/models/ggml-vocabs/WPM/ggml-vocab-jina-v2-en.gguf'

      Start 15: test-sampling
15/37 Test #15: test-sampling .....................   Passed    0.84 sec
      Start 16: test-grammar-parser
16/37 Test #16: test-grammar-parser ...............   Passed    0.05 sec
      Start 17: test-grammar-integration
17/37 Test #17: test-grammar-integration ..........   Passed    0.04 sec
      Start 18: test-llama-grammar
18/37 Test #18: test-llama-grammar ................   Passed    0.03 sec
      Start 19: test-chat
19/37 Test #19: test-chat .........................   Passed    0.70 sec
      Start 20: test-json-schema-to-grammar
20/37 Test #20: test-json-schema-to-grammar .......   Passed    1.91 sec
      Start 21: test-tokenizer-1-llama-spm
21/37 Test #21: test-tokenizer-1-llama-spm ........   Passed    0.16 sec
      Start 22: test-chat-parser
22/37 Test #22: test-chat-parser ..................   Passed    0.04 sec
      Start 23: test-chat-template
23/37 Test #23: test-chat-template ................   Passed    0.10 sec
      Start 24: test-json-partial
24/37 Test #24: test-json-partial .................   Passed    0.04 sec
      Start 25: test-log
25/37 Test #25: test-log ..........................   Passed    0.06 sec
      Start 26: test-regex-partial
26/37 Test #26: test-regex-partial ................   Passed    0.04 sec
      Start 27: test-thread-safety
27/37 Test #27: test-thread-safety ................***Failed    0.05 sec
'https' scheme is not supported.

      Start 28: test-arg-parser
28/37 Test #28: test-arg-parser ...................Subprocess aborted***Exception: 322.06 sec
error while handling argument "-m": expected value for argument

usage:
-m,    --model FNAME                    model path (default: `models/$filename` with filename from `--hf-file`
                                        or `--model-url` if set, otherwise models/7B/ggml-model-f16.gguf)
                                        (env: LLAMA_ARG_MODEL)


to show complete usage, run with -h
error while handling argument "-ngl": stoi

usage:
-ngl,  --gpu-layers, --n-gpu-layers N   max. number of layers to store in VRAM (default: -1)
                                        (env: LLAMA_ARG_N_GPU_LAYERS)


to show complete usage, run with -h
error while handling argument "-sm": invalid value

usage:
-sm,   --split-mode {none,layer,row}    how to split the model across multiple GPUs, one of:
                                        - none: use one GPU only
                                        - layer (default): split layers and KV across GPUs
                                        - row: split rows across GPUs
                                        (env: LLAMA_ARG_SPLIT_MODE)


to show complete usage, run with -h
error: invalid argument: --draft
error while handling environment variable "LLAMA_ARG_THREADS": stoi


warn: LLAMA_ARG_MODEL environment variable is set, but will be overwritten by command line argument -m
[New LWP 363072]
warning: File "/opt/intel/oneapi/compiler/2025.2/lib/libsycl.so.8.0.0-gdb.py" auto-loading has been declined by your `auto-load safe-path' set to "$debugdir:$datadir/auto-load".
To enable execution of this file add
	add-auto-load-safe-path /opt/intel/oneapi/compiler/2025.2/lib/libsycl.so.8.0.0-gdb.py
line to your configuration file "/home/zjy/.config/gdb/gdbinit".
To completely disable this security protection add
	set auto-load safe-path /
line to your configuration file "/home/zjy/.config/gdb/gdbinit".
For more information about this security protection see the
"Auto-loading safe path" section in the GDB manual.  E.g., run from the shell:
	info "(gdb)Auto-loading safe path"
warning: could not find '.gnu_debugaltlink' file for /lib/x86_64-linux-gnu/libnss_mdns4_minimal.so.2
[Thread debugging using libthread_db enabled]
Using host libthread_db library "/lib/x86_64-linux-gnu/libthread_db.so.1".
0x00007858d1110813 in __GI___wait4 (pid=363349, stat_loc=0x0, options=0, usage=0x0) at ../sysdeps/unix/sysv/linux/wait4.c:30
warning: 30	../sysdeps/unix/sysv/linux/wait4.c: No such file or directory
#0  0x00007858d1110813 in __GI___wait4 (pid=363349, stat_loc=0x0, options=0, usage=0x0) at ../sysdeps/unix/sysv/linux/wait4.c:30
30	in ../sysdeps/unix/sysv/linux/wait4.c
#1  0x00007858d20880c3 in ggml_print_backtrace () from /home/zjy/ws/jenkins/workspace/ci-arc770/ggerganov-llama.cpp/build-ci-release/bin/libggml-base.so
#2  0x00007858d2099f26 in ggml_uncaught_exception() () from /home/zjy/ws/jenkins/workspace/ci-arc770/ggerganov-llama.cpp/build-ci-release/bin/libggml-base.so
#3  0x00007858d14bb0da in ?? () from /lib/x86_64-linux-gnu/libstdc++.so.6
#4  0x00007858d14a5a55 in std::terminate() () from /lib/x86_64-linux-gnu/libstdc++.so.6
#5  0x00007858d14bb391 in __cxa_throw () from /lib/x86_64-linux-gnu/libstdc++.so.6
#6  0x0000000000424e31 in common_remote_get_content(std::__cxx11::basic_string<char, std::char_traits<char>, std::allocator<char> > const&, common_remote_params const&) ()
#7  0x000000000041e83e in main ()
[Inferior 1 (process 363071) detached]
terminate called after throwing an instance of 'std::runtime_error'
  what():  error: cannot make GET request

      Start 29: test-opt
29/37 Test #29: test-opt ..........................   Passed    0.21 sec
      Start 30: test-gguf
30/37 Test #30: test-gguf .........................   Passed    0.32 sec
      Start 31: test-backend-ops
31/37 Test #31: test-backend-ops ..................   Passed   47.51 sec
      Start 34: test-barrier
32/37 Test #34: test-barrier ......................   Passed    0.94 sec
      Start 35: test-quantize-fns
33/37 Test #35: test-quantize-fns .................   Passed   12.13 sec
      Start 36: test-quantize-perf
34/37 Test #36: test-quantize-perf ................   Passed    0.08 sec
      Start 37: test-rope
35/37 Test #37: test-rope .........................   Passed    0.09 sec
      Start 38: test-mtmd-c-api
36/37 Test #38: test-mtmd-c-api ...................   Passed    0.04 sec
      Start 39: test-alloc
37/37 Test #39: test-alloc ........................   Passed    0.04 sec

92% tests passed, 3 tests failed out of 37

Label Time Summary:
main    = 391.98 sec*proc (37 tests)

Total Test time (real) = 391.99 sec

The following tests FAILED:
	 14 - test-tokenizers-ggml-vocabs (Failed)
	 27 - test-thread-safety (Failed)
	 28 - test-arg-parser (Subprocess aborted)
Errors while running CTest

real	6m31.998s
user	1m27.809s
sys	0m24.149s
