+ gg_run_ctest_release
+ cd /home/zjy/ws/jenkins-home/workspace/ci-1250/ggerganov-llama.cpp
+ rm -rf build-ci-release
+ tee /home/zjy/ws/jenkins-home/workspace/ci-1250/ggerganov-llama.cpp/tmp/ci_log/bf38346d136c6121732c36c60b079bde18d63a0e/tmp/results/ctest_release.log
+ mkdir build-ci-release
+ cd build-ci-release
+ set -e
+ tee -a /home/zjy/ws/jenkins-home/workspace/ci-1250/ggerganov-llama.cpp/tmp/ci_log/bf38346d136c6121732c36c60b079bde18d63a0e/tmp/results/ctest_release-cmake.log
+ cmake -DCMAKE_BUILD_TYPE=Release -DLLAMA_FATAL_WARNINGS=ON -DLLAMA_SYCL=1 DCMAKE_C_COMPILER=icx -DCMAKE_CXX_COMPILER=icpx -DLLAMA_SYCL_F16=ON -DLLAMA_CURL=OFF ..
CMake Warning:
  Ignoring extra path from command line:

   "/home/zjy/ws/jenkins-home/workspace/ci-1250/ggerganov-llama.cpp/build-ci-release/DCMAKE_C_COMPILER=icx"


-- The C compiler identification is GNU 13.3.0
-- The CXX compiler identification is IntelLLVM 2025.0.4
-- Detecting C compiler ABI info
-- Detecting C compiler ABI info - done
-- Check for working C compiler: /usr/bin/cc - skipped
-- Detecting C compile features
-- Detecting C compile features - done
-- Detecting CXX compiler ABI info
-- Detecting CXX compiler ABI info - done
-- Check for working CXX compiler: /opt/intel/oneapi/compiler/2025.0/bin/icpx - skipped
-- Detecting CXX compile features
-- Detecting CXX compile features - done
CMAKE_BUILD_TYPE=Release
-- Found Git: /usr/bin/git (found version "2.43.0") 
CMake Warning at CMakeLists.txt:152 (message):
  LLAMA_SYCL is deprecated and will be removed in the future.

  Use GGML_SYCL instead

Call Stack (most recent call first):
  CMakeLists.txt:163 (llama_option_depr)


CMake Warning at CMakeLists.txt:152 (message):
  LLAMA_SYCL_F16 is deprecated and will be removed in the future.

  Use GGML_SYCL_F16 instead

Call Stack (most recent call first):
  CMakeLists.txt:164 (llama_option_depr)


-- The ASM compiler identification is GNU
-- Found assembler: /usr/bin/cc
-- Performing Test CMAKE_HAVE_LIBC_PTHREAD
-- Performing Test CMAKE_HAVE_LIBC_PTHREAD - Success
-- Found Threads: TRUE  
-- Warning: ccache not found - consider installing it for faster compilation or disable this warning with GGML_CCACHE=OFF
-- CMAKE_SYSTEM_PROCESSOR: x86_64
-- GGML_SYSTEM_ARCH: x86
-- Including CPU backend
-- Found OpenMP_C: -fopenmp (found version "4.5") 
-- Found OpenMP_CXX: -fiopenmp (found version "5.1") 
-- Found OpenMP: TRUE (found version "4.5")  
-- x86 detected
-- Adding CPU backend variant ggml-cpu: -march=native 
-- GGML_SYCL_TARGET=INTEL
-- Performing Test SUPPORTS_SYCL
-- Performing Test SUPPORTS_SYCL - Success
-- Using oneAPI Release SYCL compiler (icpx).
-- SYCL found
-- Found IntelSYCL: /opt/intel/oneapi/compiler/2025.0/include (found version "202001") 
-- Found oneDNN: /opt/intel/oneapi/dnnl/2025.0/lib/libdnnl.so.3.6
-- MKL_VERSION: 2025.0.1
-- MKL_ROOT: /opt/intel/oneapi/mkl/2025.0
-- MKL_ARCH: intel64
-- MKL_SYCL_LINK: None, set to ` dynamic` by default
-- MKL_LINK: None, set to ` dynamic` by default
-- MKL_SYCL_INTERFACE_FULL: None, set to ` intel_ilp64` by default
-- MKL_INTERFACE_FULL: None, set to ` intel_ilp64` by default
-- MKL_SYCL_THREADING: None, set to ` tbb_thread` by default
-- MKL_THREADING: None, set to ` intel_thread` by default
-- MKL_MPI: None, set to ` intelmpi` by default
-- Found /opt/intel/oneapi/mkl/2025.0/lib/libmkl_scalapack_ilp64.so
-- Found /opt/intel/oneapi/mkl/2025.0/lib/libmkl_cdft_core.so
-- Found /opt/intel/oneapi/mkl/2025.0/lib/libmkl_intel_ilp64.so
-- Found /opt/intel/oneapi/mkl/2025.0/lib/libmkl_intel_thread.so
-- Found /opt/intel/oneapi/mkl/2025.0/lib/libmkl_core.so
-- Found /opt/intel/oneapi/mkl/2025.0/lib/libmkl_blacs_intelmpi_ilp64.so
-- Found /opt/intel/oneapi/mkl/2025.0/lib/libmkl_sycl_blas.so
-- Found /opt/intel/oneapi/mkl/2025.0/lib/libmkl_sycl_lapack.so
-- Found /opt/intel/oneapi/mkl/2025.0/lib/libmkl_sycl_dft.so
-- Found /opt/intel/oneapi/mkl/2025.0/lib/libmkl_sycl_sparse.so
-- Found /opt/intel/oneapi/mkl/2025.0/lib/libmkl_sycl_data_fitting.so
-- Found /opt/intel/oneapi/mkl/2025.0/lib/libmkl_sycl_rng.so
-- Found /opt/intel/oneapi/mkl/2025.0/lib/libmkl_sycl_stats.so
-- Found /opt/intel/oneapi/mkl/2025.0/lib/libmkl_sycl_vm.so
-- Found /opt/intel/oneapi/mkl/2025.0/lib/libmkl_tbb_thread.so
-- Found /opt/intel/oneapi/compiler/2025.0/lib/libiomp5.so
-- Including SYCL backend
-- ggml version: 0.9.5
-- ggml commit:  bf38346d1
-- Could NOT find OpenSSL, try to set the path to OpenSSL root folder in the system variable OPENSSL_ROOT_DIR (missing: OPENSSL_CRYPTO_LIBRARY OPENSSL_INCLUDE_DIR) 
CMake Warning at vendor/cpp-httplib/CMakeLists.txt:145 (message):
  OpenSSL not found, HTTPS support disabled


-- Generating embedded license file for target: common
-- Configuring done (2.0s)
-- Generating done (0.1s)
-- Build files have been written to: /home/zjy/ws/jenkins-home/workspace/ci-1250/ggerganov-llama.cpp/build-ci-release

real	0m2.167s
user	0m1.425s
sys	0m0.741s
+ tee -a /home/zjy/ws/jenkins-home/workspace/ci-1250/ggerganov-llama.cpp/tmp/ci_log/bf38346d136c6121732c36c60b079bde18d63a0e/tmp/results/ctest_release-make.log
+ make -j
[  1%] Building C object examples/gguf-hash/CMakeFiles/xxhash.dir/deps/xxhash/xxhash.c.o
[  1%] Building CXX object tools/mtmd/CMakeFiles/llama-llava-cli.dir/deprecation-warning.cpp.o
[  1%] Building CXX object common/CMakeFiles/build_info.dir/build-info.cpp.o
[  1%] Building CXX object tools/mtmd/CMakeFiles/llama-gemma3-cli.dir/deprecation-warning.cpp.o
[  2%] Building C object ggml/src/CMakeFiles/ggml-base.dir/ggml.c.o
[  3%] Building C object examples/gguf-hash/CMakeFiles/sha1.dir/deps/sha1/sha1.c.o
[  4%] Building CXX object ggml/src/CMakeFiles/ggml-base.dir/ggml-backend.cpp.o
[  4%] Building CXX object ggml/src/CMakeFiles/ggml-base.dir/ggml-opt.cpp.o
[  4%] Building CXX object tools/mtmd/CMakeFiles/llama-minicpmv-cli.dir/deprecation-warning.cpp.o
[  5%] Building CXX object ggml/src/CMakeFiles/ggml-base.dir/ggml.cpp.o
[  5%] Building C object ggml/src/CMakeFiles/ggml-base.dir/ggml-alloc.c.o
[  5%] Building CXX object vendor/cpp-httplib/CMakeFiles/cpp-httplib.dir/httplib.cpp.o
[  5%] Building CXX object tools/mtmd/CMakeFiles/llama-qwen2vl-cli.dir/deprecation-warning.cpp.o
[  5%] Building CXX object ggml/src/CMakeFiles/ggml-base.dir/ggml-threading.cpp.o
[  5%] Building C object ggml/src/CMakeFiles/ggml-base.dir/ggml-quants.c.o
[  5%] Building C object examples/gguf-hash/CMakeFiles/sha256.dir/deps/sha256/sha256.c.o
[  5%] Building CXX object ggml/src/CMakeFiles/ggml-base.dir/gguf.cpp.o
[  5%] Built target build_info
[  6%] Linking CXX executable ../../bin/llama-qwen2vl-cli
[  6%] Linking CXX executable ../../bin/llama-gemma3-cli
[  6%] Built target sha1
[  6%] Built target sha256
[  7%] Linking CXX executable ../../bin/llama-llava-cli
[  8%] Linking CXX executable ../../bin/llama-minicpmv-cli
[  8%] Built target llama-qwen2vl-cli
[  8%] Built target llama-gemma3-cli
[  8%] Built target llama-minicpmv-cli
[  8%] Built target llama-llava-cli
[  8%] Built target xxhash
[  8%] Linking CXX shared library ../../bin/libggml-base.so
[  8%] Built target ggml-base
[  8%] Building CXX object ggml/src/ggml-sycl/CMakeFiles/ggml-sycl.dir/add-id.cpp.o
[  9%] Building C object ggml/src/CMakeFiles/ggml-cpu.dir/ggml-cpu/quants.c.o
[  9%] Building CXX object ggml/src/ggml-sycl/CMakeFiles/ggml-sycl.dir/ggml-sycl.cpp.o
[  9%] Building CXX object ggml/src/ggml-sycl/CMakeFiles/ggml-sycl.dir/convert.cpp.o
[  9%] Building CXX object ggml/src/ggml-sycl/CMakeFiles/ggml-sycl.dir/conv.cpp.o
[  9%] Building CXX object ggml/src/ggml-sycl/CMakeFiles/ggml-sycl.dir/common.cpp.o
[  9%] Building CXX object ggml/src/ggml-sycl/CMakeFiles/ggml-sycl.dir/concat.cpp.o
[  9%] Building CXX object ggml/src/CMakeFiles/ggml-cpu.dir/ggml-cpu/repack.cpp.o
[  9%] Building CXX object ggml/src/CMakeFiles/ggml-cpu.dir/ggml-cpu/binary-ops.cpp.o
[  9%] Building CXX object ggml/src/CMakeFiles/ggml-cpu.dir/ggml-cpu/ggml-cpu.cpp.o
[ 10%] Building C object ggml/src/CMakeFiles/ggml-cpu.dir/ggml-cpu/ggml-cpu.c.o
[ 10%] Building CXX object ggml/src/CMakeFiles/ggml-cpu.dir/ggml-cpu/traits.cpp.o
[ 11%] Building CXX object ggml/src/CMakeFiles/ggml-cpu.dir/ggml-cpu/hbm.cpp.o
[ 11%] Building CXX object ggml/src/CMakeFiles/ggml-cpu.dir/ggml-cpu/amx/amx.cpp.o
[ 12%] Building CXX object ggml/src/ggml-sycl/CMakeFiles/ggml-sycl.dir/binbcast.cpp.o
[ 13%] Building CXX object ggml/src/CMakeFiles/ggml-cpu.dir/ggml-cpu/unary-ops.cpp.o
[ 13%] Building CXX object ggml/src/ggml-sycl/CMakeFiles/ggml-sycl.dir/count-equal.cpp.o
[ 11%] Building CXX object ggml/src/CMakeFiles/ggml-cpu.dir/ggml-cpu/amx/mmq.cpp.o
[ 13%] Building CXX object ggml/src/CMakeFiles/ggml-cpu.dir/ggml-cpu/vec.cpp.o
[ 13%] Building CXX object ggml/src/ggml-sycl/CMakeFiles/ggml-sycl.dir/dmmv.cpp.o
[ 13%] Building CXX object ggml/src/ggml-sycl/CMakeFiles/ggml-sycl.dir/gla.cpp.o
[ 14%] Building CXX object ggml/src/ggml-sycl/CMakeFiles/ggml-sycl.dir/getrows.cpp.o
[ 14%] Building CXX object ggml/src/ggml-sycl/CMakeFiles/ggml-sycl.dir/cpy.cpp.o
[ 14%] Building CXX object ggml/src/CMakeFiles/ggml-cpu.dir/ggml-cpu/llamafile/sgemm.cpp.o
[ 14%] Building CXX object ggml/src/ggml-sycl/CMakeFiles/ggml-sycl.dir/element_wise.cpp.o
[ 14%] Building CXX object ggml/src/CMakeFiles/ggml-cpu.dir/ggml-cpu/ops.cpp.o
[ 14%] Building C object ggml/src/CMakeFiles/ggml-cpu.dir/ggml-cpu/arch/x86/quants.c.o
[ 15%] Building CXX object ggml/src/CMakeFiles/ggml-cpu.dir/ggml-cpu/arch/x86/repack.cpp.o
[ 15%] Building CXX object ggml/src/ggml-sycl/CMakeFiles/ggml-sycl.dir/mmvq.cpp.o
[ 15%] Building CXX object ggml/src/ggml-sycl/CMakeFiles/ggml-sycl.dir/mmq.cpp.o
[ 15%] Building CXX object ggml/src/ggml-sycl/CMakeFiles/ggml-sycl.dir/im2col.cpp.o
[ 16%] Building CXX object ggml/src/ggml-sycl/CMakeFiles/ggml-sycl.dir/norm.cpp.o
[ 16%] Building CXX object ggml/src/ggml-sycl/CMakeFiles/ggml-sycl.dir/pad.cpp.o
[ 16%] Building CXX object ggml/src/ggml-sycl/CMakeFiles/ggml-sycl.dir/outprod.cpp.o
[ 16%] Building CXX object ggml/src/ggml-sycl/CMakeFiles/ggml-sycl.dir/pad_reflect_1d.cpp.o
[ 16%] Building CXX object ggml/src/ggml-sycl/CMakeFiles/ggml-sycl.dir/set.cpp.o
[ 17%] Building CXX object ggml/src/ggml-sycl/CMakeFiles/ggml-sycl.dir/repeat_back.cpp.o
[ 17%] Building CXX object ggml/src/ggml-sycl/CMakeFiles/ggml-sycl.dir/roll.cpp.o
[ 17%] Building CXX object ggml/src/ggml-sycl/CMakeFiles/ggml-sycl.dir/rope.cpp.o
[ 17%] Building CXX object ggml/src/ggml-sycl/CMakeFiles/ggml-sycl.dir/set_rows.cpp.o
[ 17%] Building CXX object ggml/src/ggml-sycl/CMakeFiles/ggml-sycl.dir/sycl_hw.cpp.o
[ 17%] Building CXX object ggml/src/ggml-sycl/CMakeFiles/ggml-sycl.dir/ssm_conv.cpp.o
[ 18%] Building CXX object ggml/src/ggml-sycl/CMakeFiles/ggml-sycl.dir/softmax.cpp.o
[ 18%] Building CXX object ggml/src/ggml-sycl/CMakeFiles/ggml-sycl.dir/tsembd.cpp.o
[ 19%] Building CXX object ggml/src/ggml-sycl/CMakeFiles/ggml-sycl.dir/wkv.cpp.o
[ 19%] Linking CXX shared library ../../bin/libggml-cpu.so
[ 19%] Built target ggml-cpu
[ 19%] Linking CXX static library libcpp-httplib.a
[ 19%] Built target cpp-httplib
[ 19%] Linking CXX shared library ../../../bin/libggml-sycl.so
[ 19%] Built target ggml-sycl
[ 19%] Building CXX object ggml/src/CMakeFiles/ggml.dir/ggml-backend-dl.cpp.o
[ 19%] Building CXX object ggml/src/CMakeFiles/ggml.dir/ggml-backend-reg.cpp.o
[ 19%] Linking CXX shared library ../../bin/libggml.so
[ 19%] Built target ggml
[ 20%] Building CXX object examples/gguf-hash/CMakeFiles/llama-gguf-hash.dir/gguf-hash.cpp.o
[ 20%] Building CXX object examples/gguf/CMakeFiles/llama-gguf.dir/gguf.cpp.o
[ 21%] Building CXX object src/CMakeFiles/llama.dir/llama-batch.cpp.o
[ 21%] Building CXX object src/CMakeFiles/llama.dir/llama-chat.cpp.o
[ 21%] Building CXX object src/CMakeFiles/llama.dir/llama.cpp.o
[ 21%] Building CXX object src/CMakeFiles/llama.dir/llama-graph.cpp.o
[ 21%] Building CXX object src/CMakeFiles/llama.dir/llama-hparams.cpp.o
[ 21%] Building CXX object src/CMakeFiles/llama.dir/llama-arch.cpp.o
[ 22%] Building CXX object src/CMakeFiles/llama.dir/llama-grammar.cpp.o
[ 22%] Building CXX object src/CMakeFiles/llama.dir/llama-context.cpp.o
[ 22%] Building CXX object src/CMakeFiles/llama.dir/llama-io.cpp.o
[ 22%] Building CXX object src/CMakeFiles/llama.dir/llama-adapter.cpp.o
[ 22%] Building CXX object src/CMakeFiles/llama.dir/llama-cparams.cpp.o
[ 23%] Building CXX object src/CMakeFiles/llama.dir/llama-kv-cache.cpp.o
[ 23%] Building CXX object src/CMakeFiles/llama.dir/llama-kv-cache-iswa.cpp.o
[ 23%] Building CXX object src/CMakeFiles/llama.dir/llama-memory-hybrid.cpp.o
[ 24%] Building CXX object src/CMakeFiles/llama.dir/llama-memory-hybrid-iswa.cpp.o
[ 24%] Building CXX object src/CMakeFiles/llama.dir/llama-impl.cpp.o
[ 24%] Building CXX object src/CMakeFiles/llama.dir/llama-memory.cpp.o
[ 24%] Building CXX object src/CMakeFiles/llama.dir/llama-memory-recurrent.cpp.o
[ 24%] Building CXX object src/CMakeFiles/llama.dir/llama-mmap.cpp.o
[ 24%] Building CXX object src/CMakeFiles/llama.dir/llama-quant.cpp.o
[ 24%] Building CXX object src/CMakeFiles/llama.dir/llama-model-loader.cpp.o
[ 24%] Building CXX object src/CMakeFiles/llama.dir/llama-model-saver.cpp.o
[ 25%] Building CXX object src/CMakeFiles/llama.dir/llama-model.cpp.o
[ 25%] Building CXX object src/CMakeFiles/llama.dir/llama-sampling.cpp.o
[ 25%] Building CXX object src/CMakeFiles/llama.dir/llama-vocab.cpp.o
[ 25%] Building CXX object src/CMakeFiles/llama.dir/unicode-data.cpp.o
[ 26%] Building CXX object src/CMakeFiles/llama.dir/unicode.cpp.o
[ 26%] Building CXX object src/CMakeFiles/llama.dir/models/afmoe.cpp.o
[ 26%] Building CXX object src/CMakeFiles/llama.dir/models/apertus.cpp.o
[ 26%] Building CXX object src/CMakeFiles/llama.dir/models/arcee.cpp.o
[ 26%] Building CXX object src/CMakeFiles/llama.dir/models/arwkv7.cpp.o
[ 27%] Building CXX object src/CMakeFiles/llama.dir/models/arctic.cpp.o
[ 27%] Building CXX object src/CMakeFiles/llama.dir/models/baichuan.cpp.o
[ 27%] Building CXX object src/CMakeFiles/llama.dir/models/bailingmoe.cpp.o
[ 28%] Building CXX object src/CMakeFiles/llama.dir/models/bert.cpp.o
[ 27%] Building CXX object src/CMakeFiles/llama.dir/models/bailingmoe2.cpp.o
[ 28%] Building CXX object src/CMakeFiles/llama.dir/models/bitnet.cpp.o
[ 28%] Building CXX object src/CMakeFiles/llama.dir/models/bloom.cpp.o
[ 28%] Building CXX object src/CMakeFiles/llama.dir/models/chameleon.cpp.o
[ 29%] Building CXX object src/CMakeFiles/llama.dir/models/chatglm.cpp.o
[ 29%] Building CXX object src/CMakeFiles/llama.dir/models/cogvlm.cpp.o
[ 29%] Building CXX object src/CMakeFiles/llama.dir/models/codeshell.cpp.o
[ 29%] Building CXX object src/CMakeFiles/llama.dir/models/command-r.cpp.o
[ 29%] Building CXX object src/CMakeFiles/llama.dir/models/cohere2-iswa.cpp.o
[ 30%] Building CXX object src/CMakeFiles/llama.dir/models/dbrx.cpp.o
[ 30%] Building CXX object src/CMakeFiles/llama.dir/models/deci.cpp.o
[ 30%] Building CXX object src/CMakeFiles/llama.dir/models/deepseek.cpp.o
[ 30%] Building CXX object src/CMakeFiles/llama.dir/models/deepseek2.cpp.o
[ 31%] Building CXX object src/CMakeFiles/llama.dir/models/dots1.cpp.o
[ 31%] Building CXX object src/CMakeFiles/llama.dir/models/dream.cpp.o
[ 31%] Building CXX object src/CMakeFiles/llama.dir/models/ernie4-5-moe.cpp.o
[ 31%] Building CXX object src/CMakeFiles/llama.dir/models/ernie4-5.cpp.o
[ 31%] Building CXX object src/CMakeFiles/llama.dir/models/exaone.cpp.o
[ 32%] Building CXX object src/CMakeFiles/llama.dir/models/exaone4.cpp.o
[ 32%] Building CXX object src/CMakeFiles/llama.dir/models/falcon-h1.cpp.o
[ 32%] Building CXX object src/CMakeFiles/llama.dir/models/exaone-moe.cpp.o
[ 32%] Building CXX object src/CMakeFiles/llama.dir/models/falcon.cpp.o
[ 33%] Building CXX object src/CMakeFiles/llama.dir/models/gemma3.cpp.o
[ 33%] Building CXX object src/CMakeFiles/llama.dir/models/gemma.cpp.o
[ 33%] Building CXX object src/CMakeFiles/llama.dir/models/gemma2-iswa.cpp.o
[ 34%] Building CXX object src/CMakeFiles/llama.dir/models/glm4-moe.cpp.o
[ 34%] Building CXX object src/CMakeFiles/llama.dir/models/gpt2.cpp.o
[ 33%] Building CXX object src/CMakeFiles/llama.dir/models/gemma-embedding.cpp.o
[ 34%] Building CXX object src/CMakeFiles/llama.dir/models/gemma3n-iswa.cpp.o
[ 35%] Building CXX object src/CMakeFiles/llama.dir/models/granite-hybrid.cpp.o
[ 34%] Building CXX object src/CMakeFiles/llama.dir/models/glm4.cpp.o
[ 35%] Building CXX object src/CMakeFiles/llama.dir/models/gptneox.cpp.o
[ 35%] Building CXX object src/CMakeFiles/llama.dir/models/granite.cpp.o
[ 35%] Building CXX object src/CMakeFiles/llama.dir/models/grok.cpp.o
[ 35%] Building CXX object src/CMakeFiles/llama.dir/models/grovemoe.cpp.o
[ 35%] Building CXX object src/CMakeFiles/llama.dir/models/hunyuan-dense.cpp.o
[ 36%] Building CXX object src/CMakeFiles/llama.dir/models/hunyuan-moe.cpp.o
[ 36%] Building CXX object src/CMakeFiles/llama.dir/models/jais.cpp.o
[ 36%] Building CXX object src/CMakeFiles/llama.dir/models/internlm2.cpp.o
[ 37%] Building CXX object src/CMakeFiles/llama.dir/models/lfm2.cpp.o
[ 37%] Building CXX object src/CMakeFiles/llama.dir/models/jamba.cpp.o
[ 37%] Building CXX object src/CMakeFiles/llama.dir/models/llada-moe.cpp.o
[ 37%] Building CXX object src/CMakeFiles/llama.dir/models/llada.cpp.o
[ 37%] Building CXX object src/CMakeFiles/llama.dir/models/llama.cpp.o
[ 37%] Building CXX object src/CMakeFiles/llama.dir/models/llama-iswa.cpp.o
[ 37%] Building CXX object src/CMakeFiles/llama.dir/models/mamba.cpp.o
[ 38%] Building CXX object src/CMakeFiles/llama.dir/models/maincoder.cpp.o
[ 38%] Building CXX object src/CMakeFiles/llama.dir/models/minimax-m2.cpp.o
[ 38%] Building CXX object src/CMakeFiles/llama.dir/models/mimo2-iswa.cpp.o
[ 38%] Building CXX object src/CMakeFiles/llama.dir/models/minicpm3.cpp.o
[ 39%] Building CXX object src/CMakeFiles/llama.dir/models/modern-bert.cpp.o
[ 39%] Building CXX object src/CMakeFiles/llama.dir/models/nemotron-h.cpp.o
[ 39%] Building CXX object src/CMakeFiles/llama.dir/models/mpt.cpp.o
[ 40%] Building CXX object src/CMakeFiles/llama.dir/models/nemotron.cpp.o
[ 40%] Building CXX object src/CMakeFiles/llama.dir/models/neo-bert.cpp.o
[ 40%] Building CXX object src/CMakeFiles/llama.dir/models/olmo2.cpp.o
[ 40%] Building CXX object src/CMakeFiles/llama.dir/models/olmo.cpp.o
[ 40%] Building CXX object src/CMakeFiles/llama.dir/models/olmoe.cpp.o
[ 40%] Building CXX object src/CMakeFiles/llama.dir/models/openai-moe-iswa.cpp.o
[ 41%] Building CXX object src/CMakeFiles/llama.dir/models/openelm.cpp.o
[ 41%] Building CXX object src/CMakeFiles/llama.dir/models/orion.cpp.o
[ 42%] Building CXX object src/CMakeFiles/llama.dir/models/phi3.cpp.o
[ 42%] Building CXX object src/CMakeFiles/llama.dir/models/pangu-embedded.cpp.o
[ 42%] Building CXX object src/CMakeFiles/llama.dir/models/phi2.cpp.o
[ 42%] Building CXX object src/CMakeFiles/llama.dir/models/plamo2.cpp.o
[ 42%] Building CXX object src/CMakeFiles/llama.dir/models/plamo.cpp.o
[ 42%] Building CXX object src/CMakeFiles/llama.dir/models/plamo3.cpp.o
[ 42%] Building CXX object src/CMakeFiles/llama.dir/models/plm.cpp.o
[ 43%] Building CXX object src/CMakeFiles/llama.dir/models/qwen.cpp.o
[ 43%] Building CXX object src/CMakeFiles/llama.dir/models/qwen2.cpp.o
[ 43%] Building CXX object src/CMakeFiles/llama.dir/models/qwen2moe.cpp.o
[ 43%] Building CXX object src/CMakeFiles/llama.dir/models/qwen2vl.cpp.o
[ 44%] Building CXX object src/CMakeFiles/llama.dir/models/qwen3vl.cpp.o
[ 44%] Building CXX object src/CMakeFiles/llama.dir/models/qwen3.cpp.o
[ 44%] Building CXX object src/CMakeFiles/llama.dir/models/qwen3vl-moe.cpp.o
[ 44%] Building CXX object src/CMakeFiles/llama.dir/models/qwen3next.cpp.o
[ 45%] Building CXX object src/CMakeFiles/llama.dir/models/refact.cpp.o
[ 44%] Building CXX object src/CMakeFiles/llama.dir/models/qwen3moe.cpp.o
[ 45%] Building CXX object src/CMakeFiles/llama.dir/models/rnd1.cpp.o
[ 45%] Building CXX object src/CMakeFiles/llama.dir/models/rwkv6-base.cpp.o
[ 45%] Building CXX object src/CMakeFiles/llama.dir/models/rwkv6.cpp.o
[ 46%] Building CXX object src/CMakeFiles/llama.dir/models/rwkv6qwen2.cpp.o
[ 46%] Building CXX object src/CMakeFiles/llama.dir/models/rwkv7-base.cpp.o
[ 46%] Building CXX object src/CMakeFiles/llama.dir/models/seed-oss.cpp.o
[ 46%] Building CXX object src/CMakeFiles/llama.dir/models/rwkv7.cpp.o
[ 46%] Building CXX object src/CMakeFiles/llama.dir/models/smallthinker.cpp.o
[ 46%] Building CXX object src/CMakeFiles/llama.dir/models/starcoder.cpp.o
[ 47%] Building CXX object src/CMakeFiles/llama.dir/models/smollm3.cpp.o
[ 47%] Building CXX object src/CMakeFiles/llama.dir/models/stablelm.cpp.o
[ 48%] Building CXX object src/CMakeFiles/llama.dir/models/t5-dec.cpp.o
[ 47%] Building CXX object src/CMakeFiles/llama.dir/models/starcoder2.cpp.o
[ 48%] Building CXX object src/CMakeFiles/llama.dir/models/t5-enc.cpp.o
[ 48%] Building CXX object src/CMakeFiles/llama.dir/models/wavtokenizer-dec.cpp.o
[ 48%] Building CXX object src/CMakeFiles/llama.dir/models/xverse.cpp.o
[ 48%] Building CXX object src/CMakeFiles/llama.dir/models/mistral3.cpp.o
[ 49%] Building CXX object src/CMakeFiles/llama.dir/models/graph-context-mamba.cpp.o
[ 49%] Linking CXX executable ../../bin/llama-gguf
[ 49%] Linking CXX executable ../../bin/llama-gguf-hash
[ 49%] Built target llama-gguf-hash
[ 49%] Built target llama-gguf
[ 49%] Linking CXX shared library ../bin/libllama.so
[ 49%] Built target llama
[ 49%] Building CXX object common/CMakeFiles/common.dir/arg.cpp.o
[ 49%] Building CXX object common/CMakeFiles/common.dir/chat-parser-xml-toolcall.cpp.o
[ 49%] Building CXX object common/CMakeFiles/common.dir/console.cpp.o
[ 49%] Building CXX object common/CMakeFiles/common.dir/common.cpp.o
[ 49%] Building C object tests/CMakeFiles/test-c.dir/test-c.c.o
[ 50%] Building CXX object examples/simple-chat/CMakeFiles/llama-simple-chat.dir/simple-chat.cpp.o
[ 50%] Building CXX object common/CMakeFiles/common.dir/chat.cpp.o
[ 50%] Building CXX object examples/simple/CMakeFiles/llama-simple.dir/simple.cpp.o
[ 51%] Building CXX object common/CMakeFiles/common.dir/chat-peg-parser.cpp.o
[ 49%] Building CXX object common/CMakeFiles/common.dir/debug.cpp.o
[ 51%] Building CXX object common/CMakeFiles/common.dir/chat-parser.cpp.o
[ 51%] Building CXX object common/CMakeFiles/common.dir/json-partial.cpp.o
[ 51%] Building CXX object common/CMakeFiles/common.dir/json-schema-to-grammar.cpp.o
[ 51%] Building CXX object common/CMakeFiles/common.dir/llguidance.cpp.o
[ 52%] Building CXX object tools/mtmd/CMakeFiles/mtmd.dir/mtmd-helper.cpp.o
[ 53%] Building CXX object tools/mtmd/CMakeFiles/mtmd.dir/mtmd.cpp.o
[ 53%] Building CXX object common/CMakeFiles/common.dir/download.cpp.o
[ 51%] Building CXX object tools/mtmd/CMakeFiles/mtmd.dir/mtmd-audio.cpp.o
[ 54%] Building CXX object tools/mtmd/CMakeFiles/mtmd.dir/models/conformer.cpp.o
[ 54%] Building CXX object tools/mtmd/CMakeFiles/mtmd.dir/models/glm4v.cpp.o
[ 54%] Building CXX object common/CMakeFiles/common.dir/ngram-mod.cpp.o
[ 54%] Building CXX object common/CMakeFiles/common.dir/ngram-cache.cpp.o
[ 53%] Building CXX object common/CMakeFiles/common.dir/ngram-map.cpp.o
[ 55%] Building CXX object common/CMakeFiles/common.dir/log.cpp.o
[ 55%] Building CXX object common/CMakeFiles/common.dir/peg-parser.cpp.o
[ 55%] Building CXX object tools/mtmd/CMakeFiles/mtmd.dir/models/cogvlm.cpp.o
[ 55%] Building CXX object tools/mtmd/CMakeFiles/mtmd.dir/models/llama4.cpp.o
[ 55%] Building CXX object tools/mtmd/CMakeFiles/mtmd.dir/models/kimivl.cpp.o
[ 55%] Building CXX object tools/mtmd/CMakeFiles/mtmd.dir/models/pixtral.cpp.o
[ 55%] Building CXX object tools/mtmd/CMakeFiles/mtmd.dir/clip.cpp.o
[ 56%] Building CXX object tools/mtmd/CMakeFiles/mtmd.dir/models/minicpmv.cpp.o
[ 56%] Building CXX object tools/mtmd/CMakeFiles/mtmd.dir/models/qwen2vl.cpp.o
[ 56%] Building CXX object tools/mtmd/CMakeFiles/mtmd.dir/models/internvl.cpp.o
[ 56%] Building CXX object tools/mtmd/CMakeFiles/mtmd.dir/models/llava.cpp.o
[ 57%] Building CXX object common/CMakeFiles/common.dir/preset.cpp.o
[ 58%] Building CXX object common/CMakeFiles/common.dir/unicode.cpp.o
[ 58%] Building CXX object common/CMakeFiles/common.dir/regex-partial.cpp.o
[ 58%] Building CXX object common/CMakeFiles/common.dir/speculative.cpp.o
[ 58%] Building CXX object common/CMakeFiles/common.dir/jinja/lexer.cpp.o
[ 58%] Building CXX object common/CMakeFiles/common.dir/sampling.cpp.o
[ 58%] Building CXX object common/CMakeFiles/common.dir/jinja/parser.cpp.o
[ 59%] Building CXX object common/CMakeFiles/common.dir/jinja/string.cpp.o
[ 59%] Building CXX object common/CMakeFiles/common.dir/jinja/value.cpp.o
[ 59%] Building CXX object tools/mtmd/CMakeFiles/mtmd.dir/models/qwen3vl.cpp.o
[ 59%] Building CXX object common/CMakeFiles/common.dir/jinja/runtime.cpp.o
[ 60%] Building CXX object tools/mtmd/CMakeFiles/mtmd.dir/models/siglip.cpp.o
[ 60%] Building CXX object tools/mtmd/CMakeFiles/mtmd.dir/models/whisper-enc.cpp.o
[ 60%] Building CXX object tools/mtmd/CMakeFiles/mtmd.dir/models/youtuvl.cpp.o
[ 60%] Building CXX object tools/mtmd/CMakeFiles/mtmd.dir/models/mobilenetv5.cpp.o
[ 60%] Building CXX object common/CMakeFiles/common.dir/jinja/caps.cpp.o
[ 60%] Linking C executable ../bin/test-c
[ 60%] Building CXX object common/CMakeFiles/common.dir/__/license.cpp.o
[ 60%] Built target test-c
[ 60%] Linking CXX executable ../../bin/llama-simple-chat
[ 60%] Linking CXX executable ../../bin/llama-simple
[ 60%] Built target llama-simple-chat
[ 60%] Built target llama-simple
[ 60%] Linking CXX shared library ../../bin/libmtmd.so
[ 60%] Built target mtmd
[ 60%] Linking CXX static library libcommon.a
[ 60%] Built target common
[ 60%] Building CXX object tests/CMakeFiles/test-grammar-parser.dir/get-model.cpp.o
[ 60%] Building CXX object tests/CMakeFiles/test-chat.dir/get-model.cpp.o
[ 60%] Building CXX object tests/CMakeFiles/test-json-schema-to-grammar.dir/test-json-schema-to-grammar.cpp.o
[ 60%] Building CXX object tests/CMakeFiles/test-json-schema-to-grammar.dir/get-model.cpp.o
[ 60%] Building CXX object tests/CMakeFiles/test-sampling.dir/get-model.cpp.o
[ 60%] Building CXX object tests/CMakeFiles/test-tokenizer-0.dir/test-tokenizer-0.cpp.o
[ 60%] Building CXX object tests/CMakeFiles/test-quantize-stats.dir/test-quantize-stats.cpp.o
[ 60%] Building CXX object tests/CMakeFiles/test-grammar-parser.dir/test-grammar-parser.cpp.o
[ 60%] Building CXX object tests/CMakeFiles/test-grammar-integration.dir/get-model.cpp.o
[ 61%] Building CXX object tests/CMakeFiles/test-chat.dir/test-chat.cpp.o
[ 61%] Building CXX object tests/CMakeFiles/test-llama-grammar.dir/get-model.cpp.o
[ 61%] Building CXX object tests/CMakeFiles/test-llama-grammar.dir/test-llama-grammar.cpp.o
[ 61%] Building CXX object tests/CMakeFiles/test-gbnf-validator.dir/test-gbnf-validator.cpp.o
[ 61%] Building CXX object tests/CMakeFiles/test-sampling.dir/test-sampling.cpp.o
[ 62%] Building CXX object tests/CMakeFiles/test-grammar-integration.dir/test-grammar-integration.cpp.o
[ 63%] Building CXX object tests/CMakeFiles/test-tokenizer-1-bpe.dir/test-tokenizer-1-bpe.cpp.o
[ 63%] Building CXX object tests/CMakeFiles/test-peg-parser.dir/test-peg-parser.cpp.o
[ 63%] Building CXX object tests/CMakeFiles/test-jinja.dir/test-jinja.cpp.o
[ 63%] Building CXX object tests/CMakeFiles/test-chat-parser.dir/test-chat-parser.cpp.o
[ 63%] Building CXX object tests/CMakeFiles/test-chat-peg-parser.dir/test-chat-peg-parser.cpp.o
[ 63%] Building CXX object tests/CMakeFiles/test-chat-parser.dir/get-model.cpp.o
[ 64%] Building CXX object tests/CMakeFiles/test-peg-parser.dir/peg-parser/test-basic.cpp.o
[ 64%] Building CXX object tests/CMakeFiles/test-peg-parser.dir/peg-parser/simple-tokenize.cpp.o
[ 64%] Building CXX object tests/CMakeFiles/test-tokenizer-1-spm.dir/test-tokenizer-1-spm.cpp.o
[ 65%] Building CXX object tests/CMakeFiles/test-json-partial.dir/test-json-partial.cpp.o
[ 65%] Building CXX object tests/CMakeFiles/test-chat-peg-parser.dir/peg-parser/simple-tokenize.cpp.o
[ 65%] Building CXX object tests/CMakeFiles/test-chat-template.dir/get-model.cpp.o
[ 64%] Building CXX object tests/CMakeFiles/test-log.dir/test-log.cpp.o
[ 65%] Building CXX object tests/CMakeFiles/test-chat-template.dir/test-chat-template.cpp.o
[ 65%] Building CXX object tests/CMakeFiles/test-chat-peg-parser.dir/get-model.cpp.o
[ 65%] Building CXX object tests/CMakeFiles/test-peg-parser.dir/peg-parser/test-gbnf-generation.cpp.o
[ 65%] Building CXX object tests/CMakeFiles/test-peg-parser.dir/peg-parser/test-json-serialization.cpp.o
[ 65%] Building CXX object tests/CMakeFiles/test-peg-parser.dir/peg-parser/test-unicode.cpp.o
[ 65%] Building CXX object tests/CMakeFiles/test-jinja.dir/get-model.cpp.o
[ 65%] Building CXX object tests/CMakeFiles/test-peg-parser.dir/peg-parser/test-json-parser.cpp.o
[ 65%] Building CXX object tests/CMakeFiles/test-json-partial.dir/get-model.cpp.o
[ 66%] Building CXX object tests/CMakeFiles/test-peg-parser.dir/get-model.cpp.o
[ 67%] Building CXX object tests/CMakeFiles/test-log.dir/get-model.cpp.o
[ 67%] Building CXX object tests/CMakeFiles/test-arg-parser.dir/get-model.cpp.o
[ 68%] Building CXX object tests/CMakeFiles/test-opt.dir/get-model.cpp.o
[ 67%] Building CXX object tests/CMakeFiles/test-opt.dir/test-opt.cpp.o
[ 69%] Building CXX object tests/CMakeFiles/test-thread-safety.dir/test-thread-safety.cpp.o
[ 67%] Building CXX object tests/CMakeFiles/test-regex-partial.dir/get-model.cpp.o
[ 69%] Building CXX object tests/CMakeFiles/test-regex-partial.dir/test-regex-partial.cpp.o
[ 69%] Building CXX object tests/CMakeFiles/test-arg-parser.dir/test-arg-parser.cpp.o
[ 69%] Building CXX object tests/CMakeFiles/test-gguf.dir/test-gguf.cpp.o
[ 69%] Building CXX object tests/CMakeFiles/test-thread-safety.dir/get-model.cpp.o
[ 69%] Building CXX object tests/CMakeFiles/test-model-load-cancel.dir/get-model.cpp.o
[ 69%] Building CXX object tests/CMakeFiles/test-model-load-cancel.dir/test-model-load-cancel.cpp.o
[ 69%] Building CXX object tests/CMakeFiles/test-backend-sampler.dir/get-model.cpp.o
[ 69%] Building CXX object tests/CMakeFiles/test-backend-sampler.dir/test-backend-sampler.cpp.o
[ 69%] Building CXX object tests/CMakeFiles/test-state-restore-fragmented.dir/test-state-restore-fragmented.cpp.o
[ 69%] Building CXX object examples/debug/CMakeFiles/llama-debug.dir/debug.cpp.o
[ 69%] Building CXX object tests/CMakeFiles/test-backend-ops.dir/test-backend-ops.cpp.o
[ 69%] Building CXX object tests/CMakeFiles/test-barrier.dir/test-barrier.cpp.o
[ 70%] Building CXX object examples/lookup/CMakeFiles/llama-lookup-create.dir/lookup-create.cpp.o
[ 70%] Building CXX object examples/lookup/CMakeFiles/llama-lookup.dir/lookup.cpp.o
[ 70%] Building CXX object tests/CMakeFiles/test-state-restore-fragmented.dir/get-model.cpp.o
[ 71%] Building CXX object tests/CMakeFiles/test-barrier.dir/get-model.cpp.o
[ 72%] Building CXX object tests/CMakeFiles/test-autorelease.dir/get-model.cpp.o
[ 72%] Building CXX object examples/embedding/CMakeFiles/llama-embedding.dir/embedding.cpp.o
[ 72%] Building CXX object examples/eval-callback/CMakeFiles/llama-eval-callback.dir/eval-callback.cpp.o
[ 72%] Building CXX object tests/CMakeFiles/test-backend-ops.dir/get-model.cpp.o
[ 72%] Building CXX object tests/CMakeFiles/test-autorelease.dir/test-autorelease.cpp.o
[ 72%] Building CXX object examples/idle/CMakeFiles/llama-idle.dir/idle.cpp.o
[ 72%] Building CXX object examples/lookup/CMakeFiles/llama-lookup-merge.dir/lookup-merge.cpp.o
[ 72%] Building CXX object tests/CMakeFiles/test-quantize-fns.dir/test-quantize-fns.cpp.o
[ 72%] Building CXX object tests/CMakeFiles/test-alloc.dir/test-alloc.cpp.o
[ 72%] Building CXX object tests/CMakeFiles/test-quantize-fns.dir/get-model.cpp.o
[ 72%] Building CXX object tests/CMakeFiles/test-gguf.dir/get-model.cpp.o
[ 72%] Building CXX object tests/CMakeFiles/test-alloc.dir/get-model.cpp.o
[ 72%] Building CXX object examples/parallel/CMakeFiles/llama-parallel.dir/parallel.cpp.o
[ 72%] Building CXX object tests/CMakeFiles/test-rope.dir/get-model.cpp.o
[ 73%] Building CXX object tests/CMakeFiles/test-rope.dir/test-rope.cpp.o
[ 73%] Building CXX object examples/lookahead/CMakeFiles/llama-lookahead.dir/lookahead.cpp.o
[ 74%] Building CXX object examples/lookup/CMakeFiles/llama-lookup-stats.dir/lookup-stats.cpp.o
[ 73%] Building CXX object tests/CMakeFiles/test-quantize-perf.dir/get-model.cpp.o
[ 74%] Building CXX object tests/CMakeFiles/test-quantize-perf.dir/test-quantize-perf.cpp.o
[ 75%] Building CXX object examples/passkey/CMakeFiles/llama-passkey.dir/passkey.cpp.o
[ 75%] Building CXX object examples/batched/CMakeFiles/llama-batched.dir/batched.cpp.o
[ 75%] Building CXX object examples/retrieval/CMakeFiles/llama-retrieval.dir/retrieval.cpp.o
[ 75%] Building CXX object examples/speculative/CMakeFiles/llama-speculative.dir/speculative.cpp.o
[ 75%] Building C object tests/CMakeFiles/test-mtmd-c-api.dir/test-mtmd-c-api.c.o
[ 75%] Building CXX object examples/save-load-state/CMakeFiles/llama-save-load-state.dir/save-load-state.cpp.o
[ 76%] Building CXX object examples/gen-docs/CMakeFiles/llama-gen-docs.dir/gen-docs.cpp.o
[ 76%] Building CXX object examples/speculative-simple/CMakeFiles/llama-speculative-simple.dir/speculative-simple.cpp.o
[ 76%] Building CXX object tests/CMakeFiles/test-mtmd-c-api.dir/get-model.cpp.o
[ 76%] Building CXX object examples/training/CMakeFiles/llama-finetune.dir/finetune.cpp.o
[ 76%] Building CXX object examples/convert-llama2c-to-ggml/CMakeFiles/llama-convert-llama2c-to-ggml.dir/convert-llama2c-to-ggml.cpp.o
[ 76%] Building CXX object examples/sycl/CMakeFiles/llama-ls-sycl-device.dir/ls-sycl-device.cpp.o
[ 77%] Building CXX object examples/diffusion/CMakeFiles/llama-diffusion-cli.dir/diffusion-cli.cpp.o
[ 77%] Building CXX object pocs/vdot/CMakeFiles/llama-vdot.dir/vdot.cpp.o
[ 78%] Building CXX object pocs/vdot/CMakeFiles/llama-q8dot.dir/q8dot.cpp.o
[ 79%] Building CXX object tools/batched-bench/CMakeFiles/llama-batched-bench.dir/batched-bench.cpp.o
[ 79%] Building CXX object tools/gguf-split/CMakeFiles/llama-gguf-split.dir/gguf-split.cpp.o
[ 79%] Building CXX object tools/perplexity/CMakeFiles/llama-perplexity.dir/perplexity.cpp.o
[ 79%] Building CXX object tools/llama-bench/CMakeFiles/llama-bench.dir/llama-bench.cpp.o
[ 79%] Building CXX object tools/completion/CMakeFiles/llama-completion.dir/completion.cpp.o
[ 79%] Building CXX object tools/imatrix/CMakeFiles/llama-imatrix.dir/imatrix.cpp.o
[ 79%] Building CXX object tools/quantize/CMakeFiles/llama-quantize.dir/quantize.cpp.o
[ 80%] Building CXX object tools/server/CMakeFiles/server-context.dir/server-task.cpp.o
[ 81%] Linking CXX executable ../bin/test-model-load-cancel
[ 81%] Building CXX object tools/tts/CMakeFiles/llama-tts.dir/tts.cpp.o
[ 81%] Building CXX object tools/server/CMakeFiles/server-context.dir/server-queue.cpp.o
[ 81%] Building CXX object tools/tokenize/CMakeFiles/llama-tokenize.dir/tokenize.cpp.o
[ 81%] Building CXX object tools/server/CMakeFiles/server-context.dir/server-common.cpp.o
[ 82%] Building CXX object tools/cvector-generator/CMakeFiles/llama-cvector-generator.dir/cvector-generator.cpp.o
[ 81%] Building CXX object tools/server/CMakeFiles/server-context.dir/server-context.cpp.o
[ 82%] Building CXX object tools/mtmd/CMakeFiles/llama-mtmd-cli.dir/mtmd-cli.cpp.o
[ 82%] Building CXX object tools/fit-params/CMakeFiles/llama-fit-params.dir/fit-params.cpp.o
[ 82%] Building CXX object tools/export-lora/CMakeFiles/llama-export-lora.dir/export-lora.cpp.o
[ 82%] Linking CXX executable ../bin/test-log
[ 82%] Linking CXX executable ../bin/test-mtmd-c-api
[ 82%] Linking CXX executable ../../bin/llama-ls-sycl-device
[ 82%] Linking CXX executable ../bin/test-autorelease
[ 82%] Linking CXX executable ../bin/test-tokenizer-1-bpe
[ 82%] Built target test-model-load-cancel
[ 83%] Linking CXX executable ../bin/test-gbnf-validator
[ 83%] Linking CXX executable ../bin/test-rope
[ 83%] Linking CXX executable ../bin/test-barrier
[ 83%] Built target test-log
[ 84%] Linking CXX executable ../bin/test-quantize-fns
[ 84%] Built target llama-ls-sycl-device
[ 84%] Built target test-mtmd-c-api
[ 84%] Built target test-autorelease
[ 84%] Built target test-barrier
[ 84%] Built target test-tokenizer-1-bpe
[ 84%] Linking CXX executable ../bin/test-tokenizer-1-spm
[ 84%] Linking CXX executable ../bin/test-arg-parser
[ 84%] Built target test-gbnf-validator
[ 84%] Built target test-tokenizer-1-spm
[ 84%] Linking CXX executable ../../bin/llama-q8dot
[ 84%] Linking CXX executable ../../bin/llama-export-lora
[ 84%] Linking CXX executable ../../bin/llama-quantize
[ 84%] Linking CXX executable ../../bin/llama-lookup-merge
[ 84%] Built target test-rope
[ 84%] Built target test-quantize-fns
[ 84%] Linking CXX executable ../../bin/llama-tokenize
[ 84%] Built target llama-q8dot
[ 84%] Built target llama-export-lora
[ 84%] Linking CXX executable ../../bin/llama-gguf-split
[ 84%] Built target llama-quantize
[ 84%] Built target llama-tokenize
[ 84%] Linking CXX executable ../../bin/llama-lookup
[ 84%] Built target llama-lookup-merge
[ 84%] Linking CXX executable ../../bin/llama-vdot
[ 84%] Linking CXX executable ../../bin/llama-fit-params
[ 84%] Linking CXX executable ../bin/test-state-restore-fragmented
[ 84%] Built target test-arg-parser
[ 85%] Linking CXX executable ../bin/test-sampling
[ 85%] Linking CXX executable ../../bin/llama-lookup-create
[ 85%] Built target llama-gguf-split
[ 86%] Linking CXX executable ../bin/test-grammar-parser
[ 87%] Linking CXX executable ../bin/test-alloc
[ 87%] Built target llama-vdot
[ 88%] Linking CXX executable ../../bin/llama-idle
[ 89%] Linking CXX executable ../../bin/llama-save-load-state
[ 90%] Linking CXX executable ../../bin/llama-finetune
[ 90%] Linking CXX executable ../bin/test-opt
[ 90%] Linking CXX executable ../../bin/llama-convert-llama2c-to-ggml
[ 90%] Linking CXX executable ../bin/test-tokenizer-0
[ 90%] Linking CXX executable ../../bin/llama-passkey
[ 90%] Linking CXX executable ../../bin/llama-batched-bench
[ 90%] Built target test-sampling
[ 90%] Linking CXX executable ../bin/test-backend-sampler
[ 90%] Built target llama-lookup
[ 90%] Built target llama-fit-params
[ 90%] Built target llama-save-load-state
[ 90%] Linking CXX executable ../../bin/llama-batched
[ 90%] Linking CXX executable ../../bin/llama-lookahead
[ 90%] Linking CXX executable ../../bin/llama-lookup-stats
[ 90%] Linking CXX executable ../../bin/llama-embedding
[ 90%] Linking CXX executable ../bin/test-llama-grammar
[ 90%] Built target test-state-restore-fragmented
[ 90%] Built target test-alloc
[ 90%] Linking CXX executable ../bin/test-thread-safety
[ 90%] Linking CXX executable ../../bin/llama-gen-docs
[ 90%] Built target test-tokenizer-0
[ 91%] Linking CXX executable ../../bin/llama-eval-callback
[ 91%] Built target llama-lookup-create
[ 91%] Built target llama-lookup-stats
[ 91%] Built target test-llama-grammar
[ 91%] Built target test-backend-sampler
[ 91%] Built target test-opt
[ 91%] Built target llama-convert-llama2c-to-ggml
[ 91%] Built target test-grammar-parser
[ 91%] Built target llama-finetune
[ 91%] Linking CXX executable ../../bin/llama-parallel
[ 91%] Built target llama-idle
[ 91%] Built target llama-passkey
[ 91%] Linking CXX executable ../bin/test-quantize-perf
[ 91%] Built target llama-batched-bench
[ 91%] Built target test-thread-safety
[ 91%] Built target llama-lookahead
[ 91%] Built target llama-batched
[ 91%] Built target llama-parallel
[ 91%] Linking CXX executable ../bin/test-regex-partial
[ 91%] Built target llama-eval-callback
[ 91%] Built target llama-embedding
[ 91%] Built target llama-gen-docs
[ 91%] Built target test-regex-partial
[ 91%] Linking CXX executable ../bin/test-gguf
[ 91%] Linking CXX executable ../../bin/llama-retrieval
[ 91%] Built target test-quantize-perf
[ 92%] Linking CXX executable ../../bin/llama-speculative-simple
[ 92%] Linking CXX executable ../../bin/llama-completion
[ 92%] Built target test-gguf
[ 92%] Linking CXX executable ../../bin/llama-cvector-generator
[ 92%] Built target llama-retrieval
[ 92%] Built target llama-speculative-simple
[ 92%] Linking CXX executable ../../bin/llama-mtmd-cli
[ 92%] Built target llama-cvector-generator
[ 92%] Built target llama-completion
[ 92%] Linking CXX executable ../bin/test-json-partial
[ 92%] Linking CXX executable ../../bin/llama-diffusion-cli
[ 92%] Built target llama-mtmd-cli
[ 92%] Linking CXX executable ../../bin/llama-speculative
[ 92%] Built target test-json-partial
[ 92%] Linking CXX executable ../../bin/llama-perplexity
[ 92%] Built target llama-speculative
[ 92%] Built target llama-diffusion-cli
[ 92%] Built target llama-perplexity
[ 93%] Linking CXX executable ../bin/test-quantize-stats
[ 93%] Built target test-quantize-stats
[ 93%] Linking CXX executable ../../bin/llama-debug
[ 93%] Built target llama-debug
[ 94%] Linking CXX executable ../bin/test-chat-parser
[ 94%] Built target test-chat-parser
[ 94%] Linking CXX executable ../bin/test-chat-template
[ 94%] Linking CXX executable ../bin/test-peg-parser
[ 95%] Linking CXX executable ../bin/test-json-schema-to-grammar
[ 95%] Linking CXX executable ../bin/test-grammar-integration
[ 95%] Built target test-chat-template
[ 95%] Built target test-peg-parser
[ 95%] Built target test-json-schema-to-grammar
[ 95%] Built target test-grammar-integration
[ 95%] Linking CXX executable ../../bin/llama-imatrix
[ 95%] Built target llama-imatrix
[ 96%] Linking CXX executable ../../bin/llama-tts
[ 96%] Linking CXX executable ../../bin/llama-bench
[ 96%] Built target llama-bench
[ 96%] Built target llama-tts
[ 97%] Linking CXX executable ../bin/test-chat-peg-parser
[ 97%] Built target test-chat-peg-parser
[ 97%] Linking CXX executable ../bin/test-jinja
[ 97%] Built target test-jinja
[ 97%] Linking CXX static library libserver-context.a
[ 97%] Built target server-context
[ 97%] Generating loading.html.hpp
[ 97%] Generating index.html.gz.hpp
[ 97%] Building CXX object tools/cli/CMakeFiles/llama-cli.dir/cli.cpp.o
[ 98%] Building CXX object tools/server/CMakeFiles/llama-server.dir/server.cpp.o
[ 98%] Building CXX object tools/server/CMakeFiles/llama-server.dir/server-http.cpp.o
[ 98%] Building CXX object tools/server/CMakeFiles/llama-server.dir/server-models.cpp.o
[ 99%] Linking CXX executable ../bin/test-backend-ops
[ 99%] Built target test-backend-ops
[100%] Linking CXX executable ../../bin/llama-cli
[100%] Built target llama-cli
[100%] Linking CXX executable ../../bin/llama-server
[100%] Built target llama-server
[100%] Linking CXX executable ../bin/test-chat
[100%] Built target test-chat

real	2m43.585s
user	28m16.767s
sys	1m7.491s
+ '[' -z ']'
+ tee -a /home/zjy/ws/jenkins-home/workspace/ci-1250/ggerganov-llama.cpp/tmp/ci_log/bf38346d136c6121732c36c60b079bde18d63a0e/tmp/results/ctest_release-ctest.log
+ ctest --output-on-failure -L main
Test project /home/zjy/ws/jenkins-home/workspace/ci-1250/ggerganov-llama.cpp/build-ci-release
      Start  1: test-tokenizer-0-bert-bge
 1/41 Test  #1: test-tokenizer-0-bert-bge .........   Passed    0.11 sec
      Start  2: test-tokenizer-0-command-r
 2/41 Test  #2: test-tokenizer-0-command-r ........   Passed    0.43 sec
      Start  3: test-tokenizer-0-deepseek-coder
 3/41 Test  #3: test-tokenizer-0-deepseek-coder ...   Passed    0.13 sec
      Start  4: test-tokenizer-0-deepseek-llm
 4/41 Test  #4: test-tokenizer-0-deepseek-llm .....   Passed    0.21 sec
      Start  5: test-tokenizer-0-falcon
 5/41 Test  #5: test-tokenizer-0-falcon ...........   Passed    0.15 sec
      Start  6: test-tokenizer-0-gpt-2
 6/41 Test  #6: test-tokenizer-0-gpt-2 ............   Passed    0.14 sec
      Start  7: test-tokenizer-0-llama-bpe
 7/41 Test  #7: test-tokenizer-0-llama-bpe ........   Passed    0.29 sec
      Start  8: test-tokenizer-0-llama-spm
 8/41 Test  #8: test-tokenizer-0-llama-spm ........   Passed    0.11 sec
      Start  9: test-tokenizer-0-mpt
 9/41 Test  #9: test-tokenizer-0-mpt ..............   Passed    0.15 sec
      Start 10: test-tokenizer-0-phi-3
10/41 Test #10: test-tokenizer-0-phi-3 ............   Passed    0.12 sec
      Start 11: test-tokenizer-0-qwen2
11/41 Test #11: test-tokenizer-0-qwen2 ............   Passed    0.26 sec
      Start 12: test-tokenizer-0-refact
12/41 Test #12: test-tokenizer-0-refact ...........   Passed    0.14 sec
      Start 13: test-tokenizer-0-starcoder
13/41 Test #13: test-tokenizer-0-starcoder ........   Passed    0.14 sec
      Start 14: test-tokenizers-ggml-vocabs
14/41 Test #14: test-tokenizers-ggml-vocabs .......***Failed    3.76 sec
Already up to date.
main : reading vocab from: '/home/zjy/ws/jenkins-home/workspace/ci-1250/ggerganov-llama.cpp/models/ggml-vocabs/PLaMo2/ggml-vocab-plamo2.gguf'
get_memory_info: [warning] ext_intel_free_memory is not supported (export/set ZES_ENABLE_SYSMAN=1 to support), use total memory as free memory
get_memory_info: [warning] ext_intel_free_memory is not supported (export/set ZES_ENABLE_SYSMAN=1 to support), use total memory as free memory
llama_model_load_from_file_impl: using device SYCL0 (Intel(R) Iris(R) Xe Graphics) (unknown id) - 29476 MiB free
gguf_init_from_file_impl: invalid magic characters: 'vers', expected 'GGUF'
llama_model_load: error loading model: llama_model_loader: failed to load model from /home/zjy/ws/jenkins-home/workspace/ci-1250/ggerganov-llama.cpp/models/ggml-vocabs/PLaMo2/ggml-vocab-plamo2.gguf
llama_model_load_from_file_impl: failed to load model
main: error: failed to load vocab '/home/zjy/ws/jenkins-home/workspace/ci-1250/ggerganov-llama.cpp/models/ggml-vocabs/PLaMo2/ggml-vocab-plamo2.gguf'
main : reading vocab from: '/home/zjy/ws/jenkins-home/workspace/ci-1250/ggerganov-llama.cpp/models/ggml-vocabs/RWKV/ggml-vocab-rwkv-7-world.gguf'
get_memory_info: [warning] ext_intel_free_memory is not supported (export/set ZES_ENABLE_SYSMAN=1 to support), use total memory as free memory
get_memory_info: [warning] ext_intel_free_memory is not supported (export/set ZES_ENABLE_SYSMAN=1 to support), use total memory as free memory
llama_model_load_from_file_impl: using device SYCL0 (Intel(R) Iris(R) Xe Graphics) (unknown id) - 29476 MiB free
gguf_init_from_file_impl: invalid magic characters: 'vers', expected 'GGUF'
llama_model_load: error loading model: llama_model_loader: failed to load model from /home/zjy/ws/jenkins-home/workspace/ci-1250/ggerganov-llama.cpp/models/ggml-vocabs/RWKV/ggml-vocab-rwkv-7-world.gguf
llama_model_load_from_file_impl: failed to load model
main: error: failed to load vocab '/home/zjy/ws/jenkins-home/workspace/ci-1250/ggerganov-llama.cpp/models/ggml-vocabs/RWKV/ggml-vocab-rwkv-7-world.gguf'
main : reading vocab from: '/home/zjy/ws/jenkins-home/workspace/ci-1250/ggerganov-llama.cpp/models/ggml-vocabs/SPM/ggml-vocab-gemma-3.gguf'
get_memory_info: [warning] ext_intel_free_memory is not supported (export/set ZES_ENABLE_SYSMAN=1 to support), use total memory as free memory
get_memory_info: [warning] ext_intel_free_memory is not supported (export/set ZES_ENABLE_SYSMAN=1 to support), use total memory as free memory
llama_model_load_from_file_impl: using device SYCL0 (Intel(R) Iris(R) Xe Graphics) (unknown id) - 29476 MiB free
gguf_init_from_file_impl: invalid magic characters: 'vers', expected 'GGUF'
llama_model_load: error loading model: llama_model_loader: failed to load model from /home/zjy/ws/jenkins-home/workspace/ci-1250/ggerganov-llama.cpp/models/ggml-vocabs/SPM/ggml-vocab-gemma-3.gguf
llama_model_load_from_file_impl: failed to load model
main: error: failed to load vocab '/home/zjy/ws/jenkins-home/workspace/ci-1250/ggerganov-llama.cpp/models/ggml-vocabs/SPM/ggml-vocab-gemma-3.gguf'
main : reading vocab from: '/home/zjy/ws/jenkins-home/workspace/ci-1250/ggerganov-llama.cpp/models/ggml-vocabs/UGM/ggml-vocab-nomic-bert-moe.gguf'
get_memory_info: [warning] ext_intel_free_memory is not supported (export/set ZES_ENABLE_SYSMAN=1 to support), use total memory as free memory
get_memory_info: [warning] ext_intel_free_memory is not supported (export/set ZES_ENABLE_SYSMAN=1 to support), use total memory as free memory
llama_model_load_from_file_impl: using device SYCL0 (Intel(R) Iris(R) Xe Graphics) (unknown id) - 29476 MiB free
gguf_init_from_file_impl: invalid magic characters: 'vers', expected 'GGUF'
llama_model_load: error loading model: llama_model_loader: failed to load model from /home/zjy/ws/jenkins-home/workspace/ci-1250/ggerganov-llama.cpp/models/ggml-vocabs/UGM/ggml-vocab-nomic-bert-moe.gguf
llama_model_load_from_file_impl: failed to load model
main: error: failed to load vocab '/home/zjy/ws/jenkins-home/workspace/ci-1250/ggerganov-llama.cpp/models/ggml-vocabs/UGM/ggml-vocab-nomic-bert-moe.gguf'
main : reading vocab from: '/home/zjy/ws/jenkins-home/workspace/ci-1250/ggerganov-llama.cpp/models/ggml-vocabs/WPM/ggml-vocab-jina-v2-en.gguf'
get_memory_info: [warning] ext_intel_free_memory is not supported (export/set ZES_ENABLE_SYSMAN=1 to support), use total memory as free memory
get_memory_info: [warning] ext_intel_free_memory is not supported (export/set ZES_ENABLE_SYSMAN=1 to support), use total memory as free memory
llama_model_load_from_file_impl: using device SYCL0 (Intel(R) Iris(R) Xe Graphics) (unknown id) - 29476 MiB free
gguf_init_from_file_impl: invalid magic characters: 'vers', expected 'GGUF'
llama_model_load: error loading model: llama_model_loader: failed to load model from /home/zjy/ws/jenkins-home/workspace/ci-1250/ggerganov-llama.cpp/models/ggml-vocabs/WPM/ggml-vocab-jina-v2-en.gguf
llama_model_load_from_file_impl: failed to load model
main: error: failed to load vocab '/home/zjy/ws/jenkins-home/workspace/ci-1250/ggerganov-llama.cpp/models/ggml-vocabs/WPM/ggml-vocab-jina-v2-en.gguf'

      Start 15: test-sampling
15/41 Test #15: test-sampling .....................   Passed    0.97 sec
      Start 16: test-grammar-parser
16/41 Test #16: test-grammar-parser ...............   Passed    0.03 sec
      Start 17: test-grammar-integration
17/41 Test #17: test-grammar-integration ..........   Passed    0.04 sec
      Start 18: test-llama-grammar
18/41 Test #18: test-llama-grammar ................   Passed    0.03 sec
      Start 19: test-chat
19/41 Test #19: test-chat .........................   Passed    0.63 sec
      Start 20: test-json-schema-to-grammar
20/41 Test #20: test-json-schema-to-grammar .......   Passed    1.86 sec
      Start 21: test-tokenizer-1-llama-spm
21/41 Test #21: test-tokenizer-1-llama-spm ........   Passed    0.20 sec
      Start 22: test-chat-parser
22/41 Test #22: test-chat-parser ..................   Passed    0.04 sec
      Start 23: test-chat-peg-parser
23/41 Test #23: test-chat-peg-parser ..............   Passed    0.08 sec
      Start 24: test-chat-template
24/41 Test #24: test-chat-template ................   Passed    0.05 sec
      Start 25: test-jinja
25/41 Test #25: test-jinja ........................   Passed    0.09 sec
      Start 27: test-json-partial
26/41 Test #27: test-json-partial .................   Passed    0.04 sec
      Start 28: test-log
27/41 Test #28: test-log ..........................   Passed    0.05 sec
      Start 29: test-peg-parser
28/41 Test #29: test-peg-parser ...................   Passed    0.04 sec
      Start 30: test-regex-partial
29/41 Test #30: test-regex-partial ................   Passed    0.04 sec
      Start 31: test-download-model
30/41 Test #31: test-download-model ...............***Failed  134.89 sec
-- Downloading tinyllamas/stories15M-q4_0.gguf from ggml-org/models...
CMake Error at /home/zjy/ws/jenkins-home/workspace/ci-1250/ggerganov-llama.cpp/cmake/download-models.cmake:8 (file):
  file DOWNLOAD cannot compute hash on failed download

    status: [28;"Timeout was reached"]



      Start 32: test-thread-safety
Failed test dependencies: test-download-model
31/41 Test #32: test-thread-safety ................***Not Run   0.00 sec
      Start 33: test-arg-parser
32/41 Test #33: test-arg-parser ...................   Passed    1.03 sec
      Start 34: test-opt
33/41 Test #34: test-opt ..........................   Passed    0.19 sec
      Start 35: test-gguf
34/41 Test #35: test-gguf .........................   Passed    0.31 sec
      Start 36: test-backend-ops
35/41 Test #36: test-backend-ops ..................   Passed  118.16 sec
      Start 41: test-barrier
36/41 Test #41: test-barrier ......................   Passed    1.35 sec
      Start 42: test-quantize-fns
37/41 Test #42: test-quantize-fns .................   Passed   13.98 sec
      Start 43: test-quantize-perf
38/41 Test #43: test-quantize-perf ................   Passed    0.09 sec
      Start 44: test-rope
39/41 Test #44: test-rope .........................   Passed    0.10 sec
      Start 45: test-mtmd-c-api
40/41 Test #45: test-mtmd-c-api ...................   Passed    0.03 sec
      Start 46: test-alloc
41/41 Test #46: test-alloc ........................   Passed    0.03 sec

93% tests passed, 3 tests failed out of 41

Label Time Summary:
main    = 145.60 sec*proc (40 tests)

Total Test time (real) = 280.51 sec

The following tests FAILED:
	 14 - test-tokenizers-ggml-vocabs (Failed)
	 31 - test-download-model (Failed)
	 32 - test-thread-safety (Not Run)
Errors while running CTest

real	4m40.521s
user	3m49.928s
sys	1m7.927s
+ cur=8
+ echo 8
+ set +x
