+ gg_run_ctest_release
+ cd /home/zjy/ws/jenkins/workspace/ci-arc770/ggerganov-llama.cpp
+ tee /home/zjy/ws/jenkins/workspace/ci-arc770/ggerganov-llama.cpp/tmp/ci_log/1025fd2c09b1d4f9aa3fb2f7349084eecd04f958/tmp/results/ctest_release.log
+ rm -rf build-ci-release
+ mkdir build-ci-release
+ cd build-ci-release
+ set -e
+ tee -a /home/zjy/ws/jenkins/workspace/ci-arc770/ggerganov-llama.cpp/tmp/ci_log/1025fd2c09b1d4f9aa3fb2f7349084eecd04f958/tmp/results/ctest_release-cmake.log
+ cmake -DCMAKE_BUILD_TYPE=Release -DLLAMA_FATAL_WARNINGS=ON -DLLAMA_SYCL=1 DCMAKE_C_COMPILER=icx -DCMAKE_CXX_COMPILER=icpx -DLLAMA_SYCL_F16=ON -DLLAMA_CURL=OFF ..
CMake Warning:
  Ignoring extra path from command line:

   "/home/zjy/ws/jenkins/workspace/ci-arc770/ggerganov-llama.cpp/build-ci-release/DCMAKE_C_COMPILER=icx"


-- The C compiler identification is GNU 13.3.0
-- The CXX compiler identification is IntelLLVM 2025.3.1
-- Detecting C compiler ABI info
-- Detecting C compiler ABI info - done
-- Check for working C compiler: /usr/bin/cc - skipped
-- Detecting C compile features
-- Detecting C compile features - done
-- Detecting CXX compiler ABI info
-- Detecting CXX compiler ABI info - done
-- Check for working CXX compiler: /opt/intel/oneapi/compiler/2025.3/bin/icpx - skipped
-- Detecting CXX compile features
-- Detecting CXX compile features - done
CMAKE_BUILD_TYPE=Release
-- Found Git: /usr/bin/git (found version "2.43.0") 
CMake Warning at CMakeLists.txt:152 (message):
  LLAMA_SYCL is deprecated and will be removed in the future.

  Use GGML_SYCL instead

Call Stack (most recent call first):
  CMakeLists.txt:163 (llama_option_depr)


CMake Warning at CMakeLists.txt:152 (message):
  LLAMA_SYCL_F16 is deprecated and will be removed in the future.

  Use GGML_SYCL_F16 instead

Call Stack (most recent call first):
  CMakeLists.txt:164 (llama_option_depr)


-- The ASM compiler identification is GNU
-- Found assembler: /usr/bin/cc
-- Performing Test CMAKE_HAVE_LIBC_PTHREAD
-- Performing Test CMAKE_HAVE_LIBC_PTHREAD - Success
-- Found Threads: TRUE  
-- Warning: ccache not found - consider installing it for faster compilation or disable this warning with GGML_CCACHE=OFF
-- CMAKE_SYSTEM_PROCESSOR: x86_64
-- GGML_SYSTEM_ARCH: x86
-- Including CPU backend
-- Found OpenMP_C: -fopenmp (found version "4.5") 
-- Found OpenMP_CXX: -fiopenmp (found version "5.1") 
-- Found OpenMP: TRUE (found version "4.5")  
-- x86 detected
-- Adding CPU backend variant ggml-cpu: -march=native 
-- GGML_SYCL_TARGET=INTEL
-- Performing Test SUPPORTS_SYCL
-- Performing Test SUPPORTS_SYCL - Success
-- Using oneAPI Release SYCL compiler (icpx).
-- SYCL found
-- SYCL Compiler version: 20250301
-- SYCL_INCLUDE_DIR: /opt/intel/oneapi/compiler/2025.3/include
-- SYCL_LIBRARY=/opt/intel/oneapi/compiler/2025.3/lib/libsycl.so
-- Found IntelSYCL: /opt/intel/oneapi/compiler/2025.3/include (found version "202012") 
-- Looking for CL_VERSION_3_0
-- Looking for CL_VERSION_3_0 - found
-- Found OpenCL: /opt/intel/oneapi/compiler/2025.3/lib/libOpenCL.so (found version "3.0") 
-- Found oneDNN: /opt/intel/oneapi/dnnl/2025.3/lib/libdnnl.so.3.9
-- MKL_VERSION: 2025.3.0
-- MKL_ROOT: /opt/intel/oneapi/mkl/2025.3
-- MKL_ARCH: intel64
-- MKL_SYCL_LINK: None, set to ` dynamic` by default
-- MKL_LINK: None, set to ` dynamic` by default
-- MKL_SYCL_INTERFACE_FULL: None, set to ` intel_ilp64` by default
-- MKL_INTERFACE_FULL: None, set to ` intel_ilp64` by default
-- MKL_SYCL_THREADING: None, set to ` tbb_thread` by default
-- MKL_THREADING: None, set to ` intel_thread` by default
-- MKL_SYCL_MPI: None, set to ` intelmpi` by default
-- MKL_MPI: None, set to ` intelmpi` by default
-- Found /opt/intel/oneapi/mkl/2025.3/lib/libmkl_scalapack_ilp64.so
-- Found /opt/intel/oneapi/mkl/2025.3/lib/libmkl_cdft_core.so
-- Found /opt/intel/oneapi/mkl/2025.3/lib/libmkl_intel_ilp64.so
-- Found /opt/intel/oneapi/mkl/2025.3/lib/libmkl_intel_thread.so
-- Found /opt/intel/oneapi/mkl/2025.3/lib/libmkl_core.so
-- Found /opt/intel/oneapi/mkl/2025.3/lib/libmkl_blacs_intelmpi_ilp64.so
-- Found /opt/intel/oneapi/mkl/2025.3/lib/libmkl_sycl_distributed_dft.so
-- Found /opt/intel/oneapi/mkl/2025.3/lib/libmkl_sycl_blas.so
-- Found /opt/intel/oneapi/mkl/2025.3/lib/libmkl_sycl_lapack.so
-- Found /opt/intel/oneapi/mkl/2025.3/lib/libmkl_sycl_dft.so
-- Found /opt/intel/oneapi/mkl/2025.3/lib/libmkl_sycl_sparse.so
-- Found /opt/intel/oneapi/mkl/2025.3/lib/libmkl_sycl_data_fitting.so
-- Found /opt/intel/oneapi/mkl/2025.3/lib/libmkl_sycl_rng.so
-- Found /opt/intel/oneapi/mkl/2025.3/lib/libmkl_sycl_stats.so
-- Found /opt/intel/oneapi/mkl/2025.3/lib/libmkl_sycl_vm.so
-- Found /opt/intel/oneapi/mkl/2025.3/lib/libmkl_tbb_thread.so
-- Found /opt/intel/oneapi/compiler/2025.3/lib/libiomp5.so
-- Including SYCL backend
-- ggml version: 0.9.5
-- ggml commit:  1025fd2c0
-- Could NOT find OpenSSL, try to set the path to OpenSSL root folder in the system variable OPENSSL_ROOT_DIR (missing: OPENSSL_CRYPTO_LIBRARY OPENSSL_INCLUDE_DIR) 
CMake Warning at vendor/cpp-httplib/CMakeLists.txt:145 (message):
  OpenSSL not found, HTTPS support disabled


-- Generating embedded license file for target: common
-- Configuring done (3.3s)
-- Generating done (0.1s)
-- Build files have been written to: /home/zjy/ws/jenkins/workspace/ci-arc770/ggerganov-llama.cpp/build-ci-release

real	0m3.509s
user	0m1.741s
sys	0m1.173s
+ tee -a /home/zjy/ws/jenkins/workspace/ci-arc770/ggerganov-llama.cpp/tmp/ci_log/1025fd2c09b1d4f9aa3fb2f7349084eecd04f958/tmp/results/ctest_release-make.log
+ make -j
[  1%] Building CXX object tools/mtmd/CMakeFiles/llama-minicpmv-cli.dir/deprecation-warning.cpp.o
[  1%] Building C object examples/gguf-hash/CMakeFiles/xxhash.dir/deps/xxhash/xxhash.c.o
[  1%] Building CXX object vendor/cpp-httplib/CMakeFiles/cpp-httplib.dir/httplib.cpp.o
[  1%] Building C object examples/gguf-hash/CMakeFiles/sha256.dir/deps/sha256/sha256.c.o
[  1%] Building CXX object tools/mtmd/CMakeFiles/llama-qwen2vl-cli.dir/deprecation-warning.cpp.o
[  2%] Building C object examples/gguf-hash/CMakeFiles/sha1.dir/deps/sha1/sha1.c.o
[  3%] Building CXX object tools/mtmd/CMakeFiles/llama-gemma3-cli.dir/deprecation-warning.cpp.o
[  3%] Building CXX object ggml/src/CMakeFiles/ggml-base.dir/ggml.cpp.o
[  3%] Building C object ggml/src/CMakeFiles/ggml-base.dir/ggml-alloc.c.o
[  3%] Building CXX object common/CMakeFiles/build_info.dir/build-info.cpp.o
[  4%] Building C object ggml/src/CMakeFiles/ggml-base.dir/ggml-quants.c.o
[  4%] Building CXX object ggml/src/CMakeFiles/ggml-base.dir/ggml-threading.cpp.o
[  4%] Building C object ggml/src/CMakeFiles/ggml-base.dir/ggml.c.o
[  4%] Building CXX object tools/mtmd/CMakeFiles/llama-llava-cli.dir/deprecation-warning.cpp.o
[  4%] Building CXX object ggml/src/CMakeFiles/ggml-base.dir/ggml-opt.cpp.o
[  4%] Building CXX object ggml/src/CMakeFiles/ggml-base.dir/gguf.cpp.o
[  4%] Building CXX object ggml/src/CMakeFiles/ggml-base.dir/ggml-backend.cpp.o
[  4%] Built target build_info
[  4%] Linking CXX executable ../../bin/llama-gemma3-cli
[  4%] Built target sha256
[  4%] Linking CXX executable ../../bin/llama-llava-cli
[  4%] Built target sha1
[  6%] Linking CXX executable ../../bin/llama-minicpmv-cli
[  6%] Linking CXX executable ../../bin/llama-qwen2vl-cli
[  6%] Built target llama-llava-cli
[  6%] Built target llama-gemma3-cli
[  6%] Built target llama-minicpmv-cli
[  6%] Built target llama-qwen2vl-cli
[  6%] Built target xxhash
[  6%] Linking CXX shared library ../../bin/libggml-base.so
[  6%] Built target ggml-base
[  7%] Building CXX object ggml/src/CMakeFiles/ggml-cpu.dir/ggml-cpu/ggml-cpu.cpp.o
[  7%] Building CXX object ggml/src/CMakeFiles/ggml-cpu.dir/ggml-cpu/unary-ops.cpp.o
[  7%] Building C object ggml/src/CMakeFiles/ggml-cpu.dir/ggml-cpu/quants.c.o
[  8%] Building C object ggml/src/CMakeFiles/ggml-cpu.dir/ggml-cpu/ggml-cpu.c.o
[  8%] Building CXX object ggml/src/CMakeFiles/ggml-cpu.dir/ggml-cpu/hbm.cpp.o
[  8%] Building CXX object ggml/src/CMakeFiles/ggml-cpu.dir/ggml-cpu/traits.cpp.o
[  8%] Building CXX object ggml/src/CMakeFiles/ggml-cpu.dir/ggml-cpu/ops.cpp.o
[  8%] Building CXX object ggml/src/CMakeFiles/ggml-cpu.dir/ggml-cpu/amx/mmq.cpp.o
[  7%] Building CXX object ggml/src/CMakeFiles/ggml-cpu.dir/ggml-cpu/repack.cpp.o
[  8%] Building CXX object ggml/src/CMakeFiles/ggml-cpu.dir/ggml-cpu/binary-ops.cpp.o
[  9%] Building CXX object ggml/src/CMakeFiles/ggml-cpu.dir/ggml-cpu/vec.cpp.o
[  9%] Building CXX object ggml/src/ggml-sycl/CMakeFiles/ggml-sycl.dir/ggml-sycl.cpp.o
[  8%] Building CXX object ggml/src/CMakeFiles/ggml-cpu.dir/ggml-cpu/amx/amx.cpp.o
[  9%] Building CXX object ggml/src/ggml-sycl/CMakeFiles/ggml-sycl.dir/add-id.cpp.o
[  9%] Building CXX object ggml/src/CMakeFiles/ggml-cpu.dir/ggml-cpu/llamafile/sgemm.cpp.o
[  9%] Building C object ggml/src/CMakeFiles/ggml-cpu.dir/ggml-cpu/arch/x86/quants.c.o
[ 10%] Building CXX object ggml/src/CMakeFiles/ggml-cpu.dir/ggml-cpu/arch/x86/repack.cpp.o
[ 10%] Building CXX object ggml/src/ggml-sycl/CMakeFiles/ggml-sycl.dir/binbcast.cpp.o
[ 10%] Building CXX object ggml/src/ggml-sycl/CMakeFiles/ggml-sycl.dir/conv.cpp.o
[ 11%] Building CXX object ggml/src/ggml-sycl/CMakeFiles/ggml-sycl.dir/count-equal.cpp.o
[ 10%] Building CXX object ggml/src/ggml-sycl/CMakeFiles/ggml-sycl.dir/convert.cpp.o
[ 10%] Building CXX object ggml/src/ggml-sycl/CMakeFiles/ggml-sycl.dir/concat.cpp.o
[ 12%] Building CXX object ggml/src/ggml-sycl/CMakeFiles/ggml-sycl.dir/element_wise.cpp.o
[ 12%] Building CXX object ggml/src/ggml-sycl/CMakeFiles/ggml-sycl.dir/common.cpp.o
[ 12%] Building CXX object ggml/src/ggml-sycl/CMakeFiles/ggml-sycl.dir/cpy.cpp.o
[ 12%] Building CXX object ggml/src/ggml-sycl/CMakeFiles/ggml-sycl.dir/dmmv.cpp.o
[ 12%] Building CXX object ggml/src/ggml-sycl/CMakeFiles/ggml-sycl.dir/getrows.cpp.o
[ 12%] Building CXX object ggml/src/ggml-sycl/CMakeFiles/ggml-sycl.dir/mmvq.cpp.o
[ 12%] Building CXX object ggml/src/ggml-sycl/CMakeFiles/ggml-sycl.dir/mmq.cpp.o
[ 13%] Building CXX object ggml/src/ggml-sycl/CMakeFiles/ggml-sycl.dir/gla.cpp.o
[ 13%] Building CXX object ggml/src/ggml-sycl/CMakeFiles/ggml-sycl.dir/im2col.cpp.o
[ 13%] Building CXX object ggml/src/ggml-sycl/CMakeFiles/ggml-sycl.dir/norm.cpp.o
[ 14%] Building CXX object ggml/src/ggml-sycl/CMakeFiles/ggml-sycl.dir/outprod.cpp.o
[ 14%] Building CXX object ggml/src/ggml-sycl/CMakeFiles/ggml-sycl.dir/set_rows.cpp.o
[ 14%] Building CXX object ggml/src/ggml-sycl/CMakeFiles/ggml-sycl.dir/rope.cpp.o
[ 14%] Building CXX object ggml/src/ggml-sycl/CMakeFiles/ggml-sycl.dir/repeat_back.cpp.o
[ 14%] Building CXX object ggml/src/ggml-sycl/CMakeFiles/ggml-sycl.dir/pad.cpp.o
[ 15%] Building CXX object ggml/src/ggml-sycl/CMakeFiles/ggml-sycl.dir/roll.cpp.o
[ 15%] Building CXX object ggml/src/ggml-sycl/CMakeFiles/ggml-sycl.dir/set.cpp.o
[ 16%] Building CXX object ggml/src/ggml-sycl/CMakeFiles/ggml-sycl.dir/ssm_conv.cpp.o
[ 16%] Building CXX object ggml/src/ggml-sycl/CMakeFiles/ggml-sycl.dir/pad_reflect_1d.cpp.o
[ 16%] Building CXX object ggml/src/ggml-sycl/CMakeFiles/ggml-sycl.dir/softmax.cpp.o
[ 16%] Building CXX object ggml/src/ggml-sycl/CMakeFiles/ggml-sycl.dir/sycl_hw.cpp.o
[ 16%] Building CXX object ggml/src/ggml-sycl/CMakeFiles/ggml-sycl.dir/tsembd.cpp.o
[ 16%] Building CXX object ggml/src/ggml-sycl/CMakeFiles/ggml-sycl.dir/wkv.cpp.o
[ 17%] Linking CXX static library libcpp-httplib.a
[ 17%] Built target cpp-httplib
[ 17%] Linking CXX shared library ../../bin/libggml-cpu.so
[ 17%] Built target ggml-cpu
[ 18%] Linking CXX shared library ../../../bin/libggml-sycl.so
[ 18%] Built target ggml-sycl
[ 18%] Building CXX object ggml/src/CMakeFiles/ggml.dir/ggml-backend-reg.cpp.o
[ 18%] Building CXX object ggml/src/CMakeFiles/ggml.dir/ggml-backend-dl.cpp.o
[ 18%] Linking CXX shared library ../../bin/libggml.so
[ 18%] Built target ggml
[ 18%] Building CXX object examples/gguf/CMakeFiles/llama-gguf.dir/gguf.cpp.o
[ 18%] Building CXX object src/CMakeFiles/llama.dir/llama.cpp.o
[ 18%] Building CXX object src/CMakeFiles/llama.dir/llama-adapter.cpp.o
[ 18%] Building CXX object src/CMakeFiles/llama.dir/llama-batch.cpp.o
[ 18%] Building CXX object examples/gguf-hash/CMakeFiles/llama-gguf-hash.dir/gguf-hash.cpp.o
[ 19%] Building CXX object src/CMakeFiles/llama.dir/llama-chat.cpp.o
[ 20%] Building CXX object src/CMakeFiles/llama.dir/llama-hparams.cpp.o
[ 20%] Building CXX object src/CMakeFiles/llama.dir/llama-graph.cpp.o
[ 20%] Building CXX object src/CMakeFiles/llama.dir/llama-arch.cpp.o
[ 20%] Building CXX object src/CMakeFiles/llama.dir/llama-context.cpp.o
[ 20%] Building CXX object src/CMakeFiles/llama.dir/llama-impl.cpp.o
[ 20%] Building CXX object src/CMakeFiles/llama.dir/llama-io.cpp.o
[ 20%] Building CXX object src/CMakeFiles/llama.dir/llama-kv-cache.cpp.o
[ 20%] Building CXX object src/CMakeFiles/llama.dir/llama-grammar.cpp.o
[ 21%] Building CXX object src/CMakeFiles/llama.dir/llama-kv-cache-iswa.cpp.o
[ 21%] Building CXX object src/CMakeFiles/llama.dir/llama-cparams.cpp.o
[ 21%] Building CXX object src/CMakeFiles/llama.dir/llama-memory-hybrid.cpp.o
[ 21%] Building CXX object src/CMakeFiles/llama.dir/llama-memory-hybrid-iswa.cpp.o
[ 22%] Building CXX object src/CMakeFiles/llama.dir/llama-memory-recurrent.cpp.o
[ 22%] Building CXX object src/CMakeFiles/llama.dir/llama-memory.cpp.o
[ 22%] Building CXX object src/CMakeFiles/llama.dir/llama-mmap.cpp.o
[ 22%] Building CXX object src/CMakeFiles/llama.dir/llama-model-loader.cpp.o
[ 22%] Building CXX object src/CMakeFiles/llama.dir/llama-model-saver.cpp.o
[ 23%] Building CXX object src/CMakeFiles/llama.dir/llama-quant.cpp.o
[ 23%] Building CXX object src/CMakeFiles/llama.dir/llama-model.cpp.o
[ 23%] Building CXX object src/CMakeFiles/llama.dir/llama-sampling.cpp.o
[ 23%] Building CXX object src/CMakeFiles/llama.dir/unicode-data.cpp.o
[ 23%] Building CXX object src/CMakeFiles/llama.dir/llama-vocab.cpp.o
[ 23%] Building CXX object src/CMakeFiles/llama.dir/models/afmoe.cpp.o
[ 24%] Building CXX object src/CMakeFiles/llama.dir/unicode.cpp.o
[ 24%] Building CXX object src/CMakeFiles/llama.dir/models/apertus.cpp.o
[ 25%] Building CXX object src/CMakeFiles/llama.dir/models/arwkv7.cpp.o
[ 25%] Building CXX object src/CMakeFiles/llama.dir/models/arctic.cpp.o
[ 25%] Building CXX object src/CMakeFiles/llama.dir/models/bailingmoe.cpp.o
[ 25%] Building CXX object src/CMakeFiles/llama.dir/models/arcee.cpp.o
[ 25%] Building CXX object src/CMakeFiles/llama.dir/models/bailingmoe2.cpp.o
[ 25%] Building CXX object src/CMakeFiles/llama.dir/models/bloom.cpp.o
[ 25%] Building CXX object src/CMakeFiles/llama.dir/models/baichuan.cpp.o
[ 26%] Building CXX object src/CMakeFiles/llama.dir/models/bert.cpp.o
[ 26%] Building CXX object src/CMakeFiles/llama.dir/models/chameleon.cpp.o
[ 26%] Building CXX object src/CMakeFiles/llama.dir/models/bitnet.cpp.o
[ 26%] Building CXX object src/CMakeFiles/llama.dir/models/chatglm.cpp.o
[ 27%] Building CXX object src/CMakeFiles/llama.dir/models/codeshell.cpp.o
[ 27%] Building CXX object src/CMakeFiles/llama.dir/models/cogvlm.cpp.o
[ 27%] Building CXX object src/CMakeFiles/llama.dir/models/cohere2-iswa.cpp.o
[ 27%] Building CXX object src/CMakeFiles/llama.dir/models/command-r.cpp.o
[ 28%] Building CXX object src/CMakeFiles/llama.dir/models/dbrx.cpp.o
[ 28%] Building CXX object src/CMakeFiles/llama.dir/models/deci.cpp.o
[ 28%] Building CXX object src/CMakeFiles/llama.dir/models/deepseek.cpp.o
[ 29%] Building CXX object src/CMakeFiles/llama.dir/models/dream.cpp.o
[ 29%] Building CXX object src/CMakeFiles/llama.dir/models/deepseek2.cpp.o
[ 29%] Building CXX object src/CMakeFiles/llama.dir/models/dots1.cpp.o
[ 29%] Building CXX object src/CMakeFiles/llama.dir/models/ernie4-5-moe.cpp.o
[ 29%] Building CXX object src/CMakeFiles/llama.dir/models/ernie4-5.cpp.o
[ 29%] Building CXX object src/CMakeFiles/llama.dir/models/exaone.cpp.o
[ 30%] Building CXX object src/CMakeFiles/llama.dir/models/falcon-h1.cpp.o
[ 30%] Building CXX object src/CMakeFiles/llama.dir/models/exaone-moe.cpp.o
[ 30%] Building CXX object src/CMakeFiles/llama.dir/models/falcon.cpp.o
[ 30%] Building CXX object src/CMakeFiles/llama.dir/models/exaone4.cpp.o
[ 30%] Building CXX object src/CMakeFiles/llama.dir/models/gemma-embedding.cpp.o
[ 31%] Building CXX object src/CMakeFiles/llama.dir/models/gemma.cpp.o
[ 31%] Building CXX object src/CMakeFiles/llama.dir/models/gemma3.cpp.o
[ 31%] Building CXX object src/CMakeFiles/llama.dir/models/gemma2-iswa.cpp.o
[ 31%] Building CXX object src/CMakeFiles/llama.dir/models/gemma3n-iswa.cpp.o
[ 31%] Building CXX object src/CMakeFiles/llama.dir/models/glm4-moe.cpp.o
[ 31%] Building CXX object src/CMakeFiles/llama.dir/models/gpt2.cpp.o
[ 32%] Building CXX object src/CMakeFiles/llama.dir/models/glm4.cpp.o
[ 32%] Building CXX object src/CMakeFiles/llama.dir/models/gptneox.cpp.o
[ 32%] Building CXX object src/CMakeFiles/llama.dir/models/granite-hybrid.cpp.o
[ 33%] Building CXX object src/CMakeFiles/llama.dir/models/hunyuan-dense.cpp.o
[ 34%] Building CXX object src/CMakeFiles/llama.dir/models/internlm2.cpp.o
[ 33%] Building CXX object src/CMakeFiles/llama.dir/models/grovemoe.cpp.o
[ 33%] Building CXX object src/CMakeFiles/llama.dir/models/grok.cpp.o
[ 34%] Building CXX object src/CMakeFiles/llama.dir/models/jais.cpp.o
[ 34%] Building CXX object src/CMakeFiles/llama.dir/models/jamba.cpp.o
[ 34%] Building CXX object src/CMakeFiles/llama.dir/models/hunyuan-moe.cpp.o
[ 34%] Building CXX object src/CMakeFiles/llama.dir/models/granite.cpp.o
[ 33%] Building CXX object src/CMakeFiles/llama.dir/models/lfm2.cpp.o
[ 34%] Building CXX object src/CMakeFiles/llama.dir/models/llada.cpp.o
[ 35%] Building CXX object src/CMakeFiles/llama.dir/models/llada-moe.cpp.o
[ 34%] Building CXX object src/CMakeFiles/llama.dir/models/llama-iswa.cpp.o
[ 35%] Building CXX object src/CMakeFiles/llama.dir/models/llama.cpp.o
[ 35%] Building CXX object src/CMakeFiles/llama.dir/models/maincoder.cpp.o
[ 36%] Building CXX object src/CMakeFiles/llama.dir/models/mamba.cpp.o
[ 36%] Building CXX object src/CMakeFiles/llama.dir/models/mimo2-iswa.cpp.o
[ 36%] Building CXX object src/CMakeFiles/llama.dir/models/minicpm3.cpp.o
[ 37%] Building CXX object src/CMakeFiles/llama.dir/models/modern-bert.cpp.o
[ 37%] Building CXX object src/CMakeFiles/llama.dir/models/minimax-m2.cpp.o
[ 37%] Building CXX object src/CMakeFiles/llama.dir/models/nemotron.cpp.o
[ 37%] Building CXX object src/CMakeFiles/llama.dir/models/nemotron-h.cpp.o
[ 37%] Building CXX object src/CMakeFiles/llama.dir/models/mpt.cpp.o
[ 38%] Building CXX object src/CMakeFiles/llama.dir/models/olmo.cpp.o
[ 38%] Building CXX object src/CMakeFiles/llama.dir/models/neo-bert.cpp.o
[ 38%] Building CXX object src/CMakeFiles/llama.dir/models/olmoe.cpp.o
[ 38%] Building CXX object src/CMakeFiles/llama.dir/models/openai-moe-iswa.cpp.o
[ 38%] Building CXX object src/CMakeFiles/llama.dir/models/olmo2.cpp.o
[ 39%] Building CXX object src/CMakeFiles/llama.dir/models/openelm.cpp.o
[ 39%] Building CXX object src/CMakeFiles/llama.dir/models/pangu-embedded.cpp.o
[ 38%] Building CXX object src/CMakeFiles/llama.dir/models/orion.cpp.o
[ 39%] Building CXX object src/CMakeFiles/llama.dir/models/phi2.cpp.o
[ 39%] Building CXX object src/CMakeFiles/llama.dir/models/phi3.cpp.o
[ 39%] Building CXX object src/CMakeFiles/llama.dir/models/plamo2.cpp.o
[ 40%] Building CXX object src/CMakeFiles/llama.dir/models/plamo.cpp.o
[ 40%] Building CXX object src/CMakeFiles/llama.dir/models/plm.cpp.o
[ 41%] Building CXX object src/CMakeFiles/llama.dir/models/qwen.cpp.o
[ 41%] Building CXX object src/CMakeFiles/llama.dir/models/plamo3.cpp.o
[ 41%] Building CXX object src/CMakeFiles/llama.dir/models/qwen2.cpp.o
[ 41%] Building CXX object src/CMakeFiles/llama.dir/models/qwen2moe.cpp.o
[ 41%] Building CXX object src/CMakeFiles/llama.dir/models/qwen2vl.cpp.o
[ 41%] Building CXX object src/CMakeFiles/llama.dir/models/qwen3.cpp.o
[ 42%] Building CXX object src/CMakeFiles/llama.dir/models/qwen3vl.cpp.o
[ 42%] Building CXX object src/CMakeFiles/llama.dir/models/qwen3vl-moe.cpp.o
[ 42%] Building CXX object src/CMakeFiles/llama.dir/models/qwen3moe.cpp.o
[ 42%] Building CXX object src/CMakeFiles/llama.dir/models/qwen3next.cpp.o
[ 43%] Building CXX object src/CMakeFiles/llama.dir/models/refact.cpp.o
[ 43%] Building CXX object src/CMakeFiles/llama.dir/models/rnd1.cpp.o
[ 43%] Building CXX object src/CMakeFiles/llama.dir/models/rwkv6-base.cpp.o
[ 43%] Building CXX object src/CMakeFiles/llama.dir/models/rwkv6qwen2.cpp.o
[ 43%] Building CXX object src/CMakeFiles/llama.dir/models/rwkv6.cpp.o
[ 44%] Building CXX object src/CMakeFiles/llama.dir/models/rwkv7-base.cpp.o
[ 44%] Building CXX object src/CMakeFiles/llama.dir/models/rwkv7.cpp.o
[ 44%] Building CXX object src/CMakeFiles/llama.dir/models/seed-oss.cpp.o
[ 44%] Building CXX object src/CMakeFiles/llama.dir/models/smallthinker.cpp.o
[ 45%] Building CXX object src/CMakeFiles/llama.dir/models/smollm3.cpp.o
[ 45%] Building CXX object src/CMakeFiles/llama.dir/models/stablelm.cpp.o
[ 45%] Building CXX object src/CMakeFiles/llama.dir/models/starcoder.cpp.o
[ 45%] Building CXX object src/CMakeFiles/llama.dir/models/starcoder2.cpp.o
[ 45%] Building CXX object src/CMakeFiles/llama.dir/models/t5-dec.cpp.o
[ 46%] Building CXX object src/CMakeFiles/llama.dir/models/t5-enc.cpp.o
[ 46%] Building CXX object src/CMakeFiles/llama.dir/models/wavtokenizer-dec.cpp.o
[ 46%] Building CXX object src/CMakeFiles/llama.dir/models/xverse.cpp.o
[ 46%] Building CXX object src/CMakeFiles/llama.dir/models/mistral3.cpp.o
[ 47%] Building CXX object src/CMakeFiles/llama.dir/models/graph-context-mamba.cpp.o
[ 47%] Linking CXX executable ../../bin/llama-gguf
[ 48%] Linking CXX executable ../../bin/llama-gguf-hash
[ 48%] Built target llama-gguf
[ 48%] Built target llama-gguf-hash
[ 48%] Linking CXX shared library ../bin/libllama.so
[ 48%] Built target llama
[ 48%] Building CXX object examples/simple-chat/CMakeFiles/llama-simple-chat.dir/simple-chat.cpp.o
[ 48%] Building CXX object common/CMakeFiles/common.dir/chat-parser.cpp.o
[ 48%] Building CXX object common/CMakeFiles/common.dir/chat-parser-xml-toolcall.cpp.o
[ 48%] Building CXX object common/CMakeFiles/common.dir/chat.cpp.o
[ 48%] Building CXX object tools/mtmd/CMakeFiles/mtmd.dir/mtmd.cpp.o
[ 48%] Building CXX object common/CMakeFiles/common.dir/common.cpp.o
[ 49%] Building CXX object common/CMakeFiles/common.dir/debug.cpp.o
[ 49%] Building CXX object tools/mtmd/CMakeFiles/mtmd.dir/mtmd-helper.cpp.o
[ 50%] Building CXX object common/CMakeFiles/common.dir/chat-peg-parser.cpp.o
[ 50%] Building CXX object examples/simple/CMakeFiles/llama-simple.dir/simple.cpp.o
[ 50%] Building CXX object common/CMakeFiles/common.dir/console.cpp.o
[ 50%] Building CXX object tools/mtmd/CMakeFiles/mtmd.dir/clip.cpp.o
[ 50%] Building C object tests/CMakeFiles/test-c.dir/test-c.c.o
[ 50%] Building CXX object common/CMakeFiles/common.dir/arg.cpp.o
[ 51%] Building CXX object common/CMakeFiles/common.dir/download.cpp.o
[ 51%] Building CXX object tools/mtmd/CMakeFiles/mtmd.dir/mtmd-audio.cpp.o
[ 51%] Building CXX object common/CMakeFiles/common.dir/json-schema-to-grammar.cpp.o
[ 51%] Building CXX object tools/mtmd/CMakeFiles/mtmd.dir/models/cogvlm.cpp.o
[ 51%] Building CXX object common/CMakeFiles/common.dir/json-partial.cpp.o
[ 51%] Building CXX object tools/mtmd/CMakeFiles/mtmd.dir/models/glm4v.cpp.o
[ 52%] Building CXX object tools/mtmd/CMakeFiles/mtmd.dir/models/internvl.cpp.o
[ 52%] Building CXX object tools/mtmd/CMakeFiles/mtmd.dir/models/kimivl.cpp.o
[ 52%] Building CXX object tools/mtmd/CMakeFiles/mtmd.dir/models/llama4.cpp.o
[ 52%] Building CXX object common/CMakeFiles/common.dir/llguidance.cpp.o
[ 52%] Building CXX object tools/mtmd/CMakeFiles/mtmd.dir/models/conformer.cpp.o
[ 52%] Building CXX object tools/mtmd/CMakeFiles/mtmd.dir/models/siglip.cpp.o
[ 52%] Building CXX object tools/mtmd/CMakeFiles/mtmd.dir/models/llava.cpp.o
[ 52%] Building CXX object tools/mtmd/CMakeFiles/mtmd.dir/models/qwen2vl.cpp.o
[ 52%] Building CXX object tools/mtmd/CMakeFiles/mtmd.dir/models/pixtral.cpp.o
[ 53%] Building CXX object common/CMakeFiles/common.dir/log.cpp.o
[ 53%] Building CXX object tools/mtmd/CMakeFiles/mtmd.dir/models/qwen3vl.cpp.o
[ 54%] Building CXX object tools/mtmd/CMakeFiles/mtmd.dir/models/minicpmv.cpp.o
[ 54%] Building CXX object common/CMakeFiles/common.dir/peg-parser.cpp.o
[ 54%] Building CXX object common/CMakeFiles/common.dir/ngram-cache.cpp.o
[ 54%] Building CXX object common/CMakeFiles/common.dir/preset.cpp.o
[ 55%] Building CXX object common/CMakeFiles/common.dir/regex-partial.cpp.o
[ 55%] Building CXX object common/CMakeFiles/common.dir/ngram-map.cpp.o
[ 55%] Building CXX object common/CMakeFiles/common.dir/sampling.cpp.o
[ 55%] Linking C executable ../bin/test-c
[ 56%] Building CXX object common/CMakeFiles/common.dir/jinja/lexer.cpp.o
[ 56%] Building CXX object common/CMakeFiles/common.dir/speculative.cpp.o
[ 56%] Building CXX object common/CMakeFiles/common.dir/unicode.cpp.o
[ 56%] Building CXX object common/CMakeFiles/common.dir/jinja/parser.cpp.o
[ 57%] Building CXX object tools/mtmd/CMakeFiles/mtmd.dir/models/whisper-enc.cpp.o
[ 57%] Building CXX object tools/mtmd/CMakeFiles/mtmd.dir/models/youtuvl.cpp.o
[ 56%] Building CXX object tools/mtmd/CMakeFiles/mtmd.dir/models/mobilenetv5.cpp.o
[ 58%] Building CXX object common/CMakeFiles/common.dir/jinja/string.cpp.o
[ 57%] Building CXX object common/CMakeFiles/common.dir/jinja/value.cpp.o
[ 58%] Building CXX object common/CMakeFiles/common.dir/jinja/caps.cpp.o
[ 58%] Building CXX object common/CMakeFiles/common.dir/jinja/runtime.cpp.o
[ 58%] Building CXX object common/CMakeFiles/common.dir/__/license.cpp.o
[ 58%] Built target test-c
In file included from /home/zjy/ws/jenkins/workspace/ci-arc770/ggerganov-llama.cpp/common/jinja/lexer.cpp:2:
In file included from /home/zjy/ws/jenkins/workspace/ci-arc770/ggerganov-llama.cpp/common/jinja/runtime.h:4:
/home/zjy/ws/jenkins/workspace/ci-arc770/ggerganov-llama.cpp/common/jinja/value.h:129:21: warning: function 'as_int' could be declared with attribute 'noreturn' [-Wmissing-noreturn]
  129 |     virtual int64_t as_int() const { throw std::runtime_error(type() + " is not an int value"); }
      |                     ^
/home/zjy/ws/jenkins/workspace/ci-arc770/ggerganov-llama.cpp/common/jinja/value.h:130:20: warning: function 'as_float' could be declared with attribute 'noreturn' [-Wmissing-noreturn]
  130 |     virtual double as_float() const { throw std::runtime_error(type() + " is not a float value"); }
      |                    ^
/home/zjy/ws/jenkins/workspace/ci-arc770/ggerganov-llama.cpp/common/jinja/value.h:131:20: warning: function 'as_string' could be declared with attribute 'noreturn' [-Wmissing-noreturn]
  131 |     virtual string as_string() const { throw std::runtime_error(type() + " is not a string value"); }
      |                    ^
/home/zjy/ws/jenkins/workspace/ci-arc770/ggerganov-llama.cpp/common/jinja/value.h:132:18: warning: function 'as_bool' could be declared with attribute 'noreturn' [-Wmissing-noreturn]
  132 |     virtual bool as_bool() const { throw std::runtime_error(type() + " is not a bool value"); }
      |                  ^
/home/zjy/ws/jenkins/workspace/ci-arc770/ggerganov-llama.cpp/common/jinja/value.h:133:40: warning: function 'as_array' could be declared with attribute 'noreturn' [-Wmissing-noreturn]
  133 |     virtual const std::vector<value> & as_array() const { throw std::runtime_error(type() + " is not an array value"); }
      |                                        ^
/home/zjy/ws/jenkins/workspace/ci-arc770/ggerganov-llama.cpp/common/jinja/value.h:134:58: warning: function 'as_ordered_object' could be declared with attribute 'noreturn' [-Wmissing-noreturn]
  134 |     virtual const std::vector<std::pair<value, value>> & as_ordered_object() const { throw std::runtime_error(type() + " is not an object value"); }
      |                                                          ^
/home/zjy/ws/jenkins/workspace/ci-arc770/ggerganov-llama.cpp/common/jinja/value.h:135:19: warning: function 'invoke' could be declared with attribute 'noreturn' [-Wmissing-noreturn]
  135 |     virtual value invoke(const func_args &) const { throw std::runtime_error(type() + " is not a function value"); }
      |                   ^
/home/zjy/ws/jenkins/workspace/ci-arc770/ggerganov-llama.cpp/common/jinja/value.h:138:35: warning: function 'get_builtins' could be declared with attribute 'noreturn' [-Wmissing-noreturn]
  138 |     virtual const func_builtins & get_builtins() const {
      |                                   ^
/home/zjy/ws/jenkins/workspace/ci-arc770/ggerganov-llama.cpp/common/jinja/value.h:142:18: warning: function 'has_key' could be declared with attribute 'noreturn' [-Wmissing-noreturn]
  142 |     virtual bool has_key(const value &) { throw std::runtime_error(type() + " is not an object value"); }
      |                  ^
/home/zjy/ws/jenkins/workspace/ci-arc770/ggerganov-llama.cpp/common/jinja/value.h:143:18: warning: function 'insert' could be declared with attribute 'noreturn' [-Wmissing-noreturn]
  143 |     virtual void insert(const value & /* key */, const value & /* val */) { throw std::runtime_error(type() + " is not an object value"); }
      |                  ^
/home/zjy/ws/jenkins/workspace/ci-arc770/ggerganov-llama.cpp/common/jinja/value.h:144:21: warning: function 'at' could be declared with attribute 'noreturn' [-Wmissing-noreturn]
  144 |     virtual value & at(const value & /* key */, value & /* default_val */) { throw std::runtime_error(type() + " is not an object value"); }
      |                     ^
/home/zjy/ws/jenkins/workspace/ci-arc770/ggerganov-llama.cpp/common/jinja/value.h:145:21: warning: function 'at' could be declared with attribute 'noreturn' [-Wmissing-noreturn]
  145 |     virtual value & at(const value & /* key */) { throw std::runtime_error(type() + " is not an object value"); }
      |                     ^
/home/zjy/ws/jenkins/workspace/ci-arc770/ggerganov-llama.cpp/common/jinja/value.h:146:21: warning: function 'at' could be declared with attribute 'noreturn' [-Wmissing-noreturn]
  146 |     virtual value & at(const std::string & /* key */, value & /* default_val */) { throw std::runtime_error(type() + " is not an object value"); }
      |                     ^
/home/zjy/ws/jenkins/workspace/ci-arc770/ggerganov-llama.cpp/common/jinja/value.h:147:21: warning: function 'at' could be declared with attribute 'noreturn' [-Wmissing-noreturn]
  147 |     virtual value & at(const std::string & /* key */) { throw std::runtime_error(type() + " is not an object value"); }
      |                     ^
/home/zjy/ws/jenkins/workspace/ci-arc770/ggerganov-llama.cpp/common/jinja/value.h:148:21: warning: function 'at' could be declared with attribute 'noreturn' [-Wmissing-noreturn]
  148 |     virtual value & at(int64_t /* idx */, value & /* default_val */) { throw std::runtime_error(type() + " is not an array value"); }
      |                     ^
/home/zjy/ws/jenkins/workspace/ci-arc770/ggerganov-llama.cpp/common/jinja/value.h:149:21: warning: function 'at' could be declared with attribute 'noreturn' [-Wmissing-noreturn]
  149 |     virtual value & at(int64_t /* idx */) { throw std::runtime_error(type() + " is not an array value"); }
      |                     ^
[ 58%] Linking CXX executable ../../bin/llama-simple
In file included from /home/zjy/ws/jenkins/workspace/ci-arc770/ggerganov-llama.cpp/common/jinja/lexer.cpp:2:
/home/zjy/ws/jenkins/workspace/ci-arc770/ggerganov-llama.cpp/common/jinja/runtime.h:110:19: warning: function 'execute_impl' could be declared with attribute 'noreturn' [-Wmissing-noreturn]
  110 |     virtual value execute_impl(context &) { throw std::runtime_error("cannot exec " + type()); }
      |                   ^
/home/zjy/ws/jenkins/workspace/ci-arc770/ggerganov-llama.cpp/common/jinja/runtime.h:146:11: warning: function 'execute_impl' could be declared with attribute 'noreturn' [-Wmissing-noreturn]
  146 |     value execute_impl(context &) override {
      |           ^
/home/zjy/ws/jenkins/workspace/ci-arc770/ggerganov-llama.cpp/common/jinja/runtime.h:198:11: warning: function 'execute_impl' could be declared with attribute 'noreturn' [-Wmissing-noreturn]
  198 |     value execute_impl(context &) override {
      |           ^
/home/zjy/ws/jenkins/workspace/ci-arc770/ggerganov-llama.cpp/common/jinja/runtime.h:212:11: warning: function 'execute_impl' could be declared with attribute 'noreturn' [-Wmissing-noreturn]
  212 |     value execute_impl(context &) override {
      |           ^
/home/zjy/ws/jenkins/workspace/ci-arc770/ggerganov-llama.cpp/common/jinja/runtime.h:504:11: warning: function 'execute_impl' could be declared with attribute 'noreturn' [-Wmissing-noreturn]
  504 |     value execute_impl(context &) override {
      |           ^
In file included from /home/zjy/ws/jenkins/workspace/ci-arc770/ggerganov-llama.cpp/common/jinja/value.cpp:1:
In file included from /home/zjy/ws/jenkins/workspace/ci-arc770/ggerganov-llama.cpp/common/jinja/runtime.h:4:
/home/zjy/ws/jenkins/workspace/ci-arc770/ggerganov-llama.cpp/common/jinja/value.h:129:21: warning: function 'as_int' could be declared with attribute 'noreturn' [-Wmissing-noreturn]
  129 |     virtual int64_t as_int() const { throw std::runtime_error(type() + " is not an int value"); }
      |                     ^
/home/zjy/ws/jenkins/workspace/ci-arc770/ggerganov-llama.cpp/common/jinja/value.h:130:20: warning: function 'as_float' could be declared with attribute 'noreturn' [-Wmissing-noreturn]
  130 |     virtual double as_float() const { throw std::runtime_error(type() + " is not a float value"); }
      |                    ^
/home/zjy/ws/jenkins/workspace/ci-arc770/ggerganov-llama.cpp/common/jinja/value.h:131:20: warning: function 'as_string' could be declared with attribute 'noreturn' [-Wmissing-noreturn]
  131 |     virtual string as_string() const { throw std::runtime_error(type() + " is not a string value"); }
      |                    ^
/home/zjy/ws/jenkins/workspace/ci-arc770/ggerganov-llama.cpp/common/jinja/value.h:132:18: warning: function 'as_bool' could be declared with attribute 'noreturn' [-Wmissing-noreturn]
  132 |     virtual bool as_bool() const { throw std::runtime_error(type() + " is not a bool value"); }
      |                  ^
/home/zjy/ws/jenkins/workspace/ci-arc770/ggerganov-llama.cpp/common/jinja/value.h:133:40: warning: function 'as_array' could be declared with attribute 'noreturn' [-Wmissing-noreturn]
  133 |     virtual const std::vector<value> & as_array() const { throw std::runtime_error(type() + " is not an array value"); }
      |                                        ^
/home/zjy/ws/jenkins/workspace/ci-arc770/ggerganov-llama.cpp/common/jinja/value.h:134:58: warning: function 'as_ordered_object' could be declared with attribute 'noreturn' [-Wmissing-noreturn]
  134 |     virtual const std::vector<std::pair<value, value>> & as_ordered_object() const { throw std::runtime_error(type() + " is not an object value"); }
      |                                                          ^
/home/zjy/ws/jenkins/workspace/ci-arc770/ggerganov-llama.cpp/common/jinja/value.h:135:19: warning: function 'invoke' could be declared with attribute 'noreturn' [-Wmissing-noreturn]
  135 |     virtual value invoke(const func_args &) const { throw std::runtime_error(type() + " is not a function value"); }
      |                   ^
/home/zjy/ws/jenkins/workspace/ci-arc770/ggerganov-llama.cpp/common/jinja/value.h:138:35: warning: function 'get_builtins' could be declared with attribute 'noreturn' [-Wmissing-noreturn]
  138 |     virtual const func_builtins & get_builtins() const {
      |                                   ^
/home/zjy/ws/jenkins/workspace/ci-arc770/ggerganov-llama.cpp/common/jinja/value.h:142:18: warning: function 'has_key' could be declared with attribute 'noreturn' [-Wmissing-noreturn]
  142 |     virtual bool has_key(const value &) { throw std::runtime_error(type() + " is not an object value"); }
      |                  ^
/home/zjy/ws/jenkins/workspace/ci-arc770/ggerganov-llama.cpp/common/jinja/value.h:143:18: warning: function 'insert' could be declared with attribute 'noreturn' [-Wmissing-noreturn]
  143 |     virtual void insert(const value & /* key */, const value & /* val */) { throw std::runtime_error(type() + " is not an object value"); }
      |                  ^
/home/zjy/ws/jenkins/workspace/ci-arc770/ggerganov-llama.cpp/common/jinja/value.h:144:21: warning: function 'at' could be declared with attribute 'noreturn' [-Wmissing-noreturn]
  144 |     virtual value & at(const value & /* key */, value & /* default_val */) { throw std::runtime_error(type() + " is not an object value"); }
      |                     ^
/home/zjy/ws/jenkins/workspace/ci-arc770/ggerganov-llama.cpp/common/jinja/value.h:145:21: warning: function 'at' could be declared with attribute 'noreturn' [-Wmissing-noreturn]
  145 |     virtual value & at(const value & /* key */) { throw std::runtime_error(type() + " is not an object value"); }
      |                     ^
/home/zjy/ws/jenkins/workspace/ci-arc770/ggerganov-llama.cpp/common/jinja/value.h:146:21: warning: function 'at' could be declared with attribute 'noreturn' [-Wmissing-noreturn]
  146 |     virtual value & at(const std::string & /* key */, value & /* default_val */) { throw std::runtime_error(type() + " is not an object value"); }
      |                     ^
/home/zjy/ws/jenkins/workspace/ci-arc770/ggerganov-llama.cpp/common/jinja/value.h:147:21: warning: function 'at' could be declared with attribute 'noreturn' [-Wmissing-noreturn]
  147 |     virtual value & at(const std::string & /* key */) { throw std::runtime_error(type() + " is not an object value"); }
      |                     ^
/home/zjy/ws/jenkins/workspace/ci-arc770/ggerganov-llama.cpp/common/jinja/value.h:148:21: warning: function 'at' could be declared with attribute 'noreturn' [-Wmissing-noreturn]
  148 |     virtual value & at(int64_t /* idx */, value & /* default_val */) { throw std::runtime_error(type() + " is not an array value"); }
      |                     ^
/home/zjy/ws/jenkins/workspace/ci-arc770/ggerganov-llama.cpp/common/jinja/value.h:149:21: warning: function 'at' could be declared with attribute 'noreturn' [-Wmissing-noreturn]
  149 |     virtual value & at(int64_t /* idx */) { throw std::runtime_error(type() + " is not an array value"); }
      |                     ^
In file included from /home/zjy/ws/jenkins/workspace/ci-arc770/ggerganov-llama.cpp/common/jinja/parser.cpp:2:
In file included from /home/zjy/ws/jenkins/workspace/ci-arc770/ggerganov-llama.cpp/common/jinja/runtime.h:4:
/home/zjy/ws/jenkins/workspace/ci-arc770/ggerganov-llama.cpp/common/jinja/value.h:129:21: warning: function 'as_int' could be declared with attribute 'noreturn' [-Wmissing-noreturn]
  129 |     virtual int64_t as_int() const { throw std::runtime_error(type() + " is not an int value"); }
      |                     ^
/home/zjy/ws/jenkins/workspace/ci-arc770/ggerganov-llama.cpp/common/jinja/value.h:130:20: warning: function 'as_float' could be declared with attribute 'noreturn' [-Wmissing-noreturn]
  130 |     virtual double as_float() const { throw std::runtime_error(type() + " is not a float value"); }
      |                    ^
/home/zjy/ws/jenkins/workspace/ci-arc770/ggerganov-llama.cpp/common/jinja/value.h:131:20: warning: function 'as_string' could be declared with attribute 'noreturn' [-Wmissing-noreturn]
  131 |     virtual string as_string() const { throw std::runtime_error(type() + " is not a string value"); }
      |                    ^
/home/zjy/ws/jenkins/workspace/ci-arc770/ggerganov-llama.cpp/common/jinja/value.h:132:18: warning: function 'as_bool' could be declared with attribute 'noreturn' [-Wmissing-noreturn]
  132 |     virtual bool as_bool() const { throw std::runtime_error(type() + " is not a bool value"); }
      |                  ^
/home/zjy/ws/jenkins/workspace/ci-arc770/ggerganov-llama.cpp/common/jinja/value.h:133:40: warning: function 'as_array' could be declared with attribute 'noreturn' [-Wmissing-noreturn]
  133 |     virtual const std::vector<value> & as_array() const { throw std::runtime_error(type() + " is not an array value"); }
      |                                        ^
/home/zjy/ws/jenkins/workspace/ci-arc770/ggerganov-llama.cpp/common/jinja/value.h:134:58: warning: function 'as_ordered_object' could be declared with attribute 'noreturn' [-Wmissing-noreturn]
  134 |     virtual const std::vector<std::pair<value, value>> & as_ordered_object() const { throw std::runtime_error(type() + " is not an object value"); }
      |                                                          ^
/home/zjy/ws/jenkins/workspace/ci-arc770/ggerganov-llama.cpp/common/jinja/value.h:135:19: warning: function 'invoke' could be declared with attribute 'noreturn' [-Wmissing-noreturn]
  135 |     virtual value invoke(const func_args &) const { throw std::runtime_error(type() + " is not a function value"); }
      |                   ^
/home/zjy/ws/jenkins/workspace/ci-arc770/ggerganov-llama.cpp/common/jinja/value.h:138:35: warning: function 'get_builtins' could be declared with attribute 'noreturn' [-Wmissing-noreturn]
  138 |     virtual const func_builtins & get_builtins() const {
      |                                   ^
/home/zjy/ws/jenkins/workspace/ci-arc770/ggerganov-llama.cpp/common/jinja/value.h:142:18: warning: function 'has_key' could be declared with attribute 'noreturn' [-Wmissing-noreturn]
  142 |     virtual bool has_key(const value &) { throw std::runtime_error(type() + " is not an object value"); }
      |                  ^
/home/zjy/ws/jenkins/workspace/ci-arc770/ggerganov-llama.cpp/common/jinja/value.h:143:18: warning: function 'insert' could be declared with attribute 'noreturn' [-Wmissing-noreturn]
  143 |     virtual void insert(const value & /* key */, const value & /* val */) { throw std::runtime_error(type() + " is not an object value"); }
      |                  ^
/home/zjy/ws/jenkins/workspace/ci-arc770/ggerganov-llama.cpp/common/jinja/value.h:144:21: warning: function 'at' could be declared with attribute 'noreturn' [-Wmissing-noreturn]
  144 |     virtual value & at(const value & /* key */, value & /* default_val */) { throw std::runtime_error(type() + " is not an object value"); }
      |                     ^
/home/zjy/ws/jenkins/workspace/ci-arc770/ggerganov-llama.cpp/common/jinja/value.h:145:21: warning: function 'at' could be declared with attribute 'noreturn' [-Wmissing-noreturn]
  145 |     virtual value & at(const value & /* key */) { throw std::runtime_error(type() + " is not an object value"); }
      |                     ^
/home/zjy/ws/jenkins/workspace/ci-arc770/ggerganov-llama.cpp/common/jinja/value.h:146:21: warning: function 'at' could be declared with attribute 'noreturn' [-Wmissing-noreturn]
  146 |     virtual value & at(const std::string & /* key */, value & /* default_val */) { throw std::runtime_error(type() + " is not an object value"); }
      |                     ^
/home/zjy/ws/jenkins/workspace/ci-arc770/ggerganov-llama.cpp/common/jinja/value.h:147:21: warning: function 'at' could be declared with attribute 'noreturn' [-Wmissing-noreturn]
  147 |     virtual value & at(const std::string & /* key */) { throw std::runtime_error(type() + " is not an object value"); }
      |                     ^
/home/zjy/ws/jenkins/workspace/ci-arc770/ggerganov-llama.cpp/common/jinja/value.h:148:21: warning: function 'at' could be declared with attribute 'noreturn' [-Wmissing-noreturn]
  148 |     virtual value & at(int64_t /* idx */, value & /* default_val */) { throw std::runtime_error(type() + " is not an array value"); }
      |                     ^
/home/zjy/ws/jenkins/workspace/ci-arc770/ggerganov-llama.cpp/common/jinja/value.h:149:21: warning: function 'at' could be declared with attribute 'noreturn' [-Wmissing-noreturn]
  149 |     virtual value & at(int64_t /* idx */) { throw std::runtime_error(type() + " is not an array value"); }
      |                     ^
In file included from /home/zjy/ws/jenkins/workspace/ci-arc770/ggerganov-llama.cpp/common/jinja/caps.cpp:1:
/home/zjy/ws/jenkins/workspace/ci-arc770/ggerganov-llama.cpp/common/jinja/value.h:129:21: warning: function 'as_int' could be declared with attribute 'noreturn' [-Wmissing-noreturn]
  129 |     virtual int64_t as_int() const { throw std::runtime_error(type() + " is not an int value"); }
      |                     ^
/home/zjy/ws/jenkins/workspace/ci-arc770/ggerganov-llama.cpp/common/jinja/value.h:130:20: warning: function 'as_float' could be declared with attribute 'noreturn' [-Wmissing-noreturn]
  130 |     virtual double as_float() const { throw std::runtime_error(type() + " is not a float value"); }
      |                    ^
/home/zjy/ws/jenkins/workspace/ci-arc770/ggerganov-llama.cpp/common/jinja/value.h:131:20: warning: function 'as_string' could be declared with attribute 'noreturn' [-Wmissing-noreturn]
  131 |     virtual string as_string() const { throw std::runtime_error(type() + " is not a string value"); }
      |                    ^
/home/zjy/ws/jenkins/workspace/ci-arc770/ggerganov-llama.cpp/common/jinja/value.h:132:18: warning: function 'as_bool' could be declared with attribute 'noreturn' [-Wmissing-noreturn]
  132 |     virtual bool as_bool() const { throw std::runtime_error(type() + " is not a bool value"); }
      |                  ^
/home/zjy/ws/jenkins/workspace/ci-arc770/ggerganov-llama.cpp/common/jinja/value.h:133:40: warning: function 'as_array' could be declared with attribute 'noreturn' [-Wmissing-noreturn]
  133 |     virtual const std::vector<value> & as_array() const { throw std::runtime_error(type() + " is not an array value"); }
      |                                        ^
/home/zjy/ws/jenkins/workspace/ci-arc770/ggerganov-llama.cpp/common/jinja/value.h:134:58: warning: function 'as_ordered_object' could be declared with attribute 'noreturn' [-Wmissing-noreturn]
  134 |     virtual const std::vector<std::pair<value, value>> & as_ordered_object() const { throw std::runtime_error(type() + " is not an object value"); }
      |                                                          ^
/home/zjy/ws/jenkins/workspace/ci-arc770/ggerganov-llama.cpp/common/jinja/value.h:135:19: warning: function 'invoke' could be declared with attribute 'noreturn' [-Wmissing-noreturn]
  135 |     virtual value invoke(const func_args &) const { throw std::runtime_error(type() + " is not a function value"); }
      |                   ^
/home/zjy/ws/jenkins/workspace/ci-arc770/ggerganov-llama.cpp/common/jinja/value.h:138:35: warning: function 'get_builtins' could be declared with attribute 'noreturn' [-Wmissing-noreturn]
  138 |     virtual const func_builtins & get_builtins() const {
      |                                   ^
/home/zjy/ws/jenkins/workspace/ci-arc770/ggerganov-llama.cpp/common/jinja/value.h:142:18: warning: function 'has_key' could be declared with attribute 'noreturn' [-Wmissing-noreturn]
  142 |     virtual bool has_key(const value &) { throw std::runtime_error(type() + " is not an object value"); }
      |                  ^
/home/zjy/ws/jenkins/workspace/ci-arc770/ggerganov-llama.cpp/common/jinja/value.h:143:18: warning: function 'insert' could be declared with attribute 'noreturn' [-Wmissing-noreturn]
  143 |     virtual void insert(const value & /* key */, const value & /* val */) { throw std::runtime_error(type() + " is not an object value"); }
      |                  ^
/home/zjy/ws/jenkins/workspace/ci-arc770/ggerganov-llama.cpp/common/jinja/value.h:144:21: warning: function 'at' could be declared with attribute 'noreturn' [-Wmissing-noreturn]
  144 |     virtual value & at(const value & /* key */, value & /* default_val */) { throw std::runtime_error(type() + " is not an object value"); }
      |                     ^
/home/zjy/ws/jenkins/workspace/ci-arc770/ggerganov-llama.cpp/common/jinja/value.h:145:21: warning: function 'at' could be declared with attribute 'noreturn' [-Wmissing-noreturn]
  145 |     virtual value & at(const value & /* key */) { throw std::runtime_error(type() + " is not an object value"); }
      |                     ^
/home/zjy/ws/jenkins/workspace/ci-arc770/ggerganov-llama.cpp/common/jinja/value.h:146:21: warning: function 'at' could be declared with attribute 'noreturn' [-Wmissing-noreturn]
  146 |     virtual value & at(const std::string & /* key */, value & /* default_val */) { throw std::runtime_error(type() + " is not an object value"); }
      |                     ^
/home/zjy/ws/jenkins/workspace/ci-arc770/ggerganov-llama.cpp/common/jinja/value.h:147:21: warning: function 'at' could be declared with attribute 'noreturn' [-Wmissing-noreturn]
  147 |     virtual value & at(const std::string & /* key */) { throw std::runtime_error(type() + " is not an object value"); }
      |                     ^
/home/zjy/ws/jenkins/workspace/ci-arc770/ggerganov-llama.cpp/common/jinja/value.h:148:21: warning: function 'at' could be declared with attribute 'noreturn' [-Wmissing-noreturn]
  148 |     virtual value & at(int64_t /* idx */, value & /* default_val */) { throw std::runtime_error(type() + " is not an array value"); }
      |                     ^
/home/zjy/ws/jenkins/workspace/ci-arc770/ggerganov-llama.cpp/common/jinja/value.h:149:21: warning: function 'at' could be declared with attribute 'noreturn' [-Wmissing-noreturn]
  149 |     virtual value & at(int64_t /* idx */) { throw std::runtime_error(type() + " is not an array value"); }
      |                     ^
In file included from In file included from /home/zjy/ws/jenkins/workspace/ci-arc770/ggerganov-llama.cpp/common/jinja/string.cpp:2:
/home/zjy/ws/jenkins/workspace/ci-arc770/ggerganov-llama.cpp/common/./jinja/value.h:129:21: warning: function 'as_int' could be declared with attribute 'noreturn' [-Wmissing-noreturn]
  129 |     virtual int64_t as_int() const { throw std::runtime_error(type() + " is not an int value"); }
      |                     ^
/home/zjy/ws/jenkins/workspace/ci-arc770/ggerganov-llama.cpp/common/./jinja/value.h:130:20: warning: function 'as_float' could be declared with attribute 'noreturn' [-Wmissing-noreturn]
  130 |     virtual double as_float() const { throw std::runtime_error(type() + " is not a float value"); }
      |                    ^
/home/zjy/ws/jenkins/workspace/ci-arc770/ggerganov-llama.cpp/common/./jinja/value.h:131:20: warning: function 'as_string' could be declared with attribute 'noreturn' [-Wmissing-noreturn]
  131 |     virtual string as_string() const { throw std::runtime_error(type() + " is not a string value"); }
      |                    ^
/home/zjy/ws/jenkins/workspace/ci-arc770/ggerganov-llama.cpp/common/./jinja/value.h:132:18: warning: function 'as_bool' could be declared with attribute 'noreturn' [-Wmissing-noreturn]
  132 |     virtual bool as_bool() const { throw std::runtime_error(type() + " is not a bool value"); }
      |                  ^
/home/zjy/ws/jenkins/workspace/ci-arc770/ggerganov-llama.cpp/common/./jinja/value.h:133:40: warning: function 'as_array' could be declared with attribute 'noreturn' [-Wmissing-noreturn]
  133 |     virtual const std::vector<value> & as_array() const { throw std::runtime_error(type() + " is not an array value"); }
      |                                        ^
/home/zjy/ws/jenkins/workspace/ci-arc770/ggerganov-llama.cpp/common/./jinja/value.h:134:58: warning: function 'as_ordered_object' could be declared with attribute 'noreturn' [-Wmissing-noreturn]
  134 |     virtual const std::vector<std::pair<value, value>> & as_ordered_object() const { throw std::runtime_error(type() + " is not an object value"); }
      |                                                          ^
/home/zjy/ws/jenkins/workspace/ci-arc770/ggerganov-llama.cpp/common/./jinja/value.h:135:19: warning: function 'invoke' could be declared with attribute 'noreturn' [-Wmissing-noreturn]
  135 |     virtual value invoke(const func_args &) const { throw std::runtime_error(type() + " is not a function value"); }
      |                   ^
/home/zjy/ws/jenkins/workspace/ci-arc770/ggerganov-llama.cpp/common/./jinja/value.h:138:35: warning: function 'get_builtins' could be declared with attribute 'noreturn' [-Wmissing-noreturn]
  138 |     virtual const func_builtins & get_builtins() const {
      |                                   ^
/home/zjy/ws/jenkins/workspace/ci-arc770/ggerganov-llama.cpp/common/./jinja/value.h:142:18: warning: function 'has_key' could be declared with attribute 'noreturn' [-Wmissing-noreturn]
  142 |     virtual bool has_key(const value &) { throw std::runtime_error(type() + " is not an object value"); }
      |                  ^
/home/zjy/ws/jenkins/workspace/ci-arc770/ggerganov-llama.cpp/common/./jinja/value.h:143:18: warning: function 'insert' could be declared with attribute 'noreturn' [-Wmissing-noreturn]
  143 |     virtual void insert(const value & /* key */, const value & /* val */) { throw std::runtime_error(type() + " is not an object value"); }
      |                  ^
/home/zjy/ws/jenkins/workspace/ci-arc770/ggerganov-llama.cpp/common/./jinja/value.h:144:21: warning: function 'at' could be declared with attribute 'noreturn' [-Wmissing-noreturn]
  144 |     virtual value & at(const value & /* key */, value & /* default_val */) { throw std::runtime_error(type() + " is not an object value"); }
      |                     ^
/home/zjy/ws/jenkins/workspace/ci-arc770/ggerganov-llama.cpp/common/./jinja/value.h:145:21: warning: function 'at' could be declared with attribute 'noreturn' [-Wmissing-noreturn]
  145 |     virtual value & at(const value & /* key */) { throw std::runtime_error(type() + " is not an object value"); }
      |                     ^
/home/zjy/ws/jenkins/workspace/ci-arc770/ggerganov-llama.cpp/common/./jinja/value.h:146:21: warning: function 'at' could be declared with attribute 'noreturn' [-Wmissing-noreturn]
  146 |     virtual value & at(const std::string & /* key */, value & /* default_val */) { throw std::runtime_error(type() + " is not an object value"); }
      |                     ^
/home/zjy/ws/jenkins/workspace/ci-arc770/ggerganov-llama.cpp/common/./jinja/value.h:147:21: warning: function 'at' could be declared with attribute 'noreturn' [-Wmissing-noreturn]
  147 |     virtual value & at(const std::string & /* key */) { throw std::runtime_error(type() + " is not an object value"); }
      |                     ^
/home/zjy/ws/jenkins/workspace/ci-arc770/ggerganov-llama.cpp/common/jinja/value.cpp:1:
/home/zjy/ws/jenkins/workspace/ci-arc770/ggerganov-llama.cpp/common/jinja/runtime.h:110:19: warning: function 'execute_impl' could be declared with attribute 'noreturn' [-Wmissing-noreturn]
  110 |     virtual value execute_impl(context &) { throw std::runtime_error("cannot exec " + type()); }
      |                   ^
/home/zjy/ws/jenkins/workspace/ci-arc770/ggerganov-llama.cpp/common/./jinja/value.h:148:21: warning: function 'at' could be declared with attribute 'noreturn' [-Wmissing-noreturn]
  148 |     virtual value & at(int64_t /* idx */, value & /* default_val */) { throw std::runtime_error(type() + " is not an array value"); }
      |                     ^
/home/zjy/ws/jenkins/workspace/ci-arc770/ggerganov-llama.cpp/common/./jinja/value.h:149:21: warning: function 'at' could be declared with attribute 'noreturn' [-Wmissing-noreturn]
  149 |     virtual value & at(int64_t /* idx */) { throw std::runtime_error(type() + " is not an array value"); }
      |                     ^
/home/zjy/ws/jenkins/workspace/ci-arc770/ggerganov-llama.cpp/common/jinja/runtime.h:146:11: warning: function 'execute_impl' could be declared with attribute 'noreturn' [-Wmissing-noreturn]
  146 |     value execute_impl(context &) override {
      |           ^
/home/zjy/ws/jenkins/workspace/ci-arc770/ggerganov-llama.cpp/common/jinja/runtime.h:198:11: warning: function 'execute_impl' could be declared with attribute 'noreturn' [-Wmissing-noreturn]
  198 |     value execute_impl(context &) override {
      |           ^
/home/zjy/ws/jenkins/workspace/ci-arc770/ggerganov-llama.cpp/common/jinja/runtime.h:212:11: warning: function 'execute_impl' could be declared with attribute 'noreturn' [-Wmissing-noreturn]
  212 |     value execute_impl(context &) override {
      |           ^
/home/zjy/ws/jenkins/workspace/ci-arc770/ggerganov-llama.cpp/common/jinja/runtime.h:504:11: warning: function 'execute_impl' could be declared with attribute 'noreturn' [-Wmissing-noreturn]
  504 |     value execute_impl(context &) override {
      |           ^
[ 59%] Linking CXX executable ../../bin/llama-simple-chat
In file included from /home/zjy/ws/jenkins/workspace/ci-arc770/ggerganov-llama.cpp/common/jinja/parser.cpp:2:
/home/zjy/ws/jenkins/workspace/ci-arc770/ggerganov-llama.cpp/common/jinja/runtime.h:110:19: warning: function 'execute_impl' could be declared with attribute 'noreturn' [-Wmissing-noreturn]
  110 |     virtual value execute_impl(context &) { throw std::runtime_error("cannot exec " + type()); }
      |                   ^
/home/zjy/ws/jenkins/workspace/ci-arc770/ggerganov-llama.cpp/common/jinja/runtime.h:146:11: warning: function 'execute_impl' could be declared with attribute 'noreturn' [-Wmissing-noreturn]
  146 |     value execute_impl(context &) override {
      |           ^
/home/zjy/ws/jenkins/workspace/ci-arc770/ggerganov-llama.cpp/common/jinja/runtime.h:198:11: warning: function 'execute_impl' could be declared with attribute 'noreturn' [-Wmissing-noreturn]
  198 |     value execute_impl(context &) override {
      |           ^
/home/zjy/ws/jenkins/workspace/ci-arc770/ggerganov-llama.cpp/common/jinja/runtime.h:212:11: warning: function 'execute_impl' could be declared with attribute 'noreturn' [-Wmissing-noreturn]
  212 |     value execute_impl(context &) override {
      |           ^
In file included from /home/zjy/ws/jenkins/workspace/ci-arc770/ggerganov-llama.cpp/common/jinja/runtime.cpp:2:
In file included from /home/zjy/ws/jenkins/workspace/ci-arc770/ggerganov-llama.cpp/common/jinja/runtime.h:4:
/home/zjy/ws/jenkins/workspace/ci-arc770/ggerganov-llama.cpp/common/jinja/value.h:129:21: warning: function 'as_int' could be declared with attribute 'noreturn' [-Wmissing-noreturn]
  129 |     virtual int64_t as_int() const { throw std::runtime_error(type() + " is not an int value"); }
      |                     ^
/home/zjy/ws/jenkins/workspace/ci-arc770/ggerganov-llama.cpp/common/jinja/value.h:130:20: warning: function 'as_float' could be declared with attribute 'noreturn' [-Wmissing-noreturn]
  130 |     virtual double as_float() const { throw std::runtime_error(type() + " is not a float value"); }
      |                    ^
/home/zjy/ws/jenkins/workspace/ci-arc770/ggerganov-llama.cpp/common/jinja/value.h:131:20: warning: function 'as_string' could be declared with attribute 'noreturn' [-Wmissing-noreturn]
  131 |     virtual string as_string() const { throw std::runtime_error(type() + " is not a string value"); }
      |                    ^
/home/zjy/ws/jenkins/workspace/ci-arc770/ggerganov-llama.cpp/common/jinja/value.h:132:18: warning: function 'as_bool' could be declared with attribute 'noreturn' [-Wmissing-noreturn]
  132 |     virtual bool as_bool() const { throw std::runtime_error(type() + " is not a bool value"); }
      |                  ^
/home/zjy/ws/jenkins/workspace/ci-arc770/ggerganov-llama.cpp/common/jinja/value.h:133:40: warning: function 'as_array' could be declared with attribute 'noreturn' [-Wmissing-noreturn]
  133 |     virtual const std::vector<value> & as_array(/home/zjy/ws/jenkins/workspace/ci-arc770/ggerganov-llama.cpp/common/jinja/runtime.h) :c504o:n11s:t  warning: {function 'execute_impl' could be declared with attribute 'noreturn' [-Wmissing-noreturn] 
throw std::r  504u | n t i m ev_aelrureo re(xteycpuet(e)_ i+m p"l (icson tneoxtt  a&n)  aorvrearyr ivdael u{e
"      )| ;          ^ 
}
      |                                        ^
/home/zjy/ws/jenkins/workspace/ci-arc770/ggerganov-llama.cpp/common/jinja/value.h:134:58: warning: function 'as_ordered_object' could be declared with attribute 'noreturn' [-Wmissing-noreturn]
  134 |     virtual const std::vector<std::pair<value, value>> & as_ordered_object() const { throw std::runtime_error(type() + " is not an object value"); }
      |                                                          ^
/home/zjy/ws/jenkins/workspace/ci-arc770/ggerganov-llama.cpp/common/jinja/value.h:135:19: warning: function 'invoke' could be declared with attribute 'noreturn' [-Wmissing-noreturn]
  135 |     virtual value invoke(const func_args &) const { throw std::runtime_error(type() + " is not a function value"); }
      |                   ^
/home/zjy/ws/jenkins/workspace/ci-arc770/ggerganov-llama.cpp/common/jinja/value.h:138:35: warning: function 'get_builtins' could be declared with attribute 'noreturn' [-Wmissing-noreturn]
  138 |     virtual const func_builtins & get_builtins() const {
      |                                   ^
/home/zjy/ws/jenkins/workspace/ci-arc770/ggerganov-llama.cpp/common/jinja/value.h:142:18: warning: function 'has_key' could be declared with attribute 'noreturn' [-Wmissing-noreturn]
  142 |     virtual bool has_key(const value &) { throw std::runtime_error(type() + " is not an object value"); }
      |                  ^
/home/zjy/ws/jenkins/workspace/ci-arc770/ggerganov-llama.cpp/common/jinja/value.h:143:18: warning: function 'insert' could be declared with attribute 'noreturn' [-Wmissing-noreturn]
  143 |     virtual void insert(const value & /* key */, const value & /* val */) { throw std::runtime_error(type() + " is not an object value"); }
      |                  ^
/home/zjy/ws/jenkins/workspace/ci-arc770/ggerganov-llama.cpp/common/jinja/value.h:144:21: warning: function 'at' could be declared with attribute 'noreturn' [-Wmissing-noreturn]
  144 |     virtual value & at(const value & /* key */, value & /* default_val */) { throw std::runtime_error(type() + " is not an object value"); }
      |                     ^
/home/zjy/ws/jenkins/workspace/ci-arc770/ggerganov-llama.cpp/common/jinja/value.h:145:21: warning: function 'at' could be declared with attribute 'noreturn' [-Wmissing-noreturn]
  145 |     virtual value & at(const value & /* key */) { throw std::runtime_error(type() + " is not an object value"); }
      |                     ^
/home/zjy/ws/jenkins/workspace/ci-arc770/ggerganov-llama.cpp/common/jinja/value.h:146:21: warning: function 'at' could be declared with attribute 'noreturn' [-Wmissing-noreturn]
  146 |     virtual value & at(const std::string & /* key */, value & /* default_val */) { throw std::runtime_error(type() + " is not an object value"); }
      |                     ^
/home/zjy/ws/jenkins/workspace/ci-arc770/ggerganov-llama.cpp/common/jinja/value.h:147:21: warning: function 'at' could be declared with attribute 'noreturn' [-Wmissing-noreturn]
  147 |     virtual value & at(const std::string & /* key */) { throw std::runtime_error(type() + " is not an object value"); }
      |                     ^
/home/zjy/ws/jenkins/workspace/ci-arc770/ggerganov-llama.cpp/common/jinja/value.h:148:21: warning: function 'at' could be declared with attribute 'noreturn' [-Wmissing-noreturn]
  148 |     virtual value & at(int64_t /* idx */, value & /* default_val */) { throw std::runtime_error(type() + " is not an array value"); }
      |                     ^
/home/zjy/ws/jenkins/workspace/ci-arc770/ggerganov-llama.cpp/common/jinja/value.h:149:21: warning: function 'at' could be declared with attribute 'noreturn' [-Wmissing-noreturn]
  149 |     virtual value & at(int64_t /* idx */) { throw std::runtime_error(type() + " is not an array value"); }
      |                     ^
In file included from /home/zjy/ws/jenkins/workspace/ci-arc770/ggerganov-llama.cpp/common/jinja/caps.cpp:2:
/home/zjy/ws/jenkins/workspace/ci-arc770/ggerganov-llama.cpp/common/jinja/runtime.h:110:19: warning: function 'execute_impl' could be declared with attribute 'noreturn' [-Wmissing-noreturn]
  110 |     virtual value execute_impl(context &) { throw std::runtime_error("cannot exec " + type()); }
      |                   ^
/home/zjy/ws/jenkins/workspace/ci-arc770/ggerganov-llama.cpp/common/jinja/runtime.h:146:11: warning: function 'execute_impl' could be declared with attribute 'noreturn' [-Wmissing-noreturn]
  146 |     value execute_impl(context &) override {
      |           ^
/home/zjy/ws/jenkins/workspace/ci-arc770/ggerganov-llama.cpp/common/jinja/runtime.h:198:11: warning: function 'execute_impl' could be declared with attribute 'noreturn' [-Wmissing-noreturn]
  198 |     value execute_impl(context &) override {
      |           ^
/home/zjy/ws/jenkins/workspace/ci-arc770/ggerganov-llama.cpp/common/jinja/runtime.h:212:11: warning: function 'execute_impl' could be declared with attribute 'noreturn' [-Wmissing-noreturn]
  212 |     value execute_impl(context &) override {
      |           ^
/home/zjy/ws/jenkins/workspace/ci-arc770/ggerganov-llama.cpp/common/jinja/runtime.h:504:11: warning: function 'execute_impl' could be declared with attribute 'noreturn' [-Wmissing-noreturn]
  504 |     value execute_impl(context &) override {
      |           ^
In file included from /home/zjy/ws/jenkins/workspace/ci-arc770/ggerganov-llama.cpp/common/jinja/runtime.cpp:2:
/home/zjy/ws/jenkins/workspace/ci-arc770/ggerganov-llama.cpp/common/jinja/runtime.h:110:19: warning: function 'execute_impl' could be declared with attribute 'noreturn' [-Wmissing-noreturn]
  110 |     virtual value execute_impl(context &) { throw std::runtime_error("cannot exec " + type()); }
      |                   ^
/home/zjy/ws/jenkins/workspace/ci-arc770/ggerganov-llama.cpp/common/jinja/runtime.h:146:11: warning: function 'execute_impl' could be declared with attribute 'noreturn' [-Wmissing-noreturn]
  146 |     value execute_impl(context &) override {
      |           ^
/home/zjy/ws/jenkins/workspace/ci-arc770/ggerganov-llama.cpp/common/jinja/runtime.h:198:11: warning: function 'execute_impl' could be declared with attribute 'noreturn' [-Wmissing-noreturn]
  198 |     value execute_impl(context &) override {
      |           ^
/home/zjy/ws/jenkins/workspace/ci-arc770/ggerganov-llama.cpp/common/jinja/runtime.h:212:11: warning: function 'execute_impl' could be declared with attribute 'noreturn' [-Wmissing-noreturn]
  212 |     value execute_impl(context &) override {
      |           ^
/home/zjy/ws/jenkins/workspace/ci-arc770/ggerganov-llama.cpp/common/jinja/runtime.h:504:11: warning: function 'execute_impl' could be declared with attribute 'noreturn' [-Wmissing-noreturn]
  504 |     value execute_impl(context &) override {
      |           ^
[ 59%] Built target llama-simple
/home/zjy/ws/jenkins/workspace/ci-arc770/ggerganov-llama.cpp/common/jinja/value.cpp:691:20: warning: function 'operator()' could be declared with attribute 'noreturn' [-Wmissing-noreturn]
  691 |         {"indent", [](const func_args &) -> value {
      |                    ^
/home/zjy/ws/jenkins/workspace/ci-arc770/ggerganov-llama.cpp/common/jinja/value.cpp:694:18: warning: function 'operator()' could be declared with attribute 'noreturn' [-Wmissing-noreturn]
  694 |         {"join", [](const func_args &) -> value {
      |                  ^
[ 59%] Built target llama-simple-chat
21 warnings generated.
16 warnings generated.
/home/zjy/ws/jenkins/workspace/ci-arc770/ggerganov-llama.cpp/common/jinja/value.cpp:920:20: warning: function 'operator()' could be declared with attribute 'noreturn' [-Wmissing-noreturn]
  920 |         {"unique", [](const func_args &) -> value {
      |                    ^
/home/zjy/ws/jenkins/workspace/ci-arc770/ggerganov-llama.cpp/common/jinja/value.cpp:1014:18: warning: function 'operator()' could be declared with attribute 'noreturn' [-Wmissing-noreturn]
 1014 |         {"join", [](const func_args &) -> value {
      |                  ^
In file included from /home/zjy/ws/jenkins/workspace/ci-arc770/ggerganov-llama.cpp/common/chat.cpp:10:
In file included from /home/zjy/ws/jenkins/workspace/ci-arc770/ggerganov-llama.cpp/common/jinja/parser.h:4:
In file included from /home/zjy/ws/jenkins/workspace/ci-arc770/ggerganov-llama.cpp/common/jinja/runtime.h:4:
/home/zjy/ws/jenkins/workspace/ci-arc770/ggerganov-llama.cpp/common/jinja/value.h:129:21: warning: function 'as_int' could be declared with attribute 'noreturn' [-Wmissing-noreturn]
  129 |     virtual int64_t as_int() const { throw std::runtime_error(type() + " is not an int value"); }
      |                     ^
/home/zjy/ws/jenkins/workspace/ci-arc770/ggerganov-llama.cpp/common/jinja/value.h:130:20: warning: function 'as_float' could be declared with attribute 'noreturn' [-Wmissing-noreturn]
  130 |     virtual double as_float() const { throw std::runtime_error(type() + " is not a float value"); }
      |                    ^
/home/zjy/ws/jenkins/workspace/ci-arc770/ggerganov-llama.cpp/common/jinja/value.h:131:20: warning: function 'as_string' could be declared with attribute 'noreturn' [-Wmissing-noreturn]
  131 |     virtual string as_string() const { throw std::runtime_error(type() + " is not a string value"); }
      |                    ^
/home/zjy/ws/jenkins/workspace/ci-arc770/ggerganov-llama.cpp/common/jinja/value.h:132:18: warning: function 'as_bool' could be declared with attribute 'noreturn' [-Wmissing-noreturn]
  132 |     virtual bool as_bool() const { throw std::runtime_error(type() + " is not a bool value"); }
      |                  ^
/home/zjy/ws/jenkins/workspace/ci-arc770/ggerganov-llama.cpp/common/jinja/value.h:133:40: warning: function 'as_array' could be declared with attribute 'noreturn' [-Wmissing-noreturn]
  133 |     virtual const std::vector<value> & as_array() const { throw std::runtime_error(type() + " is not an array value"); }
      |                                        ^
/home/zjy/ws/jenkins/workspace/ci-arc770/ggerganov-llama.cpp/common/jinja/value.h:134:58: warning: function 'as_ordered_object' could be declared with attribute 'noreturn' [-Wmissing-noreturn]
  134 |     virtual const std::vector<std::pair<value, value>> & as_ordered_object() const { throw std::runtime_error(type() + " is not an object value"); }
      |                                                          ^
/home/zjy/ws/jenkins/workspace/ci-arc770/ggerganov-llama.cpp/common/jinja/value.h:135:19: warning: function 'invoke' could be declared with attribute 'noreturn' [-Wmissing-noreturn]
  135 |     virtual value invoke(const func_args &) const { throw std::runtime_error(type() + " is not a function value"); }
      |                   ^
/home/zjy/ws/jenkins/workspace/ci-arc770/ggerganov-llama.cpp/common/jinja/value.h:138:35: warning: function 'get_builtins' could be declared with attribute 'noreturn' [-Wmissing-noreturn]
  138 |     virtual const func_builtins & get_builtins() const {
      |                                   ^
/home/zjy/ws/jenkins/workspace/ci-arc770/ggerganov-llama.cpp/common/jinja/value.h:142:18: warning: function 'has_key' could be declared with attribute 'noreturn' [-Wmissing-noreturn]
  142 |     virtual bool has_key(const value &) { throw std::runtime_error(type() + " is not an object value"); }
      |                  ^
/home/zjy/ws/jenkins/workspace/ci-arc770/ggerganov-llama.cpp/common/jinja/value.h:143:18: warning: function 'insert' could be declared with attribute 'noreturn' [-Wmissing-noreturn]
  143 |     virtual void insert(const value & /* key */, const value & /* val */) { throw std::runtime_error(type() + " is not an object value"); }
      |                  ^
/home/zjy/ws/jenkins/workspace/ci-arc770/ggerganov-llama.cpp/common/jinja/value.h:144:21: warning: function 'at' could be declared with attribute 'noreturn' [-Wmissing-noreturn]
  144 |     virtual value & at(const value & /* key */, value & /* default_val */) { throw std::runtime_error(type() + " is not an object value"); }
      |                     ^
/home/zjy/ws/jenkins/workspace/ci-arc770/ggerganov-llama.cpp/common/jinja/value.h:145:21: warning: function 'at' could be declared with attribute 'noreturn' [-Wmissing-noreturn]
  145 |     virtual value & at(const value & /* key */) { throw std::runtime_error(type() + " is not an object value"); }
      |                     ^
/home/zjy/ws/jenkins/workspace/ci-arc770/ggerganov-llama.cpp/common/jinja/value.h:146:21: warning: function 'at' could be declared with attribute 'noreturn' [-Wmissing-noreturn]
  146 |     virtual value & at(const std::string & /* key */, value & /* default_val */) { throw std::runtime_error(type() + " is not an object value"); }
      |                     ^
/home/zjy/ws/jenkins/workspace/ci-arc770/ggerganov-llama.cpp/common/jinja/value.h:147:21: warning: function 'at' could be declared with attribute 'noreturn' [-Wmissing-noreturn]
  147 |     virtual value & at(const std::string & /* key */) { throw std::runtime_error(type() + " is not an object value"); }
      |                     ^
/home/zjy/ws/jenkins/workspace/ci-arc770/ggerganov-llama.cpp/common/jinja/value.h:148:21: warning: function 'at' could be declared with attribute 'noreturn' [-Wmissing-noreturn]
  148 |     virtual value & at(int64_t /* idx */, value & /* default_val */) { throw std::runtime_error(type() + " is not an array value"); }
      |                     ^
/home/zjy/ws/jenkins/workspace/ci-arc770/ggerganov-llama.cpp/common/jinja/value.h:149:21: warning: function 'at' could be declared with attribute 'noreturn' [-Wmissing-noreturn]
  149 |     virtual value & at(int64_t /* idx */) { throw std::runtime_error(type() + " is not an array value"); }
      |                     ^
In file included from /home/zjy/ws/jenkins/workspace/ci-arc770/ggerganov-llama.cpp/common/chat.cpp:10:
In file included from /home/zjy/ws/jenkins/workspace/ci-arc770/ggerganov-llama.cpp/common/jinja/parser.h:4:
/home/zjy/ws/jenkins/workspace/ci-arc770/ggerganov-llama.cpp/common/jinja/runtime.h:110:19: warning: function 'execute_impl' could be declared with attribute 'noreturn' [-Wmissing-noreturn]
  110 |     virtual value execute_impl(context &) { throw std::runtime_error("cannot exec " + type()); }
      |                   ^
/home/zjy/ws/jenkins/workspace/ci-arc770/ggerganov-llama.cpp/common/jinja/runtime.h:146:11: warning: function 'execute_impl' could be declared with attribute 'noreturn' [-Wmissing-noreturn]
  146 |     value execute_impl(context &) override {
      |           ^
/home/zjy/ws/jenkins/workspace/ci-arc770/ggerganov-llama.cpp/common/jinja/runtime.h:198:11: warning: function 'execute_impl' could be declared with attribute 'noreturn' [-Wmissing-noreturn]
  198 |     value execute_impl(context &) override {
      |           ^
/home/zjy/ws/jenkins/workspace/ci-arc770/ggerganov-llama.cpp/common/jinja/runtime.h:212:11: warning: function 'execute_impl' could be declared with attribute 'noreturn' [-Wmissing-noreturn]
  212 |     value execute_impl(context &) override {
      |           ^
/home/zjy/ws/jenkins/workspace/ci-arc770/ggerganov-llama.cpp/common/jinja/runtime.h:504:11: warning: function 'execute_impl' could be declared with attribute 'noreturn' [-Wmissing-noreturn]
  504 |     value execute_impl(context &) override {
      |           ^
21 warnings generated.
21 warnings generated.
21 warnings generated.
25 warnings generated.
[ 59%] Linking CXX shared library ../../bin/libmtmd.so
[ 59%] Built target mtmd
21 warnings generated.
[ 59%] Linking CXX static library libcommon.a
[ 59%] Built target common
[ 59%] Building CXX object tests/CMakeFiles/test-grammar-parser.dir/test-grammar-parser.cpp.o
[ 59%] Building CXX object tests/CMakeFiles/test-grammar-parser.dir/get-model.cpp.o
[ 59%] Building CXX object tests/CMakeFiles/test-sampling.dir/test-sampling.cpp.o
[ 59%] Building CXX object tests/CMakeFiles/test-sampling.dir/get-model.cpp.o
[ 59%] Building CXX object tests/CMakeFiles/test-llama-grammar.dir/test-llama-grammar.cpp.o
[ 59%] Building CXX object tests/CMakeFiles/test-grammar-integration.dir/test-grammar-integration.cpp.o
[ 59%] Building CXX object tests/CMakeFiles/test-tokenizer-0.dir/test-tokenizer-0.cpp.o
[ 59%] Building CXX object tests/CMakeFiles/test-json-schema-to-grammar.dir/test-json-schema-to-grammar.cpp.o
[ 59%] Building CXX object tests/CMakeFiles/test-gbnf-validator.dir/test-gbnf-validator.cpp.o
[ 61%] Building CXX object tests/CMakeFiles/test-chat.dir/get-model.cpp.o
[ 61%] Building CXX object tests/CMakeFiles/test-chat.dir/test-chat.cpp.o
[ 61%] Building CXX object tests/CMakeFiles/test-quantize-stats.dir/test-quantize-stats.cpp.o
[ 61%] Building CXX object tests/CMakeFiles/test-tokenizer-1-spm.dir/test-tokenizer-1-spm.cpp.o
[ 60%] Building CXX object tests/CMakeFiles/test-grammar-integration.dir/get-model.cpp.o
[ 61%] Building CXX object tests/CMakeFiles/test-llama-grammar.dir/get-model.cpp.o
[ 61%] Building CXX object tests/CMakeFiles/test-chat-peg-parser.dir/test-chat-peg-parser.cpp.o
[ 62%] Building CXX object tests/CMakeFiles/test-tokenizer-1-bpe.dir/test-tokenizer-1-bpe.cpp.o
[ 62%] Building CXX object tests/CMakeFiles/test-json-schema-to-grammar.dir/get-model.cpp.o
[ 62%] Building CXX object tests/CMakeFiles/test-chat-peg-parser.dir/peg-parser/simple-tokenize.cpp.o
[ 62%] Building CXX object tests/CMakeFiles/test-chat-parser.dir/test-chat-parser.cpp.o
[ 62%] Building CXX object tests/CMakeFiles/test-chat-template.dir/test-chat-template.cpp.o
[ 61%] Building CXX object tests/CMakeFiles/test-chat-parser.dir/get-model.cpp.o
[ 62%] Building CXX object tests/CMakeFiles/test-chat-peg-parser.dir/get-model.cpp.o
[ 62%] Building CXX object tests/CMakeFiles/test-chat-template.dir/get-model.cpp.o
[ 62%] Building CXX object tests/CMakeFiles/test-jinja.dir/test-jinja.cpp.o
[ 62%] Building CXX object tests/CMakeFiles/test-arg-parser.dir/test-arg-parser.cpp.o
[ 63%] Building CXX object tests/CMakeFiles/test-json-partial.dir/get-model.cpp.o
[ 63%] Building CXX object tests/CMakeFiles/test-regex-partial.dir/get-model.cpp.o
[ 64%] Building CXX object tests/CMakeFiles/test-thread-safety.dir/test-thread-safety.cpp.o
[ 64%] Building CXX object tests/CMakeFiles/test-peg-parser.dir/test-peg-parser.cpp.o
[ 65%] Building CXX object tests/CMakeFiles/test-log.dir/get-model.cpp.o
[ 63%] Building CXX object tests/CMakeFiles/test-peg-parser.dir/peg-parser/simple-tokenize.cpp.o
[ 65%] Building CXX object tests/CMakeFiles/test-thread-safety.dir/get-model.cpp.o
[ 65%] Building CXX object tests/CMakeFiles/test-arg-parser.dir/get-model.cpp.o
[ 65%] Building CXX object tests/CMakeFiles/test-log.dir/test-log.cpp.o
[ 66%] Building CXX object tests/CMakeFiles/test-peg-parser.dir/peg-parser/test-basic.cpp.o
[ 66%] Building CXX object tests/CMakeFiles/test-peg-parser.dir/peg-parser/test-unicode.cpp.o
[ 66%] Building CXX object tests/CMakeFiles/test-backend-ops.dir/get-model.cpp.o
[ 66%] Building CXX object tests/CMakeFiles/test-regex-partial.dir/test-regex-partial.cpp.o
[ 62%] Building CXX object tests/CMakeFiles/test-json-partial.dir/test-json-partial.cpp.o
[ 66%] Building CXX object tests/CMakeFiles/test-peg-parser.dir/peg-parser/test-gbnf-generation.cpp.o
[ 66%] Building CXX object tests/CMakeFiles/test-backend-ops.dir/test-backend-ops.cpp.o
[ 66%] Building CXX object tests/CMakeFiles/test-peg-parser.dir/peg-parser/test-json-serialization.cpp.o
[ 66%] Building CXX object tests/CMakeFiles/test-peg-parser.dir/peg-parser/test-json-parser.cpp.o
[ 66%] Building CXX object tests/CMakeFiles/test-jinja.dir/get-model.cpp.o
[ 67%] Building CXX object tests/CMakeFiles/test-peg-parser.dir/get-model.cpp.o
[ 67%] Building CXX object tests/CMakeFiles/test-opt.dir/test-opt.cpp.o
[ 67%] Building CXX object tests/CMakeFiles/test-state-restore-fragmented.dir/test-state-restore-fragmented.cpp.o
[ 68%] Building CXX object tests/CMakeFiles/test-opt.dir/get-model.cpp.o
[ 68%] Building CXX object tests/CMakeFiles/test-state-restore-fragmented.dir/get-model.cpp.o
[ 68%] Building CXX object tests/CMakeFiles/test-model-load-cancel.dir/test-model-load-cancel.cpp.o
[ 68%] Building CXX object tests/CMakeFiles/test-model-load-cancel.dir/get-model.cpp.o
[ 68%] Building CXX object tests/CMakeFiles/test-gguf.dir/test-gguf.cpp.o
[ 68%] Building CXX object tests/CMakeFiles/test-backend-sampler.dir/test-backend-sampler.cpp.o
[ 68%] Building CXX object tests/CMakeFiles/test-quantize-fns.dir/test-quantize-fns.cpp.o
[ 68%] Building CXX object tests/CMakeFiles/test-autorelease.dir/test-autorelease.cpp.o
[ 68%] Building CXX object tests/CMakeFiles/test-gguf.dir/get-model.cpp.o
[ 69%] Building CXX object tests/CMakeFiles/test-autorelease.dir/get-model.cpp.o
[ 69%] Building CXX object tests/CMakeFiles/test-quantize-perf.dir/test-quantize-perf.cpp.o
[ 69%] Building CXX object tests/CMakeFiles/test-quantize-fns.dir/get-model.cpp.o
[ 69%] Building CXX object tests/CMakeFiles/test-barrier.dir/test-barrier.cpp.o
[ 69%] Building CXX object tests/CMakeFiles/test-backend-sampler.dir/get-model.cpp.o
[ 69%] Building CXX object tests/CMakeFiles/test-quantize-perf.dir/get-model.cpp.o
[ 70%] Building CXX object tests/CMakeFiles/test-barrier.dir/get-model.cpp.o
[ 71%] Building CXX object examples/idle/CMakeFiles/llama-idle.dir/idle.cpp.o
[ 71%] Building CXX object tests/CMakeFiles/test-rope.dir/get-model.cpp.o
[ 71%] Building CXX object examples/lookup/CMakeFiles/llama-lookup-merge.dir/lookup-merge.cpp.o
[ 71%] Building CXX object tests/CMakeFiles/test-rope.dir/test-rope.cpp.o
[ 71%] Building CXX object examples/eval-callback/CMakeFiles/llama-eval-callback.dir/eval-callback.cpp.o
[ 71%] Building CXX object examples/debug/CMakeFiles/llama-debug.dir/debug.cpp.o
[ 71%] Building CXX object tests/CMakeFiles/test-alloc.dir/get-model.cpp.o
[ 71%] Building CXX object tests/CMakeFiles/test-alloc.dir/test-alloc.cpp.o
[ 71%] Building CXX object examples/embedding/CMakeFiles/llama-embedding.dir/embedding.cpp.o
[ 71%] Building CXX object examples/batched/CMakeFiles/llama-batched.dir/batched.cpp.o
[ 71%] Building C object tests/CMakeFiles/test-mtmd-c-api.dir/test-mtmd-c-api.c.o
[ 72%] Building CXX object examples/lookup/CMakeFiles/llama-lookup-create.dir/lookup-create.cpp.o
[ 72%] Building CXX object tests/CMakeFiles/test-mtmd-c-api.dir/get-model.cpp.o
[ 72%] Building CXX object examples/lookup/CMakeFiles/llama-lookup.dir/lookup.cpp.o
[ 73%] Building CXX object examples/lookahead/CMakeFiles/llama-lookahead.dir/lookahead.cpp.o
[ 73%] Building CXX object examples/lookup/CMakeFiles/llama-lookup-stats.dir/lookup-stats.cpp.o
[ 73%] Building CXX object examples/parallel/CMakeFiles/llama-parallel.dir/parallel.cpp.o
[ 73%] Building CXX object examples/retrieval/CMakeFiles/llama-retrieval.dir/retrieval.cpp.o
[ 74%] Building CXX object examples/passkey/CMakeFiles/llama-passkey.dir/passkey.cpp.o
[ 74%] Building CXX object examples/save-load-state/CMakeFiles/llama-save-load-state.dir/save-load-state.cpp.o
[ 74%] Building CXX object examples/training/CMakeFiles/llama-finetune.dir/finetune.cpp.o
[ 74%] Building CXX object examples/speculative/CMakeFiles/llama-speculative.dir/speculative.cpp.o
[ 74%] Building CXX object examples/speculative-simple/CMakeFiles/llama-speculative-simple.dir/speculative-simple.cpp.o
[ 75%] Linking CXX executable ../bin/test-model-load-cancel
[ 76%] Building CXX object examples/gen-docs/CMakeFiles/llama-gen-docs.dir/gen-docs.cpp.o
[ 76%] Building CXX object examples/diffusion/CMakeFiles/llama-diffusion-cli.dir/diffusion-cli.cpp.o
[ 76%] Building CXX object examples/convert-llama2c-to-ggml/CMakeFiles/llama-convert-llama2c-to-ggml.dir/convert-llama2c-to-ggml.cpp.o
[ 77%] Building CXX object pocs/vdot/CMakeFiles/llama-vdot.dir/vdot.cpp.o
[ 78%] Building CXX object pocs/vdot/CMakeFiles/llama-q8dot.dir/q8dot.cpp.o
[ 78%] Building CXX object examples/sycl/CMakeFiles/llama-ls-sycl-device.dir/ls-sycl-device.cpp.o
[ 78%] Building CXX object tools/batched-bench/CMakeFiles/llama-batched-bench.dir/batched-bench.cpp.o
[ 78%] Building CXX object tools/gguf-split/CMakeFiles/llama-gguf-split.dir/gguf-split.cpp.o
[ 78%] Building CXX object tools/llama-bench/CMakeFiles/llama-bench.dir/llama-bench.cpp.o
[ 78%] Building CXX object tools/imatrix/CMakeFiles/llama-imatrix.dir/imatrix.cpp.o
[ 79%] Building CXX object tools/server/CMakeFiles/server-context.dir/server-task.cpp.o
[ 79%] Building CXX object tools/perplexity/CMakeFiles/llama-perplexity.dir/perplexity.cpp.o
[ 79%] Building CXX object tools/tokenize/CMakeFiles/llama-tokenize.dir/tokenize.cpp.o
[ 79%] Building CXX object tools/quantize/CMakeFiles/llama-quantize.dir/quantize.cpp.o
[ 79%] Building CXX object tools/server/CMakeFiles/server-context.dir/server-queue.cpp.o
[ 79%] Building CXX object tools/server/CMakeFiles/server-context.dir/server-context.cpp.o
[ 79%] Building CXX object tools/server/CMakeFiles/server-context.dir/server-common.cpp.o
[ 80%] Building CXX object tools/completion/CMakeFiles/llama-completion.dir/completion.cpp.o
[ 80%] Building CXX object tools/mtmd/CMakeFiles/llama-mtmd-cli.dir/mtmd-cli.cpp.o
[ 81%] Building CXX object tools/cvector-generator/CMakeFiles/llama-cvector-generator.dir/cvector-generator.cpp.o
[ 81%] Building CXX object tools/tts/CMakeFiles/llama-tts.dir/tts.cpp.o
[ 81%] Linking CXX executable ../bin/test-mtmd-c-api
[ 81%] Building CXX object tools/export-lora/CMakeFiles/llama-export-lora.dir/export-lora.cpp.o
[ 82%] Building CXX object tools/fit-params/CMakeFiles/llama-fit-params.dir/fit-params.cpp.o
[ 82%] Linking CXX executable ../../bin/llama-ls-sycl-device
[ 82%] Linking CXX executable ../bin/test-log
[ 82%] Linking CXX executable ../bin/test-autorelease
[ 82%] Linking CXX executable ../bin/test-rope
[ 82%] Linking CXX executable ../bin/test-barrier
[ 83%] Linking CXX executable ../bin/test-quantize-fns
[ 83%] Built target test-model-load-cancel
[ 83%] Built target llama-ls-sycl-device
[ 83%] Built target test-log
[ 84%] Linking CXX executable ../bin/test-gbnf-validator
[ 84%] Linking CXX executable ../bin/test-tokenizer-1-spm
[ 84%] Linking CXX executable ../bin/test-tokenizer-1-bpe
[ 84%] Built target test-autorelease
[ 84%] Linking CXX executable ../../bin/llama-q8dot
[ 84%] Built target test-mtmd-c-api
[ 84%] Linking CXX executable ../../bin/llama-lookup-merge
In file included from /home/zjy/ws/jenkins/workspace/ci-arc770/ggerganov-llama.cpp/tests/test-jinja.cpp:9:
In file included from /home/zjy/ws/jenkins/workspace/ci-arc770/ggerganov-llama.cpp/common/./jinja/runtime.h:4:
/home/zjy/ws/jenkins/workspace/ci-arc770/ggerganov-llama.cpp/common/./jinja/value.h:129:21: warning: function 'as_int' could be declared with attribute 'noreturn' [-Wmissing-noreturn]
  129 |     virtual int64_t as_int() const { throw std::runtime_error(type() + " is not an int value"); }
      |                     ^
/home/zjy/ws/jenkins/workspace/ci-arc770/ggerganov-llama.cpp/common/./jinja/value.h:130:20: warning: function 'as_float' could be declared with attribute 'noreturn' [-Wmissing-noreturn]
  130 |     virtual double as_float() const { throw std::runtime_error(type() + " is not a float value"); }
      |                    ^
/home/zjy/ws/jenkins/workspace/ci-arc770/ggerganov-llama.cpp/common/./jinja/value.h:131:20: warning: function 'as_string' could be declared with attribute 'noreturn' [-Wmissing-noreturn]
  131 |     virtual string as_string() const { throw std::runtime_error(type() + " is not a string value"); }
      |                    ^
/home/zjy/ws/jenkins/workspace/ci-arc770/ggerganov-llama.cpp/common/./jinja/value.h:132:18: warning: function 'as_bool' could be declared with attribute 'noreturn' [-Wmissing-noreturn]
  132 |     virtual bool as_bool() const { throw std::runtime_error(type() + " is not a bool value"); }
      |                  ^
/home/zjy/ws/jenkins/workspace/ci-arc770/ggerganov-llama.cpp/common/./jinja/value.h:133:40: warning: function 'as_array' could be declared with attribute 'noreturn' [-Wmissing-noreturn]
  133 |     virtual const std::vector<value> & as_array() const { throw std::runtime_error(type() + " is not an array value"); }
      |                                        ^
/home/zjy/ws/jenkins/workspace/ci-arc770/ggerganov-llama.cpp/common/./jinja/value.h:134:58: warning: function 'as_ordered_object' could be declared with attribute 'noreturn' [-Wmissing-noreturn]
  134 |     virtual const std::vector<std::pair<value, value>> & as_ordered_object() const { throw std::runtime_error(type() + " is not an object value"); }
      |                                                          ^
/home/zjy/ws/jenkins/workspace/ci-arc770/ggerganov-llama.cpp/common/./jinja/value.h:135:19: warning: function 'invoke' could be declared with attribute 'noreturn' [-Wmissing-noreturn]
  135 |     virtual value invoke(const func_args &) const { throw std::runtime_error(type() + " is not a function value"); }
      |                   ^
/home/zjy/ws/jenkins/workspace/ci-arc770/ggerganov-llama.cpp/common/./jinja/value.h:138:35: warning: function 'get_builtins' could be declared with attribute 'noreturn' [-Wmissing-noreturn]
  138 |     virtual const func_builtins & get_builtins() const {
      |                                   ^
/home/zjy/ws/jenkins/workspace/ci-arc770/ggerganov-llama.cpp/common/./jinja/value.h:142:18: warning: function 'has_key' could be declared with attribute 'noreturn' [-Wmissing-noreturn]
  142 |     virtual bool has_key(const value &) { throw std::runtime_error(type() + " is not an object value"); }
      |                  ^
/home/zjy/ws/jenkins/workspace/ci-arc770/ggerganov-llama.cpp/common/./jinja/value.h:143:18: warning: function 'insert' could be declared with attribute 'noreturn' [-Wmissing-noreturn]
  143 |     virtual void insert(const value & /* key */, const value & /* val */) { throw std::runtime_error(type() + " is not an object value"); }
      |                  ^
/home/zjy/ws/jenkins/workspace/ci-arc770/ggerganov-llama.cpp/common/./jinja/value.h:144:21: warning: function 'at' could be declared with attribute 'noreturn' [-Wmissing-noreturn]
  144 |     virtual value & at(const value & /* key */, value & /* default_val */) { throw std::runtime_error(type() + " is not an object value"); }
      |                     ^
/home/zjy/ws/jenkins/workspace/ci-arc770/ggerganov-llama.cpp/common/./jinja/value.h:145:21: warning: function 'at' could be declared with attribute 'noreturn' [-Wmissing-noreturn]
  145 |     virtual value & at(const value & /* key */) { throw std::runtime_error(type() + " is not an object value"); }
      |                     ^
/home/zjy/ws/jenkins/workspace/ci-arc770/ggerganov-llama.cpp/common/./jinja/value.h:146:21: warning: function 'at' could be declared with attribute 'noreturn' [-Wmissing-noreturn]
  146 |     virtual value & at(const std::string & /* key */, value & /* default_val */) { throw std::runtime_error(type() + " is not an object value"); }
      |                     ^
/home/zjy/ws/jenkins/workspace/ci-arc770/ggerganov-llama.cpp/common/./jinja/value.h:147:21: warning: function 'at' could be declared with attribute 'noreturn' [-Wmissing-noreturn]
  147 |     virtual value & at(const std::string & /* key */) { throw std::runtime_error(type() + " is not an object value"); }
      |                     ^
/home/zjy/ws/jenkins/workspace/ci-arc770/ggerganov-llama.cpp/common/./jinja/value.h:148:21: warning: function 'at' could be declared with attribute 'noreturn' [-Wmissing-noreturn]
  148 |     virtual value & at(int64_t /* idx */, value & /* default_val */) { throw std::runtime_error(type() + " is not an array value"); }
      |                     ^
/home/zjy/ws/jenkins/workspace/ci-arc770/ggerganov-llama.cpp/common/./jinja/value.h:149:21: warning: function 'at' could be declared with attribute 'noreturn' [-Wmissing-noreturn]
  149 |     virtual value & at(int64_t /* idx */) { throw std::runtime_error(type() + " is not an array value"); }
      |                     ^
[ 84%] Built target test-barrier
In file included from /home/zjy/ws/jenkins/workspace/ci-arc770/ggerganov-llama.cpp/tests/test-jinja.cpp:9:
/home/zjy/ws/jenkins/workspace/ci-arc770/ggerganov-llama.cpp/common/./jinja/runtime.h:110:19: warning: function 'execute_impl' could be declared with attribute 'noreturn' [-Wmissing-noreturn]
  110 |     virtual value execute_impl(context &) { throw std::runtime_error("cannot exec " + type()); }
      |                   ^
/home/zjy/ws/jenkins/workspace/ci-arc770/ggerganov-llama.cpp/common/./jinja/runtime.h:146:11: warning: function 'execute_impl' could be declared with attribute 'noreturn' [-Wmissing-noreturn]
  146 |     value execute_impl(context &) override {
      |           ^
/home/zjy/ws/jenkins/workspace/ci-arc770/ggerganov-llama.cpp/common/./jinja/runtime.h:198:11: warning: function 'execute_impl' could be declared with attribute 'noreturn' [-Wmissing-noreturn]
  [ 84%] Linking CXX executable ../../bin/llama-vdot
198 |     value execute_impl(context &) override {
      |           ^
/home/zjy/ws/jenkins/workspace/ci-arc770/ggerganov-llama.cpp/common/./jinja/runtime.h:212:11: warning: function 'execute_impl' could be declared with attribute 'noreturn' [-Wmissing-noreturn]
  212 |     value execute_impl(context &) override {
      |           ^
[ 84%] Linking CXX executable ../../bin/llama-tokenize
/home/zjy/ws/jenkins/workspace/ci-arc770/ggerganov-llama.cpp/common/./jinja/runtime.h:504:11: warning: function 'execute_impl' could be declared with attribute 'noreturn' [-Wmissing-noreturn]
  504 |     value execute_impl(context &) override {
      |           ^
[ 85%] Linking CXX executable ../bin/test-alloc
[ 85%] Linking CXX executable ../../bin/llama-gguf-split
[ 86%] Linking CXX executable ../bin/test-sampling
[ 86%] Linking CXX executable ../../bin/llama-lookup-create
[ 86%] Built target test-gbnf-validator
In file included from /home/zjy/ws/jenkins/workspace/ci-arc770/ggerganov-llama.cpp/tests/test-chat-template.cpp:17:
In file included from /home/zjy/ws/jenkins/workspace/ci-arc770/ggerganov-llama.cpp/common/./jinja/runtime.h:4:
/home/zjy/ws/jenkins/workspace/ci-arc770/ggerganov-llama.cpp/common/./jinja/value.h:129:21: warning: function 'as_int' could be declared with attribute 'noreturn' [-Wmissing-noreturn]
  129 |     virtual int64_t as_int() const { throw std::runtime_error(type() + " is not an int value"); }
      |                     ^
/home/zjy/ws/jenkins/workspace/ci-arc770/ggerganov-llama.cpp/common/./jinja/value.h:130:20: warning: function 'as_float' could be declared with attribute 'noreturn' [-Wmissing-noreturn]
  130 |     virtual double as_float() const { throw std::runtime_error(type() + " is not a float value"); }
      |                    ^
/home/zjy/ws/jenkins/workspace/ci-arc770/ggerganov-llama.cpp/common/./jinja/value.h[ 86%] Linking CXX executable ../../bin/llama-finetune
:131:20: warning: function 'as_string' could be declared with attribute 'noreturn' [-Wmissing-noreturn]
  131 |     virtual string as_string() const { throw std::runtime_error(type() + " is not a string value"); }
      |                    ^
/home/zjy/ws/jenkins/workspace/ci-arc770/ggerganov-llama.cpp/common/./jinja/value.h:132:18: warning: function 'as_bool' could be declared with attribute 'noreturn' [-Wmissing-noreturn]
  132 |     virtual bool as_bool() const { throw std::runtime_error(type() + " is not a bool value"); }
      |                  ^
/home/zjy/ws/jenkins/workspace/ci-arc770/ggerganov-llama.cpp/common/./jinja/value.h:133:40: warning: function 'as_array' could be declared with attribute 'noreturn' [-Wmissing-noreturn]
  133 |     virtual const std::vector<value> & as_array() const { throw std::runtime_error(type() + " is not an array value"); }
      |                                        ^
/home/zjy/ws/jenkins/workspace/ci-arc770/ggerganov-llama.cpp/common/./jinja/value.h:134:58: warning: function 'as_ordered_object' could be declared with attribute 'noreturn' [-Wmissing-noreturn]
  134 |     virtual const std::vector<std::pair<value, value>> & as_ordered_object() const { throw std::runtime_error(type() + " is not an object value"); }
      |                                                          ^
/home/zjy/ws/jenkins/workspace/ci-arc770/ggerganov-llama.cpp/common/./jinja/value.h:135:19: warning: function 'invoke' could be declared with attribute 'noreturn' [-Wmissing-noreturn]
  135 |     virtual value invoke(const func_args &) const { throw std::runtime_error(type() + " is not a function value"); }
      |                   ^
/home/zjy/ws/jenkins/workspace/ci-arc770/ggerganov-llama.cpp/common/./jinja/value.h:138:35: warning: function 'get_builtins' could be declared with attribute 'noreturn' [-Wmissing-noreturn]
  138 |     virtual const func_builtins & get_builtins() const {
      |                                   ^
/home/zjy/ws/jenkins/workspace/ci-arc770/ggerganov-llama.cpp/common/./jinja/value.h:142:18: warning: function 'has_key' could be declared with attribute 'noreturn' [-Wmissing-noreturn]
  142 |     virtual bool has_key(const value &) { throw std::runtime_error(type() + " is not an object value"); }
      |                  ^
/home/zjy/ws/jenkins/workspace/ci-arc770/ggerganov-llama.cpp/common/./jinja/value.h:143:18: warning: function 'insert' could be declared with attribute 'noreturn' [-Wmissing-noreturn]
  143 |     virtual void insert(const value & /* key */, const value & /* val */) { throw std::runtime_error(type() + " is not an object value"); }
      |                  ^
/home/zjy/ws/jenkins/workspace/ci-arc770/ggerganov-llama.cpp/common/./jinja/value.h:144:21: warning: function 'at' could be declared with attribute 'noreturn' [-Wmissing-noreturn]
  144 |     virtual value & at(const value & /* key */, value & /* default_val */) { throw std::runtime_error(type() + " is not an object value"); }
      |                     ^
/home/zjy/ws/jenkins/workspace/ci-arc770/ggerganov-llama.cpp/common/./jinja/value.h:145:21: warning: function 'at' could be declared with attribute 'noreturn' [-Wmissing-noreturn]
  145 |     virtual value & at(const value & /* key */) { throw std::runtime_error(type() + " is not an object value"); }
      |                     ^
/home/zjy/ws/jenkins/workspace/ci-arc770/ggerganov-llama.cpp/common/./jinja/value.h:146:21: warning: function 'at' could be declared with attribute 'noreturn' [-Wmissing-noreturn]
  146 |     virtual value & at(const std::string & /* key */, value & /* default_val */) { throw std::runtime_error(type() + " is not an object value"); }
      |                     ^
/home/zjy/ws/jenkins/workspace/ci-arc770/ggerganov-llama.cpp/common/./jinja/value.h:147:21: warning: function 'at' could be declared with attribute 'noreturn' [-Wmissing-noreturn]
  147 |     virtual value & at(const std::string & /* key */) { throw std::runtime_error(type() + " is not an object value"); }
      |                     ^
/home/zjy/ws/jenkins/workspace/ci-arc770/ggerganov-llama.cpp/common/./jinja/value.h:148:21: warning: function 'at' could be declared with attribute 'noreturn' [-Wmissing-noreturn]
  148 |     virtual value & at(int64_t /* idx */, value & /* default_val */) { throw std::runtime_error(type() + " is not an array value"); }
      |                     ^
/home/zjy/ws/jenkins/workspace/ci-arc770/ggerganov-llama.cpp/common/./jinja/value.h:149:21: warning: function 'at' could be declared with attribute 'noreturn' [-Wmissing-noreturn]
  149 |     virtual value & at(int64_t /* idx */) { throw std::runtime_error(type() + " is not an array value"); }
      |                     ^
[ 86%] Built target test-rope
[ 86%] Built target test-quantize-fns
[ 86%] Linking CXX executable ../../bin/llama-fit-params
[ 86%] Built target test-tokenizer-1-spm
[ 86%] Built target test-tokenizer-1-bpe
[ 86%] Built target llama-q8dot
[ 87%] Linking CXX executable ../../bin/llama-save-load-state
[ 87%] Linking CXX executable ../../bin/llama-passkey
[ 87%] Linking CXX executable ../bin/test-state-restore-fragmented
[ 88%] Linking CXX executable ../../bin/llama-batched-bench
In file included from /home/zjy/ws/jenkins/workspace/ci-arc770/ggerganov-llama.cpp/tests/test-chat-template.cpp:17:
/home/zjy/ws/jenkins/workspace/ci-arc770/ggerganov-llama.cpp/common/./jinja/runtime.h:110:19: warning: function 'execute_impl' could be declared with attribute 'noreturn' [-Wmissing-noreturn]
  110 |     virtual value execute_impl(context &) { throw std::runtime_error("cannot exec " + type()); }
      |                   ^
/home/zjy/ws/jenkins/workspace/ci-arc770/ggerganov-llama.cpp/common/./jinja/runtime.h:146:11: warning: function 'execute_impl' could be declared with attribute 'noreturn' [-Wmissing-noreturn]
  146 |     value execute_impl(context &) override {
      |           ^
/home/zjy/ws/jenkins/workspace/ci-arc770/ggerganov-llama.cpp/common/./jinja/runtime.h:198:11: warning: function 'execute_impl' could be declared with attribute 'noreturn' [-Wmissing-noreturn]
  198 |     value execute_impl(context &) override {
      |           ^
/home/zjy/ws/jenkins/workspace/ci-arc770/ggerganov-llama.cpp/common/./jinja/runtime.h:212:11: warning: function 'execute_impl' could be declared with attribute 'noreturn' [-Wmissing-noreturn]
  212 |     value execute_impl(context &) override {
      |           ^
[ 88%] Linking CXX executable ../../bin/llama-batched
/home/zjy/ws/jenkins/workspace/ci-arc770/ggerganov-llama.cpp/common/./jinja/runtime.h:504:11: warning: function 'execute_impl' could be declared with attribute 'noreturn' [-Wmissing-noreturn]
  504 |     value execute_impl(context &) override {
      |           ^
[ 89%] Linking CXX executable ../bin/test-grammar-parser
[ 90%] Linking CXX executable ../../bin/llama-lookup-stats
[ 90%] Linking CXX executable ../bin/test-opt
[ 90%] Linking CXX executable ../bin/test-tokenizer-0
[ 91%] Linking CXX executable ../../bin/llama-idle
[ 91%] Linking CXX executable ../bin/test-thread-safety
[ 91%] Built target llama-vdot
[ 91%] Linking CXX executable ../bin/test-quantize-perf
[ 91%] Built target test-alloc
[ 91%] Linking CXX executable ../../bin/llama-gen-docs
[ 92%] Linking CXX executable ../../bin/llama-eval-callback
[ 92%] Built target test-sampling
[ 92%] Linking CXX executable ../../bin/llama-embedding
[ 92%] Linking CXX executable ../../bin/llama-lookup
[ 92%] Built target llama-lookup-merge
[ 92%] Linking CXX executable ../../bin/llama-lookahead
[ 92%] Built target llama-lookup-create
[ 92%] Built target llama-fit-params
[ 92%] Built target llama-tokenize
[ 92%] Built target llama-finetune
[ 92%] Built target llama-gguf-split
[ 92%] Linking CXX executable ../bin/test-arg-parser
[ 92%] Built target test-state-restore-fragmented
[ 92%] Linking CXX executable ../bin/test-llama-grammar
[ 92%] Linking CXX executable ../../bin/llama-parallel
[ 92%] Built target test-grammar-parser
[ 92%] Built target llama-batched-bench
[ 92%] Built target llama-batched
[ 92%] Linking CXX executable ../../bin/llama-export-lora
[ 92%] Built target llama-save-load-state
[ 92%] Built target test-opt
[ 92%] Linking CXX executable ../bin/test-regex-partial
[ 93%] Linking CXX executable ../../bin/llama-speculative-simple
[ 93%] Built target llama-lookup-stats
[ 93%] Built target test-thread-safety
[ 93%] Built target test-quantize-perf
[ 93%] Linking CXX executable ../bin/test-gguf
[ 93%] Built target llama-idle
[ 93%] Built target llama-passkey
[ 93%] Built target llama-gen-docs
[ 93%] Linking CXX executable ../../bin/llama-convert-llama2c-to-ggml
[ 93%] Built target llama-embedding
[ 93%] Built target llama-lookup
[ 93%] Built target test-tokenizer-0
[ 93%] Built target test-llama-grammar
[ 93%] Linking CXX executable ../../bin/llama-cvector-generator
[ 93%] Built target llama-lookahead
[ 93%] Built target test-arg-parser
[ 93%] Built target test-regex-partial
[ 93%] Built target llama-parallel
[ 93%] Linking CXX executable ../../bin/llama-retrieval
[ 93%] Built target llama-export-lora
[ 93%] Linking CXX executable ../bin/test-backend-sampler
[ 93%] Built target llama-speculative-simple
[ 93%] Built target test-gguf
[ 93%] Built target llama-eval-callback
[ 93%] Built target llama-convert-llama2c-to-ggml
[ 93%] Linking CXX executable ../../bin/llama-mtmd-cli
[ 93%] Built target llama-retrieval
[ 93%] Built target llama-cvector-generator
[ 93%] Built target test-backend-sampler
[ 93%] Built target llama-mtmd-cli
[ 93%] Linking CXX executable ../bin/test-json-partial
[ 93%] Linking CXX executable ../../bin/llama-quantize
[ 93%] Linking CXX executable ../../bin/llama-speculative
[ 93%] Built target test-json-partial
[ 94%] Linking CXX executable ../../bin/llama-diffusion-cli
[ 94%] Built target llama-quantize
[ 94%] Linking CXX executable ../../bin/llama-completion
[ 94%] Built target llama-speculative
[ 94%] Built target llama-diffusion-cli
[ 94%] Built target llama-completion
[ 95%] Linking CXX executable ../bin/test-quantize-stats
[ 95%] Linking CXX executable ../../bin/llama-debug
[ 95%] Built target test-quantize-stats
[ 95%] Linking CXX executable ../../bin/llama-perplexity
[ 95%] Built target llama-debug
[ 95%] Built target llama-perplexity
21 warnings generated.
[ 95%] Linking CXX executable ../bin/test-chat-template
[ 96%] Linking CXX executable ../bin/test-chat-parser
[ 96%] Built target test-chat-template
[ 96%] Built target test-chat-parser
[ 96%] Linking CXX executable ../bin/test-grammar-integration
[ 97%] Linking CXX executable ../bin/test-json-schema-to-grammar
[ 97%] Linking CXX executable ../bin/test-peg-parser
[ 97%] Built target test-json-schema-to-grammar
[ 97%] Built target test-grammar-integration
[ 97%] Built target test-peg-parser
[ 97%] Linking CXX executable ../../bin/llama-imatrix
[ 97%] Built target llama-imatrix
[ 97%] Linking CXX executable ../../bin/llama-tts
[ 97%] Built target llama-tts
[ 97%] Linking CXX executable ../../bin/llama-bench
[ 97%] Built target llama-bench
[ 98%] Linking CXX executable ../bin/test-chat-peg-parser
[ 98%] Built target test-chat-peg-parser
[ 98%] Linking CXX static library libserver-context.a
[ 98%] Built target server-context
[ 98%] Generating index.html.gz.hpp
[ 98%] Generating loading.html.hpp
[ 98%] Building CXX object tools/cli/CMakeFiles/llama-cli.dir/cli.cpp.o
21 warnings generated.
[ 98%] Linking CXX executable ../bin/test-jinja
[ 98%] Built target test-jinja
[ 99%] Building CXX object tools/server/CMakeFiles/llama-server.dir/server-models.cpp.o
[ 99%] Building CXX object tools/server/CMakeFiles/llama-server.dir/server.cpp.o
[ 99%] Building CXX object tools/server/CMakeFiles/llama-server.dir/server-http.cpp.o
[ 99%] Linking CXX executable ../../bin/llama-cli
[ 99%] Built target llama-cli
[100%] Linking CXX executable ../bin/test-backend-ops
[100%] Built target test-backend-ops
[100%] Linking CXX executable ../../bin/llama-server
[100%] Built target llama-server
[100%] Linking CXX executable ../bin/test-chat
[100%] Built target test-chat

real	1m55.093s
user	18m28.568s
sys	0m44.746s
+ '[' -z ']'
+ tee -a /home/zjy/ws/jenkins/workspace/ci-arc770/ggerganov-llama.cpp/tmp/ci_log/1025fd2c09b1d4f9aa3fb2f7349084eecd04f958/tmp/results/ctest_release-ctest.log
+ ctest --output-on-failure -L main
Test project /home/zjy/ws/jenkins/workspace/ci-arc770/ggerganov-llama.cpp/build-ci-release
      Start  1: test-tokenizer-0-bert-bge
 1/41 Test  #1: test-tokenizer-0-bert-bge .........   Passed    0.27 sec
      Start  2: test-tokenizer-0-command-r
 2/41 Test  #2: test-tokenizer-0-command-r ........   Passed    0.39 sec
      Start  3: test-tokenizer-0-deepseek-coder
 3/41 Test  #3: test-tokenizer-0-deepseek-coder ...   Passed    0.10 sec
      Start  4: test-tokenizer-0-deepseek-llm
 4/41 Test  #4: test-tokenizer-0-deepseek-llm .....   Passed    0.17 sec
      Start  5: test-tokenizer-0-falcon
 5/41 Test  #5: test-tokenizer-0-falcon ...........   Passed    0.13 sec
      Start  6: test-tokenizer-0-gpt-2
 6/41 Test  #6: test-tokenizer-0-gpt-2 ............   Passed    0.11 sec
      Start  7: test-tokenizer-0-llama-bpe
 7/41 Test  #7: test-tokenizer-0-llama-bpe ........   Passed    0.26 sec
      Start  8: test-tokenizer-0-llama-spm
 8/41 Test  #8: test-tokenizer-0-llama-spm ........   Passed    0.08 sec
      Start  9: test-tokenizer-0-mpt
 9/41 Test  #9: test-tokenizer-0-mpt ..............   Passed    0.11 sec
      Start 10: test-tokenizer-0-phi-3
10/41 Test #10: test-tokenizer-0-phi-3 ............   Passed    0.08 sec
      Start 11: test-tokenizer-0-qwen2
11/41 Test #11: test-tokenizer-0-qwen2 ............   Passed    0.23 sec
      Start 12: test-tokenizer-0-refact
12/41 Test #12: test-tokenizer-0-refact ...........   Passed    0.11 sec
      Start 13: test-tokenizer-0-starcoder
13/41 Test #13: test-tokenizer-0-starcoder ........   Passed    0.11 sec
      Start 14: test-tokenizers-ggml-vocabs
14/41 Test #14: test-tokenizers-ggml-vocabs .......***Failed    3.33 sec
Already up to date.
main : reading vocab from: '/home/zjy/ws/jenkins/workspace/ci-arc770/ggerganov-llama.cpp/models/ggml-vocabs/PLaMo2/ggml-vocab-plamo2.gguf'
llama_model_load_from_file_impl: using device SYCL0 (Intel(R) Arc(TM) A770 Graphics) (unknown id) - 15473 MiB free
gguf_init_from_file_impl: invalid magic characters: 'vers', expected 'GGUF'
llama_model_load: error loading model: llama_model_loader: failed to load model from /home/zjy/ws/jenkins/workspace/ci-arc770/ggerganov-llama.cpp/models/ggml-vocabs/PLaMo2/ggml-vocab-plamo2.gguf
llama_model_load_from_file_impl: failed to load model
main: error: failed to load vocab '/home/zjy/ws/jenkins/workspace/ci-arc770/ggerganov-llama.cpp/models/ggml-vocabs/PLaMo2/ggml-vocab-plamo2.gguf'
main : reading vocab from: '/home/zjy/ws/jenkins/workspace/ci-arc770/ggerganov-llama.cpp/models/ggml-vocabs/RWKV/ggml-vocab-rwkv-7-world.gguf'
llama_model_load_from_file_impl: using device SYCL0 (Intel(R) Arc(TM) A770 Graphics) (unknown id) - 15473 MiB free
gguf_init_from_file_impl: invalid magic characters: 'vers', expected 'GGUF'
llama_model_load: error loading model: llama_model_loader: failed to load model from /home/zjy/ws/jenkins/workspace/ci-arc770/ggerganov-llama.cpp/models/ggml-vocabs/RWKV/ggml-vocab-rwkv-7-world.gguf
llama_model_load_from_file_impl: failed to load model
main: error: failed to load vocab '/home/zjy/ws/jenkins/workspace/ci-arc770/ggerganov-llama.cpp/models/ggml-vocabs/RWKV/ggml-vocab-rwkv-7-world.gguf'
main : reading vocab from: '/home/zjy/ws/jenkins/workspace/ci-arc770/ggerganov-llama.cpp/models/ggml-vocabs/SPM/ggml-vocab-gemma-3.gguf'
llama_model_load_from_file_impl: using device SYCL0 (Intel(R) Arc(TM) A770 Graphics) (unknown id) - 15473 MiB free
gguf_init_from_file_impl: invalid magic characters: 'vers', expected 'GGUF'
llama_model_load: error loading model: llama_model_loader: failed to load model from /home/zjy/ws/jenkins/workspace/ci-arc770/ggerganov-llama.cpp/models/ggml-vocabs/SPM/ggml-vocab-gemma-3.gguf
llama_model_load_from_file_impl: failed to load model
main: error: failed to load vocab '/home/zjy/ws/jenkins/workspace/ci-arc770/ggerganov-llama.cpp/models/ggml-vocabs/SPM/ggml-vocab-gemma-3.gguf'
main : reading vocab from: '/home/zjy/ws/jenkins/workspace/ci-arc770/ggerganov-llama.cpp/models/ggml-vocabs/UGM/ggml-vocab-nomic-bert-moe.gguf'
llama_model_load_from_file_impl: using device SYCL0 (Intel(R) Arc(TM) A770 Graphics) (unknown id) - 15473 MiB free
gguf_init_from_file_impl: invalid magic characters: 'vers', expected 'GGUF'
llama_model_load: error loading model: llama_model_loader: failed to load model from /home/zjy/ws/jenkins/workspace/ci-arc770/ggerganov-llama.cpp/models/ggml-vocabs/UGM/ggml-vocab-nomic-bert-moe.gguf
llama_model_load_from_file_impl: failed to load model
main: error: failed to load vocab '/home/zjy/ws/jenkins/workspace/ci-arc770/ggerganov-llama.cpp/models/ggml-vocabs/UGM/ggml-vocab-nomic-bert-moe.gguf'
main : reading vocab from: '/home/zjy/ws/jenkins/workspace/ci-arc770/ggerganov-llama.cpp/models/ggml-vocabs/WPM/ggml-vocab-jina-v2-en.gguf'
llama_model_load_from_file_impl: using device SYCL0 (Intel(R) Arc(TM) A770 Graphics) (unknown id) - 15473 MiB free
gguf_init_from_file_impl: invalid magic characters: 'vers', expected 'GGUF'
llama_model_load: error loading model: llama_model_loader: failed to load model from /home/zjy/ws/jenkins/workspace/ci-arc770/ggerganov-llama.cpp/models/ggml-vocabs/WPM/ggml-vocab-jina-v2-en.gguf
llama_model_load_from_file_impl: failed to load model
main: error: failed to load vocab '/home/zjy/ws/jenkins/workspace/ci-arc770/ggerganov-llama.cpp/models/ggml-vocabs/WPM/ggml-vocab-jina-v2-en.gguf'

      Start 15: test-sampling
15/41 Test #15: test-sampling .....................   Passed    0.85 sec
      Start 16: test-grammar-parser
16/41 Test #16: test-grammar-parser ...............   Passed    0.04 sec
      Start 17: test-grammar-integration
17/41 Test #17: test-grammar-integration ..........   Passed    0.05 sec
      Start 18: test-llama-grammar
18/41 Test #18: test-llama-grammar ................   Passed    0.04 sec
      Start 19: test-chat
19/41 Test #19: test-chat .........................   Passed    0.62 sec
      Start 20: test-json-schema-to-grammar
20/41 Test #20: test-json-schema-to-grammar .......   Passed    1.94 sec
      Start 21: test-tokenizer-1-llama-spm
21/41 Test #21: test-tokenizer-1-llama-spm ........   Passed    0.17 sec
      Start 22: test-chat-parser
22/41 Test #22: test-chat-parser ..................   Passed    0.04 sec
      Start 23: test-chat-peg-parser
23/41 Test #23: test-chat-peg-parser ..............   Passed    0.07 sec
      Start 24: test-chat-template
24/41 Test #24: test-chat-template ................   Passed    0.05 sec
      Start 25: test-jinja
25/41 Test #25: test-jinja ........................   Passed    0.09 sec
      Start 27: test-json-partial
26/41 Test #27: test-json-partial .................   Passed    0.05 sec
      Start 28: test-log
27/41 Test #28: test-log ..........................   Passed    0.06 sec
      Start 29: test-peg-parser
28/41 Test #29: test-peg-parser ...................   Passed    0.06 sec
      Start 30: test-regex-partial
29/41 Test #30: test-regex-partial ................   Passed    0.05 sec
      Start 31: test-download-model
30/41 Test #31: test-download-model ...............   Passed    9.57 sec
      Start 32: test-thread-safety
31/41 Test #32: test-thread-safety ................Subprocess aborted***Exception:  11.18 sec
build: 7880 (1025fd2c0) with GNU 13.3.0 for Linux x86_64
system_info: n_threads = 2 (n_threads_batch = 2) / 16 | CPU : SSE3 = 1 | SSSE3 = 1 | AVX = 1 | AVX_VNNI = 1 | AVX2 = 1 | F16C = 1 | FMA = 1 | BMI2 = 1 | LLAMAFILE = 1 | OPENMP = 1 | REPACK = 1 | 
llama_model_load_from_file_impl: using device SYCL0 (Intel(R) Arc(TM) A770 Graphics) (unknown id) - 15473 MiB free
llama_model_loader: loaded meta data with 20 key-value pairs and 57 tensors from /home/zjy/ws/jenkins/workspace/ci-arc770/ggerganov-llama.cpp/build-ci-release/tinyllamas/stories15M-q4_0.gguf (version GGUF V3 (latest))
llama_model_loader: Dumping metadata keys/values. Note: KV overrides do not apply in this output.
llama_model_loader: - kv   0:                      tokenizer.ggml.tokens arr[str,32000]   = ["<unk>", "<s>", "</s>", "<0x00>", "<...
llama_model_loader: - kv   1:                      tokenizer.ggml.scores arr[f32,32000]   = [0.000000, 0.000000, 0.000000, 0.0000...
llama_model_loader: - kv   2:                  tokenizer.ggml.token_type arr[i32,32000]   = [2, 3, 3, 6, 6, 6, 6, 6, 6, 6, 6, 6, ...
llama_model_loader: - kv   3:                       tokenizer.ggml.model str              = llama
llama_model_loader: - kv   4:                       general.architecture str              = llama
llama_model_loader: - kv   5:                               general.name str              = llama
llama_model_loader: - kv   6:            tokenizer.ggml.unknown_token_id u32              = 0
llama_model_loader: - kv   7:                tokenizer.ggml.bos_token_id u32              = 1
llama_model_loader: - kv   8:                tokenizer.ggml.eos_token_id u32              = 2
llama_model_loader: - kv   9:          tokenizer.ggml.seperator_token_id u32              = 4294967295
llama_model_loader: - kv  10:            tokenizer.ggml.padding_token_id u32              = 4294967295
llama_model_loader: - kv  11:                       llama.context_length u32              = 128
llama_model_loader: - kv  12:                     llama.embedding_length u32              = 288
llama_model_loader: - kv  13:                  llama.feed_forward_length u32              = 768
llama_model_loader: - kv  14:                 llama.attention.head_count u32              = 6
llama_model_loader: - kv  15:                          llama.block_count u32              = 6
llama_model_loader: - kv  16:                 llama.rope.dimension_count u32              = 48
llama_model_loader: - kv  17:     llama.attention.layer_norm_rms_epsilon f32              = 0.000010
llama_model_loader: - kv  18:               general.quantization_version u32              = 2
llama_model_loader: - kv  19:                          general.file_type u32              = 2
llama_model_loader: - type  f32:   13 tensors
llama_model_loader: - type q4_0:   43 tensors
llama_model_loader: - type q8_0:    1 tensors
print_info: file format = GGUF V3 (latest)
print_info: file type   = Q4_0
print_info: file size   = 17.50 MiB (6.01 BPW) 
load: empty token at index 30143
load: bad special token: 'tokenizer.ggml.seperator_token_id' = 4294967295, using default id -1
load: bad special token: 'tokenizer.ggml.padding_token_id' = 4294967295, using default id -1
load: 0 unused tokens
load: special_eos_id is not in special_eog_ids - the tokenizer config may be incorrect
load: printing all EOG tokens:
load:   - 2 ('</s>')
load: special tokens cache size = 3
load: token to piece cache size = 0.1684 MB
print_info: arch                  = llama
print_info: vocab_only            = 0
print_info: no_alloc              = 0
print_info: n_ctx_train           = 128
print_info: n_embd                = 288
print_info: n_embd_inp            = 288
print_info: n_layer               = 6
print_info: n_head                = 6
print_info: n_head_kv             = 6
print_info: n_rot                 = 48
print_info: n_swa                 = 0
print_info: is_swa_any            = 0
print_info: n_embd_head_k         = 48
print_info: n_embd_head_v         = 48
print_info: n_gqa                 = 1
print_info: n_embd_k_gqa          = 288
print_info: n_embd_v_gqa          = 288
print_info: f_norm_eps            = 0.0e+00
print_info: f_norm_rms_eps        = 1.0e-05
print_info: f_clamp_kqv           = 0.0e+00
print_info: f_max_alibi_bias      = 0.0e+00
print_info: f_logit_scale         = 0.0e+00
print_info: f_attn_scale          = 0.0e+00
print_info: n_ff                  = 768
print_info: n_expert              = 0
print_info: n_expert_used         = 0
print_info: n_expert_groups       = 0
print_info: n_group_used          = 0
print_info: causal attn           = 1
print_info: pooling type          = 0
print_info: rope type             = 0
print_info: rope scaling          = linear
print_info: freq_base_train       = 10000.0
print_info: freq_scale_train      = 1
print_info: n_ctx_orig_yarn       = 128
print_info: rope_yarn_log_mul     = 0.0000
print_info: rope_finetuned        = unknown
print_info: model type            = ?B
print_info: model params          = 24.41 M
print_info: general.name          = llama
print_info: vocab type            = SPM
print_info: n_vocab               = 32000
print_info: n_merges              = 0
print_info: BOS token             = 1 '<s>'
print_info: EOS token             = 2 '</s>'
print_info: UNK token             = 0 '<unk>'
print_info: LF token              = 13 '<0x0A>'
print_info: EOG token             = 2 '</s>'
print_info: max token length      = 48
load_tensors: loading model tensors, this can take a while... (mmap = true, direct_io = false)
load_tensors: offloading output layer to GPU
load_tensors: offloading 5 repeating layers to GPU
load_tensors: offloaded 7/7 layers to GPU
load_tensors:   CPU_Mapped model buffer size =     4.94 MiB
load_tensors:        SYCL0 model buffer size =    12.56 MiB
.....................
llama_model_loader: loaded meta data with 20 key-value pairs and 57 tensors from /home/zjy/ws/jenkins/workspace/ci-arc770/ggerganov-llama.cpp/build-ci-release/tinyllamas/stories15M-q4_0.gguf (version GGUF V3 (latest))
llama_model_loader: Dumping metadata keys/values. Note: KV overrides do not apply in this output.
llama_model_loader: - kv   0:                      tokenizer.ggml.tokens arr[str,32000]   = ["<unk>", "<s>", "</s>", "<0x00>", "<...
llama_model_loader: - kv   1:                      tokenizer.ggml.scores arr[f32,32000]   = [0.000000, 0.000000, 0.000000, 0.0000...
llama_model_loader: - kv   2:                  tokenizer.ggml.token_type arr[i32,32000]   = [2, 3, 3, 6, 6, 6, 6, 6, 6, 6, 6, 6, ...
llama_model_loader: - kv   3:                       tokenizer.ggml.model str              = llama
llama_model_loader: - kv   4:                       general.architecture str              = llama
llama_model_loader: - kv   5:                               general.name str              = llama
llama_model_loader: - kv   6:            tokenizer.ggml.unknown_token_id u32              = 0
llama_model_loader: - kv   7:                tokenizer.ggml.bos_token_id u32              = 1
llama_model_loader: - kv   8:                tokenizer.ggml.eos_token_id u32              = 2
llama_model_loader: - kv   9:          tokenizer.ggml.seperator_token_id u32              = 4294967295
llama_model_loader: - kv  10:            tokenizer.ggml.padding_token_id u32              = 4294967295
llama_model_loader: - kv  11:                       llama.context_length u32              = 128
llama_model_loader: - kv  12:                     llama.embedding_length u32              = 288
llama_model_loader: - kv  13:                  llama.feed_forward_length u32              = 768
llama_model_loader: - kv  14:                 llama.attention.head_count u32              = 6
llama_model_loader: - kv  15:                          llama.block_count u32              = 6
llama_model_loader: - kv  16:                 llama.rope.dimension_count u32              = 48
llama_model_loader: - kv  17:     llama.attention.layer_norm_rms_epsilon f32              = 0.000010
llama_model_loader: - kv  18:               general.quantization_version u32              = 2
llama_model_loader: - kv  19:                          general.file_type u32              = 2
llama_model_loader: - type  f32:   13 tensors
llama_model_loader: - type q4_0:   43 tensors
llama_model_loader: - type q8_0:    1 tensors
print_info: file format = GGUF V3 (latest)
print_info: file type   = Q4_0
print_info: file size   = 17.50 MiB (6.01 BPW) 
load: empty token at index 30143
load: bad special token: 'tokenizer.ggml.seperator_token_id' = 4294967295, using default id -1
load: bad special token: 'tokenizer.ggml.padding_token_id' = 4294967295, using default id -1
load: 0 unused tokens
load: special_eos_id is not in special_eog_ids - the tokenizer config may be incorrect
load: printing all EOG tokens:
load:   - 2 ('</s>')
load: special tokens cache size = 3
load: token to piece cache size = 0.1684 MB
print_info: arch                  = llama
print_info: vocab_only            = 0
print_info: no_alloc              = 0
print_info: n_ctx_train           = 128
print_info: n_embd                = 288
print_info: n_embd_inp            = 288
print_info: n_layer               = 6
print_info: n_head                = 6
print_info: n_head_kv             = 6
print_info: n_rot                 = 48
print_info: n_swa                 = 0
print_info: is_swa_any            = 0
print_info: n_embd_head_k         = 48
print_info: n_embd_head_v         = 48
print_info: n_gqa                 = 1
print_info: n_embd_k_gqa          = 288
print_info: n_embd_v_gqa          = 288
print_info: f_norm_eps            = 0.0e+00
print_info: f_norm_rms_eps        = 1.0e-05
print_info: f_clamp_kqv           = 0.0e+00
print_info: f_max_alibi_bias      = 0.0e+00
print_info: f_logit_scale         = 0.0e+00
print_info: f_attn_scale          = 0.0e+00
print_info: n_ff                  = 768
print_info: n_expert              = 0
print_info: n_expert_used         = 0
print_info: n_expert_groups       = 0
print_info: n_group_used          = 0
print_info: causal attn           = 1
print_info: pooling type          = 0
print_info: rope type             = 0
print_info: rope scaling          = linear
print_info: freq_base_train       = 10000.0
print_info: freq_scale_train      = 1
print_info: n_ctx_orig_yarn       = 128
print_info: rope_yarn_log_mul     = 0.0000
print_info: rope_finetuned        = unknown
print_info: model type            = ?B
print_info: model params          = 24.41 M
print_info: general.name          = llama
print_info: vocab type            = SPM
print_info: n_vocab               = 32000
print_info: n_merges              = 0
print_info: BOS token             = 1 '<s>'
print_info: EOS token             = 2 '</s>'
print_info: UNK token             = 0 '<unk>'
print_info: LF token              = 13 '<0x0A>'
print_info: EOG token             = 2 '</s>'
print_info: max token length      = 48
load_tensors: loading model tensors, this can take a while... (mmap = true, direct_io = false)
load_tensors: offloading output layer to GPU
load_tensors: offloading 5 repeating layers to GPU
load_tensors: offloaded 7/7 layers to GPU
load_tensors:   CPU_Mapped model buffer size =    17.50 MiB
load_tensors:   CPU_REPACK model buffer size =     3.20 MiB
.....................
llama_model_load_from_file_impl: using device SYCL0 (Intel(R) Arc(TM) A770 Graphics) (unknown id) - 15473 MiB free
llama_model_loader: loaded meta data with 20 key-value pairs and 57 tensors from /home/zjy/ws/jenkins/workspace/ci-arc770/ggerganov-llama.cpp/build-ci-release/tinyllamas/stories15M-q4_0.gguf (version GGUF V3 (latest))
llama_model_loader: Dumping metadata keys/values. Note: KV overrides do not apply in this output.
llama_model_loader: - kv   0:                      tokenizer.ggml.tokens arr[str,32000]   = ["<unk>", "<s>", "</s>", "<0x00>", "<...
llama_model_loader: - kv   1:                      tokenizer.ggml.scores arr[f32,32000]   = [0.000000, 0.000000, 0.000000, 0.0000...
llama_model_loader: - kv   2:                  tokenizer.ggml.token_type arr[i32,32000]   = [2, 3, 3, 6, 6, 6, 6, 6, 6, 6, 6, 6, ...
llama_model_loader: - kv   3:                       tokenizer.ggml.model str              = llama
llama_model_loader: - kv   4:                       general.architecture str              = llama
llama_model_loader: - kv   5:                               general.name str              = llama
llama_model_loader: - kv   6:            tokenizer.ggml.unknown_token_id u32              = 0
llama_model_loader: - kv   7:                tokenizer.ggml.bos_token_id u32              = 1
llama_model_loader: - kv   8:                tokenizer.ggml.eos_token_id u32              = 2
llama_model_loader: - kv   9:          tokenizer.ggml.seperator_token_id u32              = 4294967295
llama_model_loader: - kv  10:            tokenizer.ggml.padding_token_id u32              = 4294967295
llama_model_loader: - kv  11:                       llama.context_length u32              = 128
llama_model_loader: - kv  12:                     llama.embedding_length u32              = 288
llama_model_loader: - kv  13:                  llama.feed_forward_length u32              = 768
llama_model_loader: - kv  14:                 llama.attention.head_count u32              = 6
llama_model_loader: - kv  15:                          llama.block_count u32              = 6
llama_model_loader: - kv  16:                 llama.rope.dimension_count u32              = 48
llama_model_loader: - kv  17:     llama.attention.layer_norm_rms_epsilon f32              = 0.000010
llama_model_loader: - kv  18:               general.quantization_version u32              = 2
llama_model_loader: - kv  19:                          general.file_type u32              = 2
llama_model_loader: - type  f32:   13 tensors
llama_model_loader: - type q4_0:   43 tensors
llama_model_loader: - type q8_0:    1 tensors
print_info: file format = GGUF V3 (latest)
print_info: file type   = Q4_0
print_info: file size   = 17.50 MiB (6.01 BPW) 
load: empty token at index 30143
load: bad special token: 'tokenizer.ggml.seperator_token_id' = 4294967295, using default id -1
load: bad special token: 'tokenizer.ggml.padding_token_id' = 4294967295, using default id -1
load: 0 unused tokens
load: special_eos_id is not in special_eog_ids - the tokenizer config may be incorrect
load: printing all EOG tokens:
load:   - 2 ('</s>')
load: special tokens cache size = 3
load: token to piece cache size = 0.1684 MB
print_info: arch                  = llama
print_info: vocab_only            = 0
print_info: no_alloc              = 0
print_info: n_ctx_train           = 128
print_info: n_embd                = 288
print_info: n_embd_inp            = 288
print_info: n_layer               = 6
print_info: n_head                = 6
print_info: n_head_kv             = 6
print_info: n_rot                 = 48
print_info: n_swa                 = 0
print_info: is_swa_any            = 0
print_info: n_embd_head_k         = 48
print_info: n_embd_head_v         = 48
print_info: n_gqa                 = 1
print_info: n_embd_k_gqa          = 288
print_info: n_embd_v_gqa          = 288
print_info: f_norm_eps            = 0.0e+00
print_info: f_norm_rms_eps        = 1.0e-05
print_info: f_clamp_kqv           = 0.0e+00
print_info: f_max_alibi_bias      = 0.0e+00
print_info: f_logit_scale         = 0.0e+00
print_info: f_attn_scale          = 0.0e+00
print_info: n_ff                  = 768
print_info: n_expert              = 0
print_info: n_expert_used         = 0
print_info: n_expert_groups       = 0
print_info: n_group_used          = 0
print_info: causal attn           = 1
print_info: pooling type          = 0
print_info: rope type             = 0
print_info: rope scaling          = linear
print_info: freq_base_train       = 10000.0
print_info: freq_scale_train      = 1
print_info: n_ctx_orig_yarn       = 128
print_info: rope_yarn_log_mul     = 0.0000
print_info: rope_finetuned        = unknown
print_info: model type            = ?B
print_info: model params          = 24.41 M
print_info: general.name          = llama
print_info: vocab type            = SPM
print_info: n_vocab               = 32000
print_info: n_merges              = 0
print_info: BOS token             = 1 '<s>'
print_info: EOS token             = 2 '</s>'
print_info: UNK token             = 0 '<unk>'
print_info: LF token              = 13 '<0x0A>'
print_info: EOG token             = 2 '</s>'
print_info: max token length      = 48
load_tensors: loading model tensors, this can take a while... (mmap = true, direct_io = false)
load_tensors: offloading output layer to GPU
load_tensors: offloading 5 repeating layers to GPU
load_tensors: offloaded 7/7 layers to GPU
load_tensors:   CPU_Mapped model buffer size =     4.94 MiB
load_tensors:        SYCL0 model buffer size =    12.56 MiB
.....................
Creating context 1/4 for model 1/3
llama_context: constructing llama_context
llama_context: n_seq_max     = 1
llama_context: n_ctx         = 256
llama_context: n_ctx_seq     = 256
llama_context: n_batch       = 256
llama_context: n_ubatch      = 32
llama_context: causal_attn   = 1
llama_context: flash_attn    = auto
llama_context: kv_unified    = false
llama_context: freq_base     = 10000.0
llama_context: freq_scale    = 1
llama_context: n_ctx_seq (256) > n_ctx_train (128) -- possible training context overflow
Running with Environment Variables:
  GGML_SYCL_DEBUG: 0
  GGML_SYCL_DISABLE_OPT: 0
  GGML_SYCL_DISABLE_GRAPH: 1
  GGML_SYCL_DISABLE_DNN: 0
  GGML_SYCL_PRIORITIZE_DMMV: 0
Build with Macros:
  GGML_SYCL_FORCE_MMQ: no
  GGML_SYCL_F16: yes
Found 1 SYCL devices:
|  |                   |                                       |       |Max    |        |Max  |Global |                     |
|  |                   |                                       |       |compute|Max work|sub  |mem    |                     |
|ID|        Device Type|                                   Name|Version|units  |group   |group|size   |       Driver version|
|--|-------------------|---------------------------------------|-------|-------|--------|-----|-------|---------------------|
Creating context 4/4 for model 1/3
Creating context 1/4 for model 2/3
llama_context: constructing llama_context
llama_context: n_seq_max     = 1
llama_context: n_ctx         = 256
llama_context: n_ctx_seq     = 256
llama_context: n_batch       = 256
llama_context: n_ubatch      = 32
llama_context: causal_attn   = 1
llama_context: flash_attn    = auto
llama_context: kv_unified    = false
llama_context: freq_base     = 10000.0
llama_context: freq_scale    = 1
llama_context: n_ctx_seq (256) > n_ctx_train (128) -- possible training context overflow
Creating context 2/4 for model 1/3
Creating context 2/4 for model 2/3
Creating context 3/4 for model 1/3
| 0| [level_zero:gpu:0]|                Intel Arc A770 Graphics|  12.55|    512|    1024|   32| 16225M|         1.3.29735+27|
SYCL Optimization Feature:
|ID|        Device Type|Reorder|
|--|-------------------|-------|
| 0| [level_zero:gpu:0]|      Y|
llama_context:  SYCL_Host  output buffer size =     0.12 MiB
Creating context 3/4 for model 2/3
llama_context: constructing llama_context
llama_context: n_seq_max     = 1
llama_context: n_ctx         = 256
llama_context: n_ctx_seq     = 256
llama_context: n_batch       = 256
llama_context: n_ubatch      = 32
llama_context: causal_attn   = 1
llama_context: flash_attn    = auto
llama_context: kv_unified    = false
llama_context: freq_base     = 10000.0
llama_context: freq_scale    = 1
llama_context: n_ctx_seq (256) > n_ctx_train (128) -- possible training context overflow
llama_context:  SYCL_Host  output buffer size =     0.12 MiB
llama_context: constructing llama_context
llama_context: n_seq_max     = 1
llama_context: constructing llama_context
llama_context: n_ctx         = 256
llama_context: n_ctx_seq     = 256
llama_context: n_batch       = 256
llama_context: n_ubatch      = 32
llama_context: causal_attn   = 1
llama_context: flash_attn    = auto
llama_context: kv_unified    = false
llama_context: n_seq_max     = 1
llama_context: n_ctx         = 256
llama_context: n_ctx_seq     = 256
llama_context: freq_base     = 10000.0
llama_context: n_batch       = 256
llama_context:        CPU  output buffer size =     0.12 MiB
llama_context: freq_scale    = 1
llama_context: n_ubatch      = 32
llama_context: n_ctx_seq (256) > n_ctx_train (128) -- possible training context overflow
llama_context: causal_attn   = 1
llama_context: flash_attn    = auto
llama_context: kv_unified    = false
llama_context: freq_base     = 10000.0
llama_context: freq_scale    = 1
llama_context: n_ctx_seq (256) > n_ctx_train (128) -- possible training context overflow
llama_context: constructing llama_context
llama_context: n_seq_max     = 1
Creating context 4/4 for model 2/3
llama_context:  SYCL_Host  output buffer size =     0.12 MiB
llama_context: n_ctx         = 256
llama_context: n_ctx_seq     = 256
llama_context: n_batch       = 256
llama_context: n_ubatch      = 32
llama_context: causal_attn   = 1
llama_context: flash_attn    = auto
llama_context: kv_unified    = false
llama_context:        CPU  output buffer size =     0.12 MiB
llama_context: freq_base     = 10000.0
llama_context: freq_scale    = 1
llama_context: n_ctx_seq (256) > n_ctx_train (128) -- possible training context overflow
llama_context: constructing llama_context
llama_context:  SYCL_Host  output buffer size =     0.12 MiB
llama_context: n_seq_max     = 1
llama_context: n_ctx         = 256
llama_context: n_ctx_seq     = 256
llama_context: n_batch       = 256
llama_context: n_ubatch      = 32
llama_context: causal_attn   = 1
llama_context: flash_attn    = auto
llama_context: kv_unified    = false
llama_context: freq_base     = 10000.0
llama_context: freq_scale    = 1
llama_context: n_ctx_seq (256) > n_ctx_train (128) -- possible training context overflow
Creating context 1/4 for model 3/3
llama_kv_cache:        CPU KV buffer size =     1.69 MiB
llama_context:        CPU  output buffer size =     0.12 MiB
llama_kv_cache:        CPU KV buffer size =     1.69 MiB
Creating context 2/4 for model 3/3
llama_kv_cache:      SYCL0 KV buffer size =     1.69 MiB
llama_context: constructing llama_context
llama_context: constructing llama_context
llama_context: n_seq_max     = 1
llama_context: n_seq_max     = 1
llama_context: n_ctx         = 256
llama_context: n_ctx         = 256
llama_context: n_ctx_seq     = 256
llama_context: n_batch       = 256
llama_context: n_ctx_seq     = 256
llama_context: n_batch       = 256
llama_context: n_ubatch      = 32
llama_context: causal_attn   = 1
llama_context: flash_attn    = auto
llama_context: kv_unified    = false
llama_context: n_ubatch      = 32
llama_context: causal_attn   = 1
llama_context: flash_attn    = auto
llama_context: kv_unified    = false
Creating context 3/4 for model 3/3
llama_context: freq_base     = 10000.0
llama_context: freq_base     = 10000.0
llama_context: freq_scale    = 1
llama_context: freq_scale    = 1
llama_context: n_ctx_seq (256) > n_ctx_train (128) -- possible training context overflow
llama_context: n_ctx_seq (256) > n_ctx_train (128) -- possible training context overflow
llama_context: constructing llama_context
llama_context: n_seq_max     = 1
llama_context: n_ctx         = 256
llama_context: n_ctx_seq     = 256
llama_context: n_batch       = 256
llama_context: n_ubatch      = 32
llama_context: causal_attn   = 1
llama_context: flash_attn    = auto
llama_context: kv_unified    = false
llama_context: freq_base     = 10000.0
llama_context: freq_scale    = 1
llama_context: n_ctx_seq (256) > n_ctx_train (128) -- possible training context overflow
Creating context 4/4 for model 3/3
llama_context: constructing llama_context
llama_context: n_seq_max     = 1
llama_context: n_ctx         = 256
llama_context: n_ctx_seq     = 256
llama_context: n_batch       = 256
llama_context: n_ubatch      = 32
llama_context: causal_attn   = 1
llama_context: flash_attn    = auto
llama_context: kv_unified    = false
llama_context: freq_base     = 10000.0
llama_context: freq_scale    = 1
llama_context: n_ctx_seq (256) > n_ctx_train (128) -- possible training context overflow
llama_context:        CPU  output buffer size =     0.12 MiB
llama_context:  SYCL_Host  output buffer size =     0.12 MiB
llama_kv_cache:      SYCL0 KV buffer size =     1.69 MiB
llama_kv_cache:        CPU KV buffer size =     1.69 MiB
llama_context:  SYCL_Host  output buffer size =     0.12 MiB
llama_context: constructing llama_context
llama_context:  SYCL_Host  output buffer size =     0.12 MiB
llama_context: n_seq_max     = 1
llama_context: n_ctx         = 256
llama_context: n_ctx_seq     = 256
llama_context: n_batch       = 256
llama_context: n_ubatch      = 32
llama_context: causal_attn   = 1
llama_context: flash_attn    = auto
llama_context: kv_unified    = false
llama_context: freq_base     = 10000.0
llama_context: freq_scale    = 1
llama_context: n_ctx_seq (256) > n_ctx_train (128) -- possible training context overflow
llama_kv_cache:      SYCL0 KV buffer size =     1.69 MiB
llama_kv_cache:        CPU KV buffer size =     1.69 MiB
llama_context:  SYCL_Host  output buffer size =     0.12 MiB
llama_kv_cache:      SYCL0 KV buffer size =     1.69 MiB
llama_kv_cache:      SYCL0 KV buffer size =     1.69 MiB
llama_kv_cache:      SYCL0 KV buffer size =     1.69 MiB
llama_kv_cache:      SYCL0 KV buffer size =     1.69 MiB
llama_kv_cache: size =    1.69 MiB (   256 cells,   6 layers,  1/1 seqs), K (f16):    0.84 MiB, V (f16):    0.84 MiB
llama_kv_cache:      SYCL0 KV buffer size =     1.69 MiB
sched_reserve: reserving ...
llama_kv_cache: size =    1.69 MiB (   256 cells,   6 layers,  1/1 seqs), K (f16):    0.84 MiB, V (f16):    0.84 MiB
sched_reserve: reserving ...
llama_kv_cache: size =    1.69 MiB (   256 cells,   6 layers,  1/1 seqs), K (f16):    0.84 MiB, V (f16):    0.84 MiB
sched_reserve: reserving ...
llama_kv_cache: size =    1.69 MiB (   256 cells,   6 layers,  1/1 seqs), K (f16):    0.84 MiB, V (f16):    0.84 MiB
sched_reserve: reserving ...
llama_kv_cache: size =    1.69 MiB (   256 cells,   6 layers,  1/1 seqs), K (f16):    0.84 MiB, V (f16):    0.84 MiB
sched_reserve: reserving ...
llama_kv_cache: size =    1.69 MiB (   256 cells,   6 layers,  1/1 seqs), K (f16):    0.84 MiB, V (f16):    0.84 MiB
sched_reserve: reserving ...
sched_reserve: layer 0 is assigned to device SYCL0 but the Flash Attention tensor is assigned to device CPU (usually due to missing support)
sched_reserve: Flash Attention was auto, set to disabled
sched_reserve: Flash Attention was auto, set to enabled
llama_kv_cache: size =    1.69 MiB (   256 cells,   6 layers,  1/1 seqs), K (f16):    0.84 MiB, V (f16):    0.84 MiB
sched_reserve: reserving ...
sched_reserve: Flash Attention was auto, set to enabled
sched_reserve:        CPU compute buffer size =     4.13 MiB
sched_reserve: graph nodes  = 193
sched_reserve: graph splits = 1
sched_reserve: reserve took 1.16 ms, sched copies = 1
llama_kv_cache: size =    1.69 MiB (   256 cells,   6 layers,  1/1 seqs), K (f16):    0.84 MiB, V (f16):    0.84 MiB
sched_reserve: reserving ...
llama_kv_cache: size =    1.69 MiB (   256 cells,   6 layers,  1/1 seqs), K (f16):    0.84 MiB, V (f16):    0.84 MiB
sched_reserve: reserving ...
sched_reserve: layer 0 is assigned to device SYCL0 but the Flash Attention tensor is assigned to device CPU (usually due to missing support)
sched_reserve: Flash Attention was auto, set to disabled
sched_reserve:        CPU compute buffer size =     4.13 MiB
sched_reserve: graph nodes  = 193
sched_reserve: graph splits = 1
sched_reserve: reserve took 1.05 ms, sched copies = 1
sched_reserve: Flash Attention was auto, set to enabled
llama_kv_cache: size =    1.69 MiB (   256 cells,   6 layers,  1/1 seqs), K (f16):    0.84 MiB, V (f16):    0.84 MiB
sched_reserve: reserving ...
sched_reserve: Flash Attention was auto, set to enabled
sched_reserve: layer 0 is assigned to device SYCL0 but the Flash Attention tensor is assigned to device CPU (usually due to missing support)
sched_reserve: Flash Attention was auto, set to disabled
llama_kv_cache: size =    1.69 MiB (   256 cells,   6 layers,  1/1 seqs), K (f16):    0.84 MiB, V (f16):    0.84 MiB
sched_reserve: reserving ...
llama_kv_cache: size =    1.69 MiB (   256 cells,   6 layers,  1/1 seqs), K (f16):    0.84 MiB, V (f16):    0.84 MiB
sched_reserve: reserving ...
sched_reserve:      SYCL0 compute buffer size =     4.08 MiB
sched_reserve:  SYCL_Host compute buffer size =     0.10 MiB
sched_reserve: graph nodes  = 222
sched_reserve: graph splits = 2
sched_reserve: reserve took 2.05 ms, sched copies = 1
sched_reserve:        CPU compute buffer size =     4.13 MiB
sched_reserve: graph nodes  = 193
sched_reserve: graph splits = 1
sched_reserve: reserve took 1.60 ms, sched copies = 1
sched_reserve:        CPU compute buffer size =     4.13 MiB
sched_reserve: graph nodes  = 193
sched_reserve: graph splits = 1
sched_reserve: reserve took 1.71 ms, sched copies = 1
sched_reserve:      SYCL0 compute buffer size =     4.08 MiB
sched_reserve:  SYCL_Host compute buffer size =     0.10 MiB
sched_reserve: graph nodes  = 222
sched_reserve: graph splits = 2
sched_reserve: reserve took 1.31 ms, sched copies = 1
sched_reserve: layer 0 is assigned to device SYCL0 but the Flash Attention tensor is assigned to device CPU (usually due to missing support)
sched_reserve: Flash Attention was auto, set to disabled
sched_reserve:      SYCL0 compute buffer size =     4.08 MiB
sched_reserve:  SYCL_Host compute buffer size =     0.10 MiB
sched_reserve: graph nodes  = 222
sched_reserve: graph splits = 2
sched_reserve: reserve took 1.25 ms, sched copies = 1
sched_reserve: layer 0 is assigned to device SYCL0 but the Flash Attention tensor is assigned to device CPU (usually due to missing support)
sched_reserve: Flash Attention was auto, set to disabled
sched_reserve: layer 0 is assigned to device SYCL0 but the Flash Attention tensor is assigned to device CPU (usually due to missing support)
sched_reserve: Flash Attention was auto, set to disabled
sched_reserve: layer 0 is assigned to device SYCL0 but the Flash Attention tensor is assigned to device CPU (usually due to missing support)
sched_reserve: Flash Attention was auto, set to disabled
sched_reserve: layer 0 is assigned to device SYCL0 but the Flash Attention tensor is assigned to device CPU (usually due to missing support)
sched_reserve: Flash Attention was auto, set to disabled
sched_reserve:      SYCL0 compute buffer size =     4.08 MiB
sched_reserve:  SYCL_Host compute buffer size =     0.10 MiB
sched_reserve: graph nodes  = 222
sched_reserve: graph splits = 2
sched_reserve: reserve took 2.17 ms, sched copies = 1
sched_reserve:      SYCL0 compute buffer size =     4.08 MiB
sched_reserve:  SYCL_Host compute buffer size =     0.10 MiB
sched_reserve: graph nodes  = 222
sched_reserve: graph splits = 2
sched_reserve: reserve took 2.42 ms, sched copies = 1
sched_reserve:      SYCL0 compute buffer size =     4.08 MiB
sched_reserve:  SYCL_Host compute buffer size =     0.10 MiB
sched_reserve: graph nodes  = 222
sched_reserve: graph splits = 2
sched_reserve: reserve took 2.80 ms, sched copies = 1
sched_reserve:      SYCL0 compute buffer size =     4.08 MiB
sched_reserve:  SYCL_Host compute buffer size =     0.10 MiB
sched_reserve: graph nodes  = 222
sched_reserve: graph splits = 2
sched_reserve: reserve took 3.14 ms, sched copies = 1
sched_reserve:      SYCL0 compute buffer size =     4.08 MiB
sched_reserve:  SYCL_Host compute buffer size =     0.10 MiB
sched_reserve: graph nodes  = 222
sched_reserve: graph splits = 2
sched_reserve: reserve took 3.10 ms, sched copies = 1
Model 2/3, Context 4/4: The meaning of life is a very interesting story, and it only helps keep the people around it. But it's also very important to tell the truth.
One day, a 3 year old asked its mom, "What is the truth about?"
Mom answered, "The truth is the story of what happened when you tell the truth."
The 3 year old thought for a minute and then said, "I want to find the truth."
Mom smiled and said, "That's very kind of you. Keep your head down, ok?"
The 3 year old smiled and said, "Ok, I will remember

Model 2/3, Context 2/4: The meaning of life is on the ground. It's a very important thing that you must trust. One day, a little girl named Daisy came walking along and she was only three years old, but she was very brave. She walked up to the doorknob and saw a big, bright red apple. She was so excited that she quickly picked it up and put it in her pocket.
Daisy was about to finish her walk when she saw a big, yellow balloon in the sky. She wanted to get it so badly, but then she heard a voice. It was a very loud voice, "Stop! Don

Model 2/3, Context 1/4: The meaning of life is coming on a very special event. Annie is a 3 year old who is feeling very restless. She was so excited to go to the event that she could not wait to be there.
On the way to the event, Annie saw a very small bird lying on the ground. She was so sad that the bird was lying on the ground. She thought she saw a lot of things happen and she couldn't believe it.
A few minutes later, Annie was running out of energy and she was so excited that she started running again. She kept running and running until she reached the event. Annie was

Model 2/3, Context 3/4: The meaning of life is written in a dark and uncomfortable. One day, a little boy had an urge to go outside and play, but he was scared. He didn't want to disobey the people who had told him to be brave. He was afraid to go out and stay in the dark.
His mom told him that he should try to be brave. She said that if he tried hard enough, he could do it. So, the little boy took a deep breath and said he would be brave. He took a deep breath and walked out of the dark forest. 
The little boy was a bit

Model 3/3, Context 2/4: The meaning of life is

corrupted double-linked list

      Start 33: test-arg-parser
32/41 Test #33: test-arg-parser ...................   Passed    0.98 sec
      Start 34: test-opt
33/41 Test #34: test-opt ..........................   Passed    0.17 sec
      Start 35: test-gguf
34/41 Test #35: test-gguf .........................   Passed    0.39 sec
      Start 36: test-backend-ops
35/41 Test #36: test-backend-ops ..................   Passed  111.99 sec
      Start 41: test-barrier
36/41 Test #41: test-barrier ......................   Passed    1.14 sec
      Start 42: test-quantize-fns
37/41 Test #42: test-quantize-fns .................   Passed   12.17 sec
      Start 43: test-quantize-perf
38/41 Test #43: test-quantize-perf ................   Passed    0.09 sec
      Start 44: test-rope
39/41 Test #44: test-rope .........................   Passed    0.09 sec
      Start 45: test-mtmd-c-api
40/41 Test #45: test-mtmd-c-api ...................   Passed    0.04 sec
      Start 46: test-alloc
41/41 Test #46: test-alloc ........................   Passed    0.04 sec

95% tests passed, 2 tests failed out of 41

Label Time Summary:
main    = 147.90 sec*proc (40 tests)

Total Test time (real) = 157.48 sec

The following tests FAILED:
	 14 - test-tokenizers-ggml-vocabs (Failed)
	 32 - test-thread-safety (Subprocess aborted)
Errors while running CTest

real	2m37.527s
user	3m23.138s
sys	1m7.832s
+ cur=8
+ echo 8
+ set +x
