+ gg_run_ctest_release
+ cd /home/zjy/ws/jenkins/workspace/ci-arc770/ggerganov-llama.cpp
+ tee /home/zjy/ws/jenkins/workspace/ci-arc770/ggerganov-llama.cpp/tmp/ci_log/98bd9ab1e4fdef1497da628574bb90d0890539e7/tmp/results/ctest_release.log
+ rm -rf build-ci-release
+ mkdir build-ci-release
+ cd build-ci-release
+ set -e
+ tee -a /home/zjy/ws/jenkins/workspace/ci-arc770/ggerganov-llama.cpp/tmp/ci_log/98bd9ab1e4fdef1497da628574bb90d0890539e7/tmp/results/ctest_release-cmake.log
+ cmake -DCMAKE_BUILD_TYPE=Release -DLLAMA_FATAL_WARNINGS=ON -DLLAMA_SYCL=1 DCMAKE_C_COMPILER=icx -DCMAKE_CXX_COMPILER=icpx -DLLAMA_SYCL_F16=ON -DLLAMA_CURL=OFF ..
CMake Warning:
  Ignoring extra path from command line:

   "/home/zjy/ws/jenkins/workspace/ci-arc770/ggerganov-llama.cpp/build-ci-release/DCMAKE_C_COMPILER=icx"


-- The C compiler identification is GNU 13.3.0
-- The CXX compiler identification is IntelLLVM 2025.3.1
-- Detecting C compiler ABI info
-- Detecting C compiler ABI info - done
-- Check for working C compiler: /usr/bin/cc - skipped
-- Detecting C compile features
-- Detecting C compile features - done
-- Detecting CXX compiler ABI info
-- Detecting CXX compiler ABI info - done
-- Check for working CXX compiler: /opt/intel/oneapi/compiler/2025.3/bin/icpx - skipped
-- Detecting CXX compile features
-- Detecting CXX compile features - done
CMAKE_BUILD_TYPE=Release
-- Found Git: /usr/bin/git (found version "2.43.0") 
CMake Warning at CMakeLists.txt:127 (message):
  LLAMA_SYCL is deprecated and will be removed in the future.

  Use GGML_SYCL instead

Call Stack (most recent call first):
  CMakeLists.txt:138 (llama_option_depr)


CMake Warning at CMakeLists.txt:127 (message):
  LLAMA_SYCL_F16 is deprecated and will be removed in the future.

  Use GGML_SYCL_F16 instead

Call Stack (most recent call first):
  CMakeLists.txt:139 (llama_option_depr)


-- The ASM compiler identification is GNU
-- Found assembler: /usr/bin/cc
-- Performing Test CMAKE_HAVE_LIBC_PTHREAD
-- Performing Test CMAKE_HAVE_LIBC_PTHREAD - Success
-- Found Threads: TRUE  
-- Warning: ccache not found - consider installing it for faster compilation or disable this warning with GGML_CCACHE=OFF
-- CMAKE_SYSTEM_PROCESSOR: x86_64
-- GGML_SYSTEM_ARCH: x86
-- Including CPU backend
-- Found OpenMP_C: -fopenmp (found version "4.5") 
-- Found OpenMP_CXX: -fiopenmp (found version "5.1") 
-- Found OpenMP: TRUE (found version "4.5")  
-- x86 detected
-- Adding CPU backend variant ggml-cpu: -march=native 
-- GGML_SYCL_TARGET=INTEL
-- Performing Test SUPPORTS_SYCL
-- Performing Test SUPPORTS_SYCL - Success
-- Using oneAPI Release SYCL compiler (icpx).
-- SYCL found
-- SYCL Compiler version: 20250301
-- SYCL_INCLUDE_DIR: /opt/intel/oneapi/compiler/2025.3/include
-- SYCL_LIBRARY=/opt/intel/oneapi/compiler/2025.3/lib/libsycl.so
-- Found IntelSYCL: /opt/intel/oneapi/compiler/2025.3/include (found version "202012") 
-- Looking for CL_VERSION_3_0
-- Looking for CL_VERSION_3_0 - found
-- Found OpenCL: /opt/intel/oneapi/compiler/2025.3/lib/libOpenCL.so (found version "3.0") 
-- Found oneDNN: /opt/intel/oneapi/dnnl/2025.3/lib/libdnnl.so.3.9
-- MKL_VERSION: 2025.3.0
-- MKL_ROOT: /opt/intel/oneapi/mkl/2025.3
-- MKL_ARCH: intel64
-- MKL_SYCL_LINK: None, set to ` dynamic` by default
-- MKL_LINK: None, set to ` dynamic` by default
-- MKL_SYCL_INTERFACE_FULL: None, set to ` intel_ilp64` by default
-- MKL_INTERFACE_FULL: None, set to ` intel_ilp64` by default
-- MKL_SYCL_THREADING: None, set to ` tbb_thread` by default
-- MKL_THREADING: None, set to ` intel_thread` by default
-- MKL_SYCL_MPI: None, set to ` intelmpi` by default
-- MKL_MPI: None, set to ` intelmpi` by default
-- Found /opt/intel/oneapi/mkl/2025.3/lib/libmkl_scalapack_ilp64.so
-- Found /opt/intel/oneapi/mkl/2025.3/lib/libmkl_cdft_core.so
-- Found /opt/intel/oneapi/mkl/2025.3/lib/libmkl_intel_ilp64.so
-- Found /opt/intel/oneapi/mkl/2025.3/lib/libmkl_intel_thread.so
-- Found /opt/intel/oneapi/mkl/2025.3/lib/libmkl_core.so
-- Found /opt/intel/oneapi/mkl/2025.3/lib/libmkl_blacs_intelmpi_ilp64.so
-- Found /opt/intel/oneapi/mkl/2025.3/lib/libmkl_sycl_distributed_dft.so
-- Found /opt/intel/oneapi/mkl/2025.3/lib/libmkl_sycl_blas.so
-- Found /opt/intel/oneapi/mkl/2025.3/lib/libmkl_sycl_lapack.so
-- Found /opt/intel/oneapi/mkl/2025.3/lib/libmkl_sycl_dft.so
-- Found /opt/intel/oneapi/mkl/2025.3/lib/libmkl_sycl_sparse.so
-- Found /opt/intel/oneapi/mkl/2025.3/lib/libmkl_sycl_data_fitting.so
-- Found /opt/intel/oneapi/mkl/2025.3/lib/libmkl_sycl_rng.so
-- Found /opt/intel/oneapi/mkl/2025.3/lib/libmkl_sycl_stats.so
-- Found /opt/intel/oneapi/mkl/2025.3/lib/libmkl_sycl_vm.so
-- Found /opt/intel/oneapi/mkl/2025.3/lib/libmkl_tbb_thread.so
-- Found /opt/intel/oneapi/compiler/2025.3/lib/libiomp5.so
-- Including SYCL backend
-- ggml version: 0.9.4
-- ggml commit:  98bd9ab1e
-- Configuring done (1.8s)
-- Generating done (0.1s)
-- Build files have been written to: /home/zjy/ws/jenkins/workspace/ci-arc770/ggerganov-llama.cpp/build-ci-release

real	0m1.973s
user	0m1.190s
sys	0m0.779s
+ tee -a /home/zjy/ws/jenkins/workspace/ci-arc770/ggerganov-llama.cpp/tmp/ci_log/98bd9ab1e4fdef1497da628574bb90d0890539e7/tmp/results/ctest_release-make.log
+ make -j
[  2%] Building C object examples/gguf-hash/CMakeFiles/sha1.dir/deps/sha1/sha1.c.o
[  2%] Building C object examples/gguf-hash/CMakeFiles/sha256.dir/deps/sha256/sha256.c.o
[  2%] Building C object examples/gguf-hash/CMakeFiles/xxhash.dir/deps/xxhash/xxhash.c.o
[  2%] Building CXX object tools/mtmd/CMakeFiles/llama-gemma3-cli.dir/deprecation-warning.cpp.o
[  2%] Building CXX object tools/mtmd/CMakeFiles/llama-qwen2vl-cli.dir/deprecation-warning.cpp.o
[  2%] Building CXX object tools/mtmd/CMakeFiles/llama-minicpmv-cli.dir/deprecation-warning.cpp.o
[  2%] Building CXX object ggml/src/CMakeFiles/ggml-base.dir/ggml-backend.cpp.o
[  2%] Building CXX object ggml/src/CMakeFiles/ggml-base.dir/ggml.cpp.o
[  2%] Building CXX object tools/mtmd/CMakeFiles/llama-llava-cli.dir/deprecation-warning.cpp.o
[  2%] Building C object ggml/src/CMakeFiles/ggml-base.dir/ggml.c.o
[  3%] Building C object ggml/src/CMakeFiles/ggml-base.dir/ggml-alloc.c.o
[  3%] Building CXX object ggml/src/CMakeFiles/ggml-base.dir/ggml-opt.cpp.o
[  3%] Building CXX object common/CMakeFiles/build_info.dir/build-info.cpp.o
[  3%] Building CXX object vendor/cpp-httplib/CMakeFiles/cpp-httplib.dir/httplib.cpp.o
[  4%] Building C object ggml/src/CMakeFiles/ggml-base.dir/ggml-quants.c.o
[  4%] Building CXX object ggml/src/CMakeFiles/ggml-base.dir/gguf.cpp.o
[  4%] Building CXX object ggml/src/CMakeFiles/ggml-base.dir/ggml-threading.cpp.o
[  4%] Built target build_info
[  4%] Linking CXX executable ../../bin/llama-minicpmv-cli
[  4%] Linking CXX executable ../../bin/llama-gemma3-cli
[  4%] Built target sha1
[  4%] Linking CXX executable ../../bin/llama-llava-cli
[  4%] Built target sha256
[  4%] Linking CXX executable ../../bin/llama-qwen2vl-cli
[  4%] Built target llama-minicpmv-cli
[  4%] Built target llama-gemma3-cli
[  4%] Built target llama-llava-cli
[  4%] Built target llama-qwen2vl-cli
[  4%] Built target xxhash
[  4%] Linking CXX shared library ../../bin/libggml-base.so
[  4%] Built target ggml-base
[  4%] Building CXX object ggml/src/CMakeFiles/ggml-cpu.dir/ggml-cpu/hbm.cpp.o
[  5%] Building CXX object ggml/src/CMakeFiles/ggml-cpu.dir/ggml-cpu/traits.cpp.o
[  5%] Building C object ggml/src/CMakeFiles/ggml-cpu.dir/ggml-cpu/ggml-cpu.c.o
[  5%] Building CXX object ggml/src/CMakeFiles/ggml-cpu.dir/ggml-cpu/repack.cpp.o
[  5%] Building CXX object ggml/src/CMakeFiles/ggml-cpu.dir/ggml-cpu/binary-ops.cpp.o
[  5%] Building C object ggml/src/CMakeFiles/ggml-cpu.dir/ggml-cpu/quants.c.o
[  6%] Building CXX object ggml/src/CMakeFiles/ggml-cpu.dir/ggml-cpu/unary-ops.cpp.o
[  6%] Building CXX object ggml/src/CMakeFiles/ggml-cpu.dir/ggml-cpu/vec.cpp.o
[  6%] Building CXX object ggml/src/ggml-sycl/CMakeFiles/ggml-sycl.dir/binbcast.cpp.o
[  6%] Building CXX object ggml/src/CMakeFiles/ggml-cpu.dir/ggml-cpu/amx/mmq.cpp.o
[  7%] Building CXX object ggml/src/ggml-sycl/CMakeFiles/ggml-sycl.dir/ggml-sycl.cpp.o
[  8%] Building CXX object ggml/src/CMakeFiles/ggml-cpu.dir/ggml-cpu/ggml-cpu.cpp.o
[  9%] Building CXX object ggml/src/ggml-sycl/CMakeFiles/ggml-sycl.dir/conv.cpp.o
[  9%] Building CXX object ggml/src/CMakeFiles/ggml-cpu.dir/ggml-cpu/llamafile/sgemm.cpp.o
[  9%] Building CXX object ggml/src/CMakeFiles/ggml-cpu.dir/ggml-cpu/amx/amx.cpp.o
[  9%] Building CXX object ggml/src/CMakeFiles/ggml-cpu.dir/ggml-cpu/ops.cpp.o
[  9%] Building CXX object ggml/src/ggml-sycl/CMakeFiles/ggml-sycl.dir/common.cpp.o
[ 10%] Building C object ggml/src/CMakeFiles/ggml-cpu.dir/ggml-cpu/arch/x86/quants.c.o
[ 10%] Building CXX object ggml/src/ggml-sycl/CMakeFiles/ggml-sycl.dir/convert.cpp.o
[ 10%] Building CXX object ggml/src/ggml-sycl/CMakeFiles/ggml-sycl.dir/concat.cpp.o
[ 10%] Building CXX object ggml/src/ggml-sycl/CMakeFiles/ggml-sycl.dir/count-equal.cpp.o
[ 10%] Building CXX object ggml/src/ggml-sycl/CMakeFiles/ggml-sycl.dir/element_wise.cpp.o
[ 10%] Building CXX object ggml/src/CMakeFiles/ggml-cpu.dir/ggml-cpu/arch/x86/repack.cpp.o
[ 10%] Building CXX object ggml/src/ggml-sycl/CMakeFiles/ggml-sycl.dir/cpy.cpp.o
[ 11%] Building CXX object ggml/src/ggml-sycl/CMakeFiles/ggml-sycl.dir/dmmv.cpp.o
[ 11%] Building CXX object ggml/src/ggml-sycl/CMakeFiles/ggml-sycl.dir/gla.cpp.o
[ 11%] Building CXX object ggml/src/ggml-sycl/CMakeFiles/ggml-sycl.dir/getrows.cpp.o
[ 12%] Building CXX object ggml/src/ggml-sycl/CMakeFiles/ggml-sycl.dir/im2col.cpp.o
[ 12%] Building CXX object ggml/src/ggml-sycl/CMakeFiles/ggml-sycl.dir/mmq.cpp.o
[ 12%] Building CXX object ggml/src/ggml-sycl/CMakeFiles/ggml-sycl.dir/mmvq.cpp.o
[ 12%] Building CXX object ggml/src/ggml-sycl/CMakeFiles/ggml-sycl.dir/repeat_back.cpp.o
[ 13%] Building CXX object ggml/src/ggml-sycl/CMakeFiles/ggml-sycl.dir/outprod.cpp.o
[ 14%] Building CXX object ggml/src/ggml-sycl/CMakeFiles/ggml-sycl.dir/roll.cpp.o
[ 14%] Building CXX object ggml/src/ggml-sycl/CMakeFiles/ggml-sycl.dir/norm.cpp.o
[ 14%] Building CXX object ggml/src/ggml-sycl/CMakeFiles/ggml-sycl.dir/rope.cpp.o
[ 14%] Building CXX object ggml/src/ggml-sycl/CMakeFiles/ggml-sycl.dir/pad_reflect_1d.cpp.o
[ 13%] Building CXX object ggml/src/ggml-sycl/CMakeFiles/ggml-sycl.dir/pad.cpp.o
[ 14%] Building CXX object ggml/src/ggml-sycl/CMakeFiles/ggml-sycl.dir/set.cpp.o
[ 14%] Building CXX object ggml/src/ggml-sycl/CMakeFiles/ggml-sycl.dir/set_rows.cpp.o
[ 15%] Building CXX object ggml/src/ggml-sycl/CMakeFiles/ggml-sycl.dir/softmax.cpp.o
[ 15%] Building CXX object ggml/src/ggml-sycl/CMakeFiles/ggml-sycl.dir/ssm_conv.cpp.o
[ 15%] Building CXX object ggml/src/ggml-sycl/CMakeFiles/ggml-sycl.dir/sycl_hw.cpp.o
[ 16%] Building CXX object ggml/src/ggml-sycl/CMakeFiles/ggml-sycl.dir/wkv.cpp.o
[ 16%] Building CXX object ggml/src/ggml-sycl/CMakeFiles/ggml-sycl.dir/tsembd.cpp.o
In file included from /home/zjy/ws/jenkins/workspace/ci-arc770/ggerganov-llama.cpp/ggml/src/ggml-sycl/mmvq.cpp:1:
In file included from /home/zjy/ws/jenkins/workspace/ci-arc770/ggerganov-llama.cpp/ggml/src/ggml-sycl/mmvq.hpp:16:
In file included from /home/zjy/ws/jenkins/workspace/ci-arc770/ggerganov-llama.cpp/ggml/src/ggml-sycl/common.hpp:21:
/home/zjy/ws/jenkins/workspace/ci-arc770/ggerganov-llama.cpp/ggml/src/ggml-sycl/dpct/helper.hpp:1866:26: warning: 'syclcompat' is deprecated: syclcompat is deprecated [-Wdeprecated-declarations]
 1866 |         return syclcompat::dp4a(a, b, c);
      |                          ^
/opt/intel/oneapi/compiler/2025.3/include/syclcompat/math.hpp:49:13: note: 'syclcompat' has been explicitly marked deprecated here
   49 | namespace [[deprecated("syclcompat is deprecated")]] syclcompat {
      |             ^
In file included from /home/zjy/ws/jenkins/workspace/ci-arc770/ggerganov-llama.cpp/ggml/src/ggml-sycl/im2col.cpp:13:
In file included from /home/zjy/ws/jenkins/workspace/ci-arc770/ggerganov-llama.cpp/ggml/src/ggml-sycl/im2col.hpp:16:
In file included from /home/zjy/ws/jenkins/workspace/ci-arc770/ggerganov-llama.cpp/ggml/src/ggml-sycl/common.hpp:21:
/home/zjy/ws/jenkins/workspace/ci-arc770/ggerganov-llama.cpp/ggml/src/ggml-sycl/dpct/helper.hpp:1866:26: warning: 'syclcompat' is deprecated: syclcompat is deprecated [-Wdeprecated-declarations]
 1866 |         return syclcompat::dp4a(a, b, c);
      |                          ^
/opt/intel/oneapi/compiler/2025.3/include/syclcompat/math.hpp:49:13: note: 'syclcompat' has been explicitly marked deprecated here
   49 | namespace [[deprecated("syclcompat is deprecated")]] syclcompat {
      |             ^
In file included from /home/zjy/ws/jenkins/workspace/ci-arc770/ggerganov-llama.cpp/ggml/src/ggml-sycl/conv.cpp:13:
In file included from /home/zjy/ws/jenkins/workspace/ci-arc770/ggerganov-llama.cpp/ggml/src/ggml-sycl/conv.hpp:16:
In file included from /home/zjy/ws/jenkins/workspace/ci-arc770/ggerganov-llama.cpp/ggml/src/ggml-sycl/common.hpp:21:
/home/zjy/ws/jenkins/workspace/ci-arc770/ggerganov-llama.cpp/ggml/src/ggml-sycl/dpct/helper.hpp:1866:26: warning: 'syclcompat' is deprecated: syclcompat is deprecated [-Wdeprecated-declarations]
 1866 |         return syclcompat::dp4a(a, b, c);
      |                          ^
/opt/intel/oneapi/compiler/2025.3/include/syclcompat/math.hpp:49:13: note: 'syclcompat' has been explicitly marked deprecated here
   49 | namespace [[deprecated("syclcompat is deprecated")]] syclcompat {
      |             ^
In file included from /home/zjy/ws/jenkins/workspace/ci-arc770/ggerganov-llama.cpp/ggml/src/ggml-sycl/pad_reflect_1d.cpp:1:
In file included from /home/zjy/ws/jenkins/workspace/ci-arc770/ggerganov-llama.cpp/ggml/src/ggml-sycl/pad_reflect_1d.hpp:4:
In file included from /home/zjy/ws/jenkins/workspace/ci-arc770/ggerganov-llama.cpp/ggml/src/ggml-sycl/common.hpp:21:
/home/zjy/ws/jenkins/workspace/ci-arc770/ggerganov-llama.cpp/ggml/src/ggml-sycl/dpct/helper.hpp:1866:26: warning: 'syclcompat' is deprecated: syclcompat is deprecated [-Wdeprecated-declarations]
 1866 |         return syclcompat::dp4a(a, b, c);
      |                          ^
/opt/intel/oneapi/compiler/2025.3/include/syclcompat/math.hpp:49:13: note: 'syclcompat' has been explicitly marked deprecated here
   49 | namespace [[deprecated("syclcompat is deprecated")]] syclcompat {
      |             ^
In file included from /home/zjy/ws/jenkins/workspace/ci-arc770/ggerganov-llama.cpp/ggml/src/ggml-sycl/norm.cpp:1:
In file included from /home/zjy/ws/jenkins/workspace/ci-arc770/ggerganov-llama.cpp/ggml/src/ggml-sycl/norm.hpp:16:
In file included from /home/zjy/ws/jenkins/workspace/ci-arc770/ggerganov-llama.cpp/ggml/src/ggml-sycl/common.hpp:21:
/home/zjy/ws/jenkins/workspace/ci-arc770/ggerganov-llama.cpp/ggml/src/ggml-sycl/dpct/helper.hpp:1866:26: warning: 'syclcompat' is deprecated: syclcompat is deprecated [-Wdeprecated-declarations]
 1866 |         return syclcompat::dp4a(a, b, c);
      |                          ^
/opt/intel/oneapi/compiler/2025.3/include/syclcompat/math.hpp:49:13: note: 'syclcompat' has been explicitly marked deprecated here
   49 | namespace [[deprecated("syclcompat is deprecated")]] syclcompat {
      |             ^
In file included from /home/zjy/ws/jenkins/workspace/ci-arc770/ggerganov-llama.cpp/ggml/src/ggml-sycl/element_wise.cpp:1:
In file included from /home/zjy/ws/jenkins/workspace/ci-arc770/ggerganov-llama.cpp/ggml/src/ggml-sycl/common.hpp:21:
/home/zjy/ws/jenkins/workspace/ci-arc770/ggerganov-llama.cpp/ggml/src/ggml-sycl/dpct/helper.hpp:1866:26: warning: 'syclcompat' is deprecated: syclcompat is deprecated [-Wdeprecated-declarations]
 1866 |         return syclcompat::dp4a(a, b, c);
      |                          ^
/opt/intel/oneapi/compiler/2025.3/include/syclcompat/math.hpp:49:13: note: 'syclcompat' has been explicitly marked deprecated here
   49 | namespace [[deprecated("syclcompat is deprecated")]] syclcompat {
      |             ^
In file included from /home/zjy/ws/jenkins/workspace/ci-arc770/ggerganov-llama.cpp/ggml/src/ggml-sycl/dmmv.cpp:1:
In file included from /home/zjy/ws/jenkins/workspace/ci-arc770/ggerganov-llama.cpp/ggml/src/ggml-sycl/convert.hpp:16:
In file included from /home/zjy/ws/jenkins/workspace/ci-arc770/ggerganov-llama.cpp/ggml/src/ggml-sycl/common.hpp:21:
/home/zjy/ws/jenkins/workspace/ci-arc770/ggerganov-llama.cpp/ggml/src/ggml-sycl/dpct/helper.hpp:1866:26: warning: 'syclcompat' is deprecated: syclcompat is deprecated [-Wdeprecated-declarations]
 1866 |         return syclcompat::dp4a(a, b, c);
      |                          ^
/opt/intel/oneapi/compiler/2025.3/include/syclcompat/math.hpp:49:13: note: 'syclcompat' has been explicitly marked deprecated here
   49 | namespace [[deprecated("syclcompat is deprecated")]] syclcompat {
      |             ^
In file included from /home/zjy/ws/jenkins/workspace/ci-arc770/ggerganov-llama.cpp/ggml/src/ggml-sycl/roll.cpp:1:
In file included from /home/zjy/ws/jenkins/workspace/ci-arc770/ggerganov-llama.cpp/ggml/src/ggml-sycl/roll.hpp:16:
In file included from /home/zjy/ws/jenkins/workspace/ci-arc770/ggerganov-llama.cpp/ggml/src/ggml-sycl/common.hpp:21:
/home/zjy/ws/jenkins/workspace/ci-arc770/ggerganov-llama.cpp/ggml/src/ggml-sycl/dpct/helper.hpp:1866:26: warning: 'syclcompat' is deprecated: syclcompat is deprecated [-Wdeprecated-declarations]
 1866 |         return syclcompat::dp4a(a, b, c);
      |                          ^
/opt/intel/oneapi/compiler/2025.3/include/syclcompat/math.hpp:49:13: note: 'syclcompat' has been explicitly marked deprecated here
   49 | namespace [[deprecated("syclcompat is deprecated")]] syclcompat {
      |             ^
In file included from /home/zjy/ws/jenkins/workspace/ci-arc770/ggerganov-llama.cpp/ggml/src/ggml-sycl/gla.cpp:3:
In file included from /home/zjy/ws/jenkins/workspace/ci-arc770/ggerganov-llama.cpp/ggml/src/ggml-sycl/common.hpp:21:
/home/zjy/ws/jenkins/workspace/ci-arc770/ggerganov-llama.cpp/ggml/src/ggml-sycl/dpct/helper.hpp:1866:26: warning: 'syclcompat' is deprecated: syclcompat is deprecated [-Wdeprecated-declarations]
 1866 |         return syclcompat::dp4a(a, b, c);
      |                          ^
/opt/intel/oneapi/compiler/2025.3/include/syclcompat/math.hpp:49:13: note: 'syclcompat' has been explicitly marked deprecated here
   49 | namespace [[deprecated("syclcompat is deprecated")]] syclcompat {
      |             ^
In file included from /home/zjy/ws/jenkins/workspace/ci-arc770/ggerganov-llama.cpp/ggml/src/ggml-sycl/set_rows.cpp:1:
In file included from /home/zjy/ws/jenkins/workspace/ci-arc770/ggerganov-llama.cpp/ggml/src/ggml-sycl/set_rows.hpp:4:
In file included from /home/zjy/ws/jenkins/workspace/ci-arc770/ggerganov-llama.cpp/ggml/src/ggml-sycl/common.hpp:21:
/home/zjy/ws/jenkins/workspace/ci-arc770/ggerganov-llama.cpp/ggml/src/ggml-sycl/dpct/helper.hpp:1866:26: warning: 'syclcompat' is deprecated: syclcompat is deprecated [-Wdeprecated-declarations]
 1866 |         return syclcompat::dp4a(a, b, c);
      |                          ^
/opt/intel/oneapi/compiler/2025.3/include/syclcompat/math.hpp:49:13: note: 'syclcompat' has been explicitly marked deprecated here
   49 | namespace [[deprecated("syclcompat is deprecated")]] syclcompat {
      |             ^
In file included from /home/zjy/ws/jenkins/workspace/ci-arc770/ggerganov-llama.cpp/ggml/src/ggml-sycl/getrows.cpp:14:
In file included from /home/zjy/ws/jenkins/workspace/ci-arc770/ggerganov-llama.cpp/ggml/src/ggml-sycl/common.hpp:21:
/home/zjy/ws/jenkins/workspace/ci-arc770/ggerganov-llama.cpp/ggml/src/ggml-sycl/dpct/helper.hpp:1866:26: warning: 'syclcompat' is deprecated: syclcompat is deprecated [-Wdeprecated-declarations]
 1866 |         return syclcompat::dp4a(a, b, c);
      |                          ^
/opt/intel/oneapi/compiler/2025.3/include/syclcompat/math.hpp:49:13: note: 'syclcompat' has been explicitly marked deprecated here
   49 | namespace [[deprecated("syclcompat is deprecated")]] syclcompat {
      |             ^
In file included from /home/zjy/ws/jenkins/workspace/ci-arc770/ggerganov-llama.cpp/ggml/src/ggml-sycl/repeat_back.cpp:1:
In file included from /home/zjy/ws/jenkins/workspace/ci-arc770/ggerganov-llama.cpp/ggml/src/ggml-sycl/repeat_back.hpp:4:
In file included from /home/zjy/ws/jenkins/workspace/ci-arc770/ggerganov-llama.cpp/ggml/src/ggml-sycl/common.hpp:21:
/home/zjy/ws/jenkins/workspace/ci-arc770/ggerganov-llama.cpp/ggml/src/ggml-sycl/dpct/helper.hpp:1866:26: warning: 'syclcompat' is deprecated: syclcompat is deprecated [-Wdeprecated-declarations]
 1866 |         return syclcompat::dp4a(a, b, c);
      |                          ^
/opt/intel/oneapi/compiler/2025.3/include/syclcompat/math.hpp:49:13: note: 'syclcompat' has been explicitly marked deprecated here
   49 | namespace [[deprecated("syclcompat is deprecated")]] syclcompat {
      |             ^
In file included from /home/zjy/ws/jenkins/workspace/ci-arc770/ggerganov-llama.cpp/ggml/src/ggml-sycl/outprod.cpp:1:
In file included from /home/zjy/ws/jenkins/workspace/ci-arc770/ggerganov-llama.cpp/ggml/src/ggml-sycl/outprod.hpp:4:
In file included from /home/zjy/ws/jenkins/workspace/ci-arc770/ggerganov-llama.cpp/ggml/src/ggml-sycl/common.hpp:21:
/home/zjy/ws/jenkins/workspace/ci-arc770/ggerganov-llama.cpp/ggml/src/ggml-sycl/dpct/helper.hpp:1866:26: warning: 'syclcompat' is deprecated: syclcompat is deprecated [-Wdeprecated-declarations]
 1866 |         return syclcompat::dp4a(a, b, c);
      |                          ^
/opt/intel/oneapi/compiler/2025.3/include/syclcompat/math.hpp:49:13: note: 'syclcompat' has been explicitly marked deprecated here
   49 | namespace [[deprecated("syclcompat is deprecated")]] syclcompat {
      |             ^
In file included from /home/zjy/ws/jenkins/workspace/ci-arc770/ggerganov-llama.cpp/ggml/src/ggml-sycl/count-equal.cpp:1:
In file included from /home/zjy/ws/jenkins/workspace/ci-arc770/ggerganov-llama.cpp/ggml/src/ggml-sycl/count-equal.hpp:3:
In file included from /home/zjy/ws/jenkins/workspace/ci-arc770/ggerganov-llama.cpp/ggml/src/ggml-sycl/common.hpp:21:
/home/zjy/ws/jenkins/workspace/ci-arc770/ggerganov-llama.cpp/ggml/src/ggml-sycl/dpct/helper.hpp:1866:26: warning: 'syclcompat' is deprecated: syclcompat is deprecated [-Wdeprecated-declarations]
 1866 |         return syclcompat::dp4a(a, b, c);
      |                          ^
/opt/intel/oneapi/compiler/2025.3/include/syclcompat/math.hpp:49:13: note: 'syclcompat' has been explicitly marked deprecated here
   49 | namespace [[deprecated("syclcompat is deprecated")]] syclcompat {
      |             ^
In file included from /home/zjy/ws/jenkins/workspace/ci-arc770/ggerganov-llama.cpp/ggml/src/ggml-sycl/common.cpp:13:
In file included from /home/zjy/ws/jenkins/workspace/ci-arc770/ggerganov-llama.cpp/ggml/src/ggml-sycl/common.hpp:21:
/home/zjy/ws/jenkins/workspace/ci-arc770/ggerganov-llama.cpp/ggml/src/ggml-sycl/dpct/helper.hpp:1866:26: warning: 'syclcompat' is deprecated: syclcompat is deprecated [-Wdeprecated-declarations]
 1866 |         return syclcompat::dp4a(a, b, c);
      |                          ^
/opt/intel/oneapi/compiler/2025.3/include/syclcompat/math.hpp:49:13: note: 'syclcompat' has been explicitly marked deprecated here
   49 | namespace [[deprecated("syclcompat is deprecated")]] syclcompat {
      |             ^
In file included from /home/zjy/ws/jenkins/workspace/ci-arc770/ggerganov-llama.cpp/ggml/src/ggml-sycl/softmax.cpp:1:
In file included from /home/zjy/ws/jenkins/workspace/ci-arc770/ggerganov-llama.cpp/ggml/src/ggml-sycl/softmax.hpp:16:
In file included from /home/zjy/ws/jenkins/workspace/ci-arc770/ggerganov-llama.cpp/ggml/src/ggml-sycl/common.hpp:21:
/home/zjy/ws/jenkins/workspace/ci-arc770/ggerganov-llama.cpp/ggml/src/ggml-sycl/dpct/helper.hpp:1866:26: warning: 'syclcompat' is deprecated: syclcompat is deprecated [-Wdeprecated-declarations]
 1866 |         return syclcompat::dp4a(a, b, c);
      |                          ^
/opt/intel/oneapi/compiler/2025.3/include/syclcompat/math.hpp:49:13: note: 'syclcompat' has been explicitly marked deprecated here
   49 | namespace [[deprecated("syclcompat is deprecated")]] syclcompat {
      |             ^
In file included from /home/zjy/ws/jenkins/workspace/ci-arc770/ggerganov-llama.cpp/ggml/src/ggml-sycl/tsembd.cpp:13:
In file included from /home/zjy/ws/jenkins/workspace/ci-arc770/ggerganov-llama.cpp/ggml/src/ggml-sycl/tsembd.hpp:16:
In file included from /home/zjy/ws/jenkins/workspace/ci-arc770/ggerganov-llama.cpp/ggml/src/ggml-sycl/common.hpp:21:
/home/zjy/ws/jenkins/workspace/ci-arc770/ggerganov-llama.cpp/ggml/src/ggml-sycl/dpct/helper.hpp:1866:26: warning: 'syclcompat' is deprecated: syclcompat is deprecated [-Wdeprecated-declarations]
 1866 |         return syclcompat::dp4a(a, b, c);
      |                          ^
/opt/intel/oneapi/compiler/2025.3/include/syclcompat/math.hpp:49:13: note: 'syclcompat' has been explicitly marked deprecated here
   49 | namespace [[deprecated("syclcompat is deprecated")]] syclcompat {
      |             ^
In file included from /home/zjy/ws/jenkins/workspace/ci-arc770/ggerganov-llama.cpp/ggml/src/ggml-sycl/cpy.cpp:1:
In file included from /home/zjy/ws/jenkins/workspace/ci-arc770/ggerganov-llama.cpp/ggml/src/ggml-sycl/cpy.hpp:4:
In file included from /home/zjy/ws/jenkins/workspace/ci-arc770/ggerganov-llama.cpp/ggml/src/ggml-sycl/common.hpp:21:
/home/zjy/ws/jenkins/workspace/ci-arc770/ggerganov-llama.cpp/ggml/src/ggml-sycl/dpct/helper.hpp:1866:26: warning: 'syclcompat' is deprecated: syclcompat is deprecated [-Wdeprecated-declarations]
 1866 |         return syclcompat::dp4a(a, b, c);
      |                          ^
/opt/intel/oneapi/compiler/2025.3/include/syclcompat/math.hpp:49:13: note: 'syclcompat' has been explicitly marked deprecated here
   49 | namespace [[deprecated("syclcompat is deprecated")]] syclcompat {
      |             ^
1 warning generated.
In file included from /home/zjy/ws/jenkins/workspace/ci-arc770/ggerganov-llama.cpp/ggml/src/ggml-sycl/convert.cpp:1:
In file included from /home/zjy/ws/jenkins/workspace/ci-arc770/ggerganov-llama.cpp/ggml/src/ggml-sycl/convert.hpp:16:
In file included from /home/zjy/ws/jenkins/workspace/ci-arc770/ggerganov-llama.cpp/ggml/src/ggml-sycl/common.hpp:21:
/home/zjy/ws/jenkins/workspace/ci-arc770/ggerganov-llama.cpp/ggml/src/ggml-sycl/dpct/helper.hpp:1866:26: warning: 'syclcompat' is deprecated: syclcompat is deprecated [-Wdeprecated-declarations]
 1866 |         return syclcompat::dp4a(a, b, c);
      |                          ^
/opt/intel/oneapi/compiler/2025.3/include/syclcompat/math.hpp:49:13: note: 'syclcompat' has been explicitly marked deprecated here
   49 | namespace [[deprecated("syclcompat is deprecated")]] syclcompat {
      |             ^
In file included from /home/zjy/ws/jenkins/workspace/ci-arc770/ggerganov-llama.cpp/ggml/src/ggml-sycl/ssm_conv.cpp:1:
In file included from /home/zjy/ws/jenkins/workspace/ci-arc770/ggerganov-llama.cpp/ggml/src/ggml-sycl/ssm_conv.hpp:3:
In file included from /home/zjy/ws/jenkins/workspace/ci-arc770/ggerganov-llama.cpp/ggml/src/ggml-sycl/common.hpp:21:
/home/zjy/ws/jenkins/workspace/ci-arc770/ggerganov-llama.cpp/ggml/src/ggml-sycl/dpct/helper.hpp:1866:26: warning: 'syclcompat' is deprecated: syclcompat is deprecated [-Wdeprecated-declarations]
 1866 |         return syclcompat::dp4a(a, b, c);
      |                          ^
/opt/intel/oneapi/compiler/2025.3/include/syclcompat/math.hpp:49:13: note: 'syclcompat' has been explicitly marked deprecated here
   49 | namespace [[deprecated("syclcompat is deprecated")]] syclcompat {
      |             ^
In file included from /home/zjy/ws/jenkins/workspace/ci-arc770/ggerganov-llama.cpp/ggml/src/ggml-sycl/rope.cpp:1:
In file included from /home/zjy/ws/jenkins/workspace/ci-arc770/ggerganov-llama.cpp/ggml/src/ggml-sycl/rope.hpp:16:
In file included from /home/zjy/ws/jenkins/workspace/ci-arc770/ggerganov-llama.cpp/ggml/src/ggml-sycl/common.hpp:21:
/home/zjy/ws/jenkins/workspace/ci-arc770/ggerganov-llama.cpp/ggml/src/ggml-sycl/dpct/helper.hpp:1866:26: warning: 'syclcompat' is deprecated: syclcompat is deprecated [-Wdeprecated-declarations]
 1866 |         return syclcompat::dp4a(a, b, c);
      |                          ^
/opt/intel/oneapi/compiler/2025.3/include/syclcompat/math.hpp:49:13: note: 'syclcompat' has been explicitly marked deprecated here
   49 | namespace [[deprecated("syclcompat is deprecated")]] syclcompat {
      |             ^
1 warning generated.
In file included from /home/zjy/ws/jenkins/workspace/ci-arc770/ggerganov-llama.cpp/ggml/src/ggml-sycl/ggml-sycl.cpp:42:
In file included from /home/zjy/ws/jenkins/workspace/ci-arc770/ggerganov-llama.cpp/ggml/src/ggml-sycl/../ggml-sycl/backend.hpp:16:
In file included from /home/zjy/ws/jenkins/workspace/ci-arc770/ggerganov-llama.cpp/ggml/src/ggml-sycl/../ggml-sycl/binbcast.hpp:3:
In file included from /home/zjy/ws/jenkins/workspace/ci-arc770/ggerganov-llama.cpp/ggml/src/ggml-sycl/../ggml-sycl/common.hpp:21:
/home/zjy/ws/jenkins/workspace/ci-arc770/ggerganov-llama.cpp/ggml/src/ggml-sycl/../ggml-sycl/dpct/helper.hpp:1866:26: warning: 'syclcompat' is deprecated: syclcompat is deprecated [-Wdeprecated-declarations]
 1866 |         return syclcompat::dp4a(a, b, c);
      |                          ^
/opt/intel/oneapi/compiler/2025.3/include/syclcompat/math.hpp:49:13: note: 'syclcompat' has been explicitly marked deprecated here
   49 | namespace [[deprecated("syclcompat is deprecated")]] syclcompat {
      |             ^
In file included from /home/zjy/ws/jenkins/workspace/ci-arc770/ggerganov-llama.cpp/ggml/src/ggml-sycl/binbcast.cpp:1:
In file included from /home/zjy/ws/jenkins/workspace/ci-arc770/ggerganov-llama.cpp/ggml/src/ggml-sycl/binbcast.hpp:3:
In file included from /home/zjy/ws/jenkins/workspace/ci-arc770/ggerganov-llama.cpp/ggml/src/ggml-sycl/common.hpp:21:
/home/zjy/ws/jenkins/workspace/ci-arc770/ggerganov-llama.cpp/ggml/src/ggml-sycl/dpct/helper.hpp:1866:26: warning: 'syclcompat' is deprecated: syclcompat is deprecated [-Wdeprecated-declarations]
 1866 |         return syclcompat::dp4a(a, b, c);
      |                          ^
/opt/intel/oneapi/compiler/2025.3/include/syclcompat/math.hpp:49:13: note: 'syclcompat' has been explicitly marked deprecated here
   49 | namespace [[deprecated("syclcompat is deprecated")]] syclcompat {
      |             ^
In file included from /home/zjy/ws/jenkins/workspace/ci-arc770/ggerganov-llama.cpp/ggml/src/ggml-sycl/concat.cpp:13:
In file included from /home/zjy/ws/jenkins/workspace/ci-arc770/ggerganov-llama.cpp/ggml/src/ggml-sycl/concat.hpp:16:
In file included from /home/zjy/ws/jenkins/workspace/ci-arc770/ggerganov-llama.cpp/ggml/src/ggml-sycl/common.hpp:21:
/home/zjy/ws/jenkins/workspace/ci-arc770/ggerganov-llama.cpp/ggml/src/ggml-sycl/dpct/helper.hpp:1866:26: warning: 'syclcompat' is deprecated: syclcompat is deprecated [-Wdeprecated-declarations]
 1866 |         return syclcompat::dp4a(a, b, c);
      |                          ^
/opt/intel/oneapi/compiler/2025.3/include/syclcompat/math.hpp:49:13: note: 'syclcompat' has been explicitly marked deprecated here
   49 | namespace [[deprecated("syclcompat is deprecated")]] syclcompat {
      |             ^
In file included from /home/zjy/ws/jenkins/workspace/ci-arc770/ggerganov-llama.cpp/ggml/src/ggml-sycl/set.cpp:2:
In file included from /home/zjy/ws/jenkins/workspace/ci-arc770/ggerganov-llama.cpp/ggml/src/ggml-sycl/common.hpp:21:
/home/zjy/ws/jenkins/workspace/ci-arc770/ggerganov-llama.cpp/ggml/src/ggml-sycl/dpct/helper.hpp:1866:26: warning: 'syclcompat' is deprecated: syclcompat is deprecated [-Wdeprecated-declarations]
 1866 |         return syclcompat::dp4a(a, b, c);
      |                          ^
/opt/intel/oneapi/compiler/2025.3/include/syclcompat/math.hpp:49:13: note: 'syclcompat' has been explicitly marked deprecated here
   49 | namespace [[deprecated("syclcompat is deprecated")]] syclcompat {
      |             ^
/home/zjy/ws/jenkins/workspace/ci-arc770/ggerganov-llama.cpp/ggml/src/ggml-sycl/ssm_conv.cpp:91:29: warning: comparison of integers of different signs: 'size_t' (aka 'unsigned long') and 'int64_t' (aka 'long') [-Wsign-compare]
   91 |     GGML_ASSERT(src0->nb[1] == src0->ne[0] * static_cast<int>(sizeof(float)));
      |                 ~~~~~~~~~~~ ^  ~~~~~~~~~~~~~~~~~~~~~~~~~~~~~~~~~~~~~~~~~~~~~
/home/zjy/ws/jenkins/workspace/ci-arc770/ggerganov-llama.cpp/ggml/src/../include/ggml.h:279:30: note: expanded from macro 'GGML_ASSERT'
  279 | #define GGML_ASSERT(x) if (!(x)) GGML_ABORT("GGML_ASSERT(%s) failed", #x)
      |                              ^
In file included from /home/zjy/ws/jenkins/workspace/ci-arc770/ggerganov-llama.cpp/ggml/src/ggml-sycl/wkv.cpp:2:
In file included from /home/zjy/ws/jenkins/workspace/ci-arc770/ggerganov-llama.cpp/ggml/src/ggml-sycl/wkv.hpp:4:
In file included from /home/zjy/ws/jenkins/workspace/ci-arc770/ggerganov-llama.cpp/ggml/src/ggml-sycl/common.hpp:21:
/home/zjy/ws/jenkins/workspace/ci-arc770/ggerganov-llama.cpp/ggml/src/ggml-sycl/dpct/helper.hpp:1866:26: warning: 'syclcompat' is deprecated: syclcompat is deprecated [-Wdeprecated-declarations]
 1866 |         return syclcompat::dp4a(a, b, c);
      |                          ^
/opt/intel/oneapi/compiler/2025.3/include/syclcompat/math.hpp:49:13: note: 'syclcompat' has been explicitly marked deprecated here
   49 | namespace [[deprecated("syclcompat is deprecated")]] syclcompat {
      |             ^
In file included from /home/zjy/ws/jenkins/workspace/ci-arc770/ggerganov-llama.cpp/ggml/src/ggml-sycl/pad.cpp:14:
In file included from /home/zjy/ws/jenkins/workspace/ci-arc770/ggerganov-llama.cpp/ggml/src/ggml-sycl/pad.hpp:16:
In file included from /home/zjy/ws/jenkins/workspace/ci-arc770/ggerganov-llama.cpp/ggml/src/ggml-sycl/common.hpp:21:
/home/zjy/ws/jenkins/workspace/ci-arc770/ggerganov-llama.cpp/ggml/src/ggml-sycl/dpct/helper.hpp:1866:26: warning: 'syclcompat' is deprecated: syclcompat is deprecated [-Wdeprecated-declarations]
 1866 |         return syclcompat::dp4a(a, b, c);
      |                          ^
/opt/intel/oneapi/compiler/2025.3/include/syclcompat/math.hpp:49:13: note: 'syclcompat' has been explicitly marked deprecated here
   49 | namespace [[deprecated("syclcompat is deprecated")]] syclcompat {
      |             ^
In file included from /home/zjy/ws/jenkins/workspace/ci-arc770/ggerganov-llama.cpp/ggml/src/ggml-sycl/mmq.cpp:13:
In file included from /home/zjy/ws/jenkins/workspace/ci-arc770/ggerganov-llama.cpp/ggml/src/ggml-sycl/mmq.hpp:16:
In file included from /home/zjy/ws/jenkins/workspace/ci-arc770/ggerganov-llama.cpp/ggml/src/ggml-sycl/common.hpp:21:
/home/zjy/ws/jenkins/workspace/ci-arc770/ggerganov-llama.cpp/ggml/src/ggml-sycl/dpct/helper.hpp:1866:26: warning: 'syclcompat' is deprecated: syclcompat is deprecated [-Wdeprecated-declarations]
 1866 |         return syclcompat::dp4a(a, b, c);
      |                          ^
/opt/intel/oneapi/compiler/2025.3/include/syclcompat/math.hpp:49:13: note: 'syclcompat' has been explicitly marked deprecated here
   49 | namespace [[deprecated("syclcompat is deprecated")]] syclcompat {
      |             ^
1 warning generated.
1 warning generated.
1 warning generated.
1 warning generated.
1 warning generated.
1 warning generated.
1 warning generated.
/home/zjy/ws/jenkins/workspace/ci-arc770/ggerganov-llama.cpp/ggml/src/ggml-sycl/pad.cpp:64:30: warning: unused parameter 'item_ct1' [-Wunused-parameter]
   64 |         [=](sycl::nd_item<3> item_ct1) {
      |                              ^
2 warnings generated.
1 warning generated.
1 warning generated.
1 warning generated.
1 warning generated.
1 warning generated.
1 warning generated.
1 warning generated.
1 warning generated.
1 warning generated.
2 warnings generated.
1 warning generated.
1 warning generated.
1 warning generated.
1 warning generated.
1 warning generated.
1 warning generated.
1 warning generated.
1 warning generated.
In file included from /home/zjy/ws/jenkins/workspace/ci-arc770/ggerganov-llama.cpp/ggml/src/ggml-sycl/gla.cpp:3:
In file included from /home/zjy/ws/jenkins/workspace/ci-arc770/ggerganov-llama.cpp/ggml/src/ggml-sycl/common.hpp:21:
/home/zjy/ws/jenkins/workspace/ci-arc770/ggerganov-llama.cpp/ggml/src/ggml-sycl/dpct/helper.hpp:1866:26: warning: 'syclcompat' is deprecated: syclcompat is deprecated [-Wdeprecated-declarations]
 1866 |         return syclcompat::dp4a(a, b, c);
      |                          ^
/opt/intel/oneapi/compiler/2025.3/include/syclcompat/math.hpp:49:13: note: 'syclcompat' has been explicitly marked deprecated here
   49 | namespace [[deprecated("syclcompat is deprecated")]] syclcompat {
      |             ^
In file included from /home/zjy/ws/jenkins/workspace/ci-arc770/ggerganov-llama.cpp/ggml/src/ggml-sycl/im2col.cpp:13:
In file included from /home/zjy/ws/jenkins/workspace/ci-arc770/ggerganov-llama.cpp/ggml/src/ggml-sycl/im2col.hpp:16:
In file included from /home/zjy/ws/jenkins/workspace/ci-arc770/ggerganov-llama.cpp/ggml/src/ggml-sycl/common.hpp:21:
/home/zjy/ws/jenkins/workspace/ci-arc770/ggerganov-llama.cpp/ggml/src/ggml-sycl/dpct/helper.hpp:1866:26: warning: 'syclcompat' is deprecated: syclcompat is deprecated [-Wdeprecated-declarations]
 1866 |         return syclcompat::dp4a(a, b, c);
      |                          ^
/opt/intel/oneapi/compiler/2025.3/include/syclcompat/math.hpp:49:13: note: 'syclcompat' has been explicitly marked deprecated here
   49 | namespace [[deprecated("syclcompat is deprecated")]] syclcompat {
      |             ^
In file included from /home/zjy/ws/jenkins/workspace/ci-arc770/ggerganov-llama.cpp/ggml/src/ggml-sycl/mmvq.cpp:1:
In file included from /home/zjy/ws/jenkins/workspace/ci-arc770/ggerganov-llama.cpp/ggml/src/ggml-sycl/mmvq.hpp:16:
In file included from /home/zjy/ws/jenkins/workspace/ci-arc770/ggerganov-llama.cpp/ggml/src/ggml-sycl/common.hpp:21:
/home/zjy/ws/jenkins/workspace/ci-arc770/ggerganov-llama.cpp/ggml/src/ggml-sycl/dpct/helper.hpp:1866:26: warning: 'syclcompat' is deprecated: syclcompat is deprecated [-Wdeprecated-declarations]
 1866 |         return syclcompat::dp4a(a, b, c);
      |                          ^
/opt/intel/oneapi/compiler/2025.3/include/syclcompat/math.hpp:49:13: note: 'syclcompat' has been explicitly marked deprecated here
   49 | namespace [[deprecated("syclcompat is deprecated")]] syclcompat {
      |             ^
In file included from /home/zjy/ws/jenkins/workspace/ci-arc770/ggerganov-llama.cpp/ggml/src/ggml-sycl/common.cpp:13:
In file included from /home/zjy/ws/jenkins/workspace/ci-arc770/ggerganov-llama.cpp/ggml/src/ggml-sycl/common.hpp:21:
/home/zjy/ws/jenkins/workspace/ci-arc770/ggerganov-llama.cpp/ggml/src/ggml-sycl/dpct/helper.hpp:1866:26: warning: 'syclcompat' is deprecated: syclcompat is deprecated [-Wdeprecated-declarations]
 1866 |         return syclcompat::dp4a(a, b, c);
      |                          ^
/opt/intel/oneapi/compiler/2025.3/include/syclcompat/math.hpp:49:13: note: 'syclcompat' has been explicitly marked deprecated here
   49 | namespace [[deprecated("syclcompat is deprecated")]] syclcompat {
      |             ^
In file included from /home/zjy/ws/jenkins/workspace/ci-arc770/ggerganov-llama.cpp/ggml/src/ggml-sycl/conv.cpp:13:
In file included from /home/zjy/ws/jenkins/workspace/ci-arc770/ggerganov-llama.cpp/ggml/src/ggml-sycl/conv.hpp:16:
In file included from /home/zjy/ws/jenkins/workspace/ci-arc770/ggerganov-llama.cpp/ggml/src/ggml-sycl/common.hpp:21:
/home/zjy/ws/jenkins/workspace/ci-arc770/ggerganov-llama.cpp/ggml/src/ggml-sycl/dpct/helper.hpp:1866:26: warning: 'syclcompat' is deprecated: syclcompat is deprecated [-Wdeprecated-declarations]
 1866 |         return syclcompat::dp4a(a, b, c);
      |                          ^
/opt/intel/oneapi/compiler/2025.3/include/syclcompat/math.hpp:49:13: note: 'syclcompat' has been explicitly marked deprecated here
   49 | namespace [[deprecated("syclcompat is deprecated")]] syclcompat {
      |             ^
In file included from /home/zjy/ws/jenkins/workspace/ci-arc770/ggerganov-llama.cpp/ggml/src/ggml-sycl/getrows.cpp:14:
In file included from /home/zjy/ws/jenkins/workspace/ci-arc770/ggerganov-llama.cpp/ggml/src/ggml-sycl/common.hpp:21:
/home/zjy/ws/jenkins/workspace/ci-arc770/ggerganov-llama.cpp/ggml/src/ggml-sycl/dpct/helper.hpp:1866:26: warning: 'syclcompat' is deprecated: syclcompat is deprecated [-Wdeprecated-declarations]
 1866 |         return syclcompat::dp4a(a, b, c);
      |                          ^
/opt/intel/oneapi/compiler/2025.3/include/syclcompat/math.hpp:49:13: note: 'syclcompat' has been explicitly marked deprecated here
   49 | namespace [[deprecated("syclcompat is deprecated")]] syclcompat {
      |             ^
In file included from /home/zjy/ws/jenkins/workspace/ci-arc770/ggerganov-llama.cpp/ggml/src/ggml-sycl/norm.cpp:1:
In file included from /home/zjy/ws/jenkins/workspace/ci-arc770/ggerganov-llama.cpp/ggml/src/ggml-sycl/norm.hpp:16:
In file included from /home/zjy/ws/jenkins/workspace/ci-arc770/ggerganov-llama.cpp/ggml/src/ggml-sycl/common.hpp:21:
/home/zjy/ws/jenkins/workspace/ci-arc770/ggerganov-llama.cpp/ggml/src/ggml-sycl/dpct/helper.hpp:1866:26: warning: 'syclcompat' is deprecated: syclcompat is deprecated [-Wdeprecated-declarations]
 1866 |         return syclcompat::dp4a(a, b, c);
      |                          ^
/opt/intel/oneapi/compiler/2025.3/include/syclcompat/math.hpp:49:13: note: 'syclcompat' has been explicitly marked deprecated here
   49 | namespace [[deprecated("syclcompat is deprecated")]] syclcompat {
      |             ^
In file included from /home/zjy/ws/jenkins/workspace/ci-arc770/ggerganov-llama.cpp/ggml/src/ggml-sycl/count-equal.cpp:1:
In file included from /home/zjy/ws/jenkins/workspace/ci-arc770/ggerganov-llama.cpp/ggml/src/ggml-sycl/count-equal.hpp:3:
In file included from /home/zjy/ws/jenkins/workspace/ci-arc770/ggerganov-llama.cpp/ggml/src/ggml-sycl/common.hpp:21:
/home/zjy/ws/jenkins/workspace/ci-arc770/ggerganov-llama.cpp/ggml/src/ggml-sycl/dpct/helper.hpp:1866:26: warning: 'syclcompat' is deprecated: syclcompat is deprecated [-Wdeprecated-declarations]
 1866 |         return syclcompat::dp4a(a, b, c);
      |                          ^
/opt/intel/oneapi/compiler/2025.3/include/syclcompat/math.hpp:49:13: note: 'syclcompat' has been explicitly marked deprecated here
   49 | namespace [[deprecated("syclcompat is deprecated")]] syclcompat {
      |             ^
In file included from /home/zjy/ws/jenkins/workspace/ci-arc770/ggerganov-llama.cpp/ggml/src/ggml-sycl/ssm_conv.cpp:1:
In file included from /home/zjy/ws/jenkins/workspace/ci-arc770/ggerganov-llama.cpp/ggml/src/ggml-sycl/ssm_conv.hpp:3:
In file included from /home/zjy/ws/jenkins/workspace/ci-arc770/ggerganov-llama.cpp/ggml/src/ggml-sycl/common.hpp:21:
/home/zjy/ws/jenkins/workspace/ci-arc770/ggerganov-llama.cpp/ggml/src/ggml-sycl/dpct/helper.hpp:1866:26: warning: 'syclcompat' is deprecated: syclcompat is deprecated [-Wdeprecated-declarations]
 1866 |         return syclcompat::dp4a(a, b, c);
      |                          ^
/opt/intel/oneapi/compiler/2025.3/include/syclcompat/math.hpp:49:13: note: 'syclcompat' has been explicitly marked deprecated here
   49 | namespace [[deprecated("syclcompat is deprecated")]] syclcompat {
      |             ^
In file included from /home/zjy/ws/jenkins/workspace/ci-arc770/ggerganov-llama.cpp/ggml/src/ggml-sycl/roll.cpp:1:
In file included from /home/zjy/ws/jenkins/workspace/ci-arc770/ggerganov-llama.cpp/ggml/src/ggml-sycl/roll.hpp:16:
In file included from /home/zjy/ws/jenkins/workspace/ci-arc770/ggerganov-llama.cpp/ggml/src/ggml-sycl/common.hpp:21:
/home/zjy/ws/jenkins/workspace/ci-arc770/ggerganov-llama.cpp/ggml/src/ggml-sycl/dpct/helper.hpp:1866:26: warning: 'syclcompat' is deprecated: syclcompat is deprecated [-Wdeprecated-declarations]
 1866 |         return syclcompat::dp4a(a, b, c);
      |                          ^
/opt/intel/oneapi/compiler/2025.3/include/syclcompat/math.hpp:49:13: note: 'syclcompat' has been explicitly marked deprecated here
   49 | namespace [[deprecated("syclcompat is deprecated")]] syclcompat {
      |             ^
In file included from /home/zjy/ws/jenkins/workspace/ci-arc770/ggerganov-llama.cpp/ggml/src/ggml-sycl/pad_reflect_1d.cpp:1:
In file included from /home/zjy/ws/jenkins/workspace/ci-arc770/ggerganov-llama.cpp/ggml/src/ggml-sycl/pad_reflect_1d.hpp:4:
In file included from /home/zjy/ws/jenkins/workspace/ci-arc770/ggerganov-llama.cpp/ggml/src/ggml-sycl/common.hpp:21:
/home/zjy/ws/jenkins/workspace/ci-arc770/ggerganov-llama.cpp/ggml/src/ggml-sycl/dpct/helper.hpp:1866:26: warning: 'syclcompat' is deprecated: syclcompat is deprecated [-Wdeprecated-declarations]
 1866 |         return syclcompat::dp4a(a, b, c);
      |                          ^
/opt/intel/oneapi/compiler/2025.3/include/syclcompat/math.hpp:49:13: note: 'syclcompat' has been explicitly marked deprecated here
   49 | namespace [[deprecated("syclcompat is deprecated")]] syclcompat {
      |             ^
In file included from /home/zjy/ws/jenkins/workspace/ci-arc770/ggerganov-llama.cpp/ggml/src/ggml-sycl/outprod.cpp:1:
In file included from /home/zjy/ws/jenkins/workspace/ci-arc770/ggerganov-llama.cpp/ggml/src/ggml-sycl/outprod.hpp:4:
In file included from /home/zjy/ws/jenkins/workspace/ci-arc770/ggerganov-llama.cpp/ggml/src/ggml-sycl/common.hpp:21:
/home/zjy/ws/jenkins/workspace/ci-arc770/ggerganov-llama.cpp/ggml/src/ggml-sycl/dpct/helper.hpp:1866:26: warning: 'syclcompat' is deprecated: syclcompat is deprecated [-Wdeprecated-declarations]
 1866 |         return syclcompat::dp4a(a, b, c);
      |                          ^
/opt/intel/oneapi/compiler/2025.3/include/syclcompat/math.hpp:49:13: note: 'syclcompat' has been explicitly marked deprecated here
   49 | namespace [[deprecated("syclcompat is deprecated")]] syclcompat {
      |             ^
/home/zjy/ws/jenkins/workspace/ci-arc770/ggerganov-llama.cpp/ggml/src/ggml-sycl/ssm_conv.cpp:91:29: warning: comparison of integers of different signs: 'size_t' (aka 'unsigned long') and 'int64_t' (aka 'long') [-Wsign-compare]
   91 |     GGML_ASSERT(src0->nb[1] == src0->ne[0] * static_cast<int>(sizeof(float)));
      |                 ~~~~~~~~~~~ ^  ~~~~~~~~~~~~~~~~~~~~~~~~~~~~~~~~~~~~~~~~~~~~~
/home/zjy/ws/jenkins/workspace/ci-arc770/ggerganov-llama.cpp/ggml/src/../include/ggml.h:279:30: note: expanded from macro 'GGML_ASSERT'
  279 | #define GGML_ASSERT(x) if (!(x)) GGML_ABORT("GGML_ASSERT(%s) failed", #x)
      |                              ^
In file included from /home/zjy/ws/jenkins/workspace/ci-arc770/ggerganov-llama.cpp/ggml/src/ggml-sycl/dmmv.cpp:1:
In file included from /home/zjy/ws/jenkins/workspace/ci-arc770/ggerganov-llama.cpp/ggml/src/ggml-sycl/convert.hpp:16:
In file included from /home/zjy/ws/jenkins/workspace/ci-arc770/ggerganov-llama.cpp/ggml/src/ggml-sycl/common.hpp:21:
/home/zjy/ws/jenkins/workspace/ci-arc770/ggerganov-llama.cpp/ggml/src/ggml-sycl/dpct/helper.hpp:1866:26: warning: 'syclcompat' is deprecated: syclcompat is deprecated [-Wdeprecated-declarations]
 1866 |         return syclcompat::dp4a(a, b, c);
      |                          ^
/opt/intel/oneapi/compiler/2025.3/include/syclcompat/math.hpp:49:13: note: 'syclcompat' has been explicitly marked deprecated here
   49 | namespace [[deprecated("syclcompat is deprecated")]] syclcompat {
      |             ^
In file included from /home/zjy/ws/jenkins/workspace/ci-arc770/ggerganov-llama.cpp/ggml/src/ggml-sycl/repeat_back.cpp:1:
In file included from /home/zjy/ws/jenkins/workspace/ci-arc770/ggerganov-llama.cpp/ggml/src/ggml-sycl/repeat_back.hpp:4:
In file included from /home/zjy/ws/jenkins/workspace/ci-arc770/ggerganov-llama.cpp/ggml/src/ggml-sycl/common.hpp:21:
/home/zjy/ws/jenkins/workspace/ci-arc770/ggerganov-llama.cpp/ggml/src/ggml-sycl/dpct/helper.hpp:1866:26: warning: 'syclcompat' is deprecated: syclcompat is deprecated [-Wdeprecated-declarations]
 1866 |         return syclcompat::dp4a(a, b, c);
      |                          ^
/opt/intel/oneapi/compiler/2025.3/include/syclcompat/math.hpp:49:13: note: 'syclcompat' has been explicitly marked deprecated here
   49 | namespace [[deprecated("syclcompat is deprecated")]] syclcompat {
      |             ^
In file included from /home/zjy/ws/jenkins/workspace/ci-arc770/ggerganov-llama.cpp/ggml/src/ggml-sycl/concat.cpp:13:
In file included from /home/zjy/ws/jenkins/workspace/ci-arc770/ggerganov-llama.cpp/ggml/src/ggml-sycl/concat.hpp:16:
In file included from /home/zjy/ws/jenkins/workspace/ci-arc770/ggerganov-llama.cpp/ggml/src/ggml-sycl/common.hpp:21:
/home/zjy/ws/jenkins/workspace/ci-arc770/ggerganov-llama.cpp/ggml/src/ggml-sycl/dpct/helper.hpp:1866:26: warning: 'syclcompat' is deprecated: syclcompat is deprecated [-Wdeprecated-declarations]
 1866 |         return syclcompat::dp4a(a, b, c);
      |                          ^
/opt/intel/oneapi/compiler/2025.3/include/syclcompat/math.hpp:49:13: note: 'syclcompat' has been explicitly marked deprecated here
   49 | namespace [[deprecated("syclcompat is deprecated")]] syclcompat {
      |             ^
In file included from /home/zjy/ws/jenkins/workspace/ci-arc770/ggerganov-llama.cpp/ggml/src/ggml-sycl/tsembd.cpp:13:
In file included from /home/zjy/ws/jenkins/workspace/ci-arc770/ggerganov-llama.cpp/ggml/src/ggml-sycl/tsembd.hpp:16:
In file included from /home/zjy/ws/jenkins/workspace/ci-arc770/ggerganov-llama.cpp/ggml/src/ggml-sycl/common.hpp:21:
/home/zjy/ws/jenkins/workspace/ci-arc770/ggerganov-llama.cpp/ggml/src/ggml-sycl/dpct/helper.hpp:1866:26: warning: 'syclcompat' is deprecated: syclcompat is deprecated [-Wdeprecated-declarations]
 1866 |         return syclcompat::dp4a(a, b, c);
      |                          ^
/opt/intel/oneapi/compiler/2025.3/include/syclcompat/math.hpp:49:13: note: 'syclcompat' has been explicitly marked deprecated here
   49 | namespace [[deprecated("syclcompat is deprecated")]] syclcompat {
      |             ^
In file included from /home/zjy/ws/jenkins/workspace/ci-arc770/ggerganov-llama.cpp/ggml/src/ggml-sycl/element_wise.cpp:1:
In file included from /home/zjy/ws/jenkins/workspace/ci-arc770/ggerganov-llama.cpp/ggml/src/ggml-sycl/common.hpp:21:
/home/zjy/ws/jenkins/workspace/ci-arc770/ggerganov-llama.cpp/ggml/src/ggml-sycl/dpct/helper.hpp:1866:26: warning: 'syclcompat' is deprecated: syclcompat is deprecated [-Wdeprecated-declarations]
 1866 |         return syclcompat::dp4a(a, b, c);
      |                          ^
/opt/intel/oneapi/compiler/2025.3/include/syclcompat/math.hpp:49:13: note: 'syclcompat' has been explicitly marked deprecated here
   49 | namespace [[deprecated("syclcompat is deprecated")]] syclcompat {
      |             ^
In file included from /home/zjy/ws/jenkins/workspace/ci-arc770/ggerganov-llama.cpp/ggml/src/ggml-sycl/set_rows.cpp:1:
In file included from /home/zjy/ws/jenkins/workspace/ci-arc770/ggerganov-llama.cpp/ggml/src/ggml-sycl/set_rows.hpp:4:
In file included from /home/zjy/ws/jenkins/workspace/ci-arc770/ggerganov-llama.cpp/ggml/src/ggml-sycl/common.hpp:21:
/home/zjy/ws/jenkins/workspace/ci-arc770/ggerganov-llama.cpp/ggml/src/ggml-sycl/dpct/helper.hpp:1866:26: warning: 'syclcompat' is deprecated: syclcompat is deprecated [-Wdeprecated-declarations]
 1866 |         return syclcompat::dp4a(a, b, c);
      |                          ^
/opt/intel/oneapi/compiler/2025.3/include/syclcompat/math.hpp:49:13: note: 'syclcompat' has been explicitly marked deprecated here
   49 | namespace [[deprecated("syclcompat is deprecated")]] syclcompat {
      |             ^
In file included from /home/zjy/ws/jenkins/workspace/ci-arc770/ggerganov-llama.cpp/ggml/src/ggml-sycl/convert.cpp:1:
In file included from /home/zjy/ws/jenkins/workspace/ci-arc770/ggerganov-llama.cpp/ggml/src/ggml-sycl/convert.hpp:16:
In file included from /home/zjy/ws/jenkins/workspace/ci-arc770/ggerganov-llama.cpp/ggml/src/ggml-sycl/common.hpp:21:
/home/zjy/ws/jenkins/workspace/ci-arc770/ggerganov-llama.cpp/ggml/src/ggml-sycl/dpct/helper.hpp:1866:26: warning: 'syclcompat' is deprecated: syclcompat is deprecated [-Wdeprecated-declarations]
 1866 |         return syclcompat::dp4a(a, b, c);
      |                          ^
/opt/intel/oneapi/compiler/2025.3/include/syclcompat/math.hpp:49:13: note: 'syclcompat' has been explicitly marked deprecated here
   49 | namespace [[deprecated("syclcompat is deprecated")]] syclcompat {
      |             ^
In file included from /home/zjy/ws/jenkins/workspace/ci-arc770/ggerganov-llama.cpp/ggml/src/ggml-sycl/set.cpp:2:
In file included from /home/zjy/ws/jenkins/workspace/ci-arc770/ggerganov-llama.cpp/ggml/src/ggml-sycl/common.hpp:21:
/home/zjy/ws/jenkins/workspace/ci-arc770/ggerganov-llama.cpp/ggml/src/ggml-sycl/dpct/helper.hpp:1866:26: warning: 'syclcompat' is deprecated: syclcompat is deprecated [-Wdeprecated-declarations]
 1866 |         return syclcompat::dp4a(a, b, c);
      |                          ^
/opt/intel/oneapi/compiler/2025.3/include/syclcompat/math.hpp:49:13: note: 'syclcompat' has been explicitly marked deprecated here
   49 | namespace [[deprecated("syclcompat is deprecated")]] syclcompat {
      |             ^
In file included from /home/zjy/ws/jenkins/workspace/ci-arc770/ggerganov-llama.cpp/ggml/src/ggml-sycl/pad.cpp:14:
In file included from /home/zjy/ws/jenkins/workspace/ci-arc770/ggerganov-llama.cpp/ggml/src/ggml-sycl/pad.hpp:16:
In file included from /home/zjy/ws/jenkins/workspace/ci-arc770/ggerganov-llama.cpp/ggml/src/ggml-sycl/common.hpp:21:
/home/zjy/ws/jenkins/workspace/ci-arc770/ggerganov-llama.cpp/ggml/src/ggml-sycl/dpct/helper.hpp:1866:26: warning: 'syclcompat' is deprecated: syclcompat is deprecated [-Wdeprecated-declarations]
 1866 |         return syclcompat::dp4a(a, b, c);
      |                          ^
/opt/intel/oneapi/compiler/2025.3/include/syclcompat/math.hpp:49:13: note: 'syclcompat' has been explicitly marked deprecated here
   49 | namespace [[deprecated("syclcompat is deprecated")]] syclcompat {
      |             ^
In file included from /home/zjy/ws/jenkins/workspace/ci-arc770/ggerganov-llama.cpp/ggml/src/ggml-sycl/wkv.cpp:2:
In file included from /home/zjy/ws/jenkins/workspace/ci-arc770/ggerganov-llama.cpp/ggml/src/ggml-sycl/wkv.hpp:4:
In file included from /home/zjy/ws/jenkins/workspace/ci-arc770/ggerganov-llama.cpp/ggml/src/ggml-sycl/common.hpp:21:
/home/zjy/ws/jenkins/workspace/ci-arc770/ggerganov-llama.cpp/ggml/src/ggml-sycl/dpct/helper.hpp:1866:26: warning: 'syclcompat' is deprecated: syclcompat is deprecated [-Wdeprecated-declarations]
 1866 |         return syclcompat::dp4a(a, b, c);
      |                          ^
/opt/intel/oneapi/compiler/2025.3/include/syclcompat/math.hpp:49:13: note: 'syclcompat' has been explicitly marked deprecated here
   49 | namespace [[deprecated("syclcompat is deprecated")]] syclcompat {
      |             ^
/home/zjy/ws/jenkins/workspace/ci-arc770/ggerganov-llama.cpp/ggml/src/ggml-sycl/pad.cpp:64:30: warning: unused parameter 'item_ct1' [-Wunused-parameter]
   64 |         [=](sycl::nd_item<3> item_ct1) {
      |                              ^
In file included from /home/zjy/ws/jenkins/workspace/ci-arc770/ggerganov-llama.cpp/ggml/src/ggml-sycl/rope.cpp:1:
In file included from /home/zjy/ws/jenkins/workspace/ci-arc770/ggerganov-llama.cpp/ggml/src/ggml-sycl/rope.hpp:16:
In file included from /home/zjy/ws/jenkins/workspace/ci-arc770/ggerganov-llama.cpp/ggml/src/ggml-sycl/common.hpp:21:
/home/zjy/ws/jenkins/workspace/ci-arc770/ggerganov-llama.cpp/ggml/src/ggml-sycl/dpct/helper.hpp:1866:26: warning: 'syclcompat' is deprecated: syclcompat is deprecated [-Wdeprecated-declarations]
 1866 |         return syclcompat::dp4a(a, b, c);
      |                          ^
/opt/intel/oneapi/compiler/2025.3/include/syclcompat/math.hpp:49:13: note: 'syclcompat' has been explicitly marked deprecated here
   49 | namespace [[deprecated("syclcompat is deprecated")]] syclcompat {
      |             ^
1 warning generated.
In file included from /home/zjy/ws/jenkins/workspace/ci-arc770/ggerganov-llama.cpp/ggml/src/ggml-sycl/cpy.cpp:1:
In file included from /home/zjy/ws/jenkins/workspace/ci-arc770/ggerganov-llama.cpp/ggml/src/ggml-sycl/cpy.hpp:4:
In file included from /home/zjy/ws/jenkins/workspace/ci-arc770/ggerganov-llama.cpp/ggml/src/ggml-sycl/common.hpp:21:
/home/zjy/ws/jenkins/workspace/ci-arc770/ggerganov-llama.cpp/ggml/src/ggml-sycl/dpct/helper.hpp:1866:26: warning: 'syclcompat' is deprecated: syclcompat is deprecated [-Wdeprecated-declarations]
 1866 |         return syclcompat::dp4a(a, b, c);
      |                          ^
/opt/intel/oneapi/compiler/2025.3/include/syclcompat/math.hpp:49:13: note: 'syclcompat' has been explicitly marked deprecated here
   49 | namespace [[deprecated("syclcompat is deprecated")]] syclcompat {
      |             ^
In file included from /home/zjy/ws/jenkins/workspace/ci-arc770/ggerganov-llama.cpp/ggml/src/ggml-sycl/softmax.cpp:1:
In file included from /home/zjy/ws/jenkins/workspace/ci-arc770/ggerganov-llama.cpp/ggml/src/ggml-sycl/softmax.hpp:16:
In file included from /home/zjy/ws/jenkins/workspace/ci-arc770/ggerganov-llama.cpp/ggml/src/ggml-sycl/common.hpp:21:
/home/zjy/ws/jenkins/workspace/ci-arc770/ggerganov-llama.cpp/ggml/src/ggml-sycl/dpct/helper.hpp:1866:26: warning: 'syclcompat' is deprecated: syclcompat is deprecated [-Wdeprecated-declarations]
 1866 |         return syclcompat::dp4a(a, b, c);
      |                          ^
/opt/intel/oneapi/compiler/2025.3/include/syclcompat/math.hpp:49:13: note: 'syclcompat' has been explicitly marked deprecated here
   49 | namespace [[deprecated("syclcompat is deprecated")]] syclcompat {
      |             ^
1 warning generated.
In file included from /home/zjy/ws/jenkins/workspace/ci-arc770/ggerganov-llama.cpp/ggml/src/ggml-sycl/binbcast.cpp:1:
In file included from /home/zjy/ws/jenkins/workspace/ci-arc770/ggerganov-llama.cpp/ggml/src/ggml-sycl/binbcast.hpp:3:
In file included from /home/zjy/ws/jenkins/workspace/ci-arc770/ggerganov-llama.cpp/ggml/src/ggml-sycl/common.hpp:21:
/home/zjy/ws/jenkins/workspace/ci-arc770/ggerganov-llama.cpp/ggml/src/ggml-sycl/dpct/helper.hpp:1866:26: warning: 'syclcompat' is deprecated: syclcompat is deprecated [-Wdeprecated-declarations]
 1866 |         return syclcompat::dp4a(a, b, c);
      |                          ^
/opt/intel/oneapi/compiler/2025.3/include/syclcompat/math.hpp:49:13: note: 'syclcompat' has been explicitly marked deprecated here
   49 | namespace [[deprecated("syclcompat is deprecated")]] syclcompat {
      |             ^
1 warning generated.
1 warning generated.
1 warning generated.
In file included from /home/zjy/ws/jenkins/workspace/ci-arc770/ggerganov-llama.cpp/ggml/src/ggml-sycl/ggml-sycl.cpp:42:
In file included from /home/zjy/ws/jenkins/workspace/ci-arc770/ggerganov-llama.cpp/ggml/src/ggml-sycl/../ggml-sycl/backend.hpp:16:
In file included from /home/zjy/ws/jenkins/workspace/ci-arc770/ggerganov-llama.cpp/ggml/src/ggml-sycl/../ggml-sycl/binbcast.hpp:3:
In file included from /home/zjy/ws/jenkins/workspace/ci-arc770/ggerganov-llama.cpp/ggml/src/ggml-sycl/../ggml-sycl/common.hpp:21:
/home/zjy/ws/jenkins/workspace/ci-arc770/ggerganov-llama.cpp/ggml/src/ggml-sycl/../ggml-sycl/dpct/helper.hpp:1866:26: warning: 'syclcompat' is deprecated: syclcompat is deprecated [-Wdeprecated-declarations]
 1866 |         return syclcompat::dp4a(a, b, c);
      |                          ^
/opt/intel/oneapi/compiler/2025.3/include/syclcompat/math.hpp:49:13: note: 'syclcompat' has been explicitly marked deprecated here
   49 | namespace [[deprecated("syclcompat is deprecated")]] syclcompat {
      |             ^
1 warning generated.
1 warning generated.
2 warnings generated.
1 warning generated.
1 warning generated.
1 warning generated.
1 warning generated.
In file included from /home/zjy/ws/jenkins/workspace/ci-arc770/ggerganov-llama.cpp/ggml/src/ggml-sycl/mmq.cpp:13:
In file included from /home/zjy/ws/jenkins/workspace/ci-arc770/ggerganov-llama.cpp/ggml/src/ggml-sycl/mmq.hpp:16:
In file included from /home/zjy/ws/jenkins/workspace/ci-arc770/ggerganov-llama.cpp/ggml/src/ggml-sycl/common.hpp:21:
/home/zjy/ws/jenkins/workspace/ci-arc770/ggerganov-llama.cpp/ggml/src/ggml-sycl/dpct/helper.hpp:1866:26: warning: 'syclcompat' is deprecated: syclcompat is deprecated [-Wdeprecated-declarations]
 1866 |         return syclcompat::dp4a(a, b, c);
      |                          ^
/opt/intel/oneapi/compiler/2025.3/include/syclcompat/math.hpp:49:13: note: 'syclcompat' has been explicitly marked deprecated here
   49 | namespace [[deprecated("syclcompat is deprecated")]] syclcompat {
      |             ^
1 warning generated.
1 warning generated.
1 warning generated.
2 warnings generated.
1 warning generated.
[ 16%] Linking CXX static library libcpp-httplib.a
[ 16%] Built target cpp-httplib
1 warning generated.
[ 16%] Linking CXX shared library ../../bin/libggml-cpu.so
1 warning generated.
1 warning generated.
[ 16%] Built target ggml-cpu
1 warning generated.
1 warning generated.
1 warning generated.
1 warning generated.
1 warning generated.
1 warning generated.
1 warning generated.
1 warning generated.
[ 16%] Linking CXX shared library ../../../bin/libggml-sycl.so
[ 16%] Built target ggml-sycl
[ 17%] Building CXX object ggml/src/CMakeFiles/ggml.dir/ggml-backend-reg.cpp.o
[ 17%] Linking CXX shared library ../../bin/libggml.so
[ 17%] Built target ggml
[ 17%] Building CXX object examples/gguf/CMakeFiles/llama-gguf.dir/gguf.cpp.o
[ 18%] Building CXX object examples/gguf-hash/CMakeFiles/llama-gguf-hash.dir/gguf-hash.cpp.o
[ 18%] Building CXX object src/CMakeFiles/llama.dir/llama-chat.cpp.o
[ 18%] Building CXX object src/CMakeFiles/llama.dir/llama-graph.cpp.o
[ 19%] Building CXX object src/CMakeFiles/llama.dir/llama-arch.cpp.o
[ 19%] Building CXX object src/CMakeFiles/llama.dir/llama-grammar.cpp.o
[ 19%] Building CXX object src/CMakeFiles/llama.dir/llama-context.cpp.o
[ 20%] Building CXX object src/CMakeFiles/llama.dir/llama.cpp.o
[ 20%] Building CXX object src/CMakeFiles/llama.dir/llama-io.cpp.o
[ 20%] Building CXX object src/CMakeFiles/llama.dir/llama-batch.cpp.o
[ 20%] Building CXX object src/CMakeFiles/llama.dir/llama-impl.cpp.o
[ 20%] Building CXX object src/CMakeFiles/llama.dir/llama-hparams.cpp.o
[ 19%] Building CXX object src/CMakeFiles/llama.dir/llama-adapter.cpp.o
[ 22%] Building CXX object src/CMakeFiles/llama.dir/llama-cparams.cpp.o
[ 22%] Building CXX object src/CMakeFiles/llama.dir/llama-kv-cache-iswa.cpp.o
[ 22%] Building CXX object src/CMakeFiles/llama.dir/llama-kv-cache.cpp.o
[ 22%] Building CXX object src/CMakeFiles/llama.dir/llama-memory.cpp.o
[ 22%] Building CXX object src/CMakeFiles/llama.dir/llama-memory-hybrid.cpp.o
[ 22%] Building CXX object src/CMakeFiles/llama.dir/llama-memory-recurrent.cpp.o
[ 23%] Building CXX object src/CMakeFiles/llama.dir/llama-mmap.cpp.o
[ 23%] Building CXX object src/CMakeFiles/llama.dir/llama-model-loader.cpp.o
[ 23%] Building CXX object src/CMakeFiles/llama.dir/llama-model-saver.cpp.o
[ 23%] Building CXX object src/CMakeFiles/llama.dir/llama-model.cpp.o
[ 24%] Building CXX object src/CMakeFiles/llama.dir/llama-quant.cpp.o
[ 24%] Building CXX object src/CMakeFiles/llama.dir/llama-vocab.cpp.o
[ 24%] Building CXX object src/CMakeFiles/llama.dir/llama-sampling.cpp.o
[ 24%] Building CXX object src/CMakeFiles/llama.dir/unicode-data.cpp.o
[ 25%] Building CXX object src/CMakeFiles/llama.dir/unicode.cpp.o
[ 25%] Building CXX object src/CMakeFiles/llama.dir/models/afmoe.cpp.o
[ 25%] Building CXX object src/CMakeFiles/llama.dir/models/arcee.cpp.o
[ 25%] Building CXX object src/CMakeFiles/llama.dir/models/apertus.cpp.o
[ 25%] Building CXX object src/CMakeFiles/llama.dir/models/arwkv7.cpp.o
[ 26%] Building CXX object src/CMakeFiles/llama.dir/models/arctic.cpp.o
[ 26%] Building CXX object src/CMakeFiles/llama.dir/models/bailingmoe.cpp.o
[ 26%] Building CXX object src/CMakeFiles/llama.dir/models/baichuan.cpp.o
[ 26%] Building CXX object src/CMakeFiles/llama.dir/models/bert.cpp.o
[ 26%] Building CXX object src/CMakeFiles/llama.dir/models/bitnet.cpp.o
[ 27%] Building CXX object src/CMakeFiles/llama.dir/models/bailingmoe2.cpp.o
[ 28%] Building CXX object src/CMakeFiles/llama.dir/models/chameleon.cpp.o
[ 28%] Building CXX object src/CMakeFiles/llama.dir/models/bloom.cpp.o
[ 28%] Building CXX object src/CMakeFiles/llama.dir/models/codeshell.cpp.o
[ 28%] Building CXX object src/CMakeFiles/llama.dir/models/chatglm.cpp.o
[ 28%] Building CXX object src/CMakeFiles/llama.dir/models/cogvlm.cpp.o
[ 28%] Building CXX object src/CMakeFiles/llama.dir/models/dbrx.cpp.o
[ 29%] Building CXX object src/CMakeFiles/llama.dir/models/cohere2-iswa.cpp.o
[ 29%] Building CXX object src/CMakeFiles/llama.dir/models/command-r.cpp.o
[ 30%] Building CXX object src/CMakeFiles/llama.dir/models/dots1.cpp.o
[ 30%] Building CXX object src/CMakeFiles/llama.dir/models/deepseek2.cpp.o
[ 30%] Building CXX object src/CMakeFiles/llama.dir/models/deepseek.cpp.o
[ 30%] Building CXX object src/CMakeFiles/llama.dir/models/deci.cpp.o
[ 30%] Building CXX object src/CMakeFiles/llama.dir/models/dream.cpp.o
[ 31%] Building CXX object src/CMakeFiles/llama.dir/models/ernie4-5-moe.cpp.o
[ 31%] Building CXX object src/CMakeFiles/llama.dir/models/ernie4-5.cpp.o
[ 31%] Building CXX object src/CMakeFiles/llama.dir/models/exaone.cpp.o
[ 31%] Building CXX object src/CMakeFiles/llama.dir/models/falcon.cpp.o
[ 31%] Building CXX object src/CMakeFiles/llama.dir/models/exaone4.cpp.o
[ 33%] Building CXX object src/CMakeFiles/llama.dir/models/gemma.cpp.o
[ 33%] Building CXX object src/CMakeFiles/llama.dir/models/gemma2-iswa.cpp.o
[ 32%] Building CXX object src/CMakeFiles/llama.dir/models/falcon-h1.cpp.o
[ 33%] Building CXX object src/CMakeFiles/llama.dir/models/gemma-embedding.cpp.o
[ 34%] Building CXX object src/CMakeFiles/llama.dir/models/glm4-moe.cpp.o
[ 34%] Building CXX object src/CMakeFiles/llama.dir/models/gemma3-iswa.cpp.o
[ 34%] Building CXX object src/CMakeFiles/llama.dir/models/gemma3n-iswa.cpp.o
[ 34%] Building CXX object src/CMakeFiles/llama.dir/models/gpt2.cpp.o
[ 34%] Building CXX object src/CMakeFiles/llama.dir/models/glm4.cpp.o
[ 34%] Building CXX object src/CMakeFiles/llama.dir/models/gptneox.cpp.o
[ 35%] Building CXX object src/CMakeFiles/llama.dir/models/granite-hybrid.cpp.o
[ 35%] Building CXX object src/CMakeFiles/llama.dir/models/granite.cpp.o
[ 35%] Building CXX object src/CMakeFiles/llama.dir/models/grovemoe.cpp.o
[ 35%] Building CXX object src/CMakeFiles/llama.dir/models/hunyuan-moe.cpp.o
[ 36%] Building CXX object src/CMakeFiles/llama.dir/models/hunyuan-dense.cpp.o
[ 36%] Building CXX object src/CMakeFiles/llama.dir/models/grok.cpp.o
[ 36%] Building CXX object src/CMakeFiles/llama.dir/models/internlm2.cpp.o
[ 36%] Building CXX object src/CMakeFiles/llama.dir/models/jais.cpp.o
[ 37%] Building CXX object src/CMakeFiles/llama.dir/models/jamba.cpp.o
[ 37%] Building CXX object src/CMakeFiles/llama.dir/models/lfm2.cpp.o
[ 37%] Building CXX object src/CMakeFiles/llama.dir/models/llada-moe.cpp.o
[ 38%] Building CXX object src/CMakeFiles/llama.dir/models/llama-iswa.cpp.o
[ 37%] Building CXX object src/CMakeFiles/llama.dir/models/llada.cpp.o
[ 38%] Building CXX object src/CMakeFiles/llama.dir/models/llama.cpp.o
[ 38%] Building CXX object src/CMakeFiles/llama.dir/models/mamba.cpp.o
[ 38%] Building CXX object src/CMakeFiles/llama.dir/models/minicpm3.cpp.o
[ 39%] Building CXX object src/CMakeFiles/llama.dir/models/minimax-m2.cpp.o
[ 39%] Building CXX object src/CMakeFiles/llama.dir/models/mpt.cpp.o
[ 40%] Building CXX object src/CMakeFiles/llama.dir/models/neo-bert.cpp.o
[ 40%] Building CXX object src/CMakeFiles/llama.dir/models/nemotron.cpp.o
[ 40%] Building CXX object src/CMakeFiles/llama.dir/models/nemotron-h.cpp.o
[ 40%] Building CXX object src/CMakeFiles/llama.dir/models/olmoe.cpp.o
[ 40%] Building CXX object src/CMakeFiles/llama.dir/models/olmo.cpp.o
[ 40%] Building CXX object src/CMakeFiles/llama.dir/models/olmo2.cpp.o
[ 41%] Building CXX object src/CMakeFiles/llama.dir/models/openai-moe-iswa.cpp.o
[ 41%] Building CXX object src/CMakeFiles/llama.dir/models/openelm.cpp.o
[ 41%] Building CXX object src/CMakeFiles/llama.dir/models/orion.cpp.o
[ 41%] Building CXX object src/CMakeFiles/llama.dir/models/pangu-embedded.cpp.o
[ 41%] Building CXX object src/CMakeFiles/llama.dir/models/phi3.cpp.o
[ 42%] Building CXX object src/CMakeFiles/llama.dir/models/phi2.cpp.o
[ 42%] Building CXX object src/CMakeFiles/llama.dir/models/qwen2.cpp.o
[ 42%] Building CXX object src/CMakeFiles/llama.dir/models/plamo.cpp.o
[ 43%] Building CXX object src/CMakeFiles/llama.dir/models/qwen2moe.cpp.o
[ 42%] Building CXX object src/CMakeFiles/llama.dir/models/plamo2.cpp.o
[ 44%] Building CXX object src/CMakeFiles/llama.dir/models/plm.cpp.o
[ 44%] Building CXX object src/CMakeFiles/llama.dir/models/qwen.cpp.o
[ 44%] Building CXX object src/CMakeFiles/llama.dir/models/qwen2vl.cpp.o
[ 44%] Building CXX object src/CMakeFiles/llama.dir/models/qwen3vl.cpp.o
[ 44%] Building CXX object src/CMakeFiles/llama.dir/models/qwen3moe.cpp.o
[ 44%] Building CXX object src/CMakeFiles/llama.dir/models/qwen3.cpp.o
[ 44%] Building CXX object src/CMakeFiles/llama.dir/models/refact.cpp.o
[ 45%] Building CXX object src/CMakeFiles/llama.dir/models/rnd1.cpp.o
[ 46%] Building CXX object src/CMakeFiles/llama.dir/models/qwen3vl-moe.cpp.o
[ 46%] Building CXX object src/CMakeFiles/llama.dir/models/qwen3next.cpp.o
[ 46%] Building CXX object src/CMakeFiles/llama.dir/models/rwkv6-base.cpp.o
[ 46%] Building CXX object src/CMakeFiles/llama.dir/models/rwkv6.cpp.o
[ 47%] Building CXX object src/CMakeFiles/llama.dir/models/rwkv7-base.cpp.o
[ 47%] Building CXX object src/CMakeFiles/llama.dir/models/rwkv6qwen2.cpp.o
[ 47%] Building CXX object src/CMakeFiles/llama.dir/models/rwkv7.cpp.o
[ 47%] Building CXX object src/CMakeFiles/llama.dir/models/seed-oss.cpp.o
[ 48%] Building CXX object src/CMakeFiles/llama.dir/models/smollm3.cpp.o
[ 48%] Building CXX object src/CMakeFiles/llama.dir/models/smallthinker.cpp.o
[ 48%] Building CXX object src/CMakeFiles/llama.dir/models/starcoder.cpp.o
[ 48%] Building CXX object src/CMakeFiles/llama.dir/models/starcoder2.cpp.o
[ 48%] Building CXX object src/CMakeFiles/llama.dir/models/stablelm.cpp.o
[ 49%] Building CXX object src/CMakeFiles/llama.dir/models/t5-dec.cpp.o
[ 49%] Building CXX object src/CMakeFiles/llama.dir/models/t5-enc.cpp.o
[ 49%] Building CXX object src/CMakeFiles/llama.dir/models/wavtokenizer-dec.cpp.o
[ 49%] Building CXX object src/CMakeFiles/llama.dir/models/xverse.cpp.o
[ 49%] Building CXX object src/CMakeFiles/llama.dir/models/graph-context-mamba.cpp.o
[ 50%] Building CXX object src/CMakeFiles/llama.dir/models/mistral3.cpp.o
[ 50%] Linking CXX executable ../../bin/llama-gguf
[ 50%] Linking CXX executable ../../bin/llama-gguf-hash
[ 50%] Built target llama-gguf
[ 50%] Built target llama-gguf-hash
[ 50%] Linking CXX shared library ../bin/libllama.so
[ 50%] Built target llama
[ 50%] Building CXX object tools/mtmd/CMakeFiles/mtmd.dir/mtmd-helper.cpp.o
[ 50%] Building CXX object tools/mtmd/CMakeFiles/mtmd.dir/mtmd.cpp.o
[ 51%] Building CXX object common/CMakeFiles/common.dir/arg.cpp.o
[ 51%] Building CXX object tools/mtmd/CMakeFiles/mtmd.dir/mtmd-audio.cpp.o
[ 51%] Building CXX object tools/mtmd/CMakeFiles/mtmd.dir/clip.cpp.o
[ 52%] Building CXX object common/CMakeFiles/common.dir/json-schema-to-grammar.cpp.o
[ 52%] Building CXX object common/CMakeFiles/common.dir/chat-parser-xml-toolcall.cpp.o
[ 52%] Building CXX object common/CMakeFiles/common.dir/chat.cpp.o
[ 52%] Building CXX object common/CMakeFiles/common.dir/console.cpp.o
[ 52%] Building CXX object common/CMakeFiles/common.dir/json-partial.cpp.o
[ 52%] Building CXX object common/CMakeFiles/common.dir/chat-parser.cpp.o
[ 52%] Building C object tests/CMakeFiles/test-c.dir/test-c.c.o
[ 53%] Building CXX object common/CMakeFiles/common.dir/common.cpp.o
[ 53%] Building CXX object common/CMakeFiles/common.dir/download.cpp.o
[ 53%] Building CXX object examples/simple-chat/CMakeFiles/llama-simple-chat.dir/simple-chat.cpp.o
[ 53%] Building CXX object common/CMakeFiles/common.dir/llguidance.cpp.o
[ 54%] Building CXX object examples/simple/CMakeFiles/llama-simple.dir/simple.cpp.o
[ 55%] Building CXX object common/CMakeFiles/common.dir/log.cpp.o
[ 55%] Building CXX object common/CMakeFiles/common.dir/ngram-cache.cpp.o
[ 55%] Building CXX object common/CMakeFiles/common.dir/sampling.cpp.o
[ 55%] Building CXX object common/CMakeFiles/common.dir/regex-partial.cpp.o
[ 56%] Building CXX object common/CMakeFiles/common.dir/speculative.cpp.o
[ 56%] Linking C executable ../bin/test-c
[ 56%] Built target test-c
[ 56%] Linking CXX executable ../../bin/llama-simple
[ 56%] Linking CXX executable ../../bin/llama-simple-chat
[ 56%] Built target llama-simple
[ 56%] Built target llama-simple-chat
In file included from /home/zjy/ws/jenkins/workspace/ci-arc770/ggerganov-llama.cpp/common/chat.cpp:9:
In file included from /home/zjy/ws/jenkins/workspace/ci-arc770/ggerganov-llama.cpp/common/../vendor/minja/chat-template.hpp:11:
/home/zjy/ws/jenkins/workspace/ci-arc770/ggerganov-llama.cpp/common/../vendor/minja/minja.hpp:956:10: warning: function 'do_render' could be declared with attribute 'noreturn' [-Wmissing-noreturn]
  956 |     void do_render(std::ostringstream &, const std::shared_ptr<Context> &) const override {
      |          ^
/home/zjy/ws/jenkins/workspace/ci-arc770/ggerganov-llama.cpp/common/../vendor/minja/minja.hpp:1234:11: warning: function 'do_evaluate' could be declared with attribute 'noreturn' [-Wmissing-noreturn]
 1234 |     Value do_evaluate(const std::shared_ptr<Context> &) const override {
      |           ^
/home/zjy/ws/jenkins/workspace/ci-arc770/ggerganov-llama.cpp/common/../vendor/minja/minja.hpp:2736:84: warning: function 'operator()' could be declared with attribute 'noreturn' [-Wmissing-noreturn]
 2736 |   globals.set("raise_exception", simple_function("raise_exception", { "message" }, [](const std::shared_ptr<Context> &, Value & args) -> Value {
      |                                                                                    ^
[ 56%] Linking CXX shared library ../../bin/libmtmd.so
[ 56%] Built target mtmd
3 warnings generated.
[ 56%] Linking CXX static library libcommon.a
[ 56%] Built target common
[ 56%] Building CXX object tests/CMakeFiles/test-sampling.dir/test-sampling.cpp.o
[ 57%] Building CXX object tests/CMakeFiles/test-sampling.dir/get-model.cpp.o
[ 57%] Building CXX object tests/CMakeFiles/test-grammar-integration.dir/test-grammar-integration.cpp.o
[ 57%] Building CXX object tests/CMakeFiles/test-tokenizer-0.dir/test-tokenizer-0.cpp.o
[ 57%] Building CXX object tests/CMakeFiles/test-llama-grammar.dir/test-llama-grammar.cpp.o
[ 57%] Building CXX object tests/CMakeFiles/test-json-schema-to-grammar.dir/test-json-schema-to-grammar.cpp.o
[ 58%] Building CXX object tests/CMakeFiles/test-json-schema-to-grammar.dir/get-model.cpp.o
[ 58%] Building CXX object tests/CMakeFiles/test-chat.dir/test-chat.cpp.o
[ 58%] Building CXX object tests/CMakeFiles/test-llama-grammar.dir/get-model.cpp.o
[ 58%] Building CXX object tests/CMakeFiles/test-grammar-integration.dir/get-model.cpp.o
[ 59%] Building CXX object tests/CMakeFiles/test-grammar-parser.dir/test-grammar-parser.cpp.o
[ 60%] Building CXX object tests/CMakeFiles/test-chat.dir/get-model.cpp.o
[ 60%] Building CXX object tests/CMakeFiles/test-chat-parser.dir/get-model.cpp.o
[ 60%] Building CXX object tests/CMakeFiles/test-chat-parser.dir/test-chat-parser.cpp.o
[ 60%] Building CXX object tests/CMakeFiles/test-chat-template.dir/test-chat-template.cpp.o
[ 60%] Building CXX object tests/CMakeFiles/test-log.dir/test-log.cpp.o
[ 60%] Building CXX object tests/CMakeFiles/test-grammar-parser.dir/get-model.cpp.o
[ 60%] Building CXX object tests/CMakeFiles/test-quantize-stats.dir/test-quantize-stats.cpp.o
[ 61%] Building CXX object tests/CMakeFiles/test-gbnf-validator.dir/test-gbnf-validator.cpp.o
[ 61%] Building CXX object tests/CMakeFiles/test-regex-partial.dir/test-regex-partial.cpp.o
[ 61%] Building CXX object tests/CMakeFiles/test-tokenizer-1-bpe.dir/test-tokenizer-1-bpe.cpp.o
[ 62%] Building CXX object tests/CMakeFiles/test-json-partial.dir/get-model.cpp.o
[ 62%] Building CXX object tests/CMakeFiles/test-log.dir/get-model.cpp.o
[ 62%] Building CXX object tests/CMakeFiles/test-tokenizer-1-spm.dir/test-tokenizer-1-spm.cpp.o
[ 62%] Building CXX object tests/CMakeFiles/test-json-partial.dir/test-json-partial.cpp.o
[ 62%] Building CXX object tests/CMakeFiles/test-arg-parser.dir/get-model.cpp.o
[ 62%] Building CXX object tests/CMakeFiles/test-gguf.dir/test-gguf.cpp.o
[ 62%] Building CXX object tests/CMakeFiles/test-thread-safety.dir/get-model.cpp.o
[ 62%] Building CXX object tests/CMakeFiles/test-regex-partial.dir/get-model.cpp.o
[ 62%] Building CXX object tests/CMakeFiles/test-chat-template.dir/get-model.cpp.o
[ 62%] Building CXX object tests/CMakeFiles/test-opt.dir/test-opt.cpp.o
[ 62%] Building CXX object tests/CMakeFiles/test-arg-parser.dir/test-arg-parser.cpp.o
[ 62%] Building CXX object tests/CMakeFiles/test-thread-safety.dir/test-thread-safety.cpp.o
[ 62%] Building CXX object tests/CMakeFiles/test-opt.dir/get-model.cpp.o
[ 62%] Building CXX object tests/CMakeFiles/test-gguf.dir/get-model.cpp.o
[ 63%] Building CXX object tests/CMakeFiles/test-autorelease.dir/test-autorelease.cpp.o
[ 63%] Building CXX object tests/CMakeFiles/test-barrier.dir/test-barrier.cpp.o
[ 64%] Building CXX object tests/CMakeFiles/test-rope.dir/test-rope.cpp.o
[ 64%] Building CXX object tests/CMakeFiles/test-backend-ops.dir/test-backend-ops.cpp.o
[ 64%] Building CXX object tests/CMakeFiles/test-autorelease.dir/get-model.cpp.o
[ 64%] Building CXX object tests/CMakeFiles/test-model-load-cancel.dir/get-model.cpp.o
[ 65%] Building CXX object tests/CMakeFiles/test-backend-ops.dir/get-model.cpp.o
[ 66%] Building CXX object tests/CMakeFiles/test-barrier.dir/get-model.cpp.o
[ 66%] Building CXX object tests/CMakeFiles/test-model-load-cancel.dir/test-model-load-cancel.cpp.o
[ 66%] Building CXX object tests/CMakeFiles/test-rope.dir/get-model.cpp.o
[ 66%] Building C object tests/CMakeFiles/test-mtmd-c-api.dir/test-mtmd-c-api.c.o
[ 66%] Building CXX object tests/CMakeFiles/test-quantize-fns.dir/test-quantize-fns.cpp.o
[ 66%] Building CXX object tests/CMakeFiles/test-quantize-fns.dir/get-model.cpp.o
[ 67%] Building CXX object tests/CMakeFiles/test-quantize-perf.dir/test-quantize-perf.cpp.o
[ 67%] Building CXX object tests/CMakeFiles/test-alloc.dir/test-alloc.cpp.o
[ 67%] Building CXX object examples/batched/CMakeFiles/llama-batched.dir/batched.cpp.o
[ 68%] Building CXX object tests/CMakeFiles/test-mtmd-c-api.dir/get-model.cpp.o
[ 67%] Building CXX object tests/CMakeFiles/test-alloc.dir/get-model.cpp.o
[ 68%] Building CXX object tests/CMakeFiles/test-quantize-perf.dir/get-model.cpp.o
[ 68%] Building CXX object examples/embedding/CMakeFiles/llama-embedding.dir/embedding.cpp.o
[ 69%] Building CXX object examples/lookahead/CMakeFiles/llama-lookahead.dir/lookahead.cpp.o
[ 69%] Building CXX object examples/eval-callback/CMakeFiles/llama-eval-callback.dir/eval-callback.cpp.o
[ 69%] Building CXX object examples/lookup/CMakeFiles/llama-lookup-create.dir/lookup-create.cpp.o
[ 70%] Building CXX object examples/lookup/CMakeFiles/llama-lookup.dir/lookup.cpp.o
[ 70%] Building CXX object examples/lookup/CMakeFiles/llama-lookup-stats.dir/lookup-stats.cpp.o
[ 70%] Building CXX object examples/parallel/CMakeFiles/llama-parallel.dir/parallel.cpp.o
[ 71%] Building CXX object examples/passkey/CMakeFiles/llama-passkey.dir/passkey.cpp.o
[ 72%] Building CXX object examples/lookup/CMakeFiles/llama-lookup-merge.dir/lookup-merge.cpp.o
[ 73%] Building CXX object examples/save-load-state/CMakeFiles/llama-save-load-state.dir/save-load-state.cpp.o
[ 74%] Building CXX object examples/speculative/CMakeFiles/llama-speculative.dir/speculative.cpp.o
[ 74%] Building CXX object examples/retrieval/CMakeFiles/llama-retrieval.dir/retrieval.cpp.o
[ 74%] Building CXX object examples/speculative-simple/CMakeFiles/llama-speculative-simple.dir/speculative-simple.cpp.o
[ 75%] Building CXX object examples/gen-docs/CMakeFiles/llama-gen-docs.dir/gen-docs.cpp.o
[ 77%] Building CXX object examples/model-conversion/CMakeFiles/llama-logits.dir/logits.cpp.o
[ 77%] Building CXX object examples/training/CMakeFiles/llama-finetune.dir/finetune.cpp.o
[ 77%] Building CXX object examples/diffusion/CMakeFiles/llama-diffusion-cli.dir/diffusion-cli.cpp.o
[ 77%] Building CXX object examples/convert-llama2c-to-ggml/CMakeFiles/llama-convert-llama2c-to-ggml.dir/convert-llama2c-to-ggml.cpp.o
[ 78%] Building CXX object examples/sycl/CMakeFiles/llama-ls-sycl-device.dir/ls-sycl-device.cpp.o
[ 79%] Building CXX object pocs/vdot/CMakeFiles/llama-vdot.dir/vdot.cpp.o
[ 79%] Building CXX object tools/batched-bench/CMakeFiles/llama-batched-bench.dir/batched-bench.cpp.o
[ 79%] Linking CXX executable ../bin/test-mtmd-c-api
[ 80%] Building CXX object tools/gguf-split/CMakeFiles/llama-gguf-split.dir/gguf-split.cpp.o
[ 80%] Building CXX object pocs/vdot/CMakeFiles/llama-q8dot.dir/q8dot.cpp.o
[ 80%] Building CXX object tools/llama-bench/CMakeFiles/llama-bench.dir/llama-bench.cpp.o
[ 80%] Linking CXX executable ../bin/test-model-load-cancel
[ 80%] Building CXX object tools/imatrix/CMakeFiles/llama-imatrix.dir/imatrix.cpp.o
[ 80%] Generating loading.html.hpp
[ 80%] Generating index.html.gz.hpp
[ 80%] Building CXX object tools/quantize/CMakeFiles/llama-quantize.dir/quantize.cpp.o
[ 80%] Building CXX object tools/perplexity/CMakeFiles/llama-perplexity.dir/perplexity.cpp.o
[ 80%] Building CXX object tools/run/CMakeFiles/llama-run.dir/run.cpp.o
[ 80%] Building CXX object tools/main/CMakeFiles/llama-cli.dir/main.cpp.o
[ 80%] Building CXX object tools/tts/CMakeFiles/llama-tts.dir/tts.cpp.o
[ 80%] Linking CXX executable ../../bin/llama-ls-sycl-device
[ 80%] Building CXX object tools/cvector-generator/CMakeFiles/llama-cvector-generator.dir/cvector-generator.cpp.o
[ 81%] Building CXX object tools/tokenize/CMakeFiles/llama-tokenize.dir/tokenize.cpp.o
[ 81%] Building CXX object tools/run/CMakeFiles/llama-run.dir/linenoise.cpp/linenoise.cpp.o
[ 82%] Building CXX object tools/mtmd/CMakeFiles/llama-mtmd-cli.dir/mtmd-cli.cpp.o
[ 82%] Building CXX object tools/export-lora/CMakeFiles/llama-export-lora.dir/export-lora.cpp.o
[ 82%] Linking CXX executable ../bin/test-log
[ 82%] Linking CXX executable ../bin/test-autorelease
[ 82%] Linking CXX executable ../bin/test-rope
[ 82%] Built target llama-ls-sycl-device
[ 83%] Linking CXX executable ../bin/test-barrier
[ 83%] Built target test-log
[ 83%] Linking CXX executable ../bin/test-quantize-fns
[ 83%] Built target test-mtmd-c-api
[ 83%] Linking CXX executable ../bin/test-gbnf-validator
[ 83%] Linking CXX executable ../bin/test-tokenizer-1-spm
[ 84%] Linking CXX executable ../bin/test-tokenizer-1-bpe
[ 84%] Built target test-model-load-cancel
[ 84%] Linking CXX executable ../../bin/llama-logits
[ 84%] Built target test-autorelease
[ 84%] Built target test-rope
[ 84%] Linking CXX executable ../../bin/llama-tokenize
[ 84%] Linking CXX executable ../../bin/llama-save-load-state
[ 84%] Linking CXX executable ../../bin/llama-lookup-merge
[ 84%] Linking CXX executable ../../bin/llama-vdot
[ 84%] Built target test-barrier
[ 84%] Linking CXX executable ../../bin/llama-gguf-split
[ 84%] Linking CXX executable ../../bin/llama-q8dot
[ 85%] Linking CXX executable ../bin/test-thread-safety
[ 85%] Linking CXX executable ../../bin/llama-eval-callback
[ 85%] Linking CXX executable ../bin/test-grammar-parser
[ 85%] Linking CXX executable ../bin/test-sampling
[ 85%] Built target test-gbnf-validator
[ 85%] Linking CXX executable ../../bin/llama-passkey
[ 85%] Built target test-tokenizer-1-spm
[ 85%] Built target llama-tokenize
[ 86%] Linking CXX executable ../../bin/llama-batched
[ 86%] Linking CXX executable ../../bin/llama-lookup-create
[ 86%] Built target llama-lookup-merge
[ 86%] Built target test-tokenizer-1-bpe
[ 86%] Built target llama-logits
[ 86%] Linking CXX executable ../../bin/llama-gen-docs
[ 86%] Linking CXX executable ../../bin/llama-finetune
[ 86%] Built target test-quantize-fns
[ 87%] Linking CXX executable ../bin/test-alloc
[ 87%] Built target llama-save-load-state
[ 87%] Built target llama-vdot
[ 87%] Linking CXX executable ../bin/test-arg-parser
[ 87%] Built target llama-q8dot
[ 87%] Linking CXX executable ../../bin/llama-batched-bench
[ 87%] Built target llama-gguf-split
[ 87%] Linking CXX executable ../bin/test-tokenizer-0
[ 87%] Linking CXX executable ../../bin/llama-speculative-simple
[ 87%] Linking CXX executable ../../bin/llama-lookup
[ 87%] Linking CXX executable ../../bin/llama-lookup-stats
[ 87%] Linking CXX executable ../../bin/llama-export-lora
[ 87%] Linking CXX executable ../../bin/llama-lookahead
[ 87%] Built target test-grammar-parser
[ 87%] Built target test-sampling
[ 87%] Built target test-thread-safety
[ 88%] Linking CXX executable ../../bin/llama-convert-llama2c-to-ggml
[ 89%] Building CXX object tools/server/CMakeFiles/llama-server.dir/server.cpp.o
[ 89%] Linking CXX executable ../bin/test-regex-partial
[ 89%] Building CXX object tools/server/CMakeFiles/llama-server.dir/server-task.cpp.o
[ 89%] Building CXX object tools/server/CMakeFiles/llama-server.dir/server-common.cpp.o
[ 89%] Building CXX object tools/server/CMakeFiles/llama-server.dir/server-http.cpp.o
[ 89%] Building CXX object tools/server/CMakeFiles/llama-server.dir/server-models.cpp.o
[ 90%] Building CXX object tools/server/CMakeFiles/llama-server.dir/server-queue.cpp.o
[ 90%] Building CXX object tools/server/CMakeFiles/llama-server.dir/server-context.cpp.o
[ 90%] Built target llama-eval-callback
[ 90%] Linking CXX executable ../bin/test-quantize-perf
[ 91%] Linking CXX executable ../bin/test-opt
[ 92%] Linking CXX executable ../bin/test-llama-grammar
[ 92%] Built target llama-passkey
[ 92%] Built target test-alloc
[ 92%] Built target llama-gen-docs
[ 92%] Built target llama-batched
[ 92%] Built target llama-lookup-create
[ 93%] Linking CXX executable ../bin/test-gguf
[ 93%] Built target llama-finetune
[ 93%] Linking CXX executable ../../bin/llama-embedding
[ 93%] Built target test-tokenizer-0
[ 93%] Built target llama-lookup-stats
[ 93%] Built target llama-batched-bench
[ 93%] Built target llama-speculative-simple
[ 93%] Linking CXX executable ../../bin/llama-mtmd-cli
[ 93%] Built target test-arg-parser
[ 93%] Linking CXX executable ../../bin/llama-parallel
[ 93%] Built target llama-export-lora
[ 93%] Built target llama-lookahead
[ 93%] Built target llama-convert-llama2c-to-ggml
[ 93%] Built target test-opt
[ 93%] Built target test-quantize-perf
[ 93%] Linking CXX executable ../../bin/llama-cvector-generator
[ 93%] Built target test-regex-partial
[ 94%] Linking CXX executable ../../bin/llama-retrieval
[ 94%] Built target test-gguf
[ 94%] Built target llama-embedding
[ 94%] Built target llama-lookup
[ 94%] Built target llama-parallel
[ 94%] Built target test-llama-grammar
[ 94%] Built target llama-mtmd-cli
[ 94%] Built target llama-cvector-generator
[ 95%] Linking CXX executable ../../bin/llama-diffusion-cli
[ 95%] Built target llama-retrieval
[ 95%] Linking CXX executable ../../bin/llama-cli
[ 95%] Linking CXX executable ../bin/test-chat-template
[ 96%] Linking CXX executable ../../bin/llama-quantize
[ 96%] Linking CXX executable ../bin/test-json-partial
[ 96%] Linking CXX executable ../../bin/llama-speculative
[ 96%] Built target llama-diffusion-cli
[ 96%] Built target test-chat-template
[ 96%] Built target llama-cli
[ 96%] Built target llama-quantize
[ 96%] Built target test-json-partial
[ 97%] Linking CXX executable ../bin/test-quantize-stats
[ 97%] Built target llama-speculative
[ 97%] Built target test-quantize-stats
[ 98%] Linking CXX executable ../../bin/llama-perplexity
[ 98%] Built target llama-perplexity
[ 98%] Linking CXX executable ../bin/test-grammar-integration
[ 98%] Linking CXX executable ../../bin/llama-run
[ 98%] Built target test-grammar-integration
[ 98%] Built target llama-run
[ 99%] Linking CXX executable ../bin/test-chat-parser
[ 99%] Built target test-chat-parser
[ 99%] Linking CXX executable ../bin/test-json-schema-to-grammar
[ 99%] Built target test-json-schema-to-grammar
[100%] Linking CXX executable ../../bin/llama-bench
[100%] Linking CXX executable ../../bin/llama-tts
[100%] Built target llama-bench
[100%] Linking CXX executable ../../bin/llama-imatrix
[100%] Built target llama-tts
[100%] Built target llama-imatrix
[100%] Linking CXX executable ../../bin/llama-server
[100%] Built target llama-server
[100%] Linking CXX executable ../bin/test-backend-ops
[100%] Built target test-backend-ops
[100%] Linking CXX executable ../bin/test-chat
[100%] Built target test-chat

real	1m38.593s
user	14m52.555s
sys	0m41.073s
+ '[' -z ']'
+ tee -a /home/zjy/ws/jenkins/workspace/ci-arc770/ggerganov-llama.cpp/tmp/ci_log/98bd9ab1e4fdef1497da628574bb90d0890539e7/tmp/results/ctest_release-ctest.log
+ ctest --output-on-failure -L main
Test project /home/zjy/ws/jenkins/workspace/ci-arc770/ggerganov-llama.cpp/build-ci-release
      Start  1: test-tokenizer-0-bert-bge
 1/37 Test  #1: test-tokenizer-0-bert-bge .........   Passed    0.17 sec
      Start  2: test-tokenizer-0-command-r
 2/37 Test  #2: test-tokenizer-0-command-r ........   Passed    0.39 sec
      Start  3: test-tokenizer-0-deepseek-coder
 3/37 Test  #3: test-tokenizer-0-deepseek-coder ...   Passed    0.10 sec
      Start  4: test-tokenizer-0-deepseek-llm
 4/37 Test  #4: test-tokenizer-0-deepseek-llm .....   Passed    0.18 sec
      Start  5: test-tokenizer-0-falcon
 5/37 Test  #5: test-tokenizer-0-falcon ...........   Passed    0.13 sec
      Start  6: test-tokenizer-0-gpt-2
 6/37 Test  #6: test-tokenizer-0-gpt-2 ............   Passed    0.12 sec
      Start  7: test-tokenizer-0-llama-bpe
 7/37 Test  #7: test-tokenizer-0-llama-bpe ........   Passed    0.26 sec
      Start  8: test-tokenizer-0-llama-spm
 8/37 Test  #8: test-tokenizer-0-llama-spm ........   Passed    0.08 sec
      Start  9: test-tokenizer-0-mpt
 9/37 Test  #9: test-tokenizer-0-mpt ..............   Passed    0.11 sec
      Start 10: test-tokenizer-0-phi-3
10/37 Test #10: test-tokenizer-0-phi-3 ............   Passed    0.08 sec
      Start 11: test-tokenizer-0-qwen2
11/37 Test #11: test-tokenizer-0-qwen2 ............   Passed    0.23 sec
      Start 12: test-tokenizer-0-refact
12/37 Test #12: test-tokenizer-0-refact ...........   Passed    0.11 sec
      Start 13: test-tokenizer-0-starcoder
13/37 Test #13: test-tokenizer-0-starcoder ........   Passed    0.12 sec
      Start 14: test-tokenizers-ggml-vocabs
14/37 Test #14: test-tokenizers-ggml-vocabs .......***Failed    2.25 sec
Already up to date.
main : reading vocab from: '/home/zjy/ws/jenkins/workspace/ci-arc770/ggerganov-llama.cpp/models/ggml-vocabs/PLaMo2/ggml-vocab-plamo2.gguf'
llama_model_load_from_file_impl: using device SYCL0 (Intel(R) Arc(TM) A770 Graphics) (unknown id) - 15473 MiB free
gguf_init_from_file_impl: invalid magic characters: 'vers', expected 'GGUF'
llama_model_load: error loading model: llama_model_loader: failed to load model from /home/zjy/ws/jenkins/workspace/ci-arc770/ggerganov-llama.cpp/models/ggml-vocabs/PLaMo2/ggml-vocab-plamo2.gguf
llama_model_load_from_file_impl: failed to load model
main: error: failed to load vocab '/home/zjy/ws/jenkins/workspace/ci-arc770/ggerganov-llama.cpp/models/ggml-vocabs/PLaMo2/ggml-vocab-plamo2.gguf'
main : reading vocab from: '/home/zjy/ws/jenkins/workspace/ci-arc770/ggerganov-llama.cpp/models/ggml-vocabs/RWKV/ggml-vocab-rwkv-7-world.gguf'
llama_model_load_from_file_impl: using device SYCL0 (Intel(R) Arc(TM) A770 Graphics) (unknown id) - 15473 MiB free
gguf_init_from_file_impl: invalid magic characters: 'vers', expected 'GGUF'
llama_model_load: error loading model: llama_model_loader: failed to load model from /home/zjy/ws/jenkins/workspace/ci-arc770/ggerganov-llama.cpp/models/ggml-vocabs/RWKV/ggml-vocab-rwkv-7-world.gguf
llama_model_load_from_file_impl: failed to load model
main: error: failed to load vocab '/home/zjy/ws/jenkins/workspace/ci-arc770/ggerganov-llama.cpp/models/ggml-vocabs/RWKV/ggml-vocab-rwkv-7-world.gguf'
main : reading vocab from: '/home/zjy/ws/jenkins/workspace/ci-arc770/ggerganov-llama.cpp/models/ggml-vocabs/SPM/ggml-vocab-gemma-3.gguf'
llama_model_load_from_file_impl: using device SYCL0 (Intel(R) Arc(TM) A770 Graphics) (unknown id) - 15473 MiB free
gguf_init_from_file_impl: invalid magic characters: 'vers', expected 'GGUF'
llama_model_load: error loading model: llama_model_loader: failed to load model from /home/zjy/ws/jenkins/workspace/ci-arc770/ggerganov-llama.cpp/models/ggml-vocabs/SPM/ggml-vocab-gemma-3.gguf
llama_model_load_from_file_impl: failed to load model
main: error: failed to load vocab '/home/zjy/ws/jenkins/workspace/ci-arc770/ggerganov-llama.cpp/models/ggml-vocabs/SPM/ggml-vocab-gemma-3.gguf'
main : reading vocab from: '/home/zjy/ws/jenkins/workspace/ci-arc770/ggerganov-llama.cpp/models/ggml-vocabs/UGM/ggml-vocab-nomic-bert-moe.gguf'
llama_model_load_from_file_impl: using device SYCL0 (Intel(R) Arc(TM) A770 Graphics) (unknown id) - 15473 MiB free
gguf_init_from_file_impl: invalid magic characters: 'vers', expected 'GGUF'
llama_model_load: error loading model: llama_model_loader: failed to load model from /home/zjy/ws/jenkins/workspace/ci-arc770/ggerganov-llama.cpp/models/ggml-vocabs/UGM/ggml-vocab-nomic-bert-moe.gguf
llama_model_load_from_file_impl: failed to load model
main: error: failed to load vocab '/home/zjy/ws/jenkins/workspace/ci-arc770/ggerganov-llama.cpp/models/ggml-vocabs/UGM/ggml-vocab-nomic-bert-moe.gguf'
main : reading vocab from: '/home/zjy/ws/jenkins/workspace/ci-arc770/ggerganov-llama.cpp/models/ggml-vocabs/WPM/ggml-vocab-jina-v2-en.gguf'
llama_model_load_from_file_impl: using device SYCL0 (Intel(R) Arc(TM) A770 Graphics) (unknown id) - 15473 MiB free
gguf_init_from_file_impl: invalid magic characters: 'vers', expected 'GGUF'
llama_model_load: error loading model: llama_model_loader: failed to load model from /home/zjy/ws/jenkins/workspace/ci-arc770/ggerganov-llama.cpp/models/ggml-vocabs/WPM/ggml-vocab-jina-v2-en.gguf
llama_model_load_from_file_impl: failed to load model
main: error: failed to load vocab '/home/zjy/ws/jenkins/workspace/ci-arc770/ggerganov-llama.cpp/models/ggml-vocabs/WPM/ggml-vocab-jina-v2-en.gguf'

      Start 15: test-sampling
15/37 Test #15: test-sampling .....................   Passed    0.85 sec
      Start 16: test-grammar-parser
16/37 Test #16: test-grammar-parser ...............   Passed    0.04 sec
      Start 17: test-grammar-integration
17/37 Test #17: test-grammar-integration ..........   Passed    0.05 sec
      Start 18: test-llama-grammar
18/37 Test #18: test-llama-grammar ................   Passed    0.05 sec
      Start 19: test-chat
19/37 Test #19: test-chat .........................   Passed    1.16 sec
      Start 20: test-json-schema-to-grammar
20/37 Test #20: test-json-schema-to-grammar .......   Passed    2.01 sec
      Start 21: test-tokenizer-1-llama-spm
21/37 Test #21: test-tokenizer-1-llama-spm ........   Passed    0.18 sec
      Start 22: test-chat-parser
22/37 Test #22: test-chat-parser ..................   Passed    0.04 sec
      Start 23: test-chat-template
23/37 Test #23: test-chat-template ................   Passed    0.11 sec
      Start 24: test-json-partial
24/37 Test #24: test-json-partial .................   Passed    0.04 sec
      Start 25: test-log
25/37 Test #25: test-log ..........................   Passed    0.06 sec
      Start 26: test-regex-partial
26/37 Test #26: test-regex-partial ................   Passed    0.06 sec
      Start 27: test-thread-safety
27/37 Test #27: test-thread-safety ................***Failed    0.07 sec
'https' scheme is not supported.

      Start 28: test-arg-parser
28/37 Test #28: test-arg-parser ...................   Passed    9.72 sec
      Start 29: test-opt
29/37 Test #29: test-opt ..........................   Passed    0.16 sec
      Start 30: test-gguf
30/37 Test #30: test-gguf .........................   Passed    0.31 sec
      Start 31: test-backend-ops
31/37 Test #31: test-backend-ops ..................   Passed   96.39 sec
      Start 34: test-barrier
32/37 Test #34: test-barrier ......................   Passed    0.97 sec
      Start 35: test-quantize-fns
33/37 Test #35: test-quantize-fns .................   Passed   12.13 sec
      Start 36: test-quantize-perf
34/37 Test #36: test-quantize-perf ................   Passed    0.09 sec
      Start 37: test-rope
35/37 Test #37: test-rope .........................   Passed    0.09 sec
      Start 38: test-mtmd-c-api
36/37 Test #38: test-mtmd-c-api ...................   Passed    0.04 sec
      Start 39: test-alloc
37/37 Test #39: test-alloc ........................   Passed    0.04 sec

95% tests passed, 2 tests failed out of 37

Label Time Summary:
main    = 128.97 sec*proc (37 tests)

Total Test time (real) = 128.98 sec

The following tests FAILED:
	 14 - test-tokenizers-ggml-vocabs (Failed)
	 27 - test-thread-safety (Failed)
Errors while running CTest

real	2m8.993s
user	2m53.034s
sys	0m50.892s
+ cur=8
+ echo 8
+ set +x
