+ gg_run_ctest_release
+ cd /home/zjy/ws/jenkins/workspace/ci-arc770/ggerganov-llama.cpp
+ rm -rf build-ci-release
+ tee /home/zjy/ws/jenkins/workspace/ci-arc770/ggerganov-llama.cpp/tmp/ci_log/8308f98c7fb778e54bf75538f5234d8bd20915e9/tmp/results/ctest_release.log
+ mkdir build-ci-release
+ cd build-ci-release
+ set -e
+ tee -a /home/zjy/ws/jenkins/workspace/ci-arc770/ggerganov-llama.cpp/tmp/ci_log/8308f98c7fb778e54bf75538f5234d8bd20915e9/tmp/results/ctest_release-cmake.log
+ cmake -DCMAKE_BUILD_TYPE=Release -DLLAMA_FATAL_WARNINGS=ON -DLLAMA_SYCL=1 DCMAKE_C_COMPILER=icx -DCMAKE_CXX_COMPILER=icpx -DLLAMA_SYCL_F16=ON -DLLAMA_CURL=OFF ..
CMake Warning:
  Ignoring extra path from command line:

   "/home/zjy/ws/jenkins/workspace/ci-arc770/ggerganov-llama.cpp/build-ci-release/DCMAKE_C_COMPILER=icx"


-- The C compiler identification is GNU 13.3.0
-- The CXX compiler identification is IntelLLVM 2025.0.4
-- Detecting C compiler ABI info
-- Detecting C compiler ABI info - done
-- Check for working C compiler: /usr/bin/cc - skipped
-- Detecting C compile features
-- Detecting C compile features - done
-- Detecting CXX compiler ABI info
-- Detecting CXX compiler ABI info - done
-- Check for working CXX compiler: /opt/intel/oneapi/compiler/2025.0/bin/icpx - skipped
-- Detecting CXX compile features
-- Detecting CXX compile features - done
-- Found Git: /usr/bin/git (found version "2.43.0") 
CMake Warning at CMakeLists.txt:116 (message):
  LLAMA_SYCL is deprecated and will be removed in the future.

  Use GGML_SYCL instead

Call Stack (most recent call first):
  CMakeLists.txt:128 (llama_option_depr)


CMake Warning at CMakeLists.txt:116 (message):
  LLAMA_SYCL_F16 is deprecated and will be removed in the future.

  Use GGML_SYCL_F16 instead

Call Stack (most recent call first):
  CMakeLists.txt:129 (llama_option_depr)


-- Performing Test CMAKE_HAVE_LIBC_PTHREAD
-- Performing Test CMAKE_HAVE_LIBC_PTHREAD - Success
-- Found Threads: TRUE  
-- Warning: ccache not found - consider installing it for faster compilation or disable this warning with GGML_CCACHE=OFF
-- CMAKE_SYSTEM_PROCESSOR: x86_64
-- GGML_SYSTEM_ARCH: x86
-- Including CPU backend
-- Found OpenMP_C: -fopenmp (found version "4.5") 
-- Found OpenMP_CXX: -fiopenmp (found version "5.1") 
-- Found OpenMP: TRUE (found version "4.5")  
-- x86 detected
-- Adding CPU backend variant ggml-cpu: -march=native 
-- GGML_SYCL_TARGET=INTEL
-- Performing Test SUPPORTS_SYCL
-- Performing Test SUPPORTS_SYCL - Success
-- Using oneAPI Release SYCL compiler (icpx).
-- SYCL found
-- Found IntelSYCL: /opt/intel/oneapi/compiler/2025.0/include (found version "202001") 
-- Found oneDNN: /opt/intel/oneapi/dnnl/2025.0/lib/libdnnl.so.3.6
-- MKL_VERSION: 2025.0.1
-- MKL_ROOT: /opt/intel/oneapi/mkl/2025.0
-- MKL_ARCH: intel64
-- MKL_SYCL_LINK: None, set to ` dynamic` by default
-- MKL_LINK: None, set to ` dynamic` by default
-- MKL_SYCL_INTERFACE_FULL: None, set to ` intel_ilp64` by default
-- MKL_INTERFACE_FULL: None, set to ` intel_ilp64` by default
-- MKL_SYCL_THREADING: None, set to ` tbb_thread` by default
-- MKL_THREADING: None, set to ` intel_thread` by default
-- MKL_MPI: None, set to ` intelmpi` by default
-- Found /opt/intel/oneapi/mkl/2025.0/lib/libmkl_scalapack_ilp64.so
-- Found /opt/intel/oneapi/mkl/2025.0/lib/libmkl_cdft_core.so
-- Found /opt/intel/oneapi/mkl/2025.0/lib/libmkl_intel_ilp64.so
-- Found /opt/intel/oneapi/mkl/2025.0/lib/libmkl_intel_thread.so
-- Found /opt/intel/oneapi/mkl/2025.0/lib/libmkl_core.so
-- Found /opt/intel/oneapi/mkl/2025.0/lib/libmkl_blacs_intelmpi_ilp64.so
-- Found /opt/intel/oneapi/mkl/2025.0/lib/libmkl_sycl_blas.so
-- Found /opt/intel/oneapi/mkl/2025.0/lib/libmkl_sycl_lapack.so
-- Found /opt/intel/oneapi/mkl/2025.0/lib/libmkl_sycl_dft.so
-- Found /opt/intel/oneapi/mkl/2025.0/lib/libmkl_sycl_sparse.so
-- Found /opt/intel/oneapi/mkl/2025.0/lib/libmkl_sycl_data_fitting.so
-- Found /opt/intel/oneapi/mkl/2025.0/lib/libmkl_sycl_rng.so
-- Found /opt/intel/oneapi/mkl/2025.0/lib/libmkl_sycl_stats.so
-- Found /opt/intel/oneapi/mkl/2025.0/lib/libmkl_sycl_vm.so
-- Found /opt/intel/oneapi/mkl/2025.0/lib/libmkl_tbb_thread.so
-- Found /opt/intel/oneapi/compiler/2025.0/lib/libiomp5.so
-- Including SYCL backend
-- Configuring done (1.6s)
-- Generating done (0.1s)
-- Build files have been written to: /home/zjy/ws/jenkins/workspace/ci-arc770/ggerganov-llama.cpp/build-ci-release

real	0m1.748s
user	0m1.064s
sys	0m0.688s
+ tee -a /home/zjy/ws/jenkins/workspace/ci-arc770/ggerganov-llama.cpp/tmp/ci_log/8308f98c7fb778e54bf75538f5234d8bd20915e9/tmp/results/ctest_release-make.log
+ make -j
[  3%] Building C object examples/gguf-hash/CMakeFiles/xxhash.dir/deps/xxhash/xxhash.c.o
[  3%] Building CXX object tools/mtmd/CMakeFiles/llama-qwen2vl-cli.dir/deprecation-warning.cpp.o
[  3%] Building CXX object tools/mtmd/CMakeFiles/llama-gemma3-cli.dir/deprecation-warning.cpp.o
[  3%] Building C object examples/gguf-hash/CMakeFiles/sha256.dir/deps/sha256/sha256.c.o
[  4%] Building CXX object tools/mtmd/CMakeFiles/llama-llava-cli.dir/deprecation-warning.cpp.o
[  4%] Building CXX object common/CMakeFiles/build_info.dir/build-info.cpp.o
[  4%] Building C object examples/gguf-hash/CMakeFiles/sha1.dir/deps/sha1/sha1.c.o
[  4%] Building C object ggml/src/CMakeFiles/ggml-base.dir/ggml-alloc.c.o
[  5%] Building CXX object ggml/src/CMakeFiles/ggml-base.dir/ggml-backend.cpp.o
[  5%] Building CXX object ggml/src/CMakeFiles/ggml-base.dir/ggml.cpp.o
[  6%] Building C object ggml/src/CMakeFiles/ggml-base.dir/ggml-quants.c.o
[  6%] Building CXX object ggml/src/CMakeFiles/ggml-base.dir/ggml-threading.cpp.o
[  6%] Building C object ggml/src/CMakeFiles/ggml-base.dir/ggml.c.o
[  6%] Building CXX object tools/mtmd/CMakeFiles/llama-minicpmv-cli.dir/deprecation-warning.cpp.o
[  7%] Building CXX object ggml/src/CMakeFiles/ggml-base.dir/ggml-opt.cpp.o
[  7%] Building CXX object ggml/src/CMakeFiles/ggml-base.dir/gguf.cpp.o
[  7%] Built target build_info
[  8%] Linking CXX executable ../../bin/llama-minicpmv-cli
[  9%] Linking CXX executable ../../bin/llama-qwen2vl-cli
[  9%] Linking CXX executable ../../bin/llama-gemma3-cli
[  9%] Built target sha256
[  9%] Built target sha1
[  9%] Linking CXX executable ../../bin/llama-llava-cli
[  9%] Built target llama-minicpmv-cli
[  9%] Built target llama-llava-cli
[  9%] Built target llama-qwen2vl-cli
[  9%] Built target llama-gemma3-cli
[  9%] Built target xxhash
[  9%] Linking CXX shared library ../../bin/libggml-base.so
[  9%] Built target ggml-base
[ 11%] Building CXX object ggml/src/CMakeFiles/ggml-cpu.dir/ggml-cpu/traits.cpp.o
[ 11%] Building CXX object ggml/src/ggml-sycl/CMakeFiles/ggml-sycl.dir/convert.cpp.o
[ 11%] Building CXX object ggml/src/ggml-sycl/CMakeFiles/ggml-sycl.dir/common.cpp.o
[ 11%] Building CXX object ggml/src/CMakeFiles/ggml-cpu.dir/ggml-cpu/unary-ops.cpp.o
[ 11%] Building CXX object ggml/src/ggml-sycl/CMakeFiles/ggml-sycl.dir/cpy.cpp.o
[ 12%] Building CXX object ggml/src/ggml-sycl/CMakeFiles/ggml-sycl.dir/ggml-sycl.cpp.o
[ 12%] Building CXX object ggml/src/CMakeFiles/ggml-cpu.dir/ggml-cpu/vec.cpp.o
[ 12%] Building CXX object ggml/src/CMakeFiles/ggml-cpu.dir/ggml-cpu/amx/mmq.cpp.o
[ 11%] Building CXX object ggml/src/ggml-sycl/CMakeFiles/ggml-sycl.dir/binbcast.cpp.o
[ 14%] Building CXX object ggml/src/CMakeFiles/ggml-cpu.dir/ggml-cpu/ggml-cpu.cpp.o
[ 13%] Building CXX object ggml/src/CMakeFiles/ggml-cpu.dir/ggml-cpu/repack.cpp.o
[ 16%] Building CXX object ggml/src/CMakeFiles/ggml-cpu.dir/ggml-cpu/ops.cpp.o
[ 16%] Building CXX object ggml/src/CMakeFiles/ggml-cpu.dir/ggml-cpu/llamafile/sgemm.cpp.o
[ 17%] Building CXX object ggml/src/ggml-sycl/CMakeFiles/ggml-sycl.dir/element_wise.cpp.o
[ 18%] Building CXX object ggml/src/CMakeFiles/ggml-cpu.dir/ggml-cpu/arch/x86/repack.cpp.o
[ 18%] Building CXX object ggml/src/ggml-sycl/CMakeFiles/ggml-sycl.dir/dmmv.cpp.o
[ 18%] Building CXX object ggml/src/CMakeFiles/ggml-cpu.dir/ggml-cpu/binary-ops.cpp.o
[ 18%] Building CXX object ggml/src/ggml-sycl/CMakeFiles/ggml-sycl.dir/conv.cpp.o
[ 18%] Building CXX object ggml/src/ggml-sycl/CMakeFiles/ggml-sycl.dir/gla.cpp.o
[ 14%] Building CXX object ggml/src/CMakeFiles/ggml-cpu.dir/ggml-cpu/amx/amx.cpp.o
[ 14%] Building C object ggml/src/CMakeFiles/ggml-cpu.dir/ggml-cpu/ggml-cpu.c.o
[ 14%] Building C object ggml/src/CMakeFiles/ggml-cpu.dir/ggml-cpu/quants.c.o
[ 18%] Building CXX object ggml/src/ggml-sycl/CMakeFiles/ggml-sycl.dir/concat.cpp.o
[ 18%] Building CXX object ggml/src/ggml-sycl/CMakeFiles/ggml-sycl.dir/getrows.cpp.o
[ 18%] Building CXX object ggml/src/CMakeFiles/ggml-cpu.dir/ggml-cpu/hbm.cpp.o
[ 20%] Building CXX object ggml/src/ggml-sycl/CMakeFiles/ggml-sycl.dir/im2col.cpp.o
[ 20%] Building CXX object ggml/src/ggml-sycl/CMakeFiles/ggml-sycl.dir/norm.cpp.o
[ 19%] Building CXX object ggml/src/ggml-sycl/CMakeFiles/ggml-sycl.dir/mmq.cpp.o
[ 21%] Building CXX object ggml/src/ggml-sycl/CMakeFiles/ggml-sycl.dir/mmvq.cpp.o
[ 21%] Building C object ggml/src/CMakeFiles/ggml-cpu.dir/ggml-cpu/arch/x86/quants.c.o
[ 22%] Building CXX object ggml/src/ggml-sycl/CMakeFiles/ggml-sycl.dir/rope.cpp.o
[ 22%] Building CXX object ggml/src/ggml-sycl/CMakeFiles/ggml-sycl.dir/outprod.cpp.o
[ 22%] Building CXX object ggml/src/ggml-sycl/CMakeFiles/ggml-sycl.dir/softmax.cpp.o
[ 22%] Building CXX object ggml/src/ggml-sycl/CMakeFiles/ggml-sycl.dir/sycl_hw.cpp.o
[ 23%] Building CXX object ggml/src/ggml-sycl/CMakeFiles/ggml-sycl.dir/tsembd.cpp.o
[ 23%] Building CXX object ggml/src/ggml-sycl/CMakeFiles/ggml-sycl.dir/wkv.cpp.o
[ 23%] Linking CXX shared library ../../bin/libggml-cpu.so
[ 23%] Built target ggml-cpu
[ 24%] Linking CXX shared library ../../../bin/libggml-sycl.so
[ 24%] Built target ggml-sycl
[ 25%] Building CXX object ggml/src/CMakeFiles/ggml.dir/ggml-backend-reg.cpp.o
[ 25%] Linking CXX shared library ../../bin/libggml.so
[ 25%] Built target ggml
[ 25%] Building CXX object src/CMakeFiles/llama.dir/llama-adapter.cpp.o
[ 26%] Building CXX object src/CMakeFiles/llama.dir/llama-arch.cpp.o
[ 26%] Building CXX object src/CMakeFiles/llama.dir/llama-chat.cpp.o
[ 26%] Building CXX object src/CMakeFiles/llama.dir/llama.cpp.o
[ 27%] Building CXX object src/CMakeFiles/llama.dir/llama-context.cpp.o
[ 27%] Building CXX object src/CMakeFiles/llama.dir/llama-graph.cpp.o
[ 27%] Building CXX object src/CMakeFiles/llama.dir/llama-hparams.cpp.o
[ 28%] Building CXX object src/CMakeFiles/llama.dir/llama-batch.cpp.o
[ 28%] Building CXX object src/CMakeFiles/llama.dir/llama-impl.cpp.o
[ 28%] Building CXX object src/CMakeFiles/llama.dir/llama-io.cpp.o
[ 29%] Building CXX object src/CMakeFiles/llama.dir/llama-kv-cache-unified-iswa.cpp.o
[ 30%] Building CXX object src/CMakeFiles/llama.dir/llama-grammar.cpp.o
[ 30%] Building CXX object examples/gguf/CMakeFiles/llama-gguf.dir/gguf.cpp.o
[ 31%] Building CXX object examples/gguf-hash/CMakeFiles/llama-gguf-hash.dir/gguf-hash.cpp.o
[ 31%] Building CXX object src/CMakeFiles/llama.dir/llama-cparams.cpp.o
[ 31%] Building CXX object src/CMakeFiles/llama.dir/llama-kv-cache-unified.cpp.o
[ 31%] Building CXX object src/CMakeFiles/llama.dir/llama-memory.cpp.o
[ 32%] Building CXX object src/CMakeFiles/llama.dir/llama-memory-hybrid.cpp.o
[ 32%] Building CXX object src/CMakeFiles/llama.dir/llama-memory-recurrent.cpp.o
[ 32%] Building CXX object src/CMakeFiles/llama.dir/llama-mmap.cpp.o
[ 32%] Building CXX object src/CMakeFiles/llama.dir/llama-model.cpp.o
[ 33%] Building CXX object src/CMakeFiles/llama.dir/llama-model-loader.cpp.o
[ 33%] Building CXX object src/CMakeFiles/llama.dir/llama-model-saver.cpp.o
[ 34%] Building CXX object src/CMakeFiles/llama.dir/llama-quant.cpp.o
[ 34%] Building CXX object src/CMakeFiles/llama.dir/llama-sampling.cpp.o
[ 35%] Building CXX object src/CMakeFiles/llama.dir/llama-vocab.cpp.o
[ 35%] Building CXX object src/CMakeFiles/llama.dir/unicode-data.cpp.o
[ 35%] Building CXX object src/CMakeFiles/llama.dir/unicode.cpp.o
[ 35%] Linking CXX executable ../../bin/llama-gguf
[ 35%] Linking CXX executable ../../bin/llama-gguf-hash
/home/zjy/ws/jenkins/workspace/ci-arc770/ggerganov-llama.cpp/src/llama-quant.cpp:589:66: warning: absolute value function 'abs' given an argument of type 'const int64_t' (aka 'const long') but has parameter of type 'int' which may cause truncation of value [-Wabsolute-value]
  589 |                 gguf_set_val_u32(ctx_out.get(), o.key, (uint32_t)abs(o.val_i64));
      |                                                                  ^
/home/zjy/ws/jenkins/workspace/ci-arc770/ggerganov-llama.cpp/src/llama-quant.cpp:589:66: note: use function 'std::abs' instead
  589 |                 gguf_set_val_u32(ctx_out.get(), o.key, (uint32_t)abs(o.val_i64));
      |                                                                  ^~~
      |                                                                  std::abs
[ 35%] Built target llama-gguf
[ 35%] Built target llama-gguf-hash
1 warning generated.
[ 36%] Linking CXX shared library ../bin/libllama.so
[ 36%] Built target llama
[ 36%] Building CXX object tools/mtmd/CMakeFiles/mtmd.dir/clip.cpp.o
[ 38%] Building CXX object tools/mtmd/CMakeFiles/mtmd.dir/mtmd.cpp.o
[ 38%] Building C object tests/CMakeFiles/test-c.dir/test-c.c.o
[ 39%] Building CXX object common/CMakeFiles/common.dir/chat-parser.cpp.o
[ 39%] Building CXX object common/CMakeFiles/common.dir/common.cpp.o
[ 39%] Building CXX object tools/mtmd/CMakeFiles/mtmd.dir/mtmd-audio.cpp.o
[ 39%] Building CXX object common/CMakeFiles/common.dir/arg.cpp.o
[ 39%] Building CXX object common/CMakeFiles/common.dir/llguidance.cpp.o
[ 39%] Building CXX object common/CMakeFiles/common.dir/chat.cpp.o
[ 39%] Building CXX object common/CMakeFiles/common.dir/json-partial.cpp.o
[ 40%] Building CXX object common/CMakeFiles/common.dir/console.cpp.o
[ 40%] Building CXX object examples/simple-chat/CMakeFiles/llama-simple-chat.dir/simple-chat.cpp.o
[ 42%] Building CXX object tools/mtmd/CMakeFiles/mtmd.dir/mtmd-helper.cpp.o
[ 42%] Building CXX object common/CMakeFiles/common.dir/json-schema-to-grammar.cpp.o
[ 42%] Building CXX object examples/simple/CMakeFiles/llama-simple.dir/simple.cpp.o
[ 42%] Building CXX object common/CMakeFiles/common.dir/log.cpp.o
[ 43%] Building CXX object common/CMakeFiles/common.dir/ngram-cache.cpp.o
[ 43%] Building CXX object common/CMakeFiles/common.dir/regex-partial.cpp.o
[ 43%] Building CXX object common/CMakeFiles/common.dir/sampling.cpp.o
[ 44%] Building CXX object common/CMakeFiles/common.dir/speculative.cpp.o
[ 44%] Linking C executable ../bin/test-c
[ 44%] Built target test-c
[ 45%] Linking CXX executable ../../bin/llama-simple
[ 45%] Linking CXX executable ../../bin/llama-simple-chat
[ 45%] Built target llama-simple
[ 45%] Built target llama-simple-chat
[ 45%] Linking CXX shared library ../../bin/libmtmd.so
[ 45%] Built target mtmd
[ 45%] Linking CXX static library libcommon.a
[ 45%] Built target common
[ 46%] Building CXX object tests/CMakeFiles/test-grammar-integration.dir/test-grammar-integration.cpp.o
[ 46%] Building CXX object tests/CMakeFiles/test-grammar-integration.dir/get-model.cpp.o
[ 47%] Building CXX object tests/CMakeFiles/test-chat.dir/get-model.cpp.o
[ 48%] Building CXX object tests/CMakeFiles/test-llama-grammar.dir/get-model.cpp.o
[ 49%] Building CXX object tests/CMakeFiles/test-grammar-parser.dir/test-grammar-parser.cpp.o
[ 49%] Building CXX object tests/CMakeFiles/test-sampling.dir/test-sampling.cpp.o
[ 49%] Building CXX object tests/CMakeFiles/test-llama-grammar.dir/test-llama-grammar.cpp.o
[ 49%] Building CXX object tests/CMakeFiles/test-quantize-stats.dir/test-quantize-stats.cpp.o
[ 49%] Building CXX object tests/CMakeFiles/test-tokenizer-0.dir/test-tokenizer-0.cpp.o
[ 49%] Building CXX object tests/CMakeFiles/test-tokenizer-1-bpe.dir/test-tokenizer-1-bpe.cpp.o
[ 49%] Building CXX object tests/CMakeFiles/test-json-schema-to-grammar.dir/test-json-schema-to-grammar.cpp.o
[ 50%] Building CXX object tests/CMakeFiles/test-chat-parser.dir/test-chat-parser.cpp.o
[ 50%] Building CXX object tests/CMakeFiles/test-chat.dir/test-chat.cpp.o
[ 52%] Building CXX object tests/CMakeFiles/test-tokenizer-1-spm.dir/test-tokenizer-1-spm.cpp.o
[ 52%] Building CXX object tests/CMakeFiles/test-gbnf-validator.dir/test-gbnf-validator.cpp.o
[ 52%] Building CXX object tests/CMakeFiles/test-grammar-parser.dir/get-model.cpp.o
[ 52%] Building CXX object tests/CMakeFiles/test-sampling.dir/get-model.cpp.o
[ 52%] Building CXX object tests/CMakeFiles/test-chat-parser.dir/get-model.cpp.o
[ 52%] Building CXX object tests/CMakeFiles/test-json-partial.dir/test-json-partial.cpp.o
[ 53%] Building CXX object tests/CMakeFiles/test-chat-template.dir/test-chat-template.cpp.o
[ 53%] Building CXX object tests/CMakeFiles/test-chat-template.dir/get-model.cpp.o
[ 53%] Building CXX object tests/CMakeFiles/test-json-schema-to-grammar.dir/get-model.cpp.o
[ 54%] Building CXX object tests/CMakeFiles/test-log.dir/get-model.cpp.o
[ 55%] Building CXX object tests/CMakeFiles/test-regex-partial.dir/test-regex-partial.cpp.o
[ 55%] Building CXX object tests/CMakeFiles/test-arg-parser.dir/test-arg-parser.cpp.o
[ 55%] Building CXX object tests/CMakeFiles/test-log.dir/test-log.cpp.o
[ 55%] Building CXX object tests/CMakeFiles/test-thread-safety.dir/get-model.cpp.o
[ 55%] Building CXX object tests/CMakeFiles/test-model-load-cancel.dir/test-model-load-cancel.cpp.o
[ 55%] Building CXX object tests/CMakeFiles/test-regex-partial.dir/get-model.cpp.o
[ 56%] Building CXX object tests/CMakeFiles/test-gguf.dir/test-gguf.cpp.o
[ 57%] Building CXX object tests/CMakeFiles/test-barrier.dir/test-barrier.cpp.o
[ 57%] Building CXX object tests/CMakeFiles/test-json-partial.dir/get-model.cpp.o
[ 58%] Building CXX object tests/CMakeFiles/test-arg-parser.dir/get-model.cpp.o
[ 58%] Building CXX object tests/CMakeFiles/test-gguf.dir/get-model.cpp.o
[ 55%] Building CXX object tests/CMakeFiles/test-thread-safety.dir/test-thread-safety.cpp.o
[ 58%] Building CXX object tests/CMakeFiles/test-backend-ops.dir/test-backend-ops.cpp.o
[ 60%] Building CXX object tests/CMakeFiles/test-backend-ops.dir/get-model.cpp.o
[ 61%] Building CXX object tests/CMakeFiles/test-autorelease.dir/get-model.cpp.o
[ 59%] Building CXX object tests/CMakeFiles/test-model-load-cancel.dir/get-model.cpp.o
[ 61%] Building CXX object tests/CMakeFiles/test-barrier.dir/get-model.cpp.o
[ 61%] Building CXX object tests/CMakeFiles/test-autorelease.dir/test-autorelease.cpp.o
[ 62%] Building CXX object tests/CMakeFiles/test-rope.dir/test-rope.cpp.o
[ 63%] Building C object tests/CMakeFiles/test-mtmd-c-api.dir/test-mtmd-c-api.c.o
[ 63%] Building CXX object tests/CMakeFiles/test-rope.dir/get-model.cpp.o
[ 64%] Building CXX object tests/CMakeFiles/test-quantize-fns.dir/get-model.cpp.o
[ 65%] Building CXX object examples/lookahead/CMakeFiles/llama-lookahead.dir/lookahead.cpp.o
[ 65%] Building CXX object tests/CMakeFiles/test-mtmd-c-api.dir/get-model.cpp.o
[ 64%] Building CXX object tests/CMakeFiles/test-quantize-perf.dir/test-quantize-perf.cpp.o
[ 65%] Building CXX object tests/CMakeFiles/test-quantize-perf.dir/get-model.cpp.o
[ 66%] Building CXX object tests/CMakeFiles/test-quantize-fns.dir/test-quantize-fns.cpp.o
[ 66%] Building CXX object examples/lookup/CMakeFiles/llama-lookup.dir/lookup.cpp.o
[ 66%] Building CXX object examples/batched/CMakeFiles/llama-batched.dir/batched.cpp.o
[ 67%] Building CXX object examples/embedding/CMakeFiles/llama-embedding.dir/embedding.cpp.o
[ 67%] Building CXX object examples/lookup/CMakeFiles/llama-lookup-merge.dir/lookup-merge.cpp.o
[ 67%] Building CXX object examples/lookup/CMakeFiles/llama-lookup-create.dir/lookup-create.cpp.o
[ 67%] Building CXX object examples/eval-callback/CMakeFiles/llama-eval-callback.dir/eval-callback.cpp.o
[ 67%] Building CXX object examples/gritlm/CMakeFiles/llama-gritlm.dir/gritlm.cpp.o
[ 68%] Building CXX object examples/lookup/CMakeFiles/llama-lookup-stats.dir/lookup-stats.cpp.o
[ 69%] Building CXX object examples/parallel/CMakeFiles/llama-parallel.dir/parallel.cpp.o
[ 69%] Building CXX object examples/retrieval/CMakeFiles/llama-retrieval.dir/retrieval.cpp.o
[ 69%] Building CXX object examples/passkey/CMakeFiles/llama-passkey.dir/passkey.cpp.o
[ 70%] Building CXX object examples/training/CMakeFiles/llama-finetune.dir/finetune.cpp.o
[ 70%] Building CXX object examples/gen-docs/CMakeFiles/llama-gen-docs.dir/gen-docs.cpp.o
[ 71%] Building CXX object examples/speculative/CMakeFiles/llama-speculative.dir/speculative.cpp.o
[ 72%] Building CXX object pocs/vdot/CMakeFiles/llama-vdot.dir/vdot.cpp.o
[ 72%] Building CXX object examples/convert-llama2c-to-ggml/CMakeFiles/llama-convert-llama2c-to-ggml.dir/convert-llama2c-to-ggml.cpp.o
[ 73%] Building CXX object tools/batched-bench/CMakeFiles/llama-batched-bench.dir/batched-bench.cpp.o
[ 72%] Building CXX object examples/save-load-state/CMakeFiles/llama-save-load-state.dir/save-load-state.cpp.o
[ 73%] Building CXX object examples/sycl/CMakeFiles/llama-ls-sycl-device.dir/ls-sycl-device.cpp.o
[ 74%] Building CXX object examples/speculative-simple/CMakeFiles/llama-speculative-simple.dir/speculative-simple.cpp.o
[ 75%] Building CXX object pocs/vdot/CMakeFiles/llama-q8dot.dir/q8dot.cpp.o
[ 75%] Building CXX object tools/gguf-split/CMakeFiles/llama-gguf-split.dir/gguf-split.cpp.o
[ 75%] Building CXX object tools/imatrix/CMakeFiles/llama-imatrix.dir/imatrix.cpp.o
[ 75%] Generating loading.html.hpp
[ 76%] Generating index.html.gz.hpp
[ 77%] Building CXX object tools/perplexity/CMakeFiles/llama-perplexity.dir/perplexity.cpp.o
[ 77%] Building CXX object tools/llama-bench/CMakeFiles/llama-bench.dir/llama-bench.cpp.o
[ 77%] Building CXX object tools/main/CMakeFiles/llama-cli.dir/main.cpp.o
[ 77%] Building CXX object tools/run/CMakeFiles/llama-run.dir/run.cpp.o
[ 77%] Building CXX object tools/tts/CMakeFiles/llama-tts.dir/tts.cpp.o
[ 77%] Building CXX object tools/mtmd/CMakeFiles/llama-mtmd-cli.dir/mtmd-cli.cpp.o
[ 77%] Building CXX object tools/tokenize/CMakeFiles/llama-tokenize.dir/tokenize.cpp.o
[ 77%] Building CXX object tools/run/CMakeFiles/llama-run.dir/linenoise.cpp/linenoise.cpp.o
[ 79%] Building CXX object tools/cvector-generator/CMakeFiles/llama-cvector-generator.dir/cvector-generator.cpp.o
[ 78%] Building CXX object tools/quantize/CMakeFiles/llama-quantize.dir/quantize.cpp.o
[ 79%] Linking CXX executable ../bin/test-mtmd-c-api
[ 79%] Linking CXX executable ../bin/test-model-load-cancel
[ 79%] Building CXX object tools/export-lora/CMakeFiles/llama-export-lora.dir/export-lora.cpp.o
[ 80%] Linking CXX executable ../../bin/llama-ls-sycl-device
[ 80%] Linking CXX executable ../bin/test-log
[ 80%] Linking CXX executable ../bin/test-autorelease
[ 81%] Linking CXX executable ../bin/test-rope
[ 81%] Built target test-model-load-cancel
[ 81%] Linking CXX executable ../bin/test-quantize-fns
[ 81%] Linking CXX executable ../bin/test-barrier
[ 81%] Built target test-mtmd-c-api
[ 81%] Built target llama-ls-sycl-device
[ 81%] Linking CXX executable ../bin/test-tokenizer-1-spm
[ 81%] Linking CXX executable ../bin/test-gbnf-validator
[ 81%] Linking CXX executable ../../bin/llama-lookup-merge
[ 81%] Linking CXX executable ../bin/test-tokenizer-1-bpe
[ 81%] Built target test-autorelease
[ 82%] Linking CXX executable ../../bin/llama-tokenize
[ 82%] Built target test-rope
[ 82%] Built target test-log
[ 82%] Built target test-barrier
[ 82%] Built target test-quantize-fns
[ 82%] Linking CXX executable ../../bin/llama-q8dot
[ 82%] Linking CXX executable ../../bin/llama-finetune
[ 83%] Linking CXX executable ../../bin/llama-eval-callback
[ 83%] Linking CXX executable ../../bin/llama-gguf-split
[ 83%] Linking CXX executable ../../bin/llama-batched
[ 83%] Linking CXX executable ../../bin/llama-batched-bench
[ 83%] Linking CXX executable ../../bin/llama-save-load-state
[ 83%] Built target test-tokenizer-1-spm
[ 83%] Linking CXX executable ../../bin/llama-vdot
[ 84%] Linking CXX executable ../../bin/llama-lookup-create
[ 85%] Linking CXX executable ../bin/test-tokenizer-0
[ 86%] Linking CXX executable ../../bin/llama-gen-docs
[ 87%] Linking CXX executable ../../bin/llama-gritlm
[ 88%] Linking CXX executable ../../bin/llama-passkey
[ 89%] Linking CXX executable ../bin/test-thread-safety
[ 89%] Built target llama-lookup-merge
[ 89%] Linking CXX executable ../../bin/llama-speculative-simple
[ 90%] Linking CXX executable ../bin/test-sampling
[ 91%] Linking CXX executable ../../bin/llama-lookup
[ 91%] Built target llama-tokenize
[ 91%] Linking CXX executable ../../bin/llama-lookahead
[ 92%] Linking CXX executable ../bin/test-grammar-parser
[ 92%] Built target test-tokenizer-1-bpe
[ 92%] Built target llama-q8dot
[ 92%] Built target llama-vdot
[ 92%] Built target llama-finetune
[ 92%] Linking CXX executable ../bin/test-llama-grammar
[ 92%] Built target llama-eval-callback
[ 92%] Built target llama-gguf-split
[ 92%] Built target test-gbnf-validator
[ 92%] Linking CXX executable ../../bin/llama-lookup-stats
[ 92%] Linking CXX executable ../../bin/llama-embedding
[ 92%] Built target llama-save-load-state
[ 92%] Built target llama-lookup-create
[ 92%] Built target test-tokenizer-0
[ 93%] Linking CXX executable ../bin/test-quantize-perf
[ 93%] Built target llama-passkey
[ 93%] Built target llama-batched-bench
[ 93%] Built target llama-gen-docs
[ 93%] Built target test-thread-safety
[ 93%] Linking CXX executable ../bin/test-arg-parser
[ 93%] Built target llama-gritlm
[ 93%] Built target test-sampling
[ 93%] Built target llama-batched
[ 93%] Built target llama-lookup
[ 93%] Built target llama-speculative-simple
[ 93%] Built target test-grammar-parser
[ 93%] Built target test-llama-grammar
[ 93%] Built target llama-lookahead
[ 94%] Linking CXX executable ../../bin/llama-retrieval
[ 95%] Building CXX object tools/server/CMakeFiles/llama-server.dir/server.cpp.o
[ 95%] Linking CXX executable ../../bin/llama-parallel
[ 95%] Built target llama-lookup-stats
[ 95%] Built target test-arg-parser
[ 95%] Linking CXX executable ../../bin/llama-export-lora
[ 95%] Built target test-quantize-perf
[ 95%] Linking CXX executable ../../bin/llama-convert-llama2c-to-ggml
[ 95%] Built target llama-embedding
[ 95%] Linking CXX executable ../bin/test-regex-partial
[ 95%] Linking CXX executable ../bin/test-gguf
[ 95%] Linking CXX executable ../../bin/llama-speculative
[ 95%] Built target llama-retrieval
[ 95%] Built target llama-parallel
[ 95%] Linking CXX executable ../../bin/llama-mtmd-cli
[ 95%] Linking CXX executable ../../bin/llama-cvector-generator
[ 95%] Built target llama-export-lora
[ 95%] Built target llama-convert-llama2c-to-ggml
[ 95%] Linking CXX executable ../../bin/llama-quantize
[ 95%] Built target test-regex-partial
[ 96%] Linking CXX executable ../../bin/llama-cli
[ 96%] Built target llama-speculative
[ 97%] Linking CXX executable ../bin/test-json-partial
[ 97%] Built target test-gguf
[ 97%] Linking CXX executable ../bin/test-chat-template
[ 97%] Built target llama-cvector-generator
[ 97%] Built target llama-mtmd-cli
[ 97%] Built target llama-quantize
[ 97%] Built target llama-cli
[ 97%] Built target test-json-partial
[ 97%] Linking CXX executable ../../bin/llama-imatrix
[ 97%] Built target test-chat-template
[ 97%] Built target llama-imatrix
[ 98%] Linking CXX executable ../../bin/llama-run
[ 98%] Built target llama-run
[ 99%] Linking CXX executable ../../bin/llama-perplexity
[ 99%] Built target llama-perplexity
[ 99%] Linking CXX executable ../bin/test-quantize-stats
[ 99%] Built target test-quantize-stats
[ 99%] Linking CXX executable ../bin/test-grammar-integration
[ 99%] Built target test-grammar-integration
[ 99%] Linking CXX executable ../bin/test-chat-parser
[ 99%] Built target test-chat-parser
[100%] Linking CXX executable ../bin/test-json-schema-to-grammar
[100%] Built target test-json-schema-to-grammar
[100%] Linking CXX executable ../../bin/llama-bench
[100%] Built target llama-bench
[100%] Linking CXX executable ../bin/test-chat
[100%] Built target test-chat
[100%] Linking CXX executable ../../bin/llama-tts
[100%] Built target llama-tts
[100%] Linking CXX executable ../bin/test-backend-ops
[100%] Built target test-backend-ops
[100%] Linking CXX executable ../../bin/llama-server
[100%] Built target llama-server

real	1m18.888s
user	9m53.530s
sys	0m26.470s
+ '[' -z ']'
+ tee -a /home/zjy/ws/jenkins/workspace/ci-arc770/ggerganov-llama.cpp/tmp/ci_log/8308f98c7fb778e54bf75538f5234d8bd20915e9/tmp/results/ctest_release-ctest.log
+ ctest --output-on-failure -L main
Test project /home/zjy/ws/jenkins/workspace/ci-arc770/ggerganov-llama.cpp/build-ci-release
      Start  1: test-tokenizer-0-bert-bge
 1/35 Test  #1: test-tokenizer-0-bert-bge .........   Passed    0.06 sec
      Start  2: test-tokenizer-0-command-r
 2/35 Test  #2: test-tokenizer-0-command-r ........   Passed    0.35 sec
      Start  3: test-tokenizer-0-deepseek-coder
 3/35 Test  #3: test-tokenizer-0-deepseek-coder ...   Passed    0.08 sec
      Start  4: test-tokenizer-0-deepseek-llm
 4/35 Test  #4: test-tokenizer-0-deepseek-llm .....   Passed    0.15 sec
      Start  5: test-tokenizer-0-falcon
 5/35 Test  #5: test-tokenizer-0-falcon ...........   Passed    0.12 sec
      Start  6: test-tokenizer-0-gpt-2
 6/35 Test  #6: test-tokenizer-0-gpt-2 ............   Passed    0.10 sec
      Start  7: test-tokenizer-0-llama-bpe
 7/35 Test  #7: test-tokenizer-0-llama-bpe ........   Passed    0.24 sec
      Start  8: test-tokenizer-0-llama-spm
 8/35 Test  #8: test-tokenizer-0-llama-spm ........   Passed    0.07 sec
      Start  9: test-tokenizer-0-mpt
 9/35 Test  #9: test-tokenizer-0-mpt ..............   Passed    0.10 sec
      Start 10: test-tokenizer-0-phi-3
10/35 Test #10: test-tokenizer-0-phi-3 ............   Passed    0.07 sec
      Start 11: test-tokenizer-0-qwen2
11/35 Test #11: test-tokenizer-0-qwen2 ............   Passed    0.22 sec
      Start 12: test-tokenizer-0-refact
12/35 Test #12: test-tokenizer-0-refact ...........   Passed    0.10 sec
      Start 13: test-tokenizer-0-starcoder
13/35 Test #13: test-tokenizer-0-starcoder ........   Passed    0.10 sec
      Start 14: test-tokenizers-ggml-vocabs
14/35 Test #14: test-tokenizers-ggml-vocabs .......***Failed    2.89 sec
Already up to date.
main : reading vocab from: '/home/zjy/ws/jenkins/workspace/ci-arc770/ggerganov-llama.cpp/models/ggml-vocabs/RWKV/ggml-vocab-rwkv-7-world.gguf'
get_memory_info: [warning] ext_intel_free_memory is not supported (export/set ZES_ENABLE_SYSMAN=1 to support), use total memory as free memory
llama_model_load_from_file_impl: using device SYCL0 (Intel(R) UHD Graphics 730) - 14265 MiB free
gguf_init_from_file_impl: invalid magic characters: 'vers', expected 'GGUF'
llama_model_load: error loading model: llama_model_loader: failed to load model from /home/zjy/ws/jenkins/workspace/ci-arc770/ggerganov-llama.cpp/models/ggml-vocabs/RWKV/ggml-vocab-rwkv-7-world.gguf
llama_model_load_from_file_impl: failed to load model
main: error: failed to load vocab '/home/zjy/ws/jenkins/workspace/ci-arc770/ggerganov-llama.cpp/models/ggml-vocabs/RWKV/ggml-vocab-rwkv-7-world.gguf'
main : reading vocab from: '/home/zjy/ws/jenkins/workspace/ci-arc770/ggerganov-llama.cpp/models/ggml-vocabs/SPM/ggml-vocab-gemma-3.gguf'
get_memory_info: [warning] ext_intel_free_memory is not supported (export/set ZES_ENABLE_SYSMAN=1 to support), use total memory as free memory
llama_model_load_from_file_impl: using device SYCL0 (Intel(R) UHD Graphics 730) - 14265 MiB free
gguf_init_from_file_impl: invalid magic characters: 'vers', expected 'GGUF'
llama_model_load: error loading model: llama_model_loader: failed to load model from /home/zjy/ws/jenkins/workspace/ci-arc770/ggerganov-llama.cpp/models/ggml-vocabs/SPM/ggml-vocab-gemma-3.gguf
llama_model_load_from_file_impl: failed to load model
main: error: failed to load vocab '/home/zjy/ws/jenkins/workspace/ci-arc770/ggerganov-llama.cpp/models/ggml-vocabs/SPM/ggml-vocab-gemma-3.gguf'
main : reading vocab from: '/home/zjy/ws/jenkins/workspace/ci-arc770/ggerganov-llama.cpp/models/ggml-vocabs/UGM/ggml-vocab-nomic-bert-moe.gguf'
get_memory_info: [warning] ext_intel_free_memory is not supported (export/set ZES_ENABLE_SYSMAN=1 to support), use total memory as free memory
llama_model_load_from_file_impl: using device SYCL0 (Intel(R) UHD Graphics 730) - 14265 MiB free
gguf_init_from_file_impl: invalid magic characters: 'vers', expected 'GGUF'
llama_model_load: error loading model: llama_model_loader: failed to load model from /home/zjy/ws/jenkins/workspace/ci-arc770/ggerganov-llama.cpp/models/ggml-vocabs/UGM/ggml-vocab-nomic-bert-moe.gguf
llama_model_load_from_file_impl: failed to load model
main: error: failed to load vocab '/home/zjy/ws/jenkins/workspace/ci-arc770/ggerganov-llama.cpp/models/ggml-vocabs/UGM/ggml-vocab-nomic-bert-moe.gguf'
main : reading vocab from: '/home/zjy/ws/jenkins/workspace/ci-arc770/ggerganov-llama.cpp/models/ggml-vocabs/WPM/ggml-vocab-jina-v2-en.gguf'
get_memory_info: [warning] ext_intel_free_memory is not supported (export/set ZES_ENABLE_SYSMAN=1 to support), use total memory as free memory
llama_model_load_from_file_impl: using device SYCL0 (Intel(R) UHD Graphics 730) - 14265 MiB free
gguf_init_from_file_impl: invalid magic characters: 'vers', expected 'GGUF'
llama_model_load: error loading model: llama_model_loader: failed to load model from /home/zjy/ws/jenkins/workspace/ci-arc770/ggerganov-llama.cpp/models/ggml-vocabs/WPM/ggml-vocab-jina-v2-en.gguf
llama_model_load_from_file_impl: failed to load model
main: error: failed to load vocab '/home/zjy/ws/jenkins/workspace/ci-arc770/ggerganov-llama.cpp/models/ggml-vocabs/WPM/ggml-vocab-jina-v2-en.gguf'

      Start 15: test-sampling
15/35 Test #15: test-sampling .....................   Passed    0.97 sec
      Start 16: test-grammar-parser
16/35 Test #16: test-grammar-parser ...............   Passed    0.03 sec
      Start 17: test-grammar-integration
17/35 Test #17: test-grammar-integration ..........   Passed    0.03 sec
      Start 18: test-llama-grammar
18/35 Test #18: test-llama-grammar ................   Passed    0.03 sec
      Start 19: test-chat
19/35 Test #19: test-chat .........................   Passed    0.40 sec
      Start 20: test-json-schema-to-grammar
20/35 Test #20: test-json-schema-to-grammar .......   Passed    1.81 sec
      Start 21: test-tokenizer-1-llama-spm
21/35 Test #21: test-tokenizer-1-llama-spm ........   Passed    0.15 sec
      Start 22: test-chat-parser
22/35 Test #22: test-chat-parser ..................   Passed    0.03 sec
      Start 23: test-chat-template
23/35 Test #23: test-chat-template ................   Passed    0.10 sec
      Start 24: test-json-partial
24/35 Test #24: test-json-partial .................   Passed    0.03 sec
      Start 25: test-log
25/35 Test #25: test-log ..........................   Passed    0.04 sec
      Start 26: test-regex-partial
26/35 Test #26: test-regex-partial ................   Passed    0.03 sec
      Start 27: test-thread-safety
27/35 Test #27: test-thread-safety ................***Failed    0.05 sec
error: built without CURL, cannot download model from the internet
error: failed to download model from https://huggingface.co/ggml-org/models/resolve/main/tinyllamas/stories15M-q4_0.gguf

      Start 28: test-arg-parser
28/35 Test #28: test-arg-parser ...................   Passed    0.08 sec
      Start 29: test-gguf
29/35 Test #29: test-gguf .........................   Passed    0.25 sec
      Start 30: test-backend-ops
30/35 Test #30: test-backend-ops ..................   Passed   27.79 sec
      Start 33: test-barrier
31/35 Test #33: test-barrier ......................   Passed    0.92 sec
      Start 34: test-quantize-fns
32/35 Test #34: test-quantize-fns .................   Passed   12.51 sec
      Start 35: test-quantize-perf
33/35 Test #35: test-quantize-perf ................   Passed    0.08 sec
      Start 36: test-rope
34/35 Test #36: test-rope .........................   Passed    0.09 sec
      Start 37: test-mtmd-c-api
35/35 Test #37: test-mtmd-c-api ...................   Passed    0.04 sec

94% tests passed, 2 tests failed out of 35

Label Time Summary:
main    =  50.12 sec*proc (35 tests)

Total Test time (real) =  50.13 sec

The following tests FAILED:
	 14 - test-tokenizers-ggml-vocabs (Failed)
	 27 - test-thread-safety (Failed)
Errors while running CTest

real	0m50.136s
user	0m57.522s
sys	0m10.440s
+ cur=8
+ echo 8
+ set +x
